Warning: grid volume is not an integer number of pixels; cell size will be rounded to nearest pixel.
Using MPI version 3.1, 24 processes
Argument List: ['../LoadedCapillaries/twoDsolve.py', 'MEEP_24', '10']
Standard run
WD: ../data/2022-03-31/MEEP_24/
AlreadyDir
Whole Sim Walltime: 4.76837158203125e-07 s



Datapoints:-   60000



0.6451612903225806
0.024983344437042088
60000
-----------
Initializing structure...
Splitting into 24 chunks by voxels
time for choose_chunkdivision = 0.000808232 s
Working in 2D dimensions.
Computational cell is 87.1 x 11.8 x 0 with resolution 10
     block, center = (0,0,0)
          size (1e+20,1,1e+20)
          axes (1,0,0), (0,1,0), (0,0,1)
          dielectric constant epsilon diagonal = (2.0736,2.0736,2.0736)
time for set_epsilon = 0.464579 s
-----------
MPB solved for frequency_1(0.4,0,0) = 0.325672 after 11 iters
MPB solved for frequency_1(0.851154,0,0) = 0.635937 after 9 iters
MPB solved for frequency_1(0.864706,0,0) = 0.645161 after 7 iters
MPB solved for frequency_1(0.864707,0,0) = 0.645161 after 1 iters
Meep: using output directory '../data/2022-03-31/MEEP_24/'


Normalisation Run


on time step 41 (time=2.89914), 0.100056 s/step
on time step 86 (time=6.08112), 0.0922368 s/step
on time step 129 (time=9.12168), 0.0940872 s/step
on time step 173 (time=12.2329), 0.0922659 s/step
on time step 214 (time=15.1321), 0.0985816 s/step
on time step 258 (time=18.2434), 0.0920618 s/step
on time step 302 (time=21.3546), 0.0912026 s/step
Meep progress: 22.48599564173221/525.6906625976562 = 4.3% done in 30.0s, 672.2s to go
on time step 348 (time=24.6073), 0.08866 s/step
on time step 389 (time=27.5065), 0.0978629 s/step
on time step 430 (time=30.4056), 0.0989547 s/step
on time step 475 (time=33.5876), 0.0892029 s/step
on time step 517 (time=36.5574), 0.095383 s/step
on time step 559 (time=39.5273), 0.0966512 s/step
on time step 605 (time=42.78), 0.0876259 s/step
Meep progress: 45.396255352176354/525.6906625976562 = 8.6% done in 60.1s, 636.0s to go
on time step 650 (time=45.9619), 0.0893665 s/step
on time step 696 (time=49.2146), 0.0872932 s/step
on time step 741 (time=52.3966), 0.0894476 s/step
on time step 784 (time=55.4372), 0.0948853 s/step
on time step 833 (time=58.902), 0.0833862 s/step
on time step 875 (time=61.8718), 0.096313 s/step
on time step 916 (time=64.771), 0.100145 s/step
on time step 961 (time=67.953), 0.0942364 s/step
Meep progress: 68.58935777509511/525.6906625976562 = 13.0% done in 90.2s, 600.8s to go
on time step 1004 (time=70.9935), 0.0945643 s/step
on time step 1048 (time=74.1048), 0.092914 s/step
on time step 1088 (time=76.9332), 0.100313 s/step
on time step 1131 (time=79.9738), 0.0950091 s/step
on time step 1176 (time=83.1558), 0.089322 s/step
on time step 1214 (time=85.8428), 0.106226 s/step
on time step 1256 (time=88.8126), 0.0965304 s/step
Meep progress: 90.79251070435271/525.6906625976562 = 17.3% done in 120.2s, 575.6s to go
on time step 1303 (time=92.136), 0.0863298 s/step
on time step 1349 (time=95.3887), 0.0884737 s/step
on time step 1392 (time=98.4293), 0.093025 s/step
on time step 1432 (time=101.258), 0.104217 s/step
on time step 1476 (time=104.369), 0.09291 s/step
on time step 1519 (time=107.41), 0.0940011 s/step
on time step 1565 (time=110.662), 0.0887787 s/step
Meep progress: 113.84419177103415/525.6906625976562 = 21.7% done in 150.3s, 543.6s to go
on time step 1610 (time=113.844), 0.0896909 s/step
on time step 1656 (time=117.097), 0.0876675 s/step
on time step 1700 (time=120.208), 0.0913819 s/step
on time step 1749 (time=123.673), 0.0836652 s/step
on time step 1789 (time=126.501), 0.101774 s/step
on time step 1827 (time=129.188), 0.107115 s/step
on time step 1870 (time=132.229), 0.0942345 s/step
on time step 1913 (time=135.27), 0.0942879 s/step
Meep progress: 136.47160876900367/525.6906625976562 = 26.0% done in 180.3s, 514.3s to go
on time step 1954 (time=138.169), 0.0985579 s/step
on time step 1998 (time=141.28), 0.0916791 s/step
on time step 2044 (time=144.533), 0.0883264 s/step
on time step 2087 (time=147.573), 0.0930891 s/step
on time step 2133 (time=150.826), 0.0899123 s/step
on time step 2176 (time=153.866), 0.0948837 s/step
on time step 2218 (time=156.836), 0.0956807 s/step
Meep progress: 159.3818684794478/525.6906625976562 = 30.3% done in 210.3s, 483.4s to go
on time step 2262 (time=159.948), 0.0910177 s/step
on time step 2304 (time=162.917), 0.0967129 s/step
on time step 2349 (time=166.099), 0.0896383 s/step
on time step 2391 (time=169.069), 0.0998282 s/step
on time step 2430 (time=171.827), 0.104169 s/step
on time step 2467 (time=174.443), 0.108181 s/step
on time step 2502 (time=176.918), 0.116011 s/step
on time step 2543 (time=179.817), 0.101276 s/step
Meep progress: 180.4536505588069/525.6906625976562 = 34.3% done in 240.4s, 460.0s to go
on time step 2584 (time=182.716), 0.0977174 s/step
on time step 2622 (time=185.403), 0.106461 s/step
on time step 2665 (time=188.444), 0.0973568 s/step
on time step 2708 (time=191.485), 0.0943036 s/step
on time step 2750 (time=194.454), 0.0960844 s/step
on time step 2788 (time=197.141), 0.107759 s/step
on time step 2829 (time=200.041), 0.0975964 s/step
Meep progress: 201.87898602875933/525.6906625976562 = 38.4% done in 270.5s, 433.9s to go
on time step 2866 (time=202.657), 0.109835 s/step
on time step 2898 (time=204.92), 0.127251 s/step
on time step 2941 (time=207.96), 0.093213 s/step
on time step 2978 (time=210.576), 0.109095 s/step
on time step 3019 (time=213.476), 0.099195 s/step
on time step 3061 (time=216.445), 0.0963083 s/step
on time step 3101 (time=219.274), 0.103573 s/step
on time step 3138 (time=221.89), 0.109137 s/step
Meep progress: 221.96081861445725/525.6906625976562 = 42.2% done in 300.6s, 411.3s to go
on time step 3179 (time=224.789), 0.0975799 s/step
srun: Job step aborted: Waiting up to 62 seconds for job step to finish.
srun: got SIGCONT
slurmstepd: error: *** STEP 654806.0 ON topsy-cn-1-9 CANCELLED AT 2022-03-31T13:55:59 ***
slurmstepd: error: *** JOB 654806 ON topsy-cn-1-9 CANCELLED AT 2022-03-31T13:55:59 ***
srun: forcing job termination
srun: error: topsy-cn-2-14: tasks 20-23: Terminated
srun: error: topsy-cn-2-13: tasks 12-19: Terminated
srun: error: topsy-cn-1-9: tasks 0-11: Terminated
