Warning: grid volume is not an integer number of pixels; cell size will be rounded to nearest pixel.
Using MPI version 3.1, 8 processes
Argument List: ['../LoadedCapillaries/twoDsolve.py', 'MEEP_10', '10.0']
Standard run
Whole Sim Walltime: 2.384185791015625e-07 s
WD: ../data/2022-03-23/MEEP_10/
AlreadyDir
0.6451612903225806
0.07
1000
-----------
Initializing structure...
Splitting into 8 chunks by voxels
time for choose_chunkdivision = 0.00065463 s
Working in 2D dimensions.
Computational cell is 87.1 x 11.8 x 0 with resolution 10
     block, center = (0,0,0)
          size (1e+20,1,1e+20)
          axes (1,0,0), (0,1,0), (0,0,1)
          dielectric constant epsilon diagonal = (2.0736,2.0736,2.0736)
time for set_epsilon = 0.0355071 s
-----------
MPB solved for frequency_1(0.4,0,0) = 0.325672 after 11 iters
MPB solved for frequency_1(0.851154,0,0) = 0.635937 after 9 iters
MPB solved for frequency_1(0.864706,0,0) = 0.645161 after 7 iters
MPB solved for frequency_1(0.864707,0,0) = 0.645161 after 1 iters
Meep: using output directory '../data/2022-03-23/MEEP_10/'


Normalisation Run


on time step 2200 (time=155.563), 0.00181898 s/step
Warning: grid volume is not an integer number of pixels; cell size will be rounded to nearest pixel.
run 0 finished at t = 268.3470234602948 (3795 timesteps)
WD: ../data/2022-03-23/MEEP_10/
AlreadyDir
0.6451612903225806
0.07
1000
-----------
Initializing structure...
Splitting into 8 chunks by voxels
time for choose_chunkdivision = 0.00143536 s
Working in 2D dimensions.
Computational cell is 87.1 x 93.8 x 0 with resolution 10
     block, center = (0,0,0)
          size (1e+20,1,1e+20)
          axes (1,0,0), (0,1,0), (0,0,1)
          dielectric constant epsilon diagonal = (2.0736,2.0736,2.0736)
     cylinder, center = (0,0,0)
          radius 40, height 1e+20, axis (0, 0, 1)
          dielectric constant epsilon diagonal = (2.0736,2.0736,2.0736)
     cylinder, center = (0,0,0)
          radius 30, height 1e+20, axis (0, 0, 1)
          dielectric constant epsilon diagonal = (1.9881,1.9881,1.9881)
     block, center = (0,-41.167,0)
          size (1e+20,1,1e+20)
          axes (1,0,0), (0,1,0), (0,0,1)
          dielectric constant epsilon diagonal = (2.0736,2.0736,2.0736)
time for set_epsilon = 0.67703 s
-----------
MPB solved for frequency_1(0.4,0,0) = 0.32606 after 10 iters
MPB solved for frequency_1(0.850308,0,0) = 0.635755 after 7 iters
MPB solved for frequency_1(0.864131,0,0) = 0.645161 after 5 iters
MPB solved for frequency_1(0.864132,0,0) = 0.645161 after 2 iters
Meep: using output directory '../data/2022-03-23/MEEP_10/'


Actual Run


creating output file "../data/2022-03-23/MEEP_10//twoDsolve-eps-000000.00.h5"...
on time step 593 (time=41.9314), 0.00675509 s/step
on time step 1207 (time=85.3478), 0.00652123 s/step
on time step 1811 (time=128.057), 0.00662637 s/step
on time step 2432 (time=171.968), 0.00644461 s/step
on time step 3055 (time=216.021), 0.00642369 s/step
on time step 3675 (time=259.862), 0.00645923 s/step
on time step 4293 (time=303.561), 0.00647438 s/step
Meep progress: 324.5620125646253/3824.683884152239 = 8.5% done in 30.0s, 323.6s to go
on time step 4915 (time=347.543), 0.00643798 s/step
on time step 5533 (time=391.242), 0.00647385 s/step
on time step 6155 (time=435.224), 0.00643115 s/step
on time step 6778 (time=479.277), 0.00642302 s/step
on time step 7394 (time=522.835), 0.00650423 s/step
on time step 8015 (time=566.746), 0.00644714 s/step
on time step 8636 (time=610.657), 0.00645061 s/step
Meep progress: 653.36666581637/3824.683884152239 = 17.1% done in 60.0s, 291.3s to go
on time step 9257 (time=654.569), 0.00644235 s/step
on time step 9880 (time=698.621), 0.00643076 s/step
on time step 10503 (time=742.674), 0.00642728 s/step
on time step 11127 (time=786.798), 0.00641301 s/step
on time step 11748 (time=830.709), 0.00644871 s/step
on time step 12370 (time=874.691), 0.0064373 s/step
on time step 12994 (time=918.815), 0.00641617 s/step
on time step 13618 (time=962.938), 0.00641436 s/step
Meep progress: 983.4441112742503/3824.683884152239 = 25.7% done in 90.0s, 260.0s to go
on time step 14242 (time=1007.06), 0.00641124 s/step
on time step 14865 (time=1051.11), 0.00642857 s/step
on time step 15491 (time=1095.38), 0.00639125 s/step
on time step 16117 (time=1139.64), 0.00639516 s/step
on time step 16743 (time=1183.91), 0.00639667 s/step
on time step 17368 (time=1228.1), 0.00640428 s/step
on time step 17992 (time=1272.23), 0.00641222 s/step
Meep progress: 1314.7236382601477/3824.683884152239 = 34.4% done in 120.0s, 229.1s to go
on time step 18618 (time=1316.49), 0.00640013 s/step
on time step 19243 (time=1360.69), 0.00640196 s/step
on time step 19867 (time=1404.81), 0.00641187 s/step
on time step 20495 (time=1449.22), 0.0063777 s/step
on time step 21116 (time=1493.13), 0.00644275 s/step
on time step 21742 (time=1537.39), 0.00639004 s/step
on time step 22368 (time=1581.66), 0.00639224 s/step
on time step 22993 (time=1625.85), 0.00640812 s/step
Meep progress: 1645.9324545679267/3824.683884152239 = 43.0% done in 150.0s, 198.6s to go
on time step 23619 (time=1670.12), 0.00639852 s/step
on time step 24243 (time=1714.24), 0.0064161 s/step
on time step 24870 (time=1758.57), 0.00638499 s/step
on time step 25498 (time=1802.98), 0.00637097 s/step
on time step 26108 (time=1846.11), 0.00655909 s/step
on time step 26733 (time=1890.31), 0.00640131 s/step
on time step 27346 (time=1933.65), 0.00652576 s/step
Meep progress: 1975.7270573133324/3824.683884152239 = 51.7% done in 180.0s, 168.5s to go
on time step 27971 (time=1977.85), 0.0064004 s/step
on time step 28597 (time=2022.11), 0.00639261 s/step
on time step 29223 (time=2066.38), 0.006393 s/step
on time step 29850 (time=2110.71), 0.00638251 s/step
on time step 30470 (time=2154.55), 0.00645361 s/step
on time step 31097 (time=2198.89), 0.00638877 s/step
on time step 31724 (time=2243.23), 0.00638754 s/step
on time step 32351 (time=2287.56), 0.00638609 s/step
Meep progress: 2307.1480056554674/3824.683884152239 = 60.3% done in 210.0s, 138.1s to go
on time step 32975 (time=2331.68), 0.00641626 s/step
on time step 33600 (time=2375.88), 0.00641014 s/step
on time step 34227 (time=2420.21), 0.00638757 s/step
on time step 34853 (time=2464.48), 0.00639333 s/step
on time step 35468 (time=2507.97), 0.00651192 s/step
on time step 36092 (time=2552.09), 0.00641453 s/step
on time step 36718 (time=2596.35), 0.00639697 s/step
Meep progress: 2637.791136538297/3824.683884152239 = 69.0% done in 240.0s, 108.0s to go
on time step 37342 (time=2640.48), 0.00641106 s/step
on time step 37966 (time=2684.6), 0.00641247 s/step
on time step 38592 (time=2728.87), 0.00639547 s/step
on time step 39217 (time=2773.06), 0.00640236 s/step
on time step 39839 (time=2817.04), 0.00643735 s/step
on time step 40464 (time=2861.24), 0.0064015 s/step
on time step 41089 (time=2905.43), 0.00640938 s/step
on time step 41715 (time=2949.7), 0.00639356 s/step
Meep progress: 2968.78782081172/3824.683884152239 = 77.6% done in 270.0s, 77.8s to go
on time step 42338 (time=2993.75), 0.00642255 s/step
on time step 42961 (time=3037.8), 0.00643018 s/step
on time step 43587 (time=3082.07), 0.00639991 s/step
on time step 44214 (time=3126.4), 0.00638789 s/step
on time step 44840 (time=3170.67), 0.0063908 s/step
on time step 45464 (time=3214.79), 0.00641215 s/step
on time step 46090 (time=3259.06), 0.00639172 s/step
Meep progress: 3300.0673477976175/3824.683884152239 = 86.3% done in 300.0s, 47.7s to go
on time step 46714 (time=3303.18), 0.00641206 s/step
on time step 47339 (time=3347.37), 0.00640645 s/step
on time step 47965 (time=3391.64), 0.00639352 s/step
on time step 48591 (time=3435.9), 0.00639458 s/step
on time step 49214 (time=3479.96), 0.00643034 s/step
on time step 49839 (time=3524.15), 0.00640234 s/step
on time step 50464 (time=3568.34), 0.00640005 s/step
on time step 51090 (time=3612.61), 0.00639385 s/step
Meep progress: 3631.276164105396/3824.683884152239 = 94.9% done in 330.0s, 17.6s to go
on time step 51714 (time=3656.73), 0.00641086 s/step
on time step 52338 (time=3700.86), 0.00641446 s/step
on time step 52964 (time=3745.12), 0.00639815 s/step
on time step 53590 (time=3789.39), 0.00639612 s/step
run 0 finished at t = 3824.7405794380356 (54090 timesteps)
Whole Sim Walltime: 356.0501880645752 s

Elapsed run time = 356.4907 s
