Warning: grid volume is not an integer number of pixels; cell size will be rounded to nearest pixel.
Using MPI version 3.1, 12 processes
Argument List: ['../LoadedCapillaries/twoDsolve.py', 'MEEP_10', '10.0']
Standard run
Whole Sim Walltime: 2.384185791015625e-07 s
WD: ../data/2022-03-23/MEEP_10/
AlreadyDir
0.6451612903225806
0.07
1000
-----------
Initializing structure...
Splitting into 12 chunks by voxels
time for choose_chunkdivision = 0.000767455 s
Working in 2D dimensions.
Computational cell is 87.1 x 11.8 x 0 with resolution 10
     block, center = (0,0,0)
          size (1e+20,1,1e+20)
          axes (1,0,0), (0,1,0), (0,0,1)
          dielectric constant epsilon diagonal = (2.0736,2.0736,2.0736)
time for set_epsilon = 0.084663 s
-----------
MPB solved for frequency_1(0.4,0,0) = 0.325672 after 11 iters
MPB solved for frequency_1(0.851154,0,0) = 0.635937 after 9 iters
MPB solved for frequency_1(0.864706,0,0) = 0.645161 after 7 iters
MPB solved for frequency_1(0.864707,0,0) = 0.645161 after 1 iters
Meep: using output directory '../data/2022-03-23/MEEP_10/'


Normalisation Run


on time step 2326 (time=164.473), 0.00172014 s/step
Warning: grid volume is not an integer number of pixels; cell size will be rounded to nearest pixel.
run 0 finished at t = 268.3470234602948 (3795 timesteps)
WD: ../data/2022-03-23/MEEP_10/
AlreadyDir
0.6451612903225806
0.07
1000
-----------
Initializing structure...
Splitting into 12 chunks by voxels
time for choose_chunkdivision = 0.00194852 s
Working in 2D dimensions.
Computational cell is 87.1 x 93.8 x 0 with resolution 10
     block, center = (0,0,0)
          size (1e+20,1,1e+20)
          axes (1,0,0), (0,1,0), (0,0,1)
          dielectric constant epsilon diagonal = (2.0736,2.0736,2.0736)
     cylinder, center = (0,0,0)
          radius 40, height 1e+20, axis (0, 0, 1)
          dielectric constant epsilon diagonal = (2.0736,2.0736,2.0736)
     cylinder, center = (0,0,0)
          radius 30, height 1e+20, axis (0, 0, 1)
          dielectric constant epsilon diagonal = (1.9881,1.9881,1.9881)
     block, center = (0,-41.167,0)
          size (1e+20,1,1e+20)
          axes (1,0,0), (0,1,0), (0,0,1)
          dielectric constant epsilon diagonal = (2.0736,2.0736,2.0736)
time for set_epsilon = 0.486643 s
-----------
MPB solved for frequency_1(0.4,0,0) = 0.32606 after 10 iters
MPB solved for frequency_1(0.850308,0,0) = 0.635755 after 7 iters
MPB solved for frequency_1(0.864131,0,0) = 0.645161 after 5 iters
MPB solved for frequency_1(0.864132,0,0) = 0.645161 after 2 iters
Meep: using output directory '../data/2022-03-23/MEEP_10/'


Actual Run


creating output file "../data/2022-03-23/MEEP_10//twoDsolve-eps-000000.00.h5"...
on time step 818 (time=57.8413), 0.00489169 s/step
on time step 1671 (time=118.158), 0.00469404 s/step
on time step 2541 (time=179.676), 0.00459942 s/step
on time step 3411 (time=241.194), 0.00459937 s/step
on time step 4282 (time=302.783), 0.00459279 s/step
on time step 5151 (time=364.231), 0.00460445 s/step
on time step 6024 (time=425.961), 0.00458431 s/step
Meep progress: 449.79062351276286/3824.683884152239 = 11.8% done in 30.0s, 225.1s to go
on time step 6889 (time=487.126), 0.00462649 s/step
on time step 7760 (time=548.715), 0.00459654 s/step
on time step 8633 (time=610.445), 0.00458262 s/step
on time step 9504 (time=672.034), 0.00459246 s/step
on time step 10375 (time=733.623), 0.00459644 s/step
on time step 11243 (time=795), 0.00461272 s/step
on time step 12113 (time=856.518), 0.00460048 s/step
Meep progress: 910.8242448463918/3824.683884152239 = 23.8% done in 60.0s, 192.0s to go
on time step 12977 (time=917.612), 0.00463465 s/step
on time step 13844 (time=978.919), 0.00461445 s/step
on time step 14715 (time=1040.51), 0.00459339 s/step
on time step 15586 (time=1102.1), 0.00459596 s/step
on time step 16457 (time=1163.69), 0.00459403 s/step
on time step 17323 (time=1224.92), 0.00462328 s/step
on time step 18194 (time=1286.51), 0.00459683 s/step
on time step 19065 (time=1348.1), 0.00459243 s/step
Meep progress: 1371.5750234675463/3824.683884152239 = 35.9% done in 90.0s, 161.0s to go
on time step 19933 (time=1409.48), 0.00461299 s/step
on time step 20803 (time=1470.99), 0.00460296 s/step
on time step 21675 (time=1532.65), 0.00459131 s/step
on time step 22545 (time=1594.17), 0.00460073 s/step
on time step 23415 (time=1655.69), 0.00460213 s/step
on time step 24284 (time=1717.14), 0.00460792 s/step
on time step 25155 (time=1778.73), 0.00459385 s/step
Meep progress: 1832.5379341230566/3824.683884152239 = 47.9% done in 120.0s, 130.5s to go
on time step 26021 (time=1839.96), 0.00462266 s/step
on time step 26889 (time=1901.34), 0.00461258 s/step
on time step 27760 (time=1962.93), 0.00459519 s/step
on time step 28626 (time=2024.16), 0.00461932 s/step
on time step 29495 (time=2085.61), 0.00460481 s/step
on time step 30360 (time=2146.78), 0.00462732 s/step
on time step 31228 (time=2208.15), 0.00460897 s/step
on time step 32095 (time=2269.46), 0.00461396 s/step
Meep progress: 2292.228052572431/3824.683884152239 = 59.9% done in 150.0s, 100.3s to go
on time step 32959 (time=2330.55), 0.00463325 s/step
on time step 33825 (time=2391.79), 0.00462413 s/step
on time step 34692 (time=2453.09), 0.00461841 s/step
on time step 35557 (time=2514.26), 0.00462595 s/step
on time step 36425 (time=2575.64), 0.00461136 s/step
on time step 37292 (time=2636.94), 0.0046171 s/step
on time step 38160 (time=2698.32), 0.0046101 s/step
Meep progress: 2751.281774918738/3824.683884152239 = 71.9% done in 180.0s, 70.2s to go
on time step 39022 (time=2759.27), 0.00464549 s/step
on time step 39887 (time=2820.44), 0.004626 s/step
on time step 40741 (time=2880.82), 0.00468715 s/step
on time step 41607 (time=2942.06), 0.00462386 s/step
on time step 42474 (time=3003.37), 0.00461511 s/step
on time step 43340 (time=3064.6), 0.00462324 s/step
on time step 44210 (time=3126.12), 0.0046029 s/step
on time step 45077 (time=3187.43), 0.00461519 s/step
Meep progress: 3209.4869691276203/3824.683884152239 = 83.9% done in 210.0s, 40.3s to go
on time step 45941 (time=3248.52), 0.00463329 s/step
on time step 46803 (time=3309.47), 0.00464079 s/step
on time step 47671 (time=3370.85), 0.00461036 s/step
on time step 48538 (time=3432.15), 0.00461737 s/step
on time step 49392 (time=3492.54), 0.00468506 s/step
on time step 50257 (time=3553.71), 0.00462789 s/step
on time step 51121 (time=3614.8), 0.00463243 s/step
Meep progress: 3667.4093206240286/3824.683884152239 = 95.9% done in 240.0s, 10.3s to go
on time step 51987 (time=3676.04), 0.00462117 s/step
on time step 52854 (time=3737.34), 0.00461457 s/step
on time step 53721 (time=3798.65), 0.00461437 s/step
run 0 finished at t = 3824.7405794380356 (54090 timesteps)
Whole Sim Walltime: 259.1547899246216 s

Elapsed run time = 260.0289 s
