/share/apps/meep/1.22.0/lib/python3.9/site-packages/meep/visualization.py:343: UserWarning: The frequency parameter of plot2D has been deprecated. Use the frequency key of the eps_parameters dictionary instead.
  warnings.warn('The frequency parameter of plot2D has been deprecated. Use the frequency key of the eps_parameters dictionary instead.')
/share/apps/meep/1.22.0/lib/python3.9/site-packages/meep/visualization.py:343: UserWarning: The frequency parameter of plot2D has been deprecated. Use the frequency key of the eps_parameters dictionary instead.
  warnings.warn('The frequency parameter of plot2D has been deprecated. Use the frequency key of the eps_parameters dictionary instead.')
/share/apps/meep/1.22.0/lib/python3.9/site-packages/meep/visualization.py:343: UserWarning: The frequency parameter of plot2D has been deprecated. Use the frequency key of the eps_parameters dictionary instead.
  warnings.warn('The frequency parameter of plot2D has been deprecated. Use the frequency key of the eps_parameters dictionary instead.')
/share/apps/meep/1.22.0/lib/python3.9/site-packages/meep/visualization.py:343: UserWarning: The frequency parameter of plot2D has been deprecated. Use the frequency key of the eps_parameters dictionary instead.
  warnings.warn('The frequency parameter of plot2D has been deprecated. Use the frequency key of the eps_parameters dictionary instead.')
Warning: grid volume is not an integer number of pixels; cell size will be rounded to nearest pixel.
Using MPI version 3.1, 6 processes
Argument List: ['../LoadedCapillaries/twoDsolve.py', 'MEEP_6_Quick_exclusive', '0']
Standard run
WD: ../data/2022-04-06/MEEP_6_Quick_exclusive/
Whole Sim Walltime: 2.384185791015625e-07 s



Datapoints:-   60000



0.6451612903225806
0.024983344437042088
60000
     block, center = (0,0,0)
          size (1e+20,1,1e+20)
          axes (1,0,0), (0,1,0), (0,0,1)
          dielectric constant epsilon diagonal = (2.0736,2.0736,2.0736)
/share/apps/meep/1.22.0/lib/python3.9/site-packages/meep/visualization.py:343: UserWarning: The frequency parameter of plot2D has been deprecated. Use the frequency key of the eps_parameters dictionary instead.
  warnings.warn('The frequency parameter of plot2D has been deprecated. Use the frequency key of the eps_parameters dictionary instead.')
/share/apps/meep/1.22.0/lib/python3.9/site-packages/meep/visualization.py:343: UserWarning: The frequency parameter of plot2D has been deprecated. Use the frequency key of the eps_parameters dictionary instead.
  warnings.warn('The frequency parameter of plot2D has been deprecated. Use the frequency key of the eps_parameters dictionary instead.')
Warning: grid volume is not an integer number of pixels; cell size will be rounded to nearest pixel.


Normalisation Run


-----------
Initializing structure...
Splitting into 6 chunks by voxels
time for choose_chunkdivision = 0.000458643 s
Working in 2D dimensions.
Computational cell is 87.1 x 11.8 x 0 with resolution 10
     block, center = (0,0,0)
          size (1e+20,1,1e+20)
          axes (1,0,0), (0,1,0), (0,0,1)
          dielectric constant epsilon diagonal = (2.0736,2.0736,2.0736)
time for set_epsilon = 0.0450719 s
-----------
MPB solved for frequency_1(0.4,0,0) = 0.325672 after 11 iters
MPB solved for frequency_1(0.851154,0,0) = 0.635937 after 9 iters
MPB solved for frequency_1(0.864706,0,0) = 0.645161 after 7 iters
MPB solved for frequency_1(0.864707,0,0) = 0.645161 after 1 iters
Meep: using output directory '../data/2022-04-06/MEEP_6_Quick_exclusive/'
on time step 567 (time=40.093), 0.00705483 s/step
on time step 1142 (time=80.7516), 0.00706872 s/step
on time step 1722 (time=121.764), 0.00700636 s/step
on time step 2292 (time=162.069), 0.0070363 s/step
on time step 2864 (time=202.515), 0.00699332 s/step
on time step 3432 (time=242.679), 0.0070486 s/step
on time step 4002 (time=282.984), 0.00704353 s/step
Meep progress: 302.0760169228931/525.6906625976562 = 57.5% done in 30.1s, 22.3s to go
on time step 4572 (time=323.289), 0.00704335 s/step
on time step 5142 (time=363.594), 0.0070205 s/step
on time step 5714 (time=404.041), 0.00699369 s/step
on time step 6282 (time=444.204), 0.00705872 s/step
on time step 6852 (time=484.51), 0.0070297 s/step
on time step 7422 (time=524.815), 0.00703318 s/step
/share/apps/meep/1.22.0/lib/python3.9/site-packages/meep/visualization.py:343: UserWarning: The frequency parameter of plot2D has been deprecated. Use the frequency key of the eps_parameters dictionary instead.
  warnings.warn('The frequency parameter of plot2D has been deprecated. Use the frequency key of the eps_parameters dictionary instead.')
/share/apps/meep/1.22.0/lib/python3.9/site-packages/meep/visualization.py:343: UserWarning: The frequency parameter of plot2D has been deprecated. Use the frequency key of the eps_parameters dictionary instead.
  warnings.warn('The frequency parameter of plot2D has been deprecated. Use the frequency key of the eps_parameters dictionary instead.')
/share/apps/meep/1.22.0/lib/python3.9/site-packages/meep/visualization.py:343: UserWarning: The frequency parameter of plot2D has been deprecated. Use the frequency key of the eps_parameters dictionary instead.
  warnings.warn('The frequency parameter of plot2D has been deprecated. Use the frequency key of the eps_parameters dictionary instead.')
/share/apps/meep/1.22.0/lib/python3.9/site-packages/meep/visualization.py:343: UserWarning: The frequency parameter of plot2D has been deprecated. Use the frequency key of the eps_parameters dictionary instead.
  warnings.warn('The frequency parameter of plot2D has been deprecated. Use the frequency key of the eps_parameters dictionary instead.')
/share/apps/meep/1.22.0/lib/python3.9/site-packages/meep/visualization.py:343: UserWarning: The frequency parameter of plot2D has been deprecated. Use the frequency key of the eps_parameters dictionary instead.
  warnings.warn('The frequency parameter of plot2D has been deprecated. Use the frequency key of the eps_parameters dictionary instead.')
/share/apps/meep/1.22.0/lib/python3.9/site-packages/meep/visualization.py:343: UserWarning: The frequency parameter of plot2D has been deprecated. Use the frequency key of the eps_parameters dictionary instead.
  warnings.warn('The frequency parameter of plot2D has been deprecated. Use the frequency key of the eps_parameters dictionary instead.')
Warning: grid volume is not an integer number of pixels; cell size will be rounded to nearest pixel.
run 0 finished at t = 525.7338918121981 (7435 timesteps)



Datapoints:-   60000



0.6451612903225806
0.024983344437042088
60000
     cylinder, center = (0,0,0)
          radius 40, height 1e+20, axis (0, 0, 1)
          dielectric constant epsilon diagonal = (2.0736,2.0736,2.0736)
     cylinder, center = (0,0,0)
          radius 30, height 1e+20, axis (0, 0, 1)
          dielectric constant epsilon diagonal = (1.9881,1.9881,1.9881)
     block, center = (0,-41.167,0)
          size (1e+20,1,1e+20)
          axes (1,0,0), (0,1,0), (0,0,1)
          dielectric constant epsilon diagonal = (2.0736,2.0736,2.0736)
Warning: grid volume is not an integer number of pixels; cell size will be rounded to nearest pixel.
prevRunFalse


Actual Run


Previous SimTime = 0.0
-----------
Initializing structure...
Splitting into 6 chunks by voxels
time for choose_chunkdivision = 0.000770852 s
Working in 2D dimensions.
Computational cell is 87.1 x 93.8 x 0 with resolution 10
     cylinder, center = (0,0,0)
          radius 40, height 1e+20, axis (0, 0, 1)
          dielectric constant epsilon diagonal = (2.0736,2.0736,2.0736)
     cylinder, center = (0,0,0)
          radius 30, height 1e+20, axis (0, 0, 1)
          dielectric constant epsilon diagonal = (1.9881,1.9881,1.9881)
     block, center = (0,-41.167,0)
          size (1e+20,1,1e+20)
          axes (1,0,0), (0,1,0), (0,0,1)
          dielectric constant epsilon diagonal = (2.0736,2.0736,2.0736)
time for set_epsilon = 0.604977 s
-----------
MPB solved for frequency_1(0.4,0,0) = 0.32606 after 10 iters
MPB solved for frequency_1(0.850308,0,0) = 0.635755 after 7 iters
MPB solved for frequency_1(0.864131,0,0) = 0.645161 after 5 iters
MPB solved for frequency_1(0.864132,0,0) = 0.645161 after 2 iters
Meep: using output directory '../data/2022-04-06/MEEP_6_Quick_exclusive/'
creating output file "../data/2022-04-06/MEEP_6_Quick_exclusive//twoDsolve-eps-000000.00.h5"...
on time step 401 (time=28.355), 0.0100845 s/step
on time step 821 (time=58.0535), 0.00959999 s/step
on time step 1241 (time=87.752), 0.00959179 s/step
on time step 1661 (time=117.45), 0.00963266 s/step
on time step 2081 (time=147.149), 0.00964019 s/step
on time step 2501 (time=176.847), 0.00962432 s/step
on time step 2921 (time=206.546), 0.00964777 s/step
Meep progress: 209.44502858745537/462.97866259765624 = 45.2% done in 30.0s, 36.3s to go
on time step 3341 (time=236.244), 0.00963015 s/step
on time step 3761 (time=265.943), 0.00962929 s/step
on time step 4181 (time=295.641), 0.0096559 s/step
on time step 4601 (time=325.34), 0.00962607 s/step
on time step 5021 (time=355.038), 0.00963028 s/step
on time step 5441 (time=384.737), 0.00962219 s/step
on time step 5861 (time=414.435), 0.00960995 s/step
Meep progress: 429.99163363953954/462.97866259765624 = 92.9% done in 60.0s, 4.6s to go
on time step 6281 (time=444.134), 0.00963658 s/step
run 0 finished at t = 463.01352032095133 (6548 timesteps)
SimTime = 463.0135192871094
Dumped structure to file: ../data/2022-04-06/MEEP_6_Quick_exclusive/structure.h5 (True)
Dumped fields to file: ../data/2022-04-06/MEEP_6_Quick_exclusive/fields.h5 (True)
creating output file "../data/2022-04-06/MEEP_6_Quick_exclusive//twoDsolve-Transmission.h5"...
Whole Sim Walltime: 122.9508306980133 s

Field time usage:
        connecting chunks: 0.153891 s +/- 0.0074281 s
            time stepping: 17.4193 s +/- 0.342006 s
       copying boundaries: 1.20778 s +/- 0.0882362 s
    all-all communication: 0.0113938 s +/- 0.00612163 s
        1-1 communication: 36.9014 s +/- 17.8202 s
        outputting fields: 1.25975 s +/- 0.0343086 s
     Fourier transforming: 7.20071 s +/- 17.6289 s
          MPB mode solver: 0.00104634 s +/- 0.00119941 s
          everything else: 0.612133 s +/- 0.0533461 s
         updating B field: 4.12848 s +/- 0.151223 s
         updating H field: 0.240968 s +/- 0.0775572 s
         updating D field: 4.02935 s +/- 0.140454 s
         updating E field: 8.64534 s +/- 0.0948092 s
      boundary stepping B: 7.52095 s +/- 17.73 s
     boundary stepping WH: 0.061637 s +/- 0.0023347 s
     boundary stepping PH: 0.00508713 s +/- 0.00138137 s
      boundary stepping H: 29.3097 s +/- 22.2739 s
      boundary stepping D: 0.718129 s +/- 0.152967 s
     boundary stepping WE: 0.0231802 s +/- 0.00390768 s
     boundary stepping PE: 0.0046192 s +/- 0.000222436 s
      boundary stepping E: 0.787863 s +/- 0.144643 s


Elapsed run time = 123.4088 s
creating epsilon from file "../data/2022-04-06/MEEP_6_Quick_exclusive/structure.h5" (1)...
creating fields output file "../data/2022-04-06/MEEP_6_Quick_exclusive/fields.h5" (1)...
creating epsilon from file "../data/2022-04-06/MEEP_6_Quick_exclusive/structure.h5" (1)...
creating fields output file "../data/2022-04-06/MEEP_6_Quick_exclusive/fields.h5" (1)...
creating epsilon from file "../data/2022-04-06/MEEP_6_Quick_exclusive/structure.h5" (1)...
creating fields output file "../data/2022-04-06/MEEP_6_Quick_exclusive/fields.h5" (1)...
creating epsilon from file "../data/2022-04-06/MEEP_6_Quick_exclusive/structure.h5" (1)...
creating fields output file "../data/2022-04-06/MEEP_6_Quick_exclusive/fields.h5" (1)...
creating epsilon from file "../data/2022-04-06/MEEP_6_Quick_exclusive/structure.h5" (1)...
creating fields output file "../data/2022-04-06/MEEP_6_Quick_exclusive/fields.h5" (1)...
creating epsilon from file "../data/2022-04-06/MEEP_6_Quick_exclusive/structure.h5" (1)...
creating fields output file "../data/2022-04-06/MEEP_6_Quick_exclusive/fields.h5" (1)...
