Warning: grid volume is not an integer number of pixels; cell size will be rounded to nearest pixel.
Using MPI version 3.1, 24 processes
Argument List: ['../LoadedCapillaries/twoDsolve.py', 'MEEP_250', '250']
Standard run
Whole Sim Walltime: 4.76837158203125e-07 s
WD: ../data/2022-03-24/MEEP_250/
AlreadyDir
0.6451612903225806
0.07
1000
-----------
Initializing structure...
Splitting into 24 chunks by voxels
time for choose_chunkdivision = 0.00100352 s
Working in 2D dimensions.
Computational cell is 87.1 x 11.8 x 0 with resolution 10
     block, center = (0,0,0)
          size (1e+20,1,1e+20)
          axes (1,0,0), (0,1,0), (0,0,1)
          dielectric constant epsilon diagonal = (2.0736,2.0736,2.0736)
time for set_epsilon = 0.0497609 s
-----------
MPB solved for frequency_1(0.4,0,0) = 0.325672 after 11 iters
MPB solved for frequency_1(0.851154,0,0) = 0.635937 after 9 iters
MPB solved for frequency_1(0.864706,0,0) = 0.645161 after 7 iters
MPB solved for frequency_1(0.864707,0,0) = 0.645161 after 1 iters
Meep: using output directory '../data/2022-03-24/MEEP_250/'


Normalisation Run


on time step 3015 (time=213.193), 0.00132703 s/step
Warning: grid volume is not an integer number of pixels; cell size will be rounded to nearest pixel.
run 0 finished at t = 268.3470234602948 (3795 timesteps)
WD: ../data/2022-03-24/MEEP_250/
AlreadyDir
0.6451612903225806
0.07
1000
-----------
Initializing structure...
Splitting into 24 chunks by voxels
time for choose_chunkdivision = 0.00280398 s
Working in 2D dimensions.
Computational cell is 87.1 x 93.8 x 0 with resolution 10
     block, center = (0,0,0)
          size (1e+20,1,1e+20)
          axes (1,0,0), (0,1,0), (0,0,1)
          dielectric constant epsilon diagonal = (2.0736,2.0736,2.0736)
     cylinder, center = (0,0,0)
          radius 40, height 1e+20, axis (0, 0, 1)
          dielectric constant epsilon diagonal = (2.0736,2.0736,2.0736)
     cylinder, center = (0,0,0)
          radius 30, height 1e+20, axis (0, 0, 1)
          dielectric constant epsilon diagonal = (1.9881,1.9881,1.9881)
     block, center = (0,-41.167,0)
          size (1e+20,1,1e+20)
          axes (1,0,0), (0,1,0), (0,0,1)
          dielectric constant epsilon diagonal = (2.0736,2.0736,2.0736)
time for set_epsilon = 0.27033 s
-----------
MPB solved for frequency_1(0.4,0,0) = 0.32606 after 10 iters
MPB solved for frequency_1(0.850308,0,0) = 0.635755 after 7 iters
MPB solved for frequency_1(0.864131,0,0) = 0.645161 after 5 iters
MPB solved for frequency_1(0.864132,0,0) = 0.645161 after 2 iters
Meep: using output directory '../data/2022-03-24/MEEP_250/'


Actual Run


creating output file "../data/2022-03-24/MEEP_250//twoDsolve-eps-000000.00.h5"...
on time step 1156 (time=81.7415), 0.00346162 s/step
on time step 2375 (time=167.938), 0.00328166 s/step
on time step 3663 (time=259.013), 0.00310581 s/step
Meep progress: 311.40982643455555/90683.43757060284 = 0.3% done in 30.0s, 8706.4s to go
on time step 4950 (time=350.018), 0.00310937 s/step
on time step 6228 (time=440.386), 0.0031314 s/step
on time step 7508 (time=530.896), 0.00312716 s/step
on time step 8784 (time=621.123), 0.0031363 s/step
on time step 10060 (time=711.349), 0.00313679 s/step
on time step 11341 (time=801.93), 0.00312482 s/step
on time step 12604 (time=891.237), 0.00316738 s/step
on time step 13877 (time=981.252), 0.00314413 s/step
Meep progress: 988.0403053519628/90683.43757060284 = 1.1% done in 60.0s, 5447.2s to go
on time step 15156 (time=1071.69), 0.00312779 s/step
on time step 16428 (time=1161.64), 0.00314688 s/step
on time step 17712 (time=1252.43), 0.00311561 s/step
on time step 18994 (time=1343.08), 0.00312086 s/step
on time step 20268 (time=1433.16), 0.00314027 s/step
on time step 21547 (time=1523.6), 0.00312922 s/step
on time step 22829 (time=1614.25), 0.00312266 s/step
Meep progress: 1666.0142871536245/90683.43757060284 = 1.8% done in 90.0s, 4809.2s to go
on time step 24109 (time=1704.76), 0.00312719 s/step
on time step 25389 (time=1795.27), 0.00312622 s/step
on time step 26666 (time=1885.57), 0.00313349 s/step
on time step 27934 (time=1975.23), 0.00315566 s/step
on time step 29203 (time=2064.96), 0.00315384 s/step
on time step 30488 (time=2155.83), 0.00311428 s/step
on time step 31757 (time=2245.56), 0.00315401 s/step
on time step 33033 (time=2335.79), 0.00313599 s/step
Meep progress: 2342.008369967964/90683.43757060284 = 2.6% done in 120.0s, 4526.7s to go
on time step 34309 (time=2426.01), 0.00313545 s/step
on time step 35588 (time=2516.45), 0.0031294 s/step
on time step 36868 (time=2606.96), 0.00312656 s/step
on time step 38149 (time=2697.54), 0.0031238 s/step
on time step 39426 (time=2787.84), 0.00313265 s/step
on time step 40696 (time=2877.64), 0.00315003 s/step
on time step 41971 (time=2967.8), 0.0031378 s/step
Meep progress: 3018.4267168510155/90683.43757060284 = 3.3% done in 150.0s, 4356.7s to go
on time step 43245 (time=3057.88), 0.00314119 s/step
on time step 44519 (time=3147.97), 0.00314114 s/step
on time step 45798 (time=3238.41), 0.00312753 s/step
on time step 47071 (time=3328.42), 0.00314301 s/step
on time step 48347 (time=3418.65), 0.00313704 s/step
on time step 49630 (time=3509.37), 0.00312033 s/step
on time step 50903 (time=3599.39), 0.00314432 s/step
on time step 52184 (time=3689.97), 0.00312373 s/step
Meep progress: 3695.622881193372/90683.43757060284 = 4.1% done in 180.0s, 4237.0s to go
on time step 53464 (time=3780.48), 0.00312519 s/step
on time step 54742 (time=3870.84), 0.00313161 s/step
on time step 56016 (time=3960.93), 0.00314046 s/step
on time step 57298 (time=4051.58), 0.00312057 s/step
on time step 58579 (time=4142.16), 0.00312347 s/step
on time step 59854 (time=4232.32), 0.00313749 s/step
on time step 61132 (time=4322.69), 0.00313062 s/step
Meep progress: 4373.526152316915/90683.43757060284 = 4.8% done in 210.0s, 4144.4s to go
on time step 62407 (time=4412.84), 0.0031381 s/step
on time step 63684 (time=4503.14), 0.00313322 s/step
on time step 64959 (time=4593.29), 0.0031386 s/step
on time step 66239 (time=4683.8), 0.00312737 s/step
on time step 67513 (time=4773.89), 0.00314019 s/step
on time step 68792 (time=4864.33), 0.0031291 s/step
on time step 70067 (time=4954.49), 0.0031384 s/step
on time step 71353 (time=5045.42), 0.00311044 s/step
Meep progress: 5050.510184624915/90683.43757060284 = 5.6% done in 240.0s, 4069.4s to go
on time step 72622 (time=5135.15), 0.00315318 s/step
on time step 73905 (time=5225.87), 0.00311862 s/step
on time step 75190 (time=5316.74), 0.00311478 s/step
on time step 76478 (time=5407.81), 0.00310725 s/step
on time step 77756 (time=5498.18), 0.0031315 s/step
on time step 79031 (time=5588.34), 0.00313846 s/step
on time step 80309 (time=5678.7), 0.00313089 s/step
Meep progress: 5729.049851851527/90683.43757060284 = 6.3% done in 270.0s, 4003.9s to go
on time step 81588 (time=5769.14), 0.00312812 s/step
on time step 82857 (time=5858.87), 0.00315488 s/step
on time step 84131 (time=5948.96), 0.00314182 s/step
on time step 85415 (time=6039.75), 0.00311683 s/step
on time step 86691 (time=6129.98), 0.00313502 s/step
on time step 87956 (time=6219.43), 0.00316251 s/step
on time step 89229 (time=6309.44), 0.00314243 s/step
on time step 90507 (time=6399.81), 0.00313008 s/step
Meep progress: 6404.548959919035/90683.43757060284 = 7.1% done in 300.0s, 3947.9s to go
on time step 91783 (time=6490.04), 0.00313693 s/step
on time step 93074 (time=6581.33), 0.00309946 s/step
on time step 94348 (time=6671.41), 0.00314238 s/step
on time step 95629 (time=6761.99), 0.00312375 s/step
on time step 96904 (time=6852.15), 0.00313735 s/step
on time step 98181 (time=6942.45), 0.00313255 s/step
on time step 99465 (time=7033.24), 0.00311544 s/step
Meep progress: 7083.230048501884/90683.43757060284 = 7.8% done in 330.0s, 3895.0s to go
on time step 100749 (time=7124.03), 0.00311603 s/step
on time step 102035 (time=7214.96), 0.00311297 s/step
on time step 103315 (time=7305.47), 0.00312554 s/step
on time step 104593 (time=7395.84), 0.00313015 s/step
on time step 105874 (time=7486.42), 0.0031231 s/step
on time step 107157 (time=7577.14), 0.00311939 s/step
on time step 108440 (time=7667.87), 0.00311907 s/step
on time step 109723 (time=7758.59), 0.00311863 s/step
Meep progress: 7762.971797256512/90683.43757060284 = 8.6% done in 360.0s, 3845.5s to go
on time step 111000 (time=7848.89), 0.00313261 s/step
on time step 112278 (time=7939.25), 0.00313142 s/step
on time step 113559 (time=8029.83), 0.00312269 s/step
on time step 114844 (time=8120.7), 0.00311362 s/step
on time step 116116 (time=8210.64), 0.00314623 s/step
on time step 117384 (time=8300.3), 0.00315534 s/step
on time step 118661 (time=8390.6), 0.00313391 s/step
Meep progress: 8440.02654024263/90683.43757060284 = 9.3% done in 390.0s, 3800.5s to go
on time step 119941 (time=8481.11), 0.00312564 s/step
on time step 121219 (time=8571.48), 0.00313072 s/step
on time step 122497 (time=8661.85), 0.00313016 s/step
on time step 123773 (time=8752.07), 0.00313512 s/step
on time step 125051 (time=8842.44), 0.00313021 s/step
on time step 126334 (time=8933.16), 0.00311793 s/step
on time step 127601 (time=9022.75), 0.00315976 s/step
on time step 128883 (time=9113.4), 0.00312132 s/step
Meep progress: 9117.364125941225/90683.43757060284 = 10.1% done in 420.0s, 3757.6s to go
on time step 130157 (time=9203.49), 0.00314164 s/step
on time step 131440 (time=9294.21), 0.00311912 s/step
on time step 132725 (time=9385.07), 0.00311324 s/step
on time step 133997 (time=9475.02), 0.00314604 s/step
on time step 135282 (time=9565.88), 0.00311439 s/step
on time step 136565 (time=9656.6), 0.00311932 s/step
on time step 137843 (time=9746.97), 0.00313109 s/step
Meep progress: 9795.7623718116/90683.43757060284 = 10.8% done in 450.0s, 3716.0s to go
on time step 139121 (time=9837.34), 0.00312996 s/step
on time step 140397 (time=9927.57), 0.00313645 s/step
on time step 141675 (time=10017.9), 0.00313288 s/step
on time step 142961 (time=10108.9), 0.00311056 s/step
on time step 144240 (time=10199.3), 0.00312785 s/step
on time step 145525 (time=10290.2), 0.00311424 s/step
on time step 146789 (time=10379.5), 0.00316532 s/step
on time step 148068 (time=10470), 0.00312751 s/step
Meep progress: 10473.524221578904/90683.43757060284 = 11.5% done in 480.0s, 3676.2s to go
on time step 149351 (time=10560.7), 0.00311862 s/step
on time step 150635 (time=10651.5), 0.00311617 s/step
on time step 151929 (time=10743), 0.00309249 s/step
on time step 153218 (time=10834.1), 0.00310494 s/step
on time step 154495 (time=10924.4), 0.00313454 s/step
on time step 155770 (time=11014.6), 0.00313944 s/step
on time step 157048 (time=11105), 0.00313177 s/step
Meep progress: 11153.053838299176/90683.43757060284 = 12.3% done in 510.0s, 3636.9s to go
on time step 158316 (time=11194.6), 0.00315711 s/step
on time step 159588 (time=11284.6), 0.00314584 s/step
on time step 160873 (time=11375.4), 0.00311286 s/step
on time step 162155 (time=11466.1), 0.00312147 s/step
on time step 163432 (time=11556.4), 0.00313492 s/step
on time step 164705 (time=11646.4), 0.00314382 s/step
on time step 165978 (time=11736.4), 0.00314419 s/step
on time step 167262 (time=11827.2), 0.00311618 s/step
Meep progress: 11830.179291963415/90683.43757060284 = 13.0% done in 540.0s, 3599.5s to go
on time step 168533 (time=11917.1), 0.00314749 s/step
on time step 169814 (time=12007.7), 0.00312446 s/step
on time step 171100 (time=12098.6), 0.00311221 s/step
on time step 172395 (time=12190.2), 0.00309029 s/step
on time step 173681 (time=12281.1), 0.00311113 s/step
on time step 174954 (time=12371.1), 0.0031448 s/step
on time step 176233 (time=12461.6), 0.00312853 s/step
Meep progress: 12509.56748732745/90683.43757060284 = 13.8% done in 570.0s, 3562.2s to go
on time step 177519 (time=12552.5), 0.00311224 s/step
on time step 178809 (time=12643.7), 0.00310197 s/step
on time step 180084 (time=12733.9), 0.00313844 s/step
on time step 181376 (time=12825.2), 0.00309676 s/step
on time step 182659 (time=12915.9), 0.00311961 s/step
on time step 183951 (time=13007.3), 0.00309804 s/step
on time step 185225 (time=13097.4), 0.0031415 s/step
on time step 186510 (time=13188.2), 0.00311561 s/step
Meep progress: 13190.511317610095/90683.43757060284 = 14.5% done in 600.0s, 3525.1s to go
on time step 187791 (time=13278.8), 0.00312439 s/step
on time step 189075 (time=13369.6), 0.00311682 s/step
on time step 190352 (time=13459.9), 0.00313432 s/step
on time step 191632 (time=13550.4), 0.0031271 s/step
on time step 192916 (time=13641.2), 0.00311529 s/step
on time step 194184 (time=13730.9), 0.00315513 s/step
on time step 195462 (time=13821.3), 0.00313058 s/step
Meep progress: 13868.485299411757/90683.43757060284 = 15.3% done in 630.0s, 3489.6s to go
on time step 196742 (time=13911.8), 0.00312769 s/step
on time step 198022 (time=14002.3), 0.00312653 s/step
on time step 199312 (time=14093.5), 0.00310323 s/step
on time step 200603 (time=14184.8), 0.0031001 s/step
on time step 201897 (time=14276.3), 0.00309301 s/step
on time step 203176 (time=14366.7), 0.00312809 s/step
on time step 204453 (time=14457), 0.0031327 s/step
on time step 205729 (time=14547.2), 0.00313595 s/step
Meep progress: 14549.00486562569/90683.43757060284 = 16.0% done in 660.0s, 3453.9s to go
on time step 207012 (time=14638), 0.00311927 s/step
on time step 208288 (time=14728.2), 0.00313493 s/step
on time step 209574 (time=14819.1), 0.0031111 s/step
on time step 210856 (time=14909.8), 0.0031223 s/step
on time step 212133 (time=15000.1), 0.00313257 s/step
on time step 213419 (time=15091), 0.00311204 s/step
on time step 214701 (time=15181.7), 0.00312062 s/step
Meep progress: 15228.605193024081/90683.43757060284 = 16.8% done in 690.0s, 3419.0s to go
on time step 215979 (time=15272), 0.00313048 s/step
on time step 217257 (time=15362.4), 0.00313007 s/step
on time step 218544 (time=15453.4), 0.00311007 s/step
on time step 219827 (time=15544.1), 0.00311781 s/step
on time step 221107 (time=15634.6), 0.0031272 s/step
on time step 222392 (time=15725.5), 0.00311339 s/step
on time step 223664 (time=15815.4), 0.00314564 s/step
on time step 224945 (time=15906), 0.00312378 s/step
Meep progress: 15907.356992285047/90683.43757060284 = 17.5% done in 720.0s, 3384.7s to go
on time step 226222 (time=15996.3), 0.00313275 s/step
on time step 227513 (time=16087.6), 0.00310035 s/step
on time step 228799 (time=16178.5), 0.00311043 s/step
on time step 230081 (time=16269.2), 0.00312087 s/step
on time step 231364 (time=16359.9), 0.00311852 s/step
on time step 232650 (time=16450.8), 0.00311095 s/step
on time step 233935 (time=16541.7), 0.00311362 s/step
Meep progress: 16588.230111889574/90683.43757060284 = 18.3% done in 750.0s, 3350.2s to go
on time step 235213 (time=16632.1), 0.00313165 s/step
on time step 236496 (time=16722.8), 0.00311883 s/step
on time step 237767 (time=16812.7), 0.0031495 s/step
on time step 239055 (time=16903.7), 0.00310725 s/step
on time step 240339 (time=16994.5), 0.00311677 s/step
on time step 241615 (time=17084.8), 0.00313711 s/step
on time step 242903 (time=17175.8), 0.0031072 s/step
on time step 244189 (time=17266.8), 0.00311097 s/step
Meep progress: 17267.689017931727/90683.43757060284 = 19.0% done in 780.0s, 3316.4s to go
on time step 245470 (time=17357.4), 0.0031229 s/step
on time step 246750 (time=17447.9), 0.00312574 s/step
on time step 248033 (time=17538.6), 0.00311803 s/step
on time step 249313 (time=17629.1), 0.00312686 s/step
on time step 250600 (time=17720.1), 0.00310933 s/step
on time step 251881 (time=17810.7), 0.00312474 s/step
on time step 253167 (time=17901.6), 0.00311097 s/step
Meep progress: 17947.07721329576/90683.43757060284 = 19.8% done in 810.0s, 3283.0s to go
on time step 254442 (time=17991.8), 0.00313918 s/step
on time step 255728 (time=18082.7), 0.00311088 s/step
on time step 257005 (time=18173), 0.00313402 s/step
on time step 258293 (time=18264.1), 0.00310617 s/step
on time step 259571 (time=18354.4), 0.00313114 s/step
on time step 260851 (time=18445), 0.00312664 s/step
on time step 262122 (time=18534.8), 0.00314822 s/step
on time step 263395 (time=18624.8), 0.00314331 s/step
Meep progress: 18625.26332713178/90683.43757060284 = 20.5% done in 840.0s, 3250.0s to go
on time step 264672 (time=18715.1), 0.00313302 s/step
on time step 265953 (time=18805.7), 0.00312533 s/step
on time step 267233 (time=18896.2), 0.00312655 s/step
on time step 268513 (time=18986.7), 0.0031259 s/step
on time step 269794 (time=19077.3), 0.00312385 s/step
on time step 271070 (time=19167.5), 0.00313718 s/step
on time step 272345 (time=19257.7), 0.0031387 s/step
Meep progress: 19303.095887577205/90683.43757060284 = 21.3% done in 870.0s, 3217.3s to go
on time step 273627 (time=19348.4), 0.00312141 s/step
on time step 274919 (time=19439.7), 0.0030976 s/step
on time step 276200 (time=19530.3), 0.00312504 s/step
on time step 277478 (time=19620.7), 0.00313141 s/step
on time step 278766 (time=19711.7), 0.00310696 s/step
on time step 280047 (time=19802.3), 0.00312749 s/step
on time step 281318 (time=19892.2), 0.00314896 s/step
Meep progress: 19983.04976836619/90683.43757060284 = 22.0% done in 900.0s, 3184.4s to go
on time step 282607 (time=19983.3), 0.00310407 s/step
on time step 283886 (time=20073.8), 0.00312784 s/step
on time step 285172 (time=20164.7), 0.0031118 s/step
on time step 286444 (time=20254.6), 0.00314529 s/step
on time step 287709 (time=20344.1), 0.00316356 s/step
on time step 288990 (time=20434.7), 0.00312277 s/step
on time step 290263 (time=20524.7), 0.00314435 s/step
on time step 291541 (time=20615.1), 0.00313191 s/step
Meep progress: 20659.680247283595/90683.43757060284 = 22.8% done in 930.0s, 3152.3s to go
on time step 292812 (time=20704.9), 0.0031484 s/step
on time step 294088 (time=20795.2), 0.00313569 s/step
on time step 295375 (time=20886.2), 0.00311011 s/step
on time step 296652 (time=20976.5), 0.00313368 s/step
on time step 297926 (time=21066.5), 0.00314132 s/step
on time step 299203 (time=21156.8), 0.00313403 s/step
on time step 300485 (time=21247.5), 0.00312035 s/step
Meep progress: 21336.87641162595/90683.43757060284 = 23.5% done in 960.1s, 3120.2s to go
on time step 301760 (time=21337.7), 0.0031386 s/step
on time step 303050 (time=21428.9), 0.00310238 s/step
on time step 304333 (time=21519.6), 0.00311969 s/step
on time step 305621 (time=21610.7), 0.00310625 s/step
on time step 306907 (time=21701.6), 0.00311233 s/step
on time step 308186 (time=21792), 0.00312799 s/step
on time step 309466 (time=21882.6), 0.00312512 s/step
on time step 310751 (time=21973.4), 0.0031147 s/step
Meep progress: 22017.537399196124/90683.43757060284 = 24.3% done in 990.1s, 3087.7s to go
on time step 312021 (time=22063.2), 0.00315144 s/step
on time step 313294 (time=22153.2), 0.00314417 s/step
on time step 314571 (time=22243.5), 0.00313391 s/step
on time step 315845 (time=22333.6), 0.00314028 s/step
on time step 317125 (time=22424.1), 0.00312503 s/step
on time step 318397 (time=22514.1), 0.00314549 s/step
on time step 319664 (time=22603.7), 0.00315748 s/step
Meep progress: 22692.61224319492/90683.43757060284 = 25.0% done in 1020.1s, 3056.3s to go
on time step 320940 (time=22693.9), 0.00313686 s/step
on time step 322215 (time=22784), 0.00313905 s/step
on time step 323492 (time=22874.3), 0.00313472 s/step
on time step 324774 (time=22965), 0.00312069 s/step
on time step 326059 (time=23055.9), 0.00311435 s/step
on time step 327335 (time=23146.1), 0.00313578 s/step
on time step 328605 (time=23235.9), 0.00315096 s/step
on time step 329884 (time=23326.3), 0.00312793 s/step
Meep progress: 23370.303382284106/90683.43757060284 = 25.8% done in 1050.1s, 3024.5s to go
on time step 331164 (time=23416.8), 0.00312634 s/step
on time step 332441 (time=23507.1), 0.00313296 s/step
on time step 333725 (time=23597.9), 0.00311752 s/step
on time step 335000 (time=23688.1), 0.00313781 s/step
on time step 336277 (time=23778.4), 0.00313245 s/step
on time step 337555 (time=23868.7), 0.00313046 s/step
on time step 338818 (time=23958.1), 0.00316723 s/step
Meep progress: 24046.368175776566/90683.43757060284 = 26.5% done in 1080.1s, 2993.0s to go
on time step 340090 (time=24048), 0.00314675 s/step
on time step 341376 (time=24138.9), 0.00311228 s/step
on time step 342657 (time=24229.5), 0.00312313 s/step
on time step 343934 (time=24319.8), 0.00313316 s/step
on time step 345205 (time=24409.7), 0.00314759 s/step
on time step 346496 (time=24501), 0.00309924 s/step
on time step 347775 (time=24591.4), 0.00312899 s/step
on time step 349056 (time=24682), 0.00312394 s/step
Meep progress: 24725.26139639377/90683.43757060284 = 27.3% done in 1110.1s, 2961.2s to go
on time step 350339 (time=24772.7), 0.00312045 s/step
on time step 351631 (time=24864.1), 0.00309826 s/step
on time step 352912 (time=24954.6), 0.00312556 s/step
on time step 354194 (time=25045.3), 0.00312014 s/step
on time step 355473 (time=25135.7), 0.00312874 s/step
on time step 356759 (time=25226.7), 0.00311262 s/step
on time step 358045 (time=25317.6), 0.00311108 s/step
Meep progress: 25405.851673285822/90683.43757060284 = 28.0% done in 1140.1s, 2929.3s to go
on time step 359325 (time=25408.1), 0.00312615 s/step
on time step 360611 (time=25499), 0.00311183 s/step
on time step 361890 (time=25589.5), 0.00312837 s/step
on time step 363169 (time=25679.9), 0.00312861 s/step
on time step 364441 (time=25769.9), 0.00314468 s/step
on time step 365711 (time=25859.7), 0.00315109 s/step
on time step 366988 (time=25950), 0.00313413 s/step
on time step 368265 (time=26040.3), 0.00313275 s/step
Meep progress: 26082.764994915702/90683.43757060284 = 28.8% done in 1170.1s, 2898.0s to go
on time step 369535 (time=26130.1), 0.00315137 s/step
on time step 370816 (time=26220.7), 0.00312275 s/step
on time step 372099 (time=26311.4), 0.00311935 s/step
on time step 373382 (time=26402.1), 0.00311947 s/step
on time step 374660 (time=26492.5), 0.00313037 s/step
on time step 375928 (time=26582.1), 0.00315621 s/step
on time step 377208 (time=26672.6), 0.00312782 s/step
Meep progress: 26760.385423326774/90683.43757060284 = 29.5% done in 1200.1s, 2866.6s to go
on time step 378488 (time=26763.1), 0.00312713 s/step
on time step 379770 (time=26853.8), 0.00312227 s/step
on time step 381050 (time=26944.3), 0.00312594 s/step
on time step 382333 (time=27035), 0.00312016 s/step
on time step 383615 (time=27125.7), 0.00312182 s/step
on time step 384894 (time=27216.1), 0.00312963 s/step
on time step 386162 (time=27305.8), 0.00315641 s/step
on time step 387444 (time=27396.4), 0.00312144 s/step
Meep progress: 27438.359405128434/90683.43757060284 = 30.3% done in 1230.1s, 2835.3s to go
on time step 388721 (time=27486.7), 0.00313308 s/step
on time step 389998 (time=27577), 0.00313235 s/step
on time step 391268 (time=27666.8), 0.0031512 s/step
on time step 392544 (time=27757.1), 0.00313559 s/step
on time step 393825 (time=27847.6), 0.00312265 s/step
on time step 395096 (time=27937.5), 0.0031483 s/step
on time step 396368 (time=28027.5), 0.00314714 s/step
Meep progress: 28114.91917336772/90683.43757060284 = 31.0% done in 1260.1s, 2804.2s to go
on time step 397652 (time=28118.2), 0.00311566 s/step
on time step 398931 (time=28208.7), 0.0031286 s/step
on time step 400214 (time=28299.4), 0.00311819 s/step
on time step 401495 (time=28390), 0.0031231 s/step
on time step 402775 (time=28480.5), 0.00312614 s/step
on time step 404055 (time=28571), 0.00312606 s/step
on time step 405328 (time=28661), 0.00314336 s/step
on time step 406606 (time=28751.4), 0.00313196 s/step
Meep progress: 28793.388129916217/90683.43757060284 = 31.8% done in 1290.1s, 2772.9s to go
on time step 407891 (time=28842.2), 0.00311336 s/step
on time step 409173 (time=28932.9), 0.00312042 s/step
on time step 410458 (time=29023.8), 0.0031131 s/step
on time step 411735 (time=29114.1), 0.00313384 s/step
on time step 413011 (time=29204.3), 0.00313515 s/step
on time step 414291 (time=29294.8), 0.00312726 s/step
on time step 415564 (time=29384.8), 0.00314349 s/step
Meep progress: 29471.14997968352/90683.43757060284 = 32.5% done in 1320.1s, 2741.8s to go
on time step 416837 (time=29474.8), 0.00314234 s/step
on time step 418108 (time=29564.7), 0.00314842 s/step
on time step 419382 (time=29654.8), 0.00314027 s/step
on time step 420656 (time=29744.9), 0.00314044 s/step
on time step 421943 (time=29835.9), 0.00311066 s/step
on time step 423224 (time=29926.5), 0.00312383 s/step
on time step 424503 (time=30016.9), 0.00312758 s/step
on time step 425782 (time=30107.3), 0.00312861 s/step
Meep progress: 30148.275433347757/90683.43757060284 = 33.2% done in 1350.1s, 2710.8s to go
on time step 427050 (time=30197), 0.00315506 s/step
on time step 428321 (time=30286.9), 0.00314771 s/step
on time step 429603 (time=30377.5), 0.0031209 s/step
on time step 430891 (time=30468.6), 0.00310752 s/step
on time step 432173 (time=30559.2), 0.00312111 s/step
on time step 433460 (time=30650.3), 0.00310851 s/step
on time step 434727 (time=30739.8), 0.00315815 s/step
Meep progress: 30826.107993793183/90683.43757060284 = 34.0% done in 1380.1s, 2679.8s to go
on time step 436007 (time=30830.4), 0.00312784 s/step
on time step 437286 (time=30920.8), 0.00313025 s/step
on time step 438571 (time=31011.7), 0.00311488 s/step
on time step 439857 (time=31102.6), 0.00311097 s/step
on time step 441133 (time=31192.8), 0.0031363 s/step
on time step 442406 (time=31282.8), 0.00314438 s/step
on time step 443681 (time=31373), 0.0031378 s/step
on time step 444960 (time=31463.4), 0.00312929 s/step
Meep progress: 31504.2941076292/90683.43757060284 = 34.7% done in 1410.1s, 2648.7s to go
on time step 446241 (time=31554), 0.00312397 s/step
on time step 447524 (time=31644.7), 0.00311966 s/step
on time step 448810 (time=31735.7), 0.0031108 s/step
on time step 450103 (time=31827.1), 0.00309468 s/step
on time step 451395 (time=31918.4), 0.00309669 s/step
on time step 452682 (time=32009.5), 0.00311042 s/step
on time step 453958 (time=32099.7), 0.0031361 s/step
Meep progress: 32185.52078062432/90683.43757060284 = 35.5% done in 1440.1s, 2617.4s to go
on time step 455241 (time=32190.4), 0.00311962 s/step
on time step 456520 (time=32280.8), 0.00312985 s/step
on time step 457806 (time=32371.8), 0.00311205 s/step
on time step 459090 (time=32462.6), 0.00311667 s/step
on time step 460368 (time=32552.9), 0.00313056 s/step
on time step 461644 (time=32643.2), 0.00313554 s/step
on time step 462920 (time=32733.4), 0.00313637 s/step
on time step 464201 (time=32824), 0.00312406 s/step
Meep progress: 32864.41400124152/90683.43757060284 = 36.2% done in 1470.1s, 2586.3s to go
on time step 465488 (time=32915), 0.00310905 s/step
on time step 466771 (time=33005.7), 0.00311918 s/step
on time step 468050 (time=33096.1), 0.00312846 s/step
on time step 469329 (time=33186.6), 0.00312813 s/step
on time step 470615 (time=33277.5), 0.0031123 s/step
on time step 471883 (time=33367.2), 0.00315666 s/step
on time step 473165 (time=33457.8), 0.00312174 s/step
Meep progress: 33543.024379146256/90683.43757060284 = 37.0% done in 1500.1s, 2555.4s to go
on time step 474448 (time=33548.5), 0.00311866 s/step
on time step 475732 (time=33639.3), 0.0031172 s/step
on time step 477022 (time=33730.5), 0.00310184 s/step
on time step 478300 (time=33820.9), 0.00313142 s/step
on time step 479590 (time=33912.1), 0.00310109 s/step
on time step 480875 (time=34003), 0.00311424 s/step
on time step 482145 (time=34092.8), 0.00315044 s/step
on time step 483422 (time=34183.1), 0.00313429 s/step
Meep progress: 34222.90754925712/90683.43757060284 = 37.7% done in 1530.1s, 2524.3s to go
on time step 484707 (time=34274), 0.00311299 s/step
on time step 485983 (time=34364.2), 0.00313696 s/step
on time step 487263 (time=34454.7), 0.00312575 s/step
on time step 488540 (time=34545), 0.00313283 s/step
on time step 489818 (time=34635.4), 0.00313026 s/step
on time step 491094 (time=34725.6), 0.00313549 s/step
on time step 492362 (time=34815.3), 0.00315518 s/step
Meep progress: 34899.67944953076/90683.43757060284 = 38.5% done in 1560.1s, 2493.6s to go
on time step 493637 (time=34905.4), 0.00313775 s/step
on time step 494917 (time=34995.9), 0.0031254 s/step
on time step 496198 (time=35086.5), 0.00312469 s/step
on time step 497480 (time=35177.1), 0.00312183 s/step
on time step 498758 (time=35267.5), 0.00313185 s/step
on time step 500044 (time=35358.5), 0.00311052 s/step
on time step 501313 (time=35448.2), 0.00315386 s/step
on time step 502597 (time=35539), 0.0031155 s/step
Meep progress: 35578.360538113615/90683.43757060284 = 39.2% done in 1590.1s, 2462.8s to go
on time step 503882 (time=35629.8), 0.00311329 s/step
on time step 505168 (time=35720.8), 0.00311174 s/step
on time step 506453 (time=35811.6), 0.00311376 s/step
on time step 507746 (time=35903.1), 0.00309382 s/step
on time step 509032 (time=35994), 0.00311191 s/step
on time step 510304 (time=36083.9), 0.00314492 s/step
on time step 511580 (time=36174.2), 0.00313523 s/step
Meep progress: 36258.03157619012/90683.43757060284 = 40.0% done in 1620.1s, 2431.8s to go
on time step 512855 (time=36264.3), 0.00313728 s/step
on time step 514130 (time=36354.5), 0.00313789 s/step
on time step 515407 (time=36444.8), 0.00313294 s/step
on time step 516689 (time=36535.4), 0.00312215 s/step
on time step 517972 (time=36626.2), 0.00311947 s/step
on time step 519259 (time=36717.2), 0.00310977 s/step
on time step 520521 (time=36806.4), 0.0031723 s/step
on time step 521800 (time=36896.8), 0.00312882 s/step
Meep progress: 36935.08631917624/90683.43757060284 = 40.7% done in 1650.1s, 2401.2s to go
on time step 523074 (time=36986.9), 0.00314102 s/step
on time step 524356 (time=37077.6), 0.00312058 s/step
on time step 525637 (time=37168.1), 0.00312283 s/step
on time step 526915 (time=37258.5), 0.00312996 s/step
on time step 528192 (time=37348.8), 0.0031336 s/step
on time step 529469 (time=37439.1), 0.00313381 s/step
on time step 530752 (time=37529.8), 0.00311873 s/step
Meep progress: 37613.76740775909/90683.43757060284 = 41.5% done in 1680.1s, 2370.5s to go
on time step 532034 (time=37620.5), 0.00312087 s/step
on time step 533311 (time=37710.8), 0.00313246 s/step
on time step 534582 (time=37800.7), 0.00314876 s/step
on time step 535857 (time=37890.8), 0.00313744 s/step
on time step 537137 (time=37981.3), 0.0031258 s/step
on time step 538415 (time=38071.7), 0.00313029 s/step
on time step 539683 (time=38161.4), 0.00315635 s/step
on time step 540954 (time=38251.2), 0.00314824 s/step
Meep progress: 38288.983673114126/90683.43757060284 = 42.2% done in 1710.1s, 2340.1s to go
on time step 542226 (time=38341.2), 0.00314715 s/step
on time step 543493 (time=38430.8), 0.00315884 s/step
on time step 544776 (time=38521.5), 0.00311985 s/step
on time step 546052 (time=38611.7), 0.00313497 s/step
on time step 547334 (time=38702.4), 0.00312084 s/step
on time step 548605 (time=38792.2), 0.00314993 s/step
on time step 549881 (time=38882.5), 0.00313607 s/step
Meep progress: 38965.826284065886/90683.43757060284 = 43.0% done in 1740.1s, 2309.5s to go
on time step 551164 (time=38973.2), 0.00311968 s/step
on time step 552443 (time=39063.6), 0.00312877 s/step
on time step 553729 (time=39154.6), 0.00311055 s/step
on time step 555003 (time=39244.6), 0.00314032 s/step
on time step 556287 (time=39335.4), 0.00311567 s/step
on time step 557574 (time=39426.4), 0.00310991 s/step
on time step 558850 (time=39516.7), 0.00313625 s/step
on time step 560136 (time=39607.6), 0.00311076 s/step
Meep progress: 39645.56803282051/90683.43757060284 = 43.7% done in 1770.1s, 2278.7s to go
on time step 561425 (time=39698.7), 0.0031032 s/step
on time step 562699 (time=39788.8), 0.00314203 s/step
on time step 563975 (time=39879.1), 0.00313551 s/step
on time step 565252 (time=39969.4), 0.00313318 s/step
on time step 566528 (time=40059.6), 0.00313599 s/step
on time step 567798 (time=40149.4), 0.00315057 s/step
on time step 569071 (time=40239.4), 0.00314391 s/step
Meep progress: 40322.1278010598/90683.43757060284 = 44.5% done in 1800.1s, 2248.3s to go
on time step 570350 (time=40329.8), 0.00312781 s/step
on time step 571633 (time=40420.6), 0.00311935 s/step
on time step 572906 (time=40510.6), 0.00314437 s/step
on time step 574189 (time=40601.3), 0.0031187 s/step
on time step 575464 (time=40691.4), 0.00313912 s/step
on time step 576742 (time=40781.8), 0.00313072 s/step
on time step 578018 (time=40872), 0.00313677 s/step
on time step 579309 (time=40963.3), 0.00309986 s/step
Meep progress: 41000.31391489582/90683.43757060284 = 45.2% done in 1830.1s, 2217.7s to go
on time step 580587 (time=41053.7), 0.00313028 s/step
on time step 581866 (time=41144.1), 0.00312826 s/step
on time step 583155 (time=41235.3), 0.00310374 s/step
on time step 584437 (time=41325.9), 0.00312161 s/step
on time step 585718 (time=41416.5), 0.00312425 s/step
on time step 586994 (time=41506.7), 0.00313577 s/step
on time step 588275 (time=41597.3), 0.00312426 s/step
Meep progress: 41679.56068890362/90683.43757060284 = 46.0% done in 1860.1s, 2187.0s to go
on time step 589551 (time=41687.6), 0.00313779 s/step
on time step 590825 (time=41777.6), 0.00313973 s/step
on time step 592095 (time=41867.4), 0.0031513 s/step
on time step 593375 (time=41957.9), 0.00312725 s/step
on time step 594654 (time=42048.4), 0.00312821 s/step
on time step 595927 (time=42138.4), 0.00314443 s/step
on time step 597193 (time=42227.9), 0.00316149 s/step
on time step 598475 (time=42318.6), 0.00312271 s/step
Meep progress: 42355.05979697113/90683.43757060284 = 46.7% done in 1890.1s, 2156.7s to go
on time step 599749 (time=42408.7), 0.0031406 s/step
on time step 601027 (time=42499), 0.00313158 s/step
on time step 602303 (time=42589.3), 0.00313529 s/step
on time step 603586 (time=42680), 0.00311909 s/step
on time step 604865 (time=42770.4), 0.00312801 s/step
on time step 606145 (time=42860.9), 0.00312568 s/step
on time step 607425 (time=42951.4), 0.00312512 s/step
Meep progress: 43033.03377877279/90683.43757060284 = 47.5% done in 1920.1s, 2126.1s to go
on time step 608702 (time=43041.7), 0.00313495 s/step
on time step 609989 (time=43132.7), 0.00310897 s/step
on time step 611269 (time=43223.2), 0.00312698 s/step
on time step 612541 (time=43313.2), 0.00314481 s/step
on time step 613828 (time=43404.2), 0.00310821 s/step
on time step 615113 (time=43495.1), 0.0031134 s/step
on time step 616382 (time=43584.8), 0.00315475 s/step
on time step 617661 (time=43675.2), 0.00312754 s/step
Meep progress: 43711.71486735564/90683.43757060284 = 48.2% done in 1950.1s, 2095.5s to go
on time step 618942 (time=43765.8), 0.00312348 s/step
on time step 620223 (time=43856.4), 0.00312391 s/step
on time step 621498 (time=43946.5), 0.00313892 s/step
on time step 622779 (time=44037.1), 0.00312311 s/step
on time step 624051 (time=44127.1), 0.00314522 s/step
on time step 625323 (time=44217), 0.00314511 s/step
on time step 626600 (time=44307.3), 0.00313255 s/step
Meep progress: 44389.19387441047/90683.43757060284 = 48.9% done in 1980.1s, 2065.1s to go
on time step 627888 (time=44398.4), 0.00310645 s/step
on time step 629171 (time=44489.1), 0.00311828 s/step
on time step 630457 (time=44580), 0.00311078 s/step
on time step 631736 (time=44670.5), 0.00312935 s/step
on time step 633018 (time=44761.1), 0.00312028 s/step
on time step 634296 (time=44851.5), 0.00313086 s/step
on time step 635570 (time=44941.6), 0.00314035 s/step
on time step 636849 (time=45032), 0.00312974 s/step
Meep progress: 45067.73354163708/90683.43757060284 = 49.7% done in 2010.1s, 2034.5s to go
on time step 638125 (time=45122.3), 0.00313543 s/step
on time step 639404 (time=45212.7), 0.00312908 s/step
on time step 640687 (time=45303.4), 0.00311817 s/step
on time step 641961 (time=45393.5), 0.00314016 s/step
on time step 643236 (time=45483.7), 0.00313833 s/step
on time step 644510 (time=45573.7), 0.00314176 s/step
on time step 645794 (time=45664.5), 0.00311639 s/step
Meep progress: 45745.35397004815/90683.43757060284 = 50.4% done in 2040.1s, 2004.1s to go
on time step 647074 (time=45755), 0.00312662 s/step
on time step 648355 (time=45845.6), 0.00312372 s/step
on time step 649639 (time=45936.4), 0.00311709 s/step
on time step 650916 (time=46026.7), 0.00313267 s/step
on time step 652204 (time=46117.8), 0.00310686 s/step
on time step 653491 (time=46208.8), 0.00310816 s/step
on time step 654757 (time=46298.3), 0.00316147 s/step
on time step 656024 (time=46387.9), 0.00315733 s/step
Meep progress: 46423.822926596644/90683.43757060284 = 51.2% done in 2070.1s, 1973.6s to go
on time step 657309 (time=46478.8), 0.00311518 s/step
on time step 658594 (time=46569.6), 0.0031148 s/step
on time step 659881 (time=46660.6), 0.00310955 s/step
on time step 661168 (time=46751.6), 0.00310924 s/step
on time step 662447 (time=46842.1), 0.00312771 s/step
on time step 663719 (time=46932), 0.00314547 s/step
on time step 665002 (time=47022.7), 0.00311813 s/step
Meep progress: 47103.42325399503/90683.43757060284 = 51.9% done in 2100.1s, 1943.0s to go
on time step 666284 (time=47113.4), 0.00312169 s/step
on time step 667560 (time=47203.6), 0.00313691 s/step
on time step 668843 (time=47294.3), 0.00311898 s/step
on time step 670121 (time=47384.7), 0.00313081 s/step
on time step 671396 (time=47474.9), 0.00313799 s/step
on time step 672674 (time=47565.2), 0.00313115 s/step
on time step 673946 (time=47655.2), 0.00314642 s/step
on time step 675223 (time=47745.5), 0.00313252 s/step
Meep progress: 47780.26586494679/90683.43757060284 = 52.7% done in 2130.1s, 1912.7s to go
on time step 676493 (time=47835.3), 0.00315169 s/step
on time step 677765 (time=47925.2), 0.00314603 s/step
on time step 679044 (time=48015.7), 0.00312898 s/step
on time step 680326 (time=48106.3), 0.00312076 s/step
on time step 681608 (time=48197), 0.00312015 s/step
on time step 682890 (time=48287.6), 0.00312079 s/step
on time step 684167 (time=48377.9), 0.00313237 s/step
Meep progress: 48457.886293357864/90683.43757060284 = 53.4% done in 2160.1s, 1882.3s to go
on time step 685443 (time=48468.1), 0.00313712 s/step
on time step 686720 (time=48558.4), 0.00313471 s/step
on time step 687993 (time=48648.5), 0.00314354 s/step
on time step 689275 (time=48739.1), 0.00312161 s/step
on time step 690559 (time=48829.9), 0.00311545 s/step
on time step 691839 (time=48920.4), 0.00312512 s/step
on time step 693119 (time=49010.9), 0.00312526 s/step
on time step 694397 (time=49101.3), 0.00313065 s/step
Meep progress: 49135.860275159524/90683.43757060284 = 54.2% done in 2190.1s, 1851.9s to go
on time step 695670 (time=49191.3), 0.0031438 s/step
on time step 696950 (time=49281.8), 0.00312732 s/step
on time step 698235 (time=49372.7), 0.00311505 s/step
on time step 699517 (time=49463.3), 0.00312278 s/step
on time step 700794 (time=49553.6), 0.00313366 s/step
on time step 702076 (time=49644.3), 0.00312073 s/step
on time step 703357 (time=49734.9), 0.00312478 s/step
Meep progress: 49814.39994238614/90683.43757060284 = 54.9% done in 2220.1s, 1821.4s to go
on time step 704638 (time=49825.4), 0.00312372 s/step
on time step 705921 (time=49916.2), 0.0031189 s/step
on time step 707211 (time=50007.4), 0.00310124 s/step
on time step 708492 (time=50097.9), 0.00312269 s/step
on time step 709767 (time=50188.1), 0.00313862 s/step
on time step 711050 (time=50278.8), 0.00311774 s/step
on time step 712320 (time=50368.6), 0.00315158 s/step
on time step 713600 (time=50459.1), 0.00312567 s/step
Meep progress: 50493.22245232522/90683.43757060284 = 55.7% done in 2250.1s, 1791.0s to go
on time step 714876 (time=50549.4), 0.00313618 s/step
on time step 716157 (time=50639.9), 0.00312439 s/step
on time step 717433 (time=50730.2), 0.003135 s/step
on time step 718715 (time=50820.8), 0.0031203 s/step
on time step 719995 (time=50911.3), 0.00312563 s/step
on time step 721268 (time=51001.3), 0.00314312 s/step
on time step 722551 (time=51092.1), 0.00312015 s/step
Meep progress: 51171.125723448764/90683.43757060284 = 56.4% done in 2280.1s, 1760.6s to go
on time step 723832 (time=51182.7), 0.00312393 s/step
on time step 725109 (time=51272.9), 0.00313254 s/step
on time step 726395 (time=51363.9), 0.00311252 s/step
on time step 727679 (time=51454.7), 0.00311664 s/step
on time step 728966 (time=51545.7), 0.00311 s/step
on time step 730246 (time=51636.2), 0.00312652 s/step
on time step 731526 (time=51726.7), 0.00312659 s/step
on time step 732808 (time=51817.4), 0.00312091 s/step
Meep progress: 51850.93818288151/90683.43757060284 = 57.2% done in 2310.1s, 1730.1s to go
on time step 734085 (time=51907.6), 0.00313296 s/step
on time step 735362 (time=51997.9), 0.00313329 s/step
on time step 736643 (time=52088.5), 0.00312494 s/step
on time step 737928 (time=52179.4), 0.00311317 s/step
on time step 739205 (time=52269.7), 0.00313352 s/step
on time step 740470 (time=52359.1), 0.00316231 s/step
on time step 741748 (time=52449.5), 0.00313057 s/step
Meep progress: 52528.275768580104/90683.43757060284 = 57.9% done in 2340.1s, 1699.8s to go
on time step 743031 (time=52540.2), 0.00311935 s/step
on time step 744325 (time=52631.7), 0.00309293 s/step
on time step 745619 (time=52723.2), 0.00309259 s/step
on time step 746894 (time=52813.4), 0.00313839 s/step
on time step 748178 (time=52904.2), 0.0031161 s/step
on time step 749459 (time=52994.8), 0.00312475 s/step
on time step 750740 (time=53085.3), 0.00312311 s/step
on time step 752027 (time=53176.3), 0.00310855 s/step
Meep progress: 53209.643862931465/90683.43757060284 = 58.7% done in 2370.1s, 1669.2s to go
on time step 753310 (time=53267.1), 0.00311956 s/step
on time step 754597 (time=53358.1), 0.00310843 s/step
on time step 755881 (time=53448.9), 0.00311707 s/step
on time step 757170 (time=53540), 0.00310428 s/step
on time step 758450 (time=53630.5), 0.00312556 s/step
on time step 759723 (time=53720.5), 0.00314323 s/step
on time step 761010 (time=53811.5), 0.00310908 s/step
Meep progress: 53889.95129711104/90683.43757060284 = 59.4% done in 2400.1s, 1638.7s to go
on time step 762290 (time=53902), 0.00312793 s/step
on time step 763569 (time=53992.5), 0.00312908 s/step
on time step 764844 (time=54082.6), 0.00313802 s/step
on time step 766121 (time=54172.9), 0.00313267 s/step
on time step 767407 (time=54263.9), 0.00311277 s/step
on time step 768681 (time=54354), 0.00313974 s/step
on time step 769956 (time=54444.1), 0.00313852 s/step
on time step 771238 (time=54534.8), 0.00312265 s/step
Meep progress: 54567.43030416587/90683.43757060284 = 60.2% done in 2430.1s, 1608.4s to go
on time step 772518 (time=54625.3), 0.00312595 s/step
on time step 773798 (time=54715.8), 0.00312527 s/step
on time step 775077 (time=54806.2), 0.00312877 s/step
on time step 776353 (time=54896.4), 0.00313753 s/step
on time step 777642 (time=54987.6), 0.00310504 s/step
on time step 778909 (time=55077.2), 0.00315755 s/step
on time step 780184 (time=55167.3), 0.00313729 s/step
Meep progress: 55244.838600542585/90683.43757060284 = 60.9% done in 2460.1s, 1578.1s to go
on time step 781463 (time=55257.8), 0.00312878 s/step
on time step 782745 (time=55348.4), 0.00312114 s/step
on time step 784024 (time=55438.9), 0.00312781 s/step
on time step 785308 (time=55529.7), 0.00311669 s/step
on time step 786590 (time=55620.3), 0.00312088 s/step
on time step 787873 (time=55711), 0.00311776 s/step
on time step 789144 (time=55800.9), 0.00314824 s/step
on time step 790432 (time=55892), 0.00310757 s/step
Meep progress: 55924.50963861909/90683.43757060284 = 61.7% done in 2490.1s, 1547.7s to go
on time step 791716 (time=55982.8), 0.00311546 s/step
on time step 792997 (time=56073.4), 0.00312346 s/step
on time step 794278 (time=56163.9), 0.00312362 s/step
on time step 795564 (time=56254.9), 0.00311047 s/step
on time step 796845 (time=56345.5), 0.0031227 s/step
on time step 798110 (time=56434.9), 0.00316271 s/step
on time step 799389 (time=56525.3), 0.0031298 s/step
Meep progress: 56603.120016523826/90683.43757060284 = 62.4% done in 2520.1s, 1517.4s to go
on time step 800672 (time=56616.1), 0.00311854 s/step
on time step 801947 (time=56706.2), 0.00313828 s/step
on time step 803231 (time=56797), 0.00311699 s/step
on time step 804511 (time=56887.5), 0.00312627 s/step
on time step 805791 (time=56978), 0.00312558 s/step
on time step 807073 (time=57068.7), 0.00312072 s/step
on time step 808344 (time=57158.6), 0.00314899 s/step
on time step 809638 (time=57250.1), 0.00309157 s/step
Meep progress: 57282.296079853506/90683.43757060284 = 63.2% done in 2550.1s, 1487.0s to go
on time step 810922 (time=57340.8), 0.00311803 s/step
on time step 812206 (time=57431.6), 0.00311609 s/step
on time step 813484 (time=57522), 0.00313014 s/step
on time step 814756 (time=57611.9), 0.00314551 s/step
on time step 816034 (time=57702.3), 0.00313 s/step
on time step 817312 (time=57792.7), 0.00313021 s/step
on time step 818588 (time=57882.9), 0.00313631 s/step
Meep progress: 57959.280112161505/90683.43757060284 = 63.9% done in 2580.1s, 1456.8s to go
on time step 819863 (time=57973.1), 0.00313757 s/step
on time step 821141 (time=58063.4), 0.00313011 s/step
on time step 822409 (time=58153.1), 0.00315607 s/step
on time step 823684 (time=58243.3), 0.00313764 s/step
on time step 824965 (time=58333.8), 0.00312265 s/step
on time step 826241 (time=58424.1), 0.00313761 s/step
on time step 827508 (time=58513.7), 0.00315992 s/step
on time step 828789 (time=58604.2), 0.00312287 s/step
Meep progress: 58635.62774836644/90683.43757060284 = 64.7% done in 2610.1s, 1426.6s to go
on time step 830065 (time=58694.5), 0.0031357 s/step
on time step 831337 (time=58784.4), 0.00314523 s/step
on time step 832619 (time=58875.1), 0.00312016 s/step
on time step 833898 (time=58965.5), 0.00312797 s/step
on time step 835176 (time=59055.9), 0.00313021 s/step
on time step 836460 (time=59146.7), 0.00311687 s/step
on time step 837747 (time=59237.7), 0.00310906 s/step
Meep progress: 59314.59167966176/90683.43757060284 = 65.4% done in 2640.1s, 1396.3s to go
on time step 839029 (time=59328.3), 0.00312033 s/step
on time step 840307 (time=59418.7), 0.00313021 s/step
on time step 841589 (time=59509.3), 0.00312238 s/step
on time step 842864 (time=59599.5), 0.00313806 s/step
on time step 844144 (time=59690), 0.00312794 s/step
on time step 845412 (time=59779.7), 0.0031564 s/step
on time step 846689 (time=59870), 0.00313361 s/step
on time step 847968 (time=59960.4), 0.00312764 s/step
Meep progress: 59991.78784400412/90683.43757060284 = 66.2% done in 2670.1s, 1366.0s to go
on time step 849249 (time=60051), 0.00312415 s/step
on time step 850527 (time=60141.3), 0.00313146 s/step
on time step 851807 (time=60231.9), 0.00312787 s/step
on time step 853093 (time=60322.8), 0.00311125 s/step
on time step 854376 (time=60413.5), 0.00311786 s/step
on time step 855655 (time=60503.9), 0.00312808 s/step
on time step 856938 (time=60594.7), 0.00311864 s/step
Meep progress: 60671.10532869003/90683.43757060284 = 66.9% done in 2700.1s, 1335.7s to go
on time step 858222 (time=60685.5), 0.00311621 s/step
on time step 859506 (time=60776.3), 0.00311735 s/step
on time step 860786 (time=60866.8), 0.00312635 s/step
on time step 862063 (time=60957.1), 0.00313424 s/step
on time step 863332 (time=61046.8), 0.00315356 s/step
on time step 864606 (time=61136.9), 0.00314131 s/step
on time step 865884 (time=61227.2), 0.00313074 s/step
on time step 867161 (time=61317.5), 0.00313287 s/step
Meep progress: 61348.018650319915/90683.43757060284 = 67.7% done in 2730.1s, 1305.5s to go
on time step 868439 (time=61407.9), 0.00313281 s/step
on time step 869713 (time=61498), 0.00314121 s/step
on time step 870997 (time=61588.8), 0.0031164 s/step
on time step 872285 (time=61679.9), 0.00310695 s/step
on time step 873564 (time=61770.3), 0.00312977 s/step
on time step 874831 (time=61859.9), 0.00315752 s/step
on time step 876110 (time=61950.3), 0.00312859 s/step
Meep progress: 62025.992632121575/90683.43757060284 = 68.4% done in 2760.1s, 1275.3s to go
on time step 877389 (time=62040.8), 0.00312933 s/step
on time step 878672 (time=62131.5), 0.00311846 s/step
on time step 879956 (time=62222.3), 0.00311656 s/step
on time step 881233 (time=62312.6), 0.00313448 s/step
on time step 882513 (time=62403.1), 0.00312753 s/step
on time step 883795 (time=62493.7), 0.00312021 s/step
on time step 885079 (time=62584.5), 0.00311711 s/step
on time step 886366 (time=62675.5), 0.00310887 s/step
Meep progress: 62705.45153816373/90683.43757060284 = 69.1% done in 2790.1s, 1244.9s to go
on time step 887640 (time=62765.6), 0.00314091 s/step
on time step 888923 (time=62856.3), 0.00311995 s/step
on time step 890208 (time=62947.2), 0.00311487 s/step
on time step 891495 (time=63038.2), 0.00310888 s/step
on time step 892774 (time=63128.7), 0.00312825 s/step
on time step 894057 (time=63219.4), 0.00311901 s/step
on time step 895334 (time=63309.7), 0.00313252 s/step
Meep progress: 63384.627601493405/90683.43757060284 = 69.9% done in 2820.2s, 1214.6s to go
on time step 896614 (time=63400.2), 0.00312691 s/step
on time step 897897 (time=63490.9), 0.00312091 s/step
on time step 899180 (time=63581.6), 0.00311785 s/step
on time step 900449 (time=63671.4), 0.00315345 s/step
on time step 901722 (time=63761.4), 0.00314381 s/step
on time step 902996 (time=63851.5), 0.00314029 s/step
on time step 904274 (time=63941.8), 0.00313119 s/step
on time step 905553 (time=64032.3), 0.00312763 s/step
Meep progress: 64061.82376583576/90683.43757060284 = 70.6% done in 2850.2s, 1184.4s to go
on time step 906830 (time=64122.6), 0.00313361 s/step
on time step 908117 (time=64213.6), 0.00310854 s/step
on time step 909399 (time=64304.2), 0.00312246 s/step
on time step 910681 (time=64394.9), 0.00312195 s/step
on time step 911965 (time=64485.7), 0.00311736 s/step
on time step 913248 (time=64576.4), 0.00311781 s/step
on time step 914516 (time=64666), 0.00315514 s/step
Meep progress: 64740.57556509673/90683.43757060284 = 71.4% done in 2880.2s, 1154.1s to go
on time step 915794 (time=64756.4), 0.00313098 s/step
on time step 917071 (time=64846.7), 0.00313346 s/step
on time step 918355 (time=64937.5), 0.00311735 s/step
on time step 919636 (time=65028.1), 0.00312412 s/step
on time step 920915 (time=65118.5), 0.00312871 s/step
on time step 922192 (time=65208.8), 0.00313306 s/step
on time step 923467 (time=65299), 0.0031392 s/step
on time step 924741 (time=65389.1), 0.00314184 s/step
Meep progress: 65418.05457215156/90683.43757060284 = 72.1% done in 2910.2s, 1123.9s to go
on time step 926018 (time=65479.4), 0.0031355 s/step
on time step 927298 (time=65569.9), 0.00312507 s/step
on time step 928579 (time=65660.5), 0.00312479 s/step
on time step 929854 (time=65750.6), 0.00313789 s/step
on time step 931142 (time=65841.7), 0.00310619 s/step
on time step 932416 (time=65931.8), 0.00314127 s/step
on time step 933703 (time=66022.8), 0.00310862 s/step
Meep progress: 66096.87708209065/90683.43757060284 = 72.9% done in 2940.2s, 1093.7s to go
on time step 934984 (time=66113.4), 0.00312433 s/step
on time step 936266 (time=66204), 0.00312079 s/step
on time step 937551 (time=66294.9), 0.00311504 s/step
on time step 938825 (time=66385), 0.00314183 s/step
on time step 940104 (time=66475.4), 0.00312885 s/step
on time step 941382 (time=66565.8), 0.00313064 s/step
on time step 942659 (time=66656.1), 0.00313481 s/step
on time step 943938 (time=66746.5), 0.00312956 s/step
Meep progress: 66774.78035321418/90683.43757060284 = 73.6% done in 2970.2s, 1063.5s to go
on time step 945211 (time=66836.5), 0.00314233 s/step
on time step 946480 (time=66926.2), 0.00315368 s/step
on time step 947759 (time=67016.7), 0.00312843 s/step
on time step 949033 (time=67106.8), 0.00314116 s/step
on time step 950311 (time=67197.1), 0.00313095 s/step
on time step 951583 (time=67287.1), 0.00314609 s/step
on time step 952863 (time=67377.6), 0.00312736 s/step
Meep progress: 67450.2794612817/90683.43757060284 = 74.4% done in 3000.2s, 1033.4s to go
on time step 954134 (time=67467.5), 0.00314908 s/step
on time step 955413 (time=67557.9), 0.00312862 s/step
on time step 956693 (time=67648.4), 0.00312552 s/step
on time step 957971 (time=67738.8), 0.00313183 s/step
on time step 959252 (time=67829.4), 0.00312334 s/step
on time step 960535 (time=67920.1), 0.00311959 s/step
on time step 961807 (time=68010), 0.00314619 s/step
on time step 963089 (time=68100.7), 0.00312181 s/step
Meep progress: 68128.32415376148/90683.43757060284 = 75.1% done in 3030.2s, 1003.2s to go
on time step 964371 (time=68191.3), 0.00312178 s/step
on time step 965660 (time=68282.5), 0.00310442 s/step
on time step 966941 (time=68373.1), 0.00312432 s/step
on time step 968214 (time=68463.1), 0.00314366 s/step
on time step 969493 (time=68553.5), 0.00312862 s/step
on time step 970761 (time=68643.2), 0.00315546 s/step
on time step 972038 (time=68733.5), 0.00313409 s/step
Meep progress: 68805.09605403512/90683.43757060284 = 75.9% done in 3060.2s, 973.1s to go
on time step 973301 (time=68822.8), 0.00316919 s/step
on time step 974583 (time=68913.4), 0.00312167 s/step
on time step 975868 (time=69004.3), 0.00311518 s/step
on time step 977152 (time=69095.1), 0.00311676 s/step
on time step 978439 (time=69186.1), 0.00310841 s/step
on time step 979729 (time=69277.3), 0.0031035 s/step
on time step 981003 (time=69367.4), 0.00314014 s/step
on time step 982282 (time=69457.8), 0.00312835 s/step
Meep progress: 69484.83780278976/90683.43757060284 = 76.6% done in 3090.2s, 942.8s to go
on time step 983558 (time=69548.1), 0.00313625 s/step
on time step 984842 (time=69638.8), 0.00311663 s/step
on time step 986119 (time=69729.1), 0.00313264 s/step
on time step 987402 (time=69819.9), 0.00311882 s/step
on time step 988682 (time=69910.4), 0.00312723 s/step
on time step 989950 (time=70000), 0.00315514 s/step
on time step 991226 (time=70090.3), 0.00313643 s/step
Meep progress: 70162.38752052271/90683.43757060284 = 77.4% done in 3120.2s, 912.6s to go
on time step 992506 (time=70180.8), 0.00312768 s/step
on time step 993783 (time=70271.1), 0.00313446 s/step
on time step 995059 (time=70361.3), 0.00313502 s/step
on time step 996337 (time=70451.7), 0.00313139 s/step
on time step 997621 (time=70542.5), 0.00311552 s/step
on time step 998902 (time=70633), 0.0031252 s/step
on time step 1000169 (time=70722.6), 0.00315789 s/step
on time step 1001450 (time=70813.2), 0.00312383 s/step
Meep progress: 70839.86652757753/90683.43757060284 = 78.1% done in 3150.2s, 882.4s to go
on time step 1002731 (time=70903.8), 0.00312299 s/step
on time step 1004012 (time=70994.4), 0.00312346 s/step
on time step 1005296 (time=71085.2), 0.00311772 s/step
on time step 1006586 (time=71176.4), 0.00310128 s/step
on time step 1007873 (time=71267.4), 0.00310926 s/step
on time step 1009155 (time=71358), 0.00312168 s/step
on time step 1010441 (time=71449), 0.00311083 s/step
Meep progress: 71521.02248989453/90683.43757060284 = 78.9% done in 3180.2s, 852.1s to go
on time step 1011731 (time=71540.2), 0.00310349 s/step
on time step 1013007 (time=71630.4), 0.00313507 s/step
on time step 1014283 (time=71720.6), 0.0031372 s/step
on time step 1015562 (time=71811.1), 0.00312791 s/step
on time step 1016840 (time=71901.4), 0.00313007 s/step
on time step 1018118 (time=71991.8), 0.00313155 s/step
on time step 1019389 (time=72081.7), 0.00314932 s/step
on time step 1020666 (time=72172), 0.00313393 s/step
Meep progress: 72198.00652220253/90683.43757060284 = 79.6% done in 3210.2s, 821.9s to go
on time step 1021939 (time=72262), 0.00314431 s/step
on time step 1023225 (time=72352.9), 0.00311197 s/step
on time step 1024505 (time=72443.4), 0.00312579 s/step
on time step 1025786 (time=72534), 0.00312454 s/step
on time step 1027064 (time=72624.4), 0.00313191 s/step
on time step 1028341 (time=72714.7), 0.00313471 s/step
on time step 1029623 (time=72805.3), 0.00312271 s/step
Meep progress: 72876.19263603856/90683.43757060284 = 80.4% done in 3240.2s, 791.7s to go
on time step 1030903 (time=72895.9), 0.00312586 s/step
on time step 1032187 (time=72986.6), 0.00311576 s/step
on time step 1033466 (time=73077.1), 0.00312878 s/step
on time step 1034750 (time=73167.9), 0.00311621 s/step
on time step 1036034 (time=73258.7), 0.0031155 s/step
on time step 1037320 (time=73349.6), 0.00311194 s/step
on time step 1038591 (time=73439.5), 0.00314788 s/step
on time step 1039876 (time=73530.3), 0.00311498 s/step
Meep progress: 73556.0050954713/90683.43757060284 = 81.1% done in 3270.2s, 761.5s to go
on time step 1041164 (time=73621.4), 0.00310592 s/step
on time step 1042447 (time=73712.1), 0.0031196 s/step
on time step 1043727 (time=73802.6), 0.00312648 s/step
on time step 1045008 (time=73893.2), 0.00312409 s/step
on time step 1046293 (time=73984.1), 0.00311502 s/step
on time step 1047567 (time=74074.2), 0.00314013 s/step
on time step 1048841 (time=74164.3), 0.00314252 s/step
Meep progress: 74234.61547337603/90683.43757060284 = 81.9% done in 3300.2s, 731.3s to go
on time step 1050117 (time=74254.5), 0.00313531 s/step
on time step 1051395 (time=74344.9), 0.00313221 s/step
on time step 1052679 (time=74435.6), 0.00311666 s/step
on time step 1053965 (time=74526.6), 0.00311199 s/step
on time step 1055251 (time=74617.5), 0.00311223 s/step
on time step 1056527 (time=74707.7), 0.00313626 s/step
on time step 1057805 (time=74798.1), 0.00313148 s/step
on time step 1059090 (time=74889), 0.00311482 s/step
Meep progress: 74913.79153670571/90683.43757060284 = 82.6% done in 3330.2s, 701.0s to go
on time step 1060367 (time=74979.3), 0.00313334 s/step
on time step 1061646 (time=75069.7), 0.00312774 s/step
on time step 1062937 (time=75161), 0.00309909 s/step
on time step 1064219 (time=75251.6), 0.00312225 s/step
on time step 1065507 (time=75342.7), 0.00310823 s/step
on time step 1066784 (time=75433), 0.00313374 s/step
on time step 1068068 (time=75523.8), 0.00311552 s/step
Meep progress: 75593.67470681657/90683.43757060284 = 83.4% done in 3360.2s, 670.7s to go
on time step 1069343 (time=75614), 0.00313948 s/step
on time step 1070625 (time=75704.6), 0.00312223 s/step
on time step 1071902 (time=75794.9), 0.00313314 s/step
on time step 1073183 (time=75885.5), 0.00312329 s/step
on time step 1074463 (time=75976), 0.0031258 s/step
on time step 1075743 (time=76066.5), 0.0031269 s/step
on time step 1077015 (time=76156.5), 0.00314639 s/step
on time step 1078297 (time=76247.1), 0.00312135 s/step
Meep progress: 76271.57797794012/90683.43757060284 = 84.1% done in 3390.2s, 640.6s to go
on time step 1079578 (time=76337.7), 0.00312325 s/step
on time step 1080848 (time=76427.5), 0.00315107 s/step
on time step 1082136 (time=76518.6), 0.00310625 s/step
on time step 1083413 (time=76608.9), 0.00313408 s/step
on time step 1084696 (time=76699.6), 0.00311812 s/step
on time step 1085967 (time=76789.5), 0.00314915 s/step
on time step 1087253 (time=76880.4), 0.0031121 s/step
Meep progress: 76949.83480245425/90683.43757060284 = 84.9% done in 3420.2s, 610.4s to go
on time step 1088529 (time=76970.6), 0.00313675 s/step
on time step 1089811 (time=77061.3), 0.0031207 s/step
on time step 1091095 (time=77152.1), 0.00311691 s/step
on time step 1092384 (time=77243.2), 0.00310578 s/step
on time step 1093666 (time=77333.9), 0.00312163 s/step
on time step 1094942 (time=77424.1), 0.00313544 s/step
on time step 1096216 (time=77514.2), 0.00314036 s/step
on time step 1097505 (time=77605.3), 0.0031047 s/step
Meep progress: 77629.43512985265/90683.43757060284 = 85.6% done in 3450.2s, 580.2s to go
on time step 1098782 (time=77695.6), 0.00313429 s/step
on time step 1100056 (time=77785.7), 0.00314106 s/step
on time step 1101338 (time=77876.4), 0.00312227 s/step
on time step 1102621 (time=77967.1), 0.00311828 s/step
on time step 1103895 (time=78057.2), 0.0031404 s/step
on time step 1105173 (time=78147.5), 0.00313055 s/step
on time step 1106440 (time=78237.1), 0.00315711 s/step
Meep progress: 78306.2777408044/90683.43757060284 = 86.4% done in 3480.2s, 550.1s to go
on time step 1107722 (time=78327.8), 0.0031205 s/step
on time step 1109002 (time=78418.3), 0.00312546 s/step
on time step 1110283 (time=78508.9), 0.00312282 s/step
on time step 1111560 (time=78599.2), 0.00313423 s/step
on time step 1112846 (time=78690.1), 0.00311138 s/step
on time step 1114132 (time=78781), 0.00311053 s/step
on time step 1115408 (time=78871.3), 0.00313714 s/step
on time step 1116688 (time=78961.8), 0.00312535 s/step
Meep progress: 78984.95882938725/90683.43757060284 = 87.1% done in 3510.2s, 519.9s to go
on time step 1117962 (time=79051.9), 0.00314158 s/step
on time step 1119235 (time=79141.9), 0.00314385 s/step
on time step 1120507 (time=79231.8), 0.00314483 s/step
on time step 1121778 (time=79321.7), 0.00314859 s/step
on time step 1123055 (time=79412), 0.00313277 s/step
on time step 1124330 (time=79502.1), 0.00313932 s/step
on time step 1125604 (time=79592.2), 0.00314216 s/step
Meep progress: 79660.45793745476/90683.43757060284 = 87.8% done in 3540.2s, 489.9s to go
on time step 1126879 (time=79682.4), 0.0031377 s/step
on time step 1128153 (time=79772.5), 0.00314165 s/step
on time step 1129439 (time=79863.4), 0.00311229 s/step
on time step 1130713 (time=79953.5), 0.0031401 s/step
on time step 1131992 (time=80043.9), 0.00312749 s/step
on time step 1133275 (time=80134.6), 0.00311958 s/step
on time step 1134549 (time=80224.7), 0.00314012 s/step
on time step 1135829 (time=80315.2), 0.00312704 s/step
Meep progress: 80338.43191925643/90683.43757060284 = 88.6% done in 3570.2s, 459.7s to go
on time step 1137110 (time=80405.8), 0.00312451 s/step
on time step 1138397 (time=80496.8), 0.00310942 s/step
on time step 1139678 (time=80587.4), 0.0031249 s/step
on time step 1140947 (time=80677.1), 0.0031543 s/step
on time step 1142223 (time=80767.4), 0.00313661 s/step
on time step 1143499 (time=80857.6), 0.00313552 s/step
on time step 1144788 (time=80948.7), 0.0031039 s/step
Meep progress: 81015.98163698938/90683.43757060284 = 89.3% done in 3600.2s, 429.6s to go
on time step 1146062 (time=81038.8), 0.00314204 s/step
on time step 1147340 (time=81129.2), 0.00313011 s/step
on time step 1148615 (time=81219.3), 0.00313833 s/step
on time step 1149895 (time=81309.9), 0.00312519 s/step
on time step 1151178 (time=81400.6), 0.00311843 s/step
on time step 1152455 (time=81490.9), 0.00313395 s/step
on time step 1153714 (time=81579.9), 0.00317837 s/step
on time step 1154998 (time=81670.7), 0.00311598 s/step
Meep progress: 81693.17780133174/90683.43757060284 = 90.1% done in 3630.2s, 399.5s to go
on time step 1156280 (time=81761.3), 0.00312086 s/step
on time step 1157571 (time=81852.6), 0.00310034 s/step
on time step 1158860 (time=81943.8), 0.00310584 s/step
on time step 1160146 (time=82034.7), 0.00311223 s/step
on time step 1161419 (time=82124.7), 0.00314488 s/step
on time step 1162696 (time=82215), 0.00313369 s/step
on time step 1163969 (time=82305), 0.00314298 s/step
Meep progress: 82372.42457533954/90683.43757060284 = 90.8% done in 3660.2s, 369.3s to go
on time step 1165249 (time=82395.5), 0.00312527 s/step
on time step 1166538 (time=82486.7), 0.00310319 s/step
on time step 1167814 (time=82576.9), 0.00313697 s/step
on time step 1169095 (time=82667.5), 0.00312301 s/step
on time step 1170370 (time=82757.7), 0.00313821 s/step
on time step 1171651 (time=82848.2), 0.00312367 s/step
on time step 1172915 (time=82937.6), 0.00316681 s/step
on time step 1174190 (time=83027.8), 0.00313866 s/step
Meep progress: 83049.33789696942/90683.43757060284 = 91.6% done in 3690.2s, 339.2s to go
on time step 1175461 (time=83117.6), 0.0031484 s/step
on time step 1176739 (time=83208), 0.00313131 s/step
on time step 1178017 (time=83298.4), 0.00313002 s/step
on time step 1179288 (time=83388.3), 0.00314786 s/step
on time step 1180568 (time=83478.8), 0.00312626 s/step
on time step 1181842 (time=83568.8), 0.00314148 s/step
on time step 1183122 (time=83659.4), 0.00312583 s/step
Meep progress: 83726.18050792118/90683.43757060284 = 92.3% done in 3720.2s, 309.1s to go
on time step 1184401 (time=83749.8), 0.0031294 s/step
on time step 1185678 (time=83840.1), 0.00313268 s/step
on time step 1186964 (time=83931), 0.00311169 s/step
on time step 1188244 (time=84021.5), 0.0031271 s/step
on time step 1189524 (time=84112), 0.00312592 s/step
on time step 1190806 (time=84202.7), 0.0031217 s/step
on time step 1192081 (time=84292.9), 0.00313769 s/step
on time step 1193358 (time=84383.2), 0.00313319 s/step
Meep progress: 84404.64946446966/90683.43757060284 = 93.1% done in 3750.2s, 279.0s to go
on time step 1194632 (time=84473.2), 0.00314022 s/step
on time step 1195914 (time=84563.9), 0.00312212 s/step
on time step 1197194 (time=84654.4), 0.00312541 s/step
on time step 1198471 (time=84744.7), 0.00313475 s/step
on time step 1199748 (time=84835), 0.00313235 s/step
on time step 1201028 (time=84925.5), 0.00312555 s/step
on time step 1202314 (time=85016.4), 0.00311097 s/step
Meep progress: 85082.76486762757/90683.43757060284 = 93.8% done in 3780.2s, 248.8s to go
on time step 1203590 (time=85106.7), 0.00313739 s/step
on time step 1204860 (time=85196.5), 0.00315129 s/step
on time step 1206128 (time=85286.1), 0.00315512 s/step
on time step 1207413 (time=85377), 0.0031145 s/step
on time step 1208687 (time=85467.1), 0.0031412 s/step
on time step 1209973 (time=85558), 0.0031107 s/step
on time step 1211250 (time=85648.3), 0.00313247 s/step
on time step 1212535 (time=85739.2), 0.0031136 s/step
Meep progress: 85759.96103196993/90683.43757060284 = 94.6% done in 3810.2s, 218.7s to go
on time step 1213814 (time=85829.6), 0.00312953 s/step
on time step 1215089 (time=85919.8), 0.00313818 s/step
on time step 1216368 (time=86010.2), 0.00312806 s/step
on time step 1217649 (time=86100.8), 0.00312475 s/step
on time step 1218934 (time=86191.6), 0.00311502 s/step
on time step 1220200 (time=86281.2), 0.00316132 s/step
on time step 1221472 (time=86371.1), 0.0031449 s/step
Meep progress: 86437.01577495605/90683.43757060284 = 95.3% done in 3840.2s, 188.7s to go
on time step 1222749 (time=86461.4), 0.00313289 s/step
on time step 1224026 (time=86551.7), 0.00313376 s/step
on time step 1225294 (time=86641.4), 0.00315557 s/step
on time step 1226568 (time=86731.5), 0.00314025 s/step
on time step 1227846 (time=86821.8), 0.00313202 s/step
on time step 1229120 (time=86911.9), 0.00314201 s/step
on time step 1230398 (time=87002.3), 0.00313116 s/step
on time step 1231677 (time=87092.7), 0.00312774 s/step
Meep progress: 87113.15127912661/90683.43757060284 = 96.1% done in 3870.2s, 158.6s to go
on time step 1232955 (time=87183.1), 0.00313027 s/step
on time step 1234232 (time=87273.4), 0.00313364 s/step
on time step 1235505 (time=87363.4), 0.00314279 s/step
on time step 1236797 (time=87454.8), 0.00309811 s/step
on time step 1238077 (time=87545.3), 0.00312658 s/step
on time step 1239352 (time=87635.4), 0.00313975 s/step
on time step 1240634 (time=87726.1), 0.00312059 s/step
Meep progress: 87791.62023567512/90683.43757060284 = 96.8% done in 3900.2s, 128.5s to go
on time step 1241913 (time=87816.5), 0.00312909 s/step
on time step 1243197 (time=87907.3), 0.00311725 s/step
on time step 1244473 (time=87997.5), 0.00313598 s/step
on time step 1245754 (time=88088.1), 0.00312395 s/step
on time step 1247029 (time=88178.3), 0.00313839 s/step
on time step 1248303 (time=88268.4), 0.00314004 s/step
on time step 1249577 (time=88358.4), 0.00314008 s/step
on time step 1250862 (time=88449.3), 0.00311455 s/step
Meep progress: 88468.81640001747/90683.43757060284 = 97.6% done in 3930.2s, 98.4s to go
on time step 1252131 (time=88539), 0.00315212 s/step
on time step 1253410 (time=88629.5), 0.00312855 s/step
on time step 1254686 (time=88719.7), 0.00313503 s/step
on time step 1255959 (time=88809.7), 0.00314303 s/step
on time step 1257244 (time=88900.6), 0.0031149 s/step
on time step 1258525 (time=88991.2), 0.00312311 s/step
on time step 1259806 (time=89081.7), 0.00312323 s/step
Meep progress: 89146.86109249725/90683.43757060284 = 98.3% done in 3960.2s, 68.3s to go
on time step 1261085 (time=89172.2), 0.00312867 s/step
on time step 1262365 (time=89262.7), 0.00312536 s/step
on time step 1263645 (time=89353.2), 0.00312593 s/step
on time step 1264931 (time=89444.1), 0.00311232 s/step
on time step 1266217 (time=89535.1), 0.00311098 s/step
on time step 1267498 (time=89625.6), 0.00312441 s/step
on time step 1268781 (time=89716.4), 0.00311954 s/step
on time step 1270067 (time=89807.3), 0.003112 s/step
Meep progress: 89826.88568396436/90683.43757060284 = 99.1% done in 3990.2s, 38.0s to go
on time step 1271353 (time=89898.2), 0.00311166 s/step
on time step 1272631 (time=89988.6), 0.00313094 s/step
on time step 1273903 (time=90078.5), 0.0031458 s/step
on time step 1275181 (time=90168.9), 0.00312993 s/step
on time step 1276463 (time=90259.6), 0.00312018 s/step
on time step 1277737 (time=90349.6), 0.00314107 s/step
on time step 1279018 (time=90440.2), 0.0031226 s/step
Meep progress: 90504.93037644413/90683.43757060284 = 99.8% done in 4020.2s, 7.9s to go
on time step 1280298 (time=90530.7), 0.00312642 s/step
on time step 1281575 (time=90621), 0.00313288 s/step
run 0 finished at t = 90683.47483869374 (1282458 timesteps)
Whole Sim Walltime: 4035.2316377162933 s

Elapsed run time = 4035.8472 s
