/share/apps/meep/1.22.0/lib/python3.9/site-packages/meep/visualization.py:343: UserWarning: The frequency parameter of plot2D has been deprecated. Use the frequency key of the eps_parameters dictionary instead.
  warnings.warn('The frequency parameter of plot2D has been deprecated. Use the frequency key of the eps_parameters dictionary instead.')
/share/apps/meep/1.22.0/lib/python3.9/site-packages/meep/visualization.py:343: UserWarning: The frequency parameter of plot2D has been deprecated. Use the frequency key of the eps_parameters dictionary instead.
  warnings.warn('The frequency parameter of plot2D has been deprecated. Use the frequency key of the eps_parameters dictionary instead.')
/share/apps/meep/1.22.0/lib/python3.9/site-packages/meep/visualization.py:343: UserWarning: The frequency parameter of plot2D has been deprecated. Use the frequency key of the eps_parameters dictionary instead.
  warnings.warn('The frequency parameter of plot2D has been deprecated. Use the frequency key of the eps_parameters dictionary instead.')
/share/apps/meep/1.22.0/lib/python3.9/site-packages/meep/visualization.py:343: UserWarning: The frequency parameter of plot2D has been deprecated. Use the frequency key of the eps_parameters dictionary instead.
  warnings.warn('The frequency parameter of plot2D has been deprecated. Use the frequency key of the eps_parameters dictionary instead.')
Warning: grid volume is not an integer number of pixels; cell size will be rounded to nearest pixel.
Using MPI version 3.1, 4 processes
Argument List: ['../LoadedCapillaries/twoDsolve.py', 'MEEP_4_Quick', '0']
Standard run
WD: ../data/2022-04-06/MEEP_4_Quick/
AlreadyDir
Whole Sim Walltime: 2.384185791015625e-07 s



Datapoints:-   60000



0.6451612903225806
0.024983344437042088
60000
     block, center = (0,0,0)
          size (1e+20,1,1e+20)
          axes (1,0,0), (0,1,0), (0,0,1)
          dielectric constant epsilon diagonal = (2.0736,2.0736,2.0736)
Warning: grid volume is not an integer number of pixels; cell size will be rounded to nearest pixel.


Normalisation Run


-----------
Initializing structure...
Splitting into 4 chunks by voxels
time for choose_chunkdivision = 0.000422187 s
Working in 2D dimensions.
Computational cell is 87.1 x 11.8 x 0 with resolution 10
     block, center = (0,0,0)
          size (1e+20,1,1e+20)
          axes (1,0,0), (0,1,0), (0,0,1)
          dielectric constant epsilon diagonal = (2.0736,2.0736,2.0736)
time for set_epsilon = 0.0586885 s
-----------
MPB solved for frequency_1(0.4,0,0) = 0.325672 after 11 iters
MPB solved for frequency_1(0.851154,0,0) = 0.635937 after 9 iters
MPB solved for frequency_1(0.864706,0,0) = 0.645161 after 7 iters
MPB solved for frequency_1(0.864707,0,0) = 0.645161 after 1 iters
Meep: using output directory '../data/2022-04-06/MEEP_4_Quick/'
on time step 541 (time=38.2545), 0.00750253 s/step
on time step 1091 (time=77.1453), 0.00727854 s/step
on time step 1650 (time=116.673), 0.00715596 s/step
on time step 2191 (time=154.927), 0.00749763 s/step
on time step 2741 (time=193.818), 0.00735812 s/step
on time step 3291 (time=232.709), 0.00730741 s/step
on time step 3841 (time=271.6), 0.00733727 s/step
Meep progress: 289.2773841834166/525.6906625976562 = 55.0% done in 30.1s, 24.6s to go
on time step 4391 (time=310.491), 0.00733385 s/step
on time step 4941 (time=349.381), 0.00734459 s/step
on time step 5491 (time=388.272), 0.00738418 s/step
on time step 6041 (time=427.163), 0.00733646 s/step
on time step 6591 (time=466.054), 0.00735823 s/step
on time step 7141 (time=504.945), 0.00730782 s/step
/share/apps/meep/1.22.0/lib/python3.9/site-packages/meep/visualization.py:343: UserWarning: The frequency parameter of plot2D has been deprecated. Use the frequency key of the eps_parameters dictionary instead.
  warnings.warn('The frequency parameter of plot2D has been deprecated. Use the frequency key of the eps_parameters dictionary instead.')
Warning: grid volume is not an integer number of pixels; cell size will be rounded to nearest pixel.
run 0 finished at t = 525.7338918121981 (7435 timesteps)



Datapoints:-   60000



0.6451612903225806
0.024983344437042088
60000
     cylinder, center = (0,0,0)
          radius 40, height 1e+20, axis (0, 0, 1)
          dielectric constant epsilon diagonal = (2.0736,2.0736,2.0736)
     cylinder, center = (0,0,0)
          radius 30, height 1e+20, axis (0, 0, 1)
          dielectric constant epsilon diagonal = (1.9881,1.9881,1.9881)
     block, center = (0,-41.167,0)
          size (1e+20,1,1e+20)
          axes (1,0,0), (0,1,0), (0,0,1)
          dielectric constant epsilon diagonal = (2.0736,2.0736,2.0736)
/share/apps/meep/1.22.0/lib/python3.9/site-packages/meep/visualization.py:343: UserWarning: The frequency parameter of plot2D has been deprecated. Use the frequency key of the eps_parameters dictionary instead.
  warnings.warn('The frequency parameter of plot2D has been deprecated. Use the frequency key of the eps_parameters dictionary instead.')
/share/apps/meep/1.22.0/lib/python3.9/site-packages/meep/visualization.py:343: UserWarning: The frequency parameter of plot2D has been deprecated. Use the frequency key of the eps_parameters dictionary instead.
  warnings.warn('The frequency parameter of plot2D has been deprecated. Use the frequency key of the eps_parameters dictionary instead.')
/share/apps/meep/1.22.0/lib/python3.9/site-packages/meep/visualization.py:343: UserWarning: The frequency parameter of plot2D has been deprecated. Use the frequency key of the eps_parameters dictionary instead.
  warnings.warn('The frequency parameter of plot2D has been deprecated. Use the frequency key of the eps_parameters dictionary instead.')
Warning: grid volume is not an integer number of pixels; cell size will be rounded to nearest pixel.
prevRunFalse


Actual Run


Previous SimTime = 0.0
-----------
Initializing structure...
Splitting into 4 chunks by voxels
time for choose_chunkdivision = 0.000692107 s
Working in 2D dimensions.
Computational cell is 87.1 x 93.8 x 0 with resolution 10
     cylinder, center = (0,0,0)
          radius 40, height 1e+20, axis (0, 0, 1)
          dielectric constant epsilon diagonal = (2.0736,2.0736,2.0736)
     cylinder, center = (0,0,0)
          radius 30, height 1e+20, axis (0, 0, 1)
          dielectric constant epsilon diagonal = (1.9881,1.9881,1.9881)
     block, center = (0,-41.167,0)
          size (1e+20,1,1e+20)
          axes (1,0,0), (0,1,0), (0,0,1)
          dielectric constant epsilon diagonal = (2.0736,2.0736,2.0736)
time for set_epsilon = 0.955996 s
-----------
MPB solved for frequency_1(0.4,0,0) = 0.32606 after 10 iters
MPB solved for frequency_1(0.850308,0,0) = 0.635755 after 7 iters
MPB solved for frequency_1(0.864131,0,0) = 0.645161 after 5 iters
MPB solved for frequency_1(0.864132,0,0) = 0.645161 after 2 iters
Meep: using output directory '../data/2022-04-06/MEEP_4_Quick/'
creating output file "../data/2022-04-06/MEEP_4_Quick//twoDsolve-eps-000000.00.h5"...
on time step 330 (time=23.3345), 0.0121274 s/step
on time step 664 (time=46.9519), 0.0119775 s/step
on time step 1002 (time=70.8521), 0.0118448 s/step
on time step 1342 (time=94.8937), 0.0117759 s/step
on time step 1681 (time=118.865), 0.0118015 s/step
on time step 2023 (time=143.048), 0.0117085 s/step
on time step 2361 (time=166.948), 0.0118513 s/step
Meep progress: 177.55451275594208/462.97866259765624 = 38.4% done in 30.0s, 48.2s to go
on time step 2691 (time=190.282), 0.0121396 s/step
on time step 3031 (time=214.324), 0.0118399 s/step
on time step 3371 (time=238.366), 0.0118561 s/step
on time step 3711 (time=262.407), 0.0118741 s/step
on time step 4051 (time=286.449), 0.0118116 s/step
on time step 4391 (time=310.491), 0.0118571 s/step
on time step 4731 (time=334.532), 0.0118636 s/step
Meep progress: 356.38181771801993/462.97866259765624 = 77.0% done in 60.0s, 17.9s to go
on time step 5071 (time=358.574), 0.0118992 s/step
on time step 5408 (time=382.403), 0.0118707 s/step
on time step 5741 (time=405.95), 0.0121308 s/step
on time step 6081 (time=429.992), 0.011817 s/step
on time step 6424 (time=454.245), 0.0116673 s/step
run 0 finished at t = 463.01352032095133 (6548 timesteps)
SimTime = 463.0135192871094
Dumped structure to file: ../data/2022-04-06/MEEP_4_Quick/structure.h5 (True)
Dumped fields to file: ../data/2022-04-06/MEEP_4_Quick/fields.h5 (True)
creating output file "../data/2022-04-06/MEEP_4_Quick//twoDsolve-Transmission.h5"...
Whole Sim Walltime: 139.38544344902039 s

Field time usage:
        connecting chunks: 0.130437 s +/- 0.000286687 s
            time stepping: 27.8012 s +/- 6.00569 s
       copying boundaries: 1.77329 s +/- 0.279634 s
    all-all communication: 0.00449889 s +/- 0.000771267 s
        1-1 communication: 36.8127 s +/- 24.7568 s
        outputting fields: 0.146226 s +/- 0.041474 s
     Fourier transforming: 10.9775 s +/- 21.9468 s
          MPB mode solver: 0.00129573 s +/- 0.00147765 s
          everything else: 0.64315 s +/- 0.0512626 s
         updating B field: 6.69957 s +/- 1.08554 s
         updating H field: 0.387973 s +/- 0.0442498 s
         updating D field: 7.25538 s +/- 1.66889 s
         updating E field: 12.9533 s +/- 3.12033 s
      boundary stepping B: 11.3393 s +/- 22.0175 s
     boundary stepping WH: 0.050108 s +/- 0.000153174 s
     boundary stepping PH: 0.00423425 s +/- 0.000311759 s
      boundary stepping H: 23.2758 s +/- 26.0304 s
      boundary stepping D: 1.80507 s +/- 1.75766 s
     boundary stepping WE: 0.0211277 s +/- 0.00571764 s
     boundary stepping PE: 0.00436225 s +/- 9.93111e-05 s
      boundary stepping E: 2.45973 s +/- 3.12755 s


Elapsed run time = 139.8241 s
creating epsilon from file "../data/2022-04-06/MEEP_4_Quick/structure.h5" (1)...
creating fields output file "../data/2022-04-06/MEEP_4_Quick/fields.h5" (1)...
creating epsilon from file "../data/2022-04-06/MEEP_4_Quick/structure.h5" (1)...
creating fields output file "../data/2022-04-06/MEEP_4_Quick/fields.h5" (1)...
creating epsilon from file "../data/2022-04-06/MEEP_4_Quick/structure.h5" (1)...
creating fields output file "../data/2022-04-06/MEEP_4_Quick/fields.h5" (1)...
creating epsilon from file "../data/2022-04-06/MEEP_4_Quick/structure.h5" (1)...
creating fields output file "../data/2022-04-06/MEEP_4_Quick/fields.h5" (1)...
