Warning: grid volume is not an integer number of pixels; cell size will be rounded to nearest pixel.
Using MPI version 3.1, 48 processes
Argument List: ['../LoadedCapillaries/twoDsolve.py', 'MEEP_10', '10.0']
Standard run
Whole Sim Walltime: 2.384185791015625e-07 s
WD: ../data/2022-03-23/MEEP_10/
AlreadyDir
0.6451612903225806
0.07
1000
-----------
Initializing structure...
Splitting into 48 chunks by voxels
time for choose_chunkdivision = 0.00165048 s
Working in 2D dimensions.
Computational cell is 87.1 x 11.8 x 0 with resolution 10
     block, center = (0,0,0)
          size (1e+20,1,1e+20)
          axes (1,0,0), (0,1,0), (0,0,1)
          dielectric constant epsilon diagonal = (2.0736,2.0736,2.0736)
time for set_epsilon = 0.118574 s
-----------
MPB solved for frequency_1(0.4,0,0) = 0.325672 after 11 iters
MPB solved for frequency_1(0.851154,0,0) = 0.635937 after 9 iters
MPB solved for frequency_1(0.864706,0,0) = 0.645161 after 7 iters
MPB solved for frequency_1(0.864707,0,0) = 0.645161 after 1 iters
Meep: using output directory '../data/2022-03-23/MEEP_10/'


Normalisation Run


on time step 1412 (time=99.8435), 0.00283319 s/step
on time step 2904 (time=205.344), 0.00268228 s/step
Warning: grid volume is not an integer number of pixels; cell size will be rounded to nearest pixel.
run 0 finished at t = 268.3470234602948 (3795 timesteps)
WD: ../data/2022-03-23/MEEP_10/
AlreadyDir
0.6451612903225806
0.07
1000
-----------
Initializing structure...
Splitting into 48 chunks by voxels
time for choose_chunkdivision = 0.00368389 s
Working in 2D dimensions.
Computational cell is 87.1 x 93.8 x 0 with resolution 10
     block, center = (0,0,0)
          size (1e+20,1,1e+20)
          axes (1,0,0), (0,1,0), (0,0,1)
          dielectric constant epsilon diagonal = (2.0736,2.0736,2.0736)
     cylinder, center = (0,0,0)
          radius 40, height 1e+20, axis (0, 0, 1)
          dielectric constant epsilon diagonal = (2.0736,2.0736,2.0736)
     cylinder, center = (0,0,0)
          radius 30, height 1e+20, axis (0, 0, 1)
          dielectric constant epsilon diagonal = (1.9881,1.9881,1.9881)
     block, center = (0,-41.167,0)
          size (1e+20,1,1e+20)
          axes (1,0,0), (0,1,0), (0,0,1)
          dielectric constant epsilon diagonal = (2.0736,2.0736,2.0736)
time for set_epsilon = 0.172129 s
-----------
MPB solved for frequency_1(0.4,0,0) = 0.32606 after 10 iters
MPB solved for frequency_1(0.850308,0,0) = 0.635755 after 7 iters
MPB solved for frequency_1(0.864131,0,0) = 0.645161 after 5 iters
MPB solved for frequency_1(0.864132,0,0) = 0.645161 after 2 iters
Meep: using output directory '../data/2022-03-23/MEEP_10/'


Actual Run


creating output file "../data/2022-03-23/MEEP_10//twoDsolve-eps-000000.00.h5"...
on time step 1039 (time=73.4684), 0.00385252 s/step
on time step 2204 (time=155.846), 0.0034357 s/step
on time step 3426 (time=242.255), 0.00327557 s/step
on time step 4643 (time=328.31), 0.00328882 s/step
on time step 5888 (time=416.344), 0.00321351 s/step
on time step 7113 (time=502.965), 0.00326782 s/step
on time step 8337 (time=589.515), 0.00327059 s/step
Meep progress: 625.5066586376199/3824.683884152239 = 16.4% done in 30.0s, 153.5s to go
on time step 9564 (time=676.277), 0.00326121 s/step
on time step 10787 (time=762.756), 0.00327217 s/step
on time step 12005 (time=848.882), 0.00328483 s/step
on time step 13211 (time=934.159), 0.00331676 s/step
on time step 14433 (time=1020.57), 0.003276 s/step
on time step 15657 (time=1107.12), 0.00326992 s/step
on time step 16884 (time=1193.88), 0.00326216 s/step
Meep progress: 1272.8629168139041/3824.683884152239 = 33.3% done in 60.0s, 120.3s to go
on time step 18109 (time=1280.5), 0.00326646 s/step
on time step 19334 (time=1367.12), 0.00326692 s/step
on time step 20556 (time=1453.53), 0.00327554 s/step
on time step 21778 (time=1539.94), 0.003274 s/step
on time step 22993 (time=1625.85), 0.00329369 s/step
on time step 24218 (time=1712.47), 0.00326659 s/step
on time step 25448 (time=1799.45), 0.00325341 s/step
on time step 26684 (time=1886.84), 0.00323777 s/step
Meep progress: 1922.4112060118666/3824.683884152239 = 50.3% done in 90.0s, 89.1s to go
on time step 27919 (time=1974.17), 0.003241 s/step
on time step 29150 (time=2061.22), 0.00325046 s/step
on time step 30371 (time=2147.55), 0.00327659 s/step
on time step 31586 (time=2233.47), 0.00329375 s/step
on time step 32811 (time=2320.09), 0.00326706 s/step
on time step 34037 (time=2406.78), 0.00326268 s/step
on time step 35262 (time=2493.4), 0.00326654 s/step
Meep progress: 2571.888784531711/3824.683884152239 = 67.2% done in 120.0s, 58.5s to go
on time step 36487 (time=2580.02), 0.00326576 s/step
on time step 37712 (time=2666.64), 0.0032668 s/step
on time step 38928 (time=2752.63), 0.00329142 s/step
on time step 40153 (time=2839.25), 0.0032678 s/step
on time step 41368 (time=2925.16), 0.00329218 s/step
on time step 42592 (time=3011.71), 0.0032705 s/step
on time step 43823 (time=3098.75), 0.00324961 s/step
on time step 45043 (time=3185.02), 0.00328106 s/step
Meep progress: 3219.810728132944/3824.683884152239 = 84.2% done in 150.0s, 28.2s to go
on time step 46270 (time=3271.78), 0.00326055 s/step
on time step 47497 (time=3358.55), 0.00326016 s/step
on time step 48718 (time=3444.88), 0.00327813 s/step
on time step 49937 (time=3531.08), 0.00328161 s/step
on time step 51160 (time=3617.56), 0.00327074 s/step
on time step 52388 (time=3704.39), 0.00325969 s/step
on time step 53988 (time=3817.53), 0.00250097 s/step
run 0 finished at t = 3824.7405794380356 (54090 timesteps)
Whole Sim Walltime: 189.2658772468567 s

Elapsed run time = 191.2378 s
