Warning: grid volume is not an integer number of pixels; cell size will be rounded to nearest pixel.
Using MPI version 3.1, 1 processes
Argument List: ['../LoadedCapillaries/twoDsolve.py', 'MEEP_10', '10.0']
Standard run
Whole Sim Walltime: 4.76837158203125e-07 s
WD: ../data/2022-03-23/MEEP_10/
0.6451612903225806
0.07
1000
-----------
Initializing structure...
time for choose_chunkdivision = 0.000424072 s
Working in 2D dimensions.
Computational cell is 87.1 x 11.8 x 0 with resolution 10
     block, center = (0,0,0)
          size (1e+20,1,1e+20)
          axes (1,0,0), (0,1,0), (0,0,1)
          dielectric constant epsilon diagonal = (2.0736,2.0736,2.0736)
time for set_epsilon = 0.282065 s
-----------
MPB solved for frequency_1(0.4,0,0) = 0.325672 after 11 iters
MPB solved for frequency_1(0.851154,0,0) = 0.635937 after 9 iters
MPB solved for frequency_1(0.864706,0,0) = 0.645161 after 7 iters
MPB solved for frequency_1(0.864707,0,0) = 0.645161 after 1 iters
Meep: using output directory '../data/2022-03-23/MEEP_10/'


Normalisation Run


on time step 1138 (time=80.4688), 0.00351794 s/step
on time step 2258 (time=159.665), 0.00357231 s/step
on time step 3408 (time=240.982), 0.00347965 s/step
Warning: grid volume is not an integer number of pixels; cell size will be rounded to nearest pixel.
run 0 finished at t = 268.3470234602948 (3795 timesteps)
WD: ../data/2022-03-23/MEEP_10/
AlreadyDir
0.6451612903225806
0.07
1000
-----------
Initializing structure...
time for choose_chunkdivision = 0.000722021 s
Working in 2D dimensions.
Computational cell is 87.1 x 93.8 x 0 with resolution 10
     block, center = (0,0,0)
          size (1e+20,1,1e+20)
          axes (1,0,0), (0,1,0), (0,0,1)
          dielectric constant epsilon diagonal = (2.0736,2.0736,2.0736)
     cylinder, center = (0,0,0)
          radius 40, height 1e+20, axis (0, 0, 1)
          dielectric constant epsilon diagonal = (2.0736,2.0736,2.0736)
     cylinder, center = (0,0,0)
          radius 30, height 1e+20, axis (0, 0, 1)
          dielectric constant epsilon diagonal = (1.9881,1.9881,1.9881)
     block, center = (0,-41.167,0)
          size (1e+20,1,1e+20)
          axes (1,0,0), (0,1,0), (0,0,1)
          dielectric constant epsilon diagonal = (2.0736,2.0736,2.0736)
time for set_epsilon = 4.96046 s
-----------
MPB solved for frequency_1(0.4,0,0) = 0.32606 after 10 iters
MPB solved for frequency_1(0.850308,0,0) = 0.635755 after 7 iters
MPB solved for frequency_1(0.864131,0,0) = 0.645161 after 5 iters
MPB solved for frequency_1(0.864132,0,0) = 0.645161 after 2 iters
Meep: using output directory '../data/2022-03-23/MEEP_10/'


Actual Run


creating output file "../data/2022-03-23/MEEP_10//twoDsolve-eps-000000.00.h5"...
on time step 190 (time=13.435), 0.0211036 s/step
on time step 388 (time=27.4357), 0.0202848 s/step
on time step 589 (time=41.6486), 0.0199137 s/step
on time step 784 (time=55.4372), 0.0206075 s/step
on time step 966 (time=68.3065), 0.0220022 s/step
on time step 1149 (time=81.2466), 0.0219905 s/step
on time step 1334 (time=94.328), 0.0216246 s/step
Meep progress: 99.98489885977781/3824.683884152239 = 2.6% done in 30.0s, 1117.6s to go
on time step 1515 (time=107.127), 0.0221757 s/step
on time step 1704 (time=120.491), 0.0212365 s/step
on time step 1904 (time=134.633), 0.020011 s/step
on time step 2101 (time=148.563), 0.0203938 s/step
on time step 2300 (time=162.635), 0.0201638 s/step
on time step 2497 (time=176.565), 0.020325 s/step
on time step 2694 (time=190.495), 0.0203445 s/step
Meep progress: 203.43462094736972/3824.683884152239 = 5.3% done in 60.0s, 1068.2s to go
on time step 2893 (time=204.566), 0.0201885 s/step
on time step 3088 (time=218.355), 0.0205584 s/step
on time step 3284 (time=232.214), 0.0205086 s/step
on time step 3481 (time=246.144), 0.020309 s/step
on time step 3681 (time=260.286), 0.0200582 s/step
on time step 3879 (time=274.287), 0.0202352 s/step
on time step 4080 (time=288.5), 0.0199583 s/step
on time step 4278 (time=302.5), 0.0202907 s/step
Meep progress: 308.0864245629788/3824.683884152239 = 8.1% done in 90.0s, 1027.5s to go
on time step 4476 (time=316.501), 0.020227 s/step
on time step 4675 (time=330.572), 0.020144 s/step
on time step 4876 (time=344.785), 0.0200036 s/step
on time step 5076 (time=358.927), 0.0200858 s/step
on time step 5275 (time=372.999), 0.0201275 s/step
on time step 5475 (time=387.141), 0.020062 s/step
on time step 5675 (time=401.283), 0.0200392 s/step
Meep progress: 413.72817767224893/3824.683884152239 = 10.8% done in 120.0s, 989.6s to go
on time step 5873 (time=415.284), 0.0202985 s/step
on time step 6023 (time=425.89), 0.0266871 s/step
on time step 6162 (time=435.719), 0.0289818 s/step
on time step 6295 (time=445.124), 0.0301104 s/step
on time step 6433 (time=454.882), 0.0291428 s/step
on time step 6611 (time=467.468), 0.0224955 s/step
on time step 6710 (time=474.469), 0.0404378 s/step
on time step 6813 (time=481.752), 0.0391574 s/step
Meep progress: 484.2974344346664/3824.683884152239 = 12.7% done in 150.0s, 1034.9s to go
on time step 6913 (time=488.823), 0.0403942 s/step
on time step 7013 (time=495.894), 0.0400986 s/step
on time step 7119 (time=503.389), 0.0378316 s/step
on time step 7224 (time=510.814), 0.0382841 s/step
on time step 7326 (time=518.026), 0.0394469 s/step
on time step 7426 (time=525.097), 0.0400185 s/step
on time step 7527 (time=532.239), 0.0397867 s/step
Meep progress: 538.1082604829627/3824.683884152239 = 14.1% done in 180.0s, 1099.6s to go
on time step 7627 (time=539.31), 0.0401681 s/step
on time step 7728 (time=546.452), 0.0397228 s/step
on time step 7830 (time=553.665), 0.0392598 s/step
on time step 7931 (time=560.806), 0.0397562 s/step
on time step 8030 (time=567.807), 0.0404231 s/step
on time step 8129 (time=574.807), 0.0404486 s/step
on time step 8231 (time=582.02), 0.039564 s/step
on time step 8333 (time=589.232), 0.0392769 s/step
Meep progress: 591.282690428191/3824.683884152239 = 15.5% done in 210.0s, 1148.6s to go
on time step 8432 (time=596.232), 0.0405449 s/step
on time step 8534 (time=603.445), 0.0393621 s/step
on time step 8634 (time=610.516), 0.0403327 s/step
on time step 8733 (time=617.516), 0.0404211 s/step
on time step 8832 (time=624.517), 0.0405289 s/step
on time step 8932 (time=631.588), 0.0401595 s/step
on time step 9034 (time=638.8), 0.0393041 s/step
Meep progress: 644.2449883390634/3824.683884152239 = 16.8% done in 240.1s, 1185.3s to go
on time step 9134 (time=645.871), 0.0402396 s/step
on time step 9235 (time=653.013), 0.0396818 s/step
on time step 9340 (time=660.438), 0.0381557 s/step
on time step 9440 (time=667.509), 0.0404106 s/step
on time step 9542 (time=674.721), 0.0393974 s/step
on time step 9645 (time=682.004), 0.0392009 s/step
on time step 9747 (time=689.217), 0.0396453 s/step
on time step 9850 (time=696.5), 0.0392287 s/step
Meep progress: 698.1265250654784/3824.683884152239 = 18.3% done in 270.1s, 1209.7s to go
on time step 9952 (time=703.713), 0.039404 s/step
on time step 10054 (time=710.925), 0.0392313 s/step
on time step 10154 (time=717.996), 0.0402739 s/step
on time step 10256 (time=725.209), 0.0394157 s/step
on time step 10358 (time=732.421), 0.0393811 s/step
on time step 10462 (time=739.775), 0.0388603 s/step
on time step 10561 (time=746.775), 0.0404954 s/step
Meep progress: 751.7252190794187/3824.683884152239 = 19.7% done in 300.2s, 1227.0s to go
on time step 10660 (time=753.776), 0.0406623 s/step
on time step 10759 (time=760.776), 0.040405 s/step
on time step 10861 (time=767.989), 0.0392615 s/step
on time step 10961 (time=775.06), 0.0402326 s/step
on time step 11060 (time=782.06), 0.0405538 s/step
on time step 11164 (time=789.414), 0.0385284 s/step
on time step 11266 (time=796.626), 0.0395756 s/step
on time step 11368 (time=803.839), 0.0392989 s/step
Meep progress: 805.1824917371216/3824.683884152239 = 21.1% done in 330.2s, 1238.2s to go
on time step 11473 (time=811.264), 0.038301 s/step
on time step 11573 (time=818.335), 0.0403936 s/step
on time step 11673 (time=825.406), 0.0403026 s/step
on time step 11775 (time=832.618), 0.0393553 s/step
on time step 11874 (time=839.619), 0.040409 s/step
on time step 11975 (time=846.76), 0.039709 s/step
on time step 12077 (time=853.973), 0.0393423 s/step
Meep progress: 858.569053716706/3824.683884152239 = 22.4% done in 360.2s, 1244.4s to go
on time step 12176 (time=860.973), 0.0404196 s/step
on time step 12276 (time=868.044), 0.0404342 s/step
on time step 12381 (time=875.469), 0.0380977 s/step
on time step 12483 (time=882.681), 0.0394375 s/step
on time step 12583 (time=889.752), 0.0402357 s/step
on time step 12685 (time=896.965), 0.0393701 s/step
on time step 12787 (time=904.177), 0.0395264 s/step
on time step 12889 (time=911.39), 0.0393434 s/step
Meep progress: 912.3091690868836/3824.683884152239 = 23.9% done in 390.2s, 1245.8s to go
on time step 12988 (time=918.39), 0.0404041 s/step
on time step 13093 (time=925.815), 0.0381824 s/step
on time step 13193 (time=932.886), 0.0402585 s/step
on time step 13292 (time=939.886), 0.0404734 s/step
on time step 13392 (time=946.957), 0.040291 s/step
on time step 13492 (time=954.028), 0.0401372 s/step
on time step 13591 (time=961.029), 0.0404663 s/step
Meep progress: 965.5543097102307/3824.683884152239 = 25.2% done in 420.3s, 1244.5s to go
on time step 13693 (time=968.241), 0.0393835 s/step
on time step 13795 (time=975.454), 0.0393703 s/step
on time step 13898 (time=982.737), 0.0391408 s/step
on time step 14000 (time=989.949), 0.0393047 s/step
on time step 14102 (time=997.162), 0.0392988 s/step
on time step 14204 (time=1004.37), 0.0393754 s/step
on time step 14308 (time=1011.73), 0.0386623 s/step
on time step 14407 (time=1018.73), 0.0404161 s/step
Meep progress: 1019.4358464366455/3824.683884152239 = 26.7% done in 450.3s, 1239.2s to go
on time step 14509 (time=1025.94), 0.0393287 s/step
on time step 14609 (time=1033.01), 0.040254 s/step
on time step 14709 (time=1040.08), 0.0403796 s/step
on time step 14808 (time=1047.08), 0.040517 s/step
on time step 14910 (time=1054.3), 0.0393281 s/step
on time step 15011 (time=1061.44), 0.0399103 s/step
on time step 15110 (time=1068.44), 0.0404971 s/step
Meep progress: 1072.4688550256367/3824.683884152239 = 28.0% done in 480.4s, 1232.7s to go
on time step 15209 (time=1075.44), 0.0404719 s/step
on time step 15311 (time=1082.65), 0.0392697 s/step
on time step 15414 (time=1089.93), 0.0390813 s/step
on time step 15514 (time=1097.01), 0.0403799 s/step
on time step 15617 (time=1104.29), 0.039236 s/step
on time step 15716 (time=1111.29), 0.0404266 s/step
on time step 15822 (time=1118.78), 0.0379748 s/step
on time step 15926 (time=1126.14), 0.0386773 s/step
Meep progress: 1126.42110243017/3824.683884152239 = 29.5% done in 510.4s, 1222.6s to go
on time step 16026 (time=1133.21), 0.0404549 s/step
on time step 16129 (time=1140.49), 0.0390749 s/step
on time step 16232 (time=1147.78), 0.0392365 s/step
on time step 16331 (time=1154.78), 0.0404439 s/step
on time step 16431 (time=1161.85), 0.0404074 s/step
on time step 16531 (time=1168.92), 0.0400981 s/step
on time step 16631 (time=1175.99), 0.0401775 s/step
Meep progress: 1179.52482169728/3824.683884152239 = 30.8% done in 540.4s, 1211.9s to go
on time step 16730 (time=1182.99), 0.0404194 s/step
on time step 16829 (time=1189.99), 0.0404096 s/step
on time step 16932 (time=1197.27), 0.0391914 s/step
on time step 17032 (time=1204.34), 0.0404083 s/step
on time step 17131 (time=1211.34), 0.0404106 s/step
on time step 17233 (time=1218.56), 0.0392369 s/step
on time step 17336 (time=1225.84), 0.038911 s/step
Meep progress: 1232.769962320627/3824.683884152239 = 32.2% done in 570.5s, 1199.4s to go
on time step 17435 (time=1232.84), 0.0404825 s/step
on time step 17534 (time=1239.84), 0.0404775 s/step
on time step 17634 (time=1246.91), 0.0403447 s/step
on time step 17734 (time=1253.98), 0.0404072 s/step
on time step 17834 (time=1261.05), 0.0402719 s/step
on time step 17936 (time=1268.27), 0.0393413 s/step
on time step 18039 (time=1275.55), 0.0391049 s/step
on time step 18141 (time=1282.76), 0.0393392 s/step
Meep progress: 1285.9443922658554/3824.683884152239 = 33.6% done in 600.5s, 1185.5s to go
on time step 18241 (time=1289.83), 0.0401881 s/step
on time step 18341 (time=1296.9), 0.0402178 s/step
on time step 18444 (time=1304.19), 0.0391843 s/step
on time step 18545 (time=1311.33), 0.039766 s/step
on time step 18646 (time=1318.47), 0.0397391 s/step
on time step 18747 (time=1325.61), 0.0397042 s/step
on time step 18848 (time=1332.75), 0.0397519 s/step
Meep progress: 1339.1188222110836/3824.683884152239 = 35.0% done in 630.5s, 1170.3s to go
on time step 18948 (time=1339.83), 0.0402276 s/step
on time step 19050 (time=1347.04), 0.0393405 s/step
on time step 19152 (time=1354.25), 0.0392636 s/step
on time step 19253 (time=1361.39), 0.0397315 s/step
on time step 19354 (time=1368.53), 0.0397197 s/step
on time step 19453 (time=1375.53), 0.0404752 s/step
on time step 19553 (time=1382.61), 0.0400618 s/step
on time step 19655 (time=1389.82), 0.0393031 s/step
Meep progress: 1392.505384190668/3824.683884152239 = 36.4% done in 660.5s, 1153.7s to go
on time step 19754 (time=1396.82), 0.0405402 s/step
on time step 19859 (time=1404.24), 0.0383404 s/step
on time step 19962 (time=1411.53), 0.0389944 s/step
on time step 20063 (time=1418.67), 0.0396164 s/step
on time step 20164 (time=1425.81), 0.0397039 s/step
on time step 20265 (time=1432.95), 0.0396806 s/step
on time step 20367 (time=1440.16), 0.0394151 s/step
Meep progress: 1446.6697636295576/3824.683884152239 = 37.8% done in 690.5s, 1135.1s to go
on time step 20469 (time=1447.38), 0.0393808 s/step
on time step 20574 (time=1454.8), 0.0382258 s/step
on time step 20680 (time=1462.3), 0.038133 s/step
on time step 20783 (time=1469.58), 0.0392419 s/step
on time step 20885 (time=1476.79), 0.0393136 s/step
on time step 20987 (time=1484.01), 0.0393129 s/step
on time step 21087 (time=1491.08), 0.0401347 s/step
on time step 21186 (time=1498.08), 0.0404873 s/step
Meep progress: 1500.834143068447/3824.683884152239 = 39.2% done in 720.6s, 1115.7s to go
on time step 21288 (time=1505.29), 0.0392736 s/step
on time step 21393 (time=1512.71), 0.0381802 s/step
on time step 21496 (time=1520), 0.0390063 s/step
on time step 21598 (time=1527.21), 0.0394868 s/step
on time step 21703 (time=1534.63), 0.0383538 s/step
on time step 21805 (time=1541.85), 0.0392534 s/step
on time step 21910 (time=1549.27), 0.0384357 s/step
Meep progress: 1555.4227865760486/3824.683884152239 = 40.7% done in 750.6s, 1095.0s to go
on time step 22015 (time=1556.7), 0.038158 s/step
on time step 22114 (time=1563.7), 0.0405001 s/step
on time step 22216 (time=1570.91), 0.0393071 s/step
on time step 22318 (time=1578.12), 0.0393237 s/step
on time step 22420 (time=1585.33), 0.0394294 s/step
on time step 22522 (time=1592.55), 0.0393578 s/step
on time step 22625 (time=1599.83), 0.0390844 s/step
on time step 22727 (time=1607.04), 0.0393062 s/step
Meep progress: 1609.0921912681076/3824.683884152239 = 42.1% done in 780.6s, 1074.8s to go
on time step 22829 (time=1614.25), 0.039377 s/step
on time step 22934 (time=1621.68), 0.0381638 s/step
on time step 23034 (time=1628.75), 0.0401562 s/step
on time step 23136 (time=1635.96), 0.0393295 s/step
on time step 23242 (time=1643.46), 0.0381206 s/step
on time step 23344 (time=1650.67), 0.0393093 s/step
on time step 23447 (time=1657.95), 0.0391504 s/step
Meep progress: 1663.8222561319462/3824.683884152239 = 43.5% done in 810.6s, 1052.8s to go
on time step 23551 (time=1665.31), 0.0385801 s/step
on time step 23656 (time=1672.73), 0.0382782 s/step
on time step 23758 (time=1679.94), 0.0392891 s/step
on time step 23860 (time=1687.16), 0.0393053 s/step
on time step 23959 (time=1694.16), 0.0404679 s/step
on time step 24062 (time=1701.44), 0.0391544 s/step
on time step 24163 (time=1708.58), 0.0400199 s/step
on time step 24262 (time=1715.58), 0.0405051 s/step
Meep progress: 1717.4209501458865/3824.683884152239 = 44.9% done in 840.6s, 1031.5s to go
on time step 24364 (time=1722.79), 0.0393873 s/step
on time step 24463 (time=1729.8), 0.0404824 s/step
on time step 24562 (time=1736.8), 0.0404195 s/step
on time step 24664 (time=1744.01), 0.0392821 s/step
on time step 24766 (time=1751.22), 0.0392768 s/step
on time step 24868 (time=1758.43), 0.0393043 s/step
on time step 24970 (time=1765.65), 0.0395152 s/step
Meep progress: 1771.2317761941829/3824.683884152239 = 46.3% done in 870.7s, 1009.4s to go
on time step 25075 (time=1773.07), 0.0384649 s/step
on time step 25177 (time=1780.28), 0.0392773 s/step
on time step 25282 (time=1787.71), 0.0383425 s/step
on time step 25384 (time=1794.92), 0.0395525 s/step
on time step 25484 (time=1801.99), 0.0401952 s/step
on time step 25583 (time=1808.99), 0.0404636 s/step
on time step 25689 (time=1816.49), 0.0379494 s/step
on time step 25789 (time=1823.56), 0.0402855 s/step
Meep progress: 1825.1133129205978/3824.683884152239 = 47.7% done in 900.7s, 986.8s to go
on time step 25894 (time=1830.98), 0.0384669 s/step
on time step 25994 (time=1838.05), 0.0400903 s/step
on time step 26096 (time=1845.27), 0.0395231 s/step
on time step 26198 (time=1852.48), 0.0395017 s/step
on time step 26298 (time=1859.55), 0.0401501 s/step
on time step 26400 (time=1866.76), 0.039315 s/step
on time step 26502 (time=1873.97), 0.0396021 s/step
Meep progress: 1878.712006934538/3824.683884152239 = 49.1% done in 930.7s, 964.0s to go
on time step 26604 (time=1881.19), 0.039395 s/step
on time step 26706 (time=1888.4), 0.0392656 s/step
on time step 26806 (time=1895.47), 0.0402596 s/step
on time step 26906 (time=1902.54), 0.0403956 s/step
on time step 27005 (time=1909.54), 0.0404137 s/step
on time step 27105 (time=1916.61), 0.0404275 s/step
on time step 27206 (time=1923.75), 0.0399615 s/step
on time step 27306 (time=1930.83), 0.0404765 s/step
Meep progress: 1931.7450155235292/3824.683884152239 = 50.5% done in 960.7s, 941.4s to go
on time step 27406 (time=1937.9), 0.0400806 s/step
on time step 27508 (time=1945.11), 0.0394307 s/step
on time step 27610 (time=1952.32), 0.0393175 s/step
on time step 27712 (time=1959.53), 0.0393053 s/step
on time step 27815 (time=1966.82), 0.0392448 s/step
on time step 27917 (time=1974.03), 0.0392947 s/step
on time step 28022 (time=1981.45), 0.03822 s/step
Meep progress: 1985.5558415718253/3824.683884152239 = 51.9% done in 990.8s, 917.7s to go
on time step 28124 (time=1988.67), 0.0392705 s/step
on time step 28226 (time=1995.88), 0.0392617 s/step
on time step 28329 (time=2003.16), 0.0392036 s/step
on time step 28431 (time=2010.38), 0.0392677 s/step
on time step 28531 (time=2017.45), 0.0404048 s/step
on time step 28630 (time=2024.45), 0.0404091 s/step
on time step 28736 (time=2031.94), 0.0379297 s/step
on time step 28836 (time=2039.01), 0.0403341 s/step
Meep progress: 2039.3666676201217/3824.683884152239 = 53.3% done in 1020.8s, 893.6s to go
on time step 28938 (time=2046.23), 0.0392398 s/step
on time step 29040 (time=2053.44), 0.0392338 s/step
on time step 29140 (time=2060.51), 0.0403854 s/step
on time step 29239 (time=2067.51), 0.04044 s/step
on time step 29341 (time=2074.72), 0.0392595 s/step
on time step 29441 (time=2081.79), 0.0403927 s/step
on time step 29543 (time=2089.01), 0.0393512 s/step
Meep progress: 2092.8946509559432/3824.683884152239 = 54.7% done in 1050.8s, 869.5s to go
on time step 29648 (time=2096.43), 0.0382945 s/step
on time step 29748 (time=2103.5), 0.040414 s/step
on time step 29848 (time=2110.57), 0.0403207 s/step
on time step 29950 (time=2117.78), 0.0393898 s/step
on time step 30050 (time=2124.86), 0.0404659 s/step
on time step 30150 (time=2131.93), 0.0402 s/step
on time step 30255 (time=2139.35), 0.0381106 s/step
Meep progress: 2146.2812129355275/3824.683884152239 = 56.1% done in 1080.8s, 845.2s to go
on time step 30355 (time=2146.42), 0.0404331 s/step
on time step 30457 (time=2153.64), 0.0393621 s/step
on time step 30556 (time=2160.64), 0.0404229 s/step
on time step 30656 (time=2167.71), 0.0401019 s/step
on time step 30761 (time=2175.13), 0.0382923 s/step
on time step 30860 (time=2182.13), 0.0404252 s/step
on time step 30962 (time=2189.34), 0.0393135 s/step
on time step 31064 (time=2196.56), 0.0393638 s/step
Meep progress: 2200.021328305705/3824.683884152239 = 57.5% done in 1110.8s, 820.3s to go
on time step 31166 (time=2203.77), 0.0393933 s/step
on time step 31265 (time=2210.77), 0.0404069 s/step
on time step 31364 (time=2217.77), 0.040447 s/step
on time step 31466 (time=2224.98), 0.0393005 s/step
on time step 31568 (time=2232.19), 0.0392969 s/step
on time step 31668 (time=2239.27), 0.0403682 s/step
on time step 31767 (time=2246.27), 0.0404207 s/step
Meep progress: 2252.9836262165777/3824.683884152239 = 58.9% done in 1140.9s, 795.9s to go
on time step 31867 (time=2253.34), 0.0400506 s/step
on time step 31969 (time=2260.55), 0.039429 s/step
on time step 32069 (time=2267.62), 0.0401816 s/step
on time step 32170 (time=2274.76), 0.0398946 s/step
on time step 32269 (time=2281.76), 0.040428 s/step
on time step 32368 (time=2288.76), 0.0405144 s/step
on time step 32470 (time=2295.98), 0.0394981 s/step
on time step 32572 (time=2303.19), 0.0395518 s/step
Meep progress: 2306.0873454836874/3824.683884152239 = 60.3% done in 1170.9s, 771.1s to go
on time step 32674 (time=2310.4), 0.039274 s/step
on time step 32776 (time=2317.61), 0.0395264 s/step
on time step 32879 (time=2324.9), 0.0391603 s/step
on time step 32981 (time=2332.11), 0.0394104 s/step
on time step 33083 (time=2339.32), 0.0393868 s/step
on time step 33184 (time=2346.46), 0.0398806 s/step
on time step 33283 (time=2353.46), 0.0405569 s/step
Meep progress: 2359.756750175746/3824.683884152239 = 61.7% done in 1200.9s, 745.5s to go
on time step 33388 (time=2360.89), 0.0383342 s/step
on time step 33489 (time=2368.03), 0.0396843 s/step
on time step 33590 (time=2375.17), 0.0400039 s/step
on time step 33692 (time=2382.38), 0.0392994 s/step
on time step 33791 (time=2389.38), 0.0405364 s/step
on time step 33893 (time=2396.6), 0.0394571 s/step
on time step 33995 (time=2403.81), 0.039336 s/step
on time step 34096 (time=2410.95), 0.0396439 s/step
Meep progress: 2413.5675762240426/3824.683884152239 = 63.1% done in 1230.9s, 719.7s to go
on time step 34198 (time=2418.16), 0.0392502 s/step
on time step 34301 (time=2425.45), 0.039188 s/step
on time step 34406 (time=2432.87), 0.0382166 s/step
on time step 34508 (time=2440.08), 0.0394351 s/step
on time step 34611 (time=2447.37), 0.039258 s/step
on time step 34711 (time=2454.44), 0.0401263 s/step
on time step 34813 (time=2461.65), 0.0393293 s/step
Meep progress: 2467.7319556629323/3824.683884152239 = 64.5% done in 1261.0s, 693.4s to go
on time step 34915 (time=2468.86), 0.0392652 s/step
on time step 35020 (time=2476.29), 0.0382294 s/step
on time step 35122 (time=2483.5), 0.0392282 s/step
on time step 35221 (time=2490.5), 0.0404177 s/step
on time step 35323 (time=2497.71), 0.039433 s/step
on time step 35422 (time=2504.71), 0.0404836 s/step
on time step 35524 (time=2511.93), 0.0395717 s/step
on time step 35629 (time=2519.35), 0.0382423 s/step
Meep progress: 2521.5427817112286/3824.683884152239 = 65.9% done in 1291.0s, 667.2s to go
on time step 35728 (time=2526.35), 0.0404384 s/step
on time step 35830 (time=2533.56), 0.0392686 s/step
on time step 35932 (time=2540.78), 0.0394173 s/step
on time step 36032 (time=2547.85), 0.0404525 s/step
on time step 36165 (time=2557.25), 0.0301909 s/step
on time step 36364 (time=2571.32), 0.0201596 s/step
on time step 36563 (time=2585.39), 0.0201787 s/step
Meep progress: 2596.354679160765/3824.683884152239 = 67.9% done in 1321.0s, 625.0s to go
on time step 36762 (time=2599.47), 0.0201069 s/step
on time step 36962 (time=2613.61), 0.020049 s/step
on time step 37161 (time=2627.68), 0.0201868 s/step
on time step 37356 (time=2641.47), 0.0206229 s/step
on time step 37552 (time=2655.33), 0.0204108 s/step
on time step 37749 (time=2669.26), 0.0203093 s/step
on time step 37946 (time=2683.19), 0.0203427 s/step
on time step 38144 (time=2697.19), 0.0202521 s/step
Meep progress: 2701.006482776374/3824.683884152239 = 70.6% done in 1351.0s, 562.0s to go
on time step 38342 (time=2711.19), 0.0202279 s/step
on time step 38540 (time=2725.19), 0.0202569 s/step
on time step 38737 (time=2739.12), 0.0203697 s/step
on time step 38935 (time=2753.12), 0.0202628 s/step
on time step 39132 (time=2767.05), 0.0203414 s/step
on time step 39332 (time=2781.19), 0.0200588 s/step
on time step 39529 (time=2795.12), 0.0203927 s/step
Meep progress: 2805.5875757138647/3824.683884152239 = 73.4% done in 1381.0s, 501.6s to go
on time step 39726 (time=2809.05), 0.0203627 s/step
on time step 39922 (time=2822.91), 0.0205006 s/step
on time step 40119 (time=2836.84), 0.0203685 s/step
on time step 40317 (time=2850.84), 0.0202183 s/step
on time step 40515 (time=2864.84), 0.0202419 s/step
on time step 40713 (time=2878.84), 0.0202313 s/step
on time step 40911 (time=2892.84), 0.020231 s/step
on time step 41110 (time=2906.92), 0.0201432 s/step
Meep progress: 2910.168668651355/3824.683884152239 = 76.1% done in 1411.0s, 443.4s to go
on time step 41306 (time=2920.78), 0.0204233 s/step
on time step 41504 (time=2934.78), 0.0202044 s/step
on time step 41699 (time=2948.56), 0.0205394 s/step
on time step 41895 (time=2962.42), 0.0204882 s/step
on time step 42092 (time=2976.35), 0.0204055 s/step
on time step 42290 (time=2990.35), 0.0202147 s/step
on time step 42485 (time=3004.14), 0.0205791 s/step
Meep progress: 3014.3254975201335/3824.683884152239 = 78.8% done in 1441.0s, 387.4s to go
on time step 42684 (time=3018.21), 0.0201711 s/step
on time step 42882 (time=3032.22), 0.0202603 s/step
on time step 43079 (time=3046.15), 0.0203294 s/step
on time step 43276 (time=3060.08), 0.0203278 s/step
on time step 43475 (time=3074.15), 0.0201822 s/step
on time step 43675 (time=3088.29), 0.0200828 s/step
on time step 43875 (time=3102.43), 0.020019 s/step
on time step 44076 (time=3116.64), 0.0199807 s/step
Meep progress: 3119.5429865606916/3824.683884152239 = 81.6% done in 1471.0s, 332.5s to go
on time step 44274 (time=3130.64), 0.0202385 s/step
on time step 44474 (time=3144.79), 0.020083 s/step
on time step 44674 (time=3158.93), 0.0200759 s/step
on time step 44873 (time=3173), 0.0201106 s/step
on time step 45072 (time=3187.07), 0.0201126 s/step
on time step 45271 (time=3201.14), 0.0201721 s/step
on time step 45468 (time=3215.07), 0.0203428 s/step
Meep progress: 3224.76047560125/3824.683884152239 = 84.3% done in 1501.1s, 279.3s to go
on time step 45667 (time=3229.14), 0.0202002 s/step
on time step 45864 (time=3243.07), 0.0204045 s/step
on time step 46060 (time=3256.93), 0.0204334 s/step
on time step 46258 (time=3270.93), 0.0202429 s/step
on time step 46458 (time=3285.08), 0.0200423 s/step
on time step 46655 (time=3299.01), 0.020348 s/step
on time step 46856 (time=3313.22), 0.0199526 s/step
on time step 47056 (time=3327.36), 0.0200187 s/step
Meep progress: 3329.7658326074525/3824.683884152239 = 87.1% done in 1531.1s, 227.6s to go
on time step 47256 (time=3341.5), 0.0200972 s/step
on time step 47456 (time=3355.65), 0.0200879 s/step
on time step 47655 (time=3369.72), 0.0201582 s/step
on time step 47851 (time=3383.58), 0.0204258 s/step
on time step 48050 (time=3397.65), 0.0201969 s/step
on time step 48248 (time=3411.65), 0.0202208 s/step
on time step 48448 (time=3425.79), 0.0200864 s/step
Meep progress: 3434.9833216480106/3824.683884152239 = 89.8% done in 1561.1s, 177.1s to go
on time step 48647 (time=3439.86), 0.0201475 s/step
on time step 48845 (time=3453.86), 0.0202827 s/step
on time step 49043 (time=3467.86), 0.0202743 s/step
on time step 49242 (time=3481.94), 0.0201086 s/step
on time step 49441 (time=3496.01), 0.0201297 s/step
on time step 49641 (time=3510.15), 0.0200724 s/step
on time step 49838 (time=3524.08), 0.0203294 s/step
on time step 50038 (time=3538.22), 0.0200193 s/step
Meep progress: 3540.2008106885687/3824.683884152239 = 92.6% done in 1591.1s, 127.9s to go
on time step 50234 (time=3552.08), 0.020421 s/step
on time step 50432 (time=3566.08), 0.0203136 s/step
on time step 50631 (time=3580.15), 0.0201542 s/step
on time step 50828 (time=3594.08), 0.0203508 s/step
on time step 51029 (time=3608.3), 0.0199275 s/step
on time step 51226 (time=3622.23), 0.0203569 s/step
on time step 51423 (time=3636.16), 0.0204033 s/step
Meep progress: 3644.8526143041777/3824.683884152239 = 95.3% done in 1621.1s, 80.0s to go
on time step 51621 (time=3650.16), 0.0203143 s/step
on time step 51818 (time=3664.09), 0.0203573 s/step
on time step 52017 (time=3678.16), 0.0201556 s/step
on time step 52215 (time=3692.16), 0.0202068 s/step
on time step 52412 (time=3706.09), 0.0203175 s/step
on time step 52608 (time=3719.95), 0.0204548 s/step
on time step 52806 (time=3733.95), 0.0202129 s/step
on time step 53004 (time=3747.95), 0.020227 s/step
Meep progress: 3749.5751285979054/3824.683884152239 = 98.0% done in 1651.1s, 33.1s to go
on time step 53206 (time=3762.23), 0.0199188 s/step
on time step 53407 (time=3776.45), 0.0199747 s/step
on time step 53605 (time=3790.45), 0.020214 s/step
on time step 53802 (time=3804.38), 0.0203618 s/step
on time step 54001 (time=3818.45), 0.0201276 s/step
run 0 finished at t = 3824.7405794380356 (54090 timesteps)
Whole Sim Walltime: 1692.1881296634674 s

Elapsed run time = 1693.0168 s
