Warning: grid volume is not an integer number of pixels; cell size will be rounded to nearest pixel.
Using MPI version 3.1, 4 processes
Argument List: ['../LoadedCapillaries/twoDsolve.py', 'MEEP_10', '10.0']
Standard run
Whole Sim Walltime: 2.384185791015625e-07 s
WD: ../data/2022-03-23/MEEP_10/
AlreadyDir
0.6451612903225806
0.07
1000
-----------
Initializing structure...
Splitting into 4 chunks by voxels
time for choose_chunkdivision = 0.000496194 s
Working in 2D dimensions.
Computational cell is 87.1 x 11.8 x 0 with resolution 10
     block, center = (0,0,0)
          size (1e+20,1,1e+20)
          axes (1,0,0), (0,1,0), (0,0,1)
          dielectric constant epsilon diagonal = (2.0736,2.0736,2.0736)
time for set_epsilon = 0.0834635 s
-----------
MPB solved for frequency_1(0.4,0,0) = 0.325672 after 11 iters
MPB solved for frequency_1(0.851154,0,0) = 0.635937 after 9 iters
MPB solved for frequency_1(0.864706,0,0) = 0.645161 after 7 iters
MPB solved for frequency_1(0.864707,0,0) = 0.645161 after 1 iters
Meep: using output directory '../data/2022-03-23/MEEP_10/'


Normalisation Run


on time step 1757 (time=124.239), 0.00227735 s/step
on time step 3563 (time=251.942), 0.00221485 s/step
Warning: grid volume is not an integer number of pixels; cell size will be rounded to nearest pixel.
run 0 finished at t = 268.3470234602948 (3795 timesteps)
WD: ../data/2022-03-23/MEEP_10/
AlreadyDir
0.6451612903225806
0.07
1000
-----------
Initializing structure...
Splitting into 4 chunks by voxels
time for choose_chunkdivision = 0.00123005 s
Working in 2D dimensions.
Computational cell is 87.1 x 93.8 x 0 with resolution 10
     block, center = (0,0,0)
          size (1e+20,1,1e+20)
          axes (1,0,0), (0,1,0), (0,0,1)
          dielectric constant epsilon diagonal = (2.0736,2.0736,2.0736)
     cylinder, center = (0,0,0)
          radius 40, height 1e+20, axis (0, 0, 1)
          dielectric constant epsilon diagonal = (2.0736,2.0736,2.0736)
     cylinder, center = (0,0,0)
          radius 30, height 1e+20, axis (0, 0, 1)
          dielectric constant epsilon diagonal = (1.9881,1.9881,1.9881)
     block, center = (0,-41.167,0)
          size (1e+20,1,1e+20)
          axes (1,0,0), (0,1,0), (0,0,1)
          dielectric constant epsilon diagonal = (2.0736,2.0736,2.0736)
time for set_epsilon = 1.29153 s
-----------
MPB solved for frequency_1(0.4,0,0) = 0.32606 after 10 iters
MPB solved for frequency_1(0.850308,0,0) = 0.635755 after 7 iters
MPB solved for frequency_1(0.864131,0,0) = 0.645161 after 5 iters
MPB solved for frequency_1(0.864132,0,0) = 0.645161 after 2 iters
Meep: using output directory '../data/2022-03-23/MEEP_10/'


Actual Run


creating output file "../data/2022-03-23/MEEP_10//twoDsolve-eps-000000.00.h5"...
on time step 369 (time=26.0922), 0.0108526 s/step
on time step 745 (time=52.6795), 0.0106622 s/step
on time step 1091 (time=77.1453), 0.0115999 s/step
on time step 1451 (time=102.601), 0.0111272 s/step
on time step 1811 (time=128.057), 0.0111191 s/step
on time step 2183 (time=154.361), 0.0107541 s/step
on time step 2560 (time=181.019), 0.0106156 s/step
Meep progress: 192.61588719521555/3824.683884152239 = 5.0% done in 30.0s, 565.7s to go
on time step 2916 (time=206.192), 0.0112525 s/step
on time step 3294 (time=232.921), 0.0106003 s/step
on time step 3686 (time=260.64), 0.010213 s/step
on time step 4068 (time=287.651), 0.010472 s/step
on time step 4428 (time=313.107), 0.0111163 s/step
on time step 4793 (time=338.916), 0.010976 s/step
on time step 5156 (time=364.584), 0.0110485 s/step
Meep progress: 391.80786745546595/3824.683884152239 = 10.2% done in 60.0s, 525.8s to go
on time step 5563 (time=393.364), 0.00985027 s/step
on time step 5927 (time=419.102), 0.0110138 s/step
on time step 6291 (time=444.841), 0.0109984 s/step
on time step 6664 (time=471.216), 0.0107424 s/step
on time step 7043 (time=498.015), 0.0105619 s/step
on time step 7409 (time=523.895), 0.0109631 s/step
on time step 7775 (time=549.776), 0.010963 s/step
on time step 8140 (time=575.585), 0.0109787 s/step
Meep progress: 587.1107604191905/3824.683884152239 = 15.4% done in 90.0s, 496.4s to go
on time step 8504 (time=601.324), 0.0110021 s/step
on time step 8878 (time=627.769), 0.0107107 s/step
on time step 9256 (time=654.498), 0.0105854 s/step
on time step 9626 (time=680.661), 0.0108186 s/step
on time step 10003 (time=707.319), 0.0106408 s/step
on time step 10366 (time=732.987), 0.0110235 s/step
on time step 10729 (time=758.655), 0.0110383 s/step
Meep progress: 782.5550747391521/3824.683884152239 = 20.5% done in 120.0s, 466.6s to go
on time step 11095 (time=784.535), 0.0109761 s/step
on time step 11473 (time=811.264), 0.0106075 s/step
on time step 11846 (time=837.639), 0.0107424 s/step
on time step 12214 (time=863.66), 0.0108926 s/step
on time step 12578 (time=889.399), 0.0110103 s/step
on time step 12931 (time=914.36), 0.0113554 s/step
on time step 13306 (time=940.876), 0.0106761 s/step
on time step 13682 (time=967.463), 0.0106635 s/step
Meep progress: 977.9286783809952/3824.683884152239 = 25.6% done in 150.0s, 436.7s to go
on time step 14039 (time=992.707), 0.0112105 s/step
on time step 14410 (time=1018.94), 0.0108055 s/step
on time step 14764 (time=1043.97), 0.0113026 s/step
on time step 15134 (time=1070.14), 0.0108109 s/step
on time step 15511 (time=1096.79), 0.0106134 s/step
on time step 15881 (time=1122.96), 0.0108203 s/step
on time step 16253 (time=1149.26), 0.0107895 s/step
Meep progress: 1173.0194393103636/3824.683884152239 = 30.7% done in 180.0s, 407.0s to go
on time step 16623 (time=1175.42), 0.0108246 s/step
on time step 16992 (time=1201.52), 0.0108473 s/step
on time step 17361 (time=1227.61), 0.0108633 s/step
on time step 17724 (time=1253.28), 0.0110401 s/step
on time step 18073 (time=1277.95), 0.0114769 s/step
on time step 18417 (time=1302.28), 0.0116392 s/step
on time step 18778 (time=1327.81), 0.0111288 s/step
on time step 19154 (time=1354.39), 0.0106594 s/step
Meep progress: 1365.7060371836978/3824.683884152239 = 35.7% done in 210.0s, 378.2s to go
on time step 19539 (time=1381.62), 0.0104012 s/step
on time step 19907 (time=1407.64), 0.0109064 s/step
on time step 20263 (time=1432.81), 0.0112452 s/step
on time step 20621 (time=1458.12), 0.0112013 s/step
on time step 20938 (time=1480.54), 0.0126449 s/step
on time step 21286 (time=1505.15), 0.0115493 s/step
on time step 21618 (time=1528.62), 0.0120515 s/step
Meep progress: 1548.988114867251/3824.683884152239 = 40.5% done in 240.1s, 352.7s to go
on time step 21957 (time=1552.59), 0.0118144 s/step
on time step 22290 (time=1576.14), 0.0120329 s/step
on time step 22635 (time=1600.54), 0.0115946 s/step
on time step 22996 (time=1626.06), 0.0110946 s/step
on time step 23354 (time=1651.38), 0.0112047 s/step
on time step 23708 (time=1676.41), 0.0113183 s/step
on time step 24053 (time=1700.8), 0.0116022 s/step
on time step 24404 (time=1725.62), 0.0114062 s/step
Meep progress: 1734.8864876411944/3824.683884152239 = 45.4% done in 270.1s, 325.3s to go
on time step 24752 (time=1750.23), 0.0114965 s/step
on time step 25118 (time=1776.11), 0.0109577 s/step
on time step 25461 (time=1800.36), 0.0116672 s/step
on time step 25817 (time=1825.54), 0.011251 s/step
on time step 26181 (time=1851.28), 0.0110131 s/step
on time step 26530 (time=1875.95), 0.011478 s/step
on time step 26913 (time=1903.04), 0.0104523 s/step
Meep progress: 1925.5224758490876/3824.683884152239 = 50.3% done in 300.1s, 296.0s to go
on time step 27279 (time=1928.92), 0.0109347 s/step
on time step 27645 (time=1954.8), 0.0109395 s/step
on time step 28007 (time=1980.39), 0.0110562 s/step
on time step 28346 (time=2004.36), 0.0118615 s/step
on time step 28684 (time=2028.27), 0.0118581 s/step
on time step 29045 (time=2053.79), 0.0110999 s/step
on time step 29371 (time=2076.84), 0.0122793 s/step
on time step 29715 (time=2101.17), 0.0116331 s/step
Meep progress: 2109.723792348183/3824.683884152239 = 55.2% done in 330.1s, 268.3s to go
on time step 30049 (time=2124.79), 0.0119877 s/step
on time step 30408 (time=2150.17), 0.0111622 s/step
on time step 30760 (time=2175.06), 0.0113833 s/step
on time step 31095 (time=2198.75), 0.0119414 s/step
on time step 31454 (time=2224.13), 0.0111575 s/step
on time step 31806 (time=2249.02), 0.0113831 s/step
on time step 32162 (time=2274.2), 0.0112631 s/step
Meep progress: 2294.5615049503467/3824.683884152239 = 60.0% done in 360.1s, 240.1s to go
on time step 32496 (time=2297.81), 0.0120245 s/step
on time step 32839 (time=2322.07), 0.0116671 s/step
on time step 33195 (time=2347.24), 0.0112726 s/step
on time step 33527 (time=2370.72), 0.0120756 s/step
on time step 33881 (time=2395.75), 0.0113293 s/step
on time step 34216 (time=2419.44), 0.0119731 s/step
on time step 34549 (time=2442.98), 0.012051 s/step
on time step 34915 (time=2468.86), 0.0109374 s/step
Meep progress: 2475.8636836465776/3824.683884152239 = 64.7% done in 390.1s, 212.5s to go
on time step 35266 (time=2493.68), 0.0114108 s/step
on time step 35630 (time=2519.42), 0.0110214 s/step
on time step 35998 (time=2545.44), 0.0108712 s/step
on time step 36330 (time=2568.92), 0.0120634 s/step
on time step 36684 (time=2593.95), 0.0113082 s/step
on time step 37059 (time=2620.47), 0.0106901 s/step
on time step 37422 (time=2646.13), 0.0110335 s/step
Meep progress: 2667.8431747387253/3824.683884152239 = 69.8% done in 420.1s, 182.2s to go
on time step 37794 (time=2672.44), 0.0107575 s/step
on time step 38153 (time=2697.82), 0.011146 s/step
on time step 38533 (time=2724.69), 0.0105301 s/step
on time step 38907 (time=2751.14), 0.0107219 s/step
on time step 39269 (time=2776.74), 0.0110637 s/step
on time step 39641 (time=2803.04), 0.0107812 s/step
on time step 40031 (time=2830.62), 0.0102774 s/step
on time step 40404 (time=2856.99), 0.0107325 s/step
Meep progress: 2865.550230758484/3824.683884152239 = 74.9% done in 450.1s, 150.7s to go
on time step 40779 (time=2883.51), 0.0107011 s/step
on time step 41161 (time=2910.52), 0.0104836 s/step
on time step 41534 (time=2936.9), 0.0107441 s/step
on time step 41890 (time=2962.07), 0.0112613 s/step
on time step 42256 (time=2987.95), 0.010948 s/step
on time step 42637 (time=3014.89), 0.0105118 s/step
on time step 43026 (time=3042.4), 0.010308 s/step
Meep progress: 3064.2472362719036/3824.683884152239 = 80.1% done in 480.1s, 119.1s to go
on time step 43406 (time=3069.27), 0.0105332 s/step
on time step 43789 (time=3096.35), 0.0104474 s/step
on time step 44166 (time=3123.01), 0.0106331 s/step
on time step 44546 (time=3149.88), 0.010547 s/step
on time step 44941 (time=3177.81), 0.010127 s/step
on time step 45327 (time=3205.1), 0.0103727 s/step
on time step 45702 (time=3231.62), 0.0106725 s/step
on time step 46095 (time=3259.41), 0.0101831 s/step
Meep progress: 3267.2575931505617/3824.683884152239 = 85.4% done in 510.1s, 87.0s to go
on time step 46482 (time=3286.77), 0.0103624 s/step
on time step 46870 (time=3314.21), 0.0103232 s/step
on time step 47256 (time=3341.5), 0.0103736 s/step
on time step 47655 (time=3369.72), 0.010026 s/step
on time step 48043 (time=3397.15), 0.0103148 s/step
on time step 48443 (time=3425.44), 0.0100117 s/step
on time step 48831 (time=3452.87), 0.0103101 s/step
Meep progress: 3474.8641441069317/3824.683884152239 = 90.9% done in 540.1s, 54.4s to go
on time step 49227 (time=3480.87), 0.0101322 s/step
on time step 49614 (time=3508.24), 0.0103616 s/step
on time step 50000 (time=3535.53), 0.0103743 s/step
on time step 50375 (time=3562.05), 0.010669 s/step
on time step 50761 (time=3589.34), 0.0103649 s/step
on time step 51153 (time=3617.06), 0.0102055 s/step
on time step 51539 (time=3644.36), 0.0103713 s/step
on time step 51946 (time=3673.14), 0.00985288 s/step
Meep progress: 3681.056481500929/3824.683884152239 = 96.2% done in 570.1s, 22.2s to go
on time step 52333 (time=3700.5), 0.0103365 s/step
on time step 52703 (time=3726.66), 0.010827 s/step
on time step 53090 (time=3754.03), 0.0103439 s/step
on time step 53496 (time=3782.74), 0.00987508 s/step
on time step 53891 (time=3810.67), 0.0101391 s/step
run 0 finished at t = 3824.7405794380356 (54090 timesteps)
Whole Sim Walltime: 602.876984834671 s

Elapsed run time = 603.5859 s
