/share/apps/meep/1.22.0/lib/python3.9/site-packages/meep/visualization.py:343: UserWarning: The frequency parameter of plot2D has been deprecated. Use the frequency key of the eps_parameters dictionary instead.
  warnings.warn('The frequency parameter of plot2D has been deprecated. Use the frequency key of the eps_parameters dictionary instead.')
Warning: grid volume is not an integer number of pixels; cell size will be rounded to nearest pixel.
Using MPI version 3.1, 1 processes
Argument List: ['../LoadedCapillaries/twoDsolve.py', 'MEEP_1_Quick', '0']
Standard run
WD: ../data/2022-04-06/MEEP_1_Quick/
Whole Sim Walltime: 2.384185791015625e-07 s



Datapoints:-   60000



0.6451612903225806
0.024983344437042088
60000
     block, center = (0,0,0)
          size (1e+20,1,1e+20)
          axes (1,0,0), (0,1,0), (0,0,1)
          dielectric constant epsilon diagonal = (2.0736,2.0736,2.0736)
Warning: grid volume is not an integer number of pixels; cell size will be rounded to nearest pixel.


Normalisation Run


-----------
Initializing structure...
time for choose_chunkdivision = 0.00033953 s
Working in 2D dimensions.
Computational cell is 87.1 x 11.8 x 0 with resolution 10
     block, center = (0,0,0)
          size (1e+20,1,1e+20)
          axes (1,0,0), (0,1,0), (0,0,1)
          dielectric constant epsilon diagonal = (2.0736,2.0736,2.0736)
time for set_epsilon = 0.222076 s
-----------
MPB solved for frequency_1(0.4,0,0) = 0.325672 after 11 iters
MPB solved for frequency_1(0.851154,0,0) = 0.635937 after 9 iters
MPB solved for frequency_1(0.864706,0,0) = 0.645161 after 7 iters
MPB solved for frequency_1(0.864707,0,0) = 0.645161 after 1 iters
Meep: using output directory '../data/2022-04-06/MEEP_1_Quick/'
on time step 470 (time=33.234), 0.00853427 s/step
on time step 950 (time=67.1751), 0.00833825 s/step
on time step 1430 (time=101.116), 0.00835624 s/step
on time step 1910 (time=135.057), 0.00836395 s/step
on time step 2390 (time=168.999), 0.00833596 s/step
on time step 2870 (time=202.94), 0.00842507 s/step
on time step 3345 (time=236.527), 0.00842181 s/step
Meep progress: 252.43712088359746/525.6906625976562 = 48.0% done in 30.0s, 32.5s to go
on time step 3820 (time=270.115), 0.00856508 s/step
on time step 4300 (time=304.056), 0.008406 s/step
on time step 4772 (time=337.431), 0.0084755 s/step
on time step 5250 (time=371.231), 0.00842383 s/step
on time step 5730 (time=405.172), 0.0084312 s/step
on time step 6210 (time=439.113), 0.00843809 s/step
on time step 6690 (time=473.054), 0.00840359 s/step
Meep progress: 504.16713498600836/525.6906625976562 = 95.9% done in 60.1s, 2.6s to go
on time step 7170 (time=506.996), 0.00843393 s/step
/share/apps/meep/1.22.0/lib/python3.9/site-packages/meep/visualization.py:343: UserWarning: The frequency parameter of plot2D has been deprecated. Use the frequency key of the eps_parameters dictionary instead.
  warnings.warn('The frequency parameter of plot2D has been deprecated. Use the frequency key of the eps_parameters dictionary instead.')
Warning: grid volume is not an integer number of pixels; cell size will be rounded to nearest pixel.
run 0 finished at t = 525.7338918121981 (7435 timesteps)



Datapoints:-   60000



0.6451612903225806
0.024983344437042088
60000
     cylinder, center = (0,0,0)
          radius 40, height 1e+20, axis (0, 0, 1)
          dielectric constant epsilon diagonal = (2.0736,2.0736,2.0736)
     cylinder, center = (0,0,0)
          radius 30, height 1e+20, axis (0, 0, 1)
          dielectric constant epsilon diagonal = (1.9881,1.9881,1.9881)
     block, center = (0,-41.167,0)
          size (1e+20,1,1e+20)
          axes (1,0,0), (0,1,0), (0,0,1)
          dielectric constant epsilon diagonal = (2.0736,2.0736,2.0736)
Warning: grid volume is not an integer number of pixels; cell size will be rounded to nearest pixel.
prevRunFalse


Actual Run


Previous SimTime = 0.0
-----------
Initializing structure...
time for choose_chunkdivision = 0.000488147 s
Working in 2D dimensions.
Computational cell is 87.1 x 93.8 x 0 with resolution 10
     cylinder, center = (0,0,0)
          radius 40, height 1e+20, axis (0, 0, 1)
          dielectric constant epsilon diagonal = (2.0736,2.0736,2.0736)
     cylinder, center = (0,0,0)
          radius 30, height 1e+20, axis (0, 0, 1)
          dielectric constant epsilon diagonal = (1.9881,1.9881,1.9881)
     block, center = (0,-41.167,0)
          size (1e+20,1,1e+20)
          axes (1,0,0), (0,1,0), (0,0,1)
          dielectric constant epsilon diagonal = (2.0736,2.0736,2.0736)
time for set_epsilon = 3.8063 s
-----------
MPB solved for frequency_1(0.4,0,0) = 0.32606 after 10 iters
MPB solved for frequency_1(0.850308,0,0) = 0.635755 after 7 iters
MPB solved for frequency_1(0.864131,0,0) = 0.645161 after 5 iters
MPB solved for frequency_1(0.864132,0,0) = 0.645161 after 2 iters
Meep: using output directory '../data/2022-04-06/MEEP_1_Quick/'
creating output file "../data/2022-04-06/MEEP_1_Quick//twoDsolve-eps-000000.00.h5"...
on time step 178 (time=12.5865), 0.0225013 s/step
on time step 363 (time=25.668), 0.0216708 s/step
on time step 550 (time=38.8909), 0.0216244 s/step
on time step 734 (time=51.9016), 0.0217715 s/step
on time step 920 (time=65.0538), 0.0218247 s/step
on time step 1103 (time=77.9939), 0.0218728 s/step
on time step 1290 (time=91.2168), 0.0216799 s/step
Meep progress: 96.80291834443835/462.97866259765624 = 20.9% done in 30.0s, 113.5s to go
on time step 1478 (time=104.51), 0.0213185 s/step
on time step 1663 (time=117.592), 0.0216309 s/step
on time step 1850 (time=130.815), 0.0214871 s/step
on time step 2040 (time=144.25), 0.0211781 s/step
on time step 2230 (time=157.685), 0.0211551 s/step
on time step 2420 (time=171.12), 0.0213761 s/step
on time step 2610 (time=184.555), 0.0212027 s/step
Meep progress: 196.36355313550425/462.97866259765624 = 42.4% done in 60.0s, 81.5s to go
on time step 2800 (time=197.99), 0.02122 s/step
on time step 2990 (time=211.425), 0.0211484 s/step
on time step 3179 (time=224.789), 0.0211766 s/step
on time step 3360 (time=237.588), 0.0223 s/step
on time step 3550 (time=251.023), 0.0214533 s/step
on time step 3738 (time=264.317), 0.0213215 s/step
on time step 3925 (time=277.539), 0.021419 s/step
on time step 4110 (time=290.621), 0.0217273 s/step
Meep progress: 295.0049491110276/462.97866259765624 = 63.7% done in 90.0s, 51.3s to go
on time step 4299 (time=303.985), 0.0211837 s/step
on time step 4481 (time=316.855), 0.0220215 s/step
on time step 4667 (time=330.007), 0.0215057 s/step
on time step 4852 (time=343.088), 0.0216801 s/step
on time step 5039 (time=356.311), 0.0214697 s/step
on time step 5220 (time=369.11), 0.0221093 s/step
on time step 5406 (time=382.262), 0.0215237 s/step
Meep progress: 392.9392383053645/462.97866259765624 = 84.9% done in 120.0s, 21.4s to go
on time step 5590 (time=395.273), 0.0219436 s/step
on time step 5777 (time=408.496), 0.0214538 s/step
on time step 5960 (time=421.436), 0.02206 s/step
on time step 6146 (time=434.588), 0.0215114 s/step
on time step 6330 (time=447.599), 0.0221713 s/step
on time step 6518 (time=460.892), 0.0213155 s/step
run 0 finished at t = 463.01352032095133 (6548 timesteps)
SimTime = 463.0135192871094
Dumped structure to file: ../data/2022-04-06/MEEP_1_Quick/structure.h5 (True)
Dumped fields to file: ../data/2022-04-06/MEEP_1_Quick/fields.h5 (True)
creating output file "../data/2022-04-06/MEEP_1_Quick//twoDsolve-Transmission.h5"...
Whole Sim Walltime: 213.8287284374237 s

Field time usage:
        connecting chunks: 0.199144 s
            time stepping: 93.1936 s
       copying boundaries: 3.80288 s
    all-all communication: 6.32927e-05 s
        1-1 communication: 0.0312171 s
        outputting fields: 0.162904 s
     Fourier transforming: 44.0135 s
          MPB mode solver: 0.00388557 s
          everything else: 0.612704 s
         updating B field: 22.9371 s
         updating H field: 1.17435 s
         updating D field: 22.8249 s
         updating E field: 45.5371 s
      boundary stepping B: 0.67248 s
     boundary stepping WH: 0.0727909 s
     boundary stepping PH: 0.00415076 s
      boundary stepping H: 0.96398 s
      boundary stepping D: 1.31995 s
     boundary stepping WE: 0.0318802 s
     boundary stepping PE: 0.00428355 s
      boundary stepping E: 1.21563 s


Elapsed run time = 214.2048 s
creating epsilon from file "../data/2022-04-06/MEEP_1_Quick/structure.h5" (1)...
creating fields output file "../data/2022-04-06/MEEP_1_Quick/fields.h5" (1)...
