/share/apps/meep/1.22.0/lib/python3.9/site-packages/meep/visualization.py:343: UserWarning: The frequency parameter of plot2D has been deprecated. Use the frequency key of the eps_parameters dictionary instead.
  warnings.warn('The frequency parameter of plot2D has been deprecated. Use the frequency key of the eps_parameters dictionary instead.')
/share/apps/meep/1.22.0/lib/python3.9/site-packages/meep/visualization.py:343: UserWarning: The frequency parameter of plot2D has been deprecated. Use the frequency key of the eps_parameters dictionary instead.
  warnings.warn('The frequency parameter of plot2D has been deprecated. Use the frequency key of the eps_parameters dictionary instead.')
Warning: grid volume is not an integer number of pixels; cell size will be rounded to nearest pixel.
Using MPI version 3.1, 2 processes
Argument List: ['../LoadedCapillaries/twoDsolve.py', 'MEEP_4_Quick', '0']
Standard run
WD: ../data/2022-04-06/MEEP_4_Quick/
AlreadyDir
Whole Sim Walltime: 7.152557373046875e-07 s



Datapoints:-   60000



0.6451612903225806
0.024983344437042088
60000
     block, center = (0,0,0)
          size (1e+20,1,1e+20)
          axes (1,0,0), (0,1,0), (0,0,1)
          dielectric constant epsilon diagonal = (2.0736,2.0736,2.0736)
Warning: grid volume is not an integer number of pixels; cell size will be rounded to nearest pixel.


Normalisation Run


-----------
Initializing structure...
Splitting into 2 chunks by voxels
time for choose_chunkdivision = 0.000499308 s
Working in 2D dimensions.
Computational cell is 87.1 x 11.8 x 0 with resolution 10
     block, center = (0,0,0)
          size (1e+20,1,1e+20)
          axes (1,0,0), (0,1,0), (0,0,1)
          dielectric constant epsilon diagonal = (2.0736,2.0736,2.0736)
time for set_epsilon = 0.111414 s
-----------
MPB solved for frequency_1(0.4,0,0) = 0.325672 after 11 iters
MPB solved for frequency_1(0.851154,0,0) = 0.635937 after 9 iters
MPB solved for frequency_1(0.864706,0,0) = 0.645161 after 7 iters
MPB solved for frequency_1(0.864707,0,0) = 0.645161 after 1 iters
Meep: using output directory '../data/2022-04-06/MEEP_4_Quick/'
on time step 511 (time=36.1332), 0.00789972 s/step
on time step 1031 (time=72.9027), 0.00771547 s/step
on time step 1551 (time=109.672), 0.00777674 s/step
on time step 2071 (time=146.442), 0.00772403 s/step
on time step 2591 (time=183.211), 0.00769627 s/step
on time step 3111 (time=219.981), 0.0077642 s/step
on time step 3631 (time=256.75), 0.00771658 s/step
Meep progress: 273.72103499731253/525.6906625976562 = 52.1% done in 30.0s, 27.7s to go
on time step 4151 (time=293.52), 0.00776214 s/step
on time step 4681 (time=330.997), 0.00764982 s/step
on time step 5211 (time=368.473), 0.00767466 s/step
on time step 5739 (time=405.809), 0.00757727 s/step
on time step 6261 (time=442.72), 0.00779408 s/step
on time step 6782 (time=479.56), 0.00767772 s/step
on time step 7301 (time=516.259), 0.00774256 s/step
/share/apps/meep/1.22.0/lib/python3.9/site-packages/meep/visualization.py:343: UserWarning: The frequency parameter of plot2D has been deprecated. Use the frequency key of the eps_parameters dictionary instead.
  warnings.warn('The frequency parameter of plot2D has been deprecated. Use the frequency key of the eps_parameters dictionary instead.')
Warning: grid volume is not an integer number of pixels; cell size will be rounded to nearest pixel.
run 0 finished at t = 525.7338918121981 (7435 timesteps)



Datapoints:-   60000



0.6451612903225806
0.024983344437042088
60000
     cylinder, center = (0,0,0)
          radius 40, height 1e+20, axis (0, 0, 1)
          dielectric constant epsilon diagonal = (2.0736,2.0736,2.0736)
     cylinder, center = (0,0,0)
          radius 30, height 1e+20, axis (0, 0, 1)
          dielectric constant epsilon diagonal = (1.9881,1.9881,1.9881)
     block, center = (0,-41.167,0)
          size (1e+20,1,1e+20)
          axes (1,0,0), (0,1,0), (0,0,1)
          dielectric constant epsilon diagonal = (2.0736,2.0736,2.0736)
/share/apps/meep/1.22.0/lib/python3.9/site-packages/meep/visualization.py:343: UserWarning: The frequency parameter of plot2D has been deprecated. Use the frequency key of the eps_parameters dictionary instead.
  warnings.warn('The frequency parameter of plot2D has been deprecated. Use the frequency key of the eps_parameters dictionary instead.')
Warning: grid volume is not an integer number of pixels; cell size will be rounded to nearest pixel.
prevRunFalse


Actual Run


Previous SimTime = 0.0
-----------
Initializing structure...
Splitting into 2 chunks by voxels
time for choose_chunkdivision = 0.000711717 s
Working in 2D dimensions.
Computational cell is 87.1 x 93.8 x 0 with resolution 10
     cylinder, center = (0,0,0)
          radius 40, height 1e+20, axis (0, 0, 1)
          dielectric constant epsilon diagonal = (2.0736,2.0736,2.0736)
     cylinder, center = (0,0,0)
          radius 30, height 1e+20, axis (0, 0, 1)
          dielectric constant epsilon diagonal = (1.9881,1.9881,1.9881)
     block, center = (0,-41.167,0)
          size (1e+20,1,1e+20)
          axes (1,0,0), (0,1,0), (0,0,1)
          dielectric constant epsilon diagonal = (2.0736,2.0736,2.0736)
time for set_epsilon = 1.91612 s
-----------
MPB solved for frequency_1(0.4,0,0) = 0.32606 after 10 iters
MPB solved for frequency_1(0.850308,0,0) = 0.635755 after 7 iters
MPB solved for frequency_1(0.864131,0,0) = 0.645161 after 5 iters
MPB solved for frequency_1(0.864132,0,0) = 0.645161 after 2 iters
Meep: using output directory '../data/2022-04-06/MEEP_4_Quick/'
creating output file "../data/2022-04-06/MEEP_4_Quick//twoDsolve-eps-000000.00.h5"...
on time step 250 (time=17.6777), 0.0160893 s/step
on time step 512 (time=36.2039), 0.0152691 s/step
on time step 770 (time=54.4472), 0.0156326 s/step
on time step 1023 (time=72.337), 0.0158237 s/step
on time step 1284 (time=90.7925), 0.0153592 s/step
on time step 1546 (time=109.319), 0.0152827 s/step
on time step 1810 (time=127.986), 0.0154176 s/step
Meep progress: 134.91597385039327/462.97866259765624 = 29.1% done in 30.0s, 73.0s to go
on time step 2070 (time=146.371), 0.0155083 s/step
on time step 2333 (time=164.968), 0.0152332 s/step
on time step 2596 (time=183.565), 0.0152119 s/step
on time step 2856 (time=201.95), 0.0153892 s/step
on time step 3114 (time=220.193), 0.0155192 s/step
on time step 3375 (time=238.649), 0.0153423 s/step
on time step 3637 (time=257.175), 0.0152886 s/step
Meep progress: 272.94321753800733/462.97866259765624 = 59.0% done in 60.1s, 41.8s to go
on time step 3896 (time=275.489), 0.0154759 s/step
on time step 4155 (time=293.803), 0.0154491 s/step
on time step 4410 (time=311.834), 0.0156894 s/step
on time step 4673 (time=330.431), 0.0152395 s/step
on time step 4934 (time=348.886), 0.0153397 s/step
on time step 5198 (time=367.554), 0.0151746 s/step
on time step 5452 (time=385.515), 0.0157811 s/step
on time step 5714 (time=404.041), 0.0152908 s/step
Meep progress: 410.82903986938413/462.97866259765624 = 88.7% done in 90.1s, 11.4s to go
on time step 5976 (time=422.567), 0.0152873 s/step
on time step 6240 (time=441.235), 0.0152371 s/step
on time step 6509 (time=460.256), 0.0148727 s/step
run 0 finished at t = 463.01352032095133 (6548 timesteps)
SimTime = 463.0135192871094
Dumped structure to file: ../data/2022-04-06/MEEP_4_Quick/structure.h5 (True)
Dumped fields to file: ../data/2022-04-06/MEEP_4_Quick/fields.h5 (True)
creating output file "../data/2022-04-06/MEEP_4_Quick//twoDsolve-Transmission.h5"...
Whole Sim Walltime: 166.4549958705902 s

Field time usage:
        connecting chunks: 0.151793 s +/- 7.09595e-05 s
            time stepping: 52.7177 s +/- 0.0718194 s
       copying boundaries: 3.05985 s +/- 0.116347 s
    all-all communication: 0.00247696 s +/- 0.00252312 s
        1-1 communication: 22.733 s +/- 31.1883 s
        outputting fields: 0.394727 s +/- 1.85974e-06 s
     Fourier transforming: 22.0135 s +/- 31.1262 s
          MPB mode solver: 0.00208681 s +/- 0.00210481 s
          everything else: 0.568039 s +/- 0.0286249 s
         updating B field: 13.5634 s +/- 0.202168 s
         updating H field: 0.674345 s +/- 0.0122488 s
         updating D field: 13.8266 s +/- 0.127098 s
         updating E field: 23.9749 s +/- 0.0437839 s
      boundary stepping B: 0.559955 s +/- 0.0368421 s
     boundary stepping WH: 0.0573051 s +/- 2.24537e-05 s
     boundary stepping PH: 0.00403434 s +/- 0.000287241 s
      boundary stepping H: 23.0407 s +/- 31.3435 s
      boundary stepping D: 1.3464 s +/- 0.0221604 s
     boundary stepping WE: 0.0277028 s +/- 0.00142496 s
     boundary stepping PE: 0.0045433 s +/- 0.000214454 s
      boundary stepping E: 1.21598 s +/- 0.0329917 s


Elapsed run time = 166.8475 s
creating epsilon from file "../data/2022-04-06/MEEP_4_Quick/structure.h5" (1)...
creating fields output file "../data/2022-04-06/MEEP_4_Quick/fields.h5" (1)...
creating epsilon from file "../data/2022-04-06/MEEP_4_Quick/structure.h5" (1)...
creating fields output file "../data/2022-04-06/MEEP_4_Quick/fields.h5" (1)...
