/share/apps/meep/1.22.0/lib/python3.9/site-packages/meep/visualization.py:343: UserWarning: The frequency parameter of plot2D has been deprecated. Use the frequency key of the eps_parameters dictionary instead.
  warnings.warn('The frequency parameter of plot2D has been deprecated. Use the frequency key of the eps_parameters dictionary instead.')
/share/apps/meep/1.22.0/lib/python3.9/site-packages/meep/visualization.py:343: UserWarning: The frequency parameter of plot2D has been deprecated. Use the frequency key of the eps_parameters dictionary instead.
  warnings.warn('The frequency parameter of plot2D has been deprecated. Use the frequency key of the eps_parameters dictionary instead.')
/share/apps/meep/1.22.0/lib/python3.9/site-packages/meep/visualization.py:343: UserWarning: The frequency parameter of plot2D has been deprecated. Use the frequency key of the eps_parameters dictionary instead.
  warnings.warn('The frequency parameter of plot2D has been deprecated. Use the frequency key of the eps_parameters dictionary instead.')
/share/apps/meep/1.22.0/lib/python3.9/site-packages/meep/visualization.py:343: UserWarning: The frequency parameter of plot2D has been deprecated. Use the frequency key of the eps_parameters dictionary instead.
  warnings.warn('The frequency parameter of plot2D has been deprecated. Use the frequency key of the eps_parameters dictionary instead.')
/share/apps/meep/1.22.0/lib/python3.9/site-packages/meep/visualization.py:343: UserWarning: The frequency parameter of plot2D has been deprecated. Use the frequency key of the eps_parameters dictionary instead.
  warnings.warn('The frequency parameter of plot2D has been deprecated. Use the frequency key of the eps_parameters dictionary instead.')
Warning: grid volume is not an integer number of pixels; cell size will be rounded to nearest pixel.
Using MPI version 3.1, 6 processes
Argument List: ['../LoadedCapillaries/twoDsolve.py', 'MEEP_6_Quick', '0']
Standard run
WD: ../data/2022-04-05/MEEP_6_Quick/
AlreadyDir
Whole Sim Walltime: 4.76837158203125e-07 s



Datapoints:-   60000



0.6451612903225806
0.024983344437042088
60000
     block, center = (0,0,0)
          size (1e+20,1,1e+20)
          axes (1,0,0), (0,1,0), (0,0,1)
          dielectric constant epsilon diagonal = (2.0736,2.0736,2.0736)
/share/apps/meep/1.22.0/lib/python3.9/site-packages/meep/visualization.py:343: UserWarning: The frequency parameter of plot2D has been deprecated. Use the frequency key of the eps_parameters dictionary instead.
  warnings.warn('The frequency parameter of plot2D has been deprecated. Use the frequency key of the eps_parameters dictionary instead.')
Warning: grid volume is not an integer number of pixels; cell size will be rounded to nearest pixel.


Normalisation Run


-----------
Initializing structure...
Splitting into 6 chunks by voxels
time for choose_chunkdivision = 0.000423104 s
Working in 2D dimensions.
Computational cell is 87.1 x 11.8 x 0 with resolution 10
     block, center = (0,0,0)
          size (1e+20,1,1e+20)
          axes (1,0,0), (0,1,0), (0,0,1)
          dielectric constant epsilon diagonal = (2.0736,2.0736,2.0736)
time for set_epsilon = 0.076253 s
-----------
MPB solved for frequency_1(0.4,0,0) = 0.325672 after 11 iters
MPB solved for frequency_1(0.851154,0,0) = 0.635937 after 9 iters
MPB solved for frequency_1(0.864706,0,0) = 0.645161 after 7 iters
MPB solved for frequency_1(0.864707,0,0) = 0.645161 after 1 iters
Meep: using output directory '../data/2022-04-05/MEEP_6_Quick/'
on time step 372 (time=26.3044), 0.010835 s/step
on time step 882 (time=62.3668), 0.00791114 s/step
on time step 1402 (time=99.1364), 0.0077921 s/step
on time step 1492 (time=105.5), 0.0452566 s/step
on time step 2012 (time=142.27), 0.00796786 s/step
on time step 2064 (time=145.947), 0.0781716 s/step
on time step 2213 (time=156.483), 0.0271066 s/step
Meep progress: 157.96765491707473/525.6906625976562 = 30.0% done in 30.1s, 70.0s to go
on time step 2502 (time=176.918), 0.0140887 s/step
on time step 2883 (time=203.859), 0.0105492 s/step
on time step 2972 (time=210.152), 0.0452431 s/step
on time step 3492 (time=246.922), 0.00781707 s/step
on time step 4012 (time=283.691), 0.00779222 s/step
on time step 4477 (time=316.572), 0.00874036 s/step
on time step 4557 (time=322.229), 0.0501619 s/step
Meep progress: 325.2691193458119/525.6906625976562 = 61.9% done in 60.1s, 37.0s to go
on time step 4609 (time=325.906), 0.0781736 s/step
on time step 4661 (time=329.582), 0.07817 s/step
on time step 4831 (time=341.603), 0.0237581 s/step
on time step 4883 (time=345.28), 0.0781721 s/step
on time step 4958 (time=350.584), 0.053666 s/step
on time step 5282 (time=373.494), 0.0125112 s/step
on time step 5712 (time=403.899), 0.0093301 s/step
on time step 6062 (time=428.648), 0.0115779 s/step
Meep progress: 429.5673695708276/525.6906625976562 = 81.7% done in 90.1s, 20.2s to go
on time step 6114 (time=432.325), 0.0781721 s/step
on time step 6302 (time=445.619), 0.0216256 s/step
on time step 6822 (time=482.388), 0.00778836 s/step
on time step 7215 (time=510.178), 0.0103137 s/step
/share/apps/meep/1.22.0/lib/python3.9/site-packages/meep/visualization.py:343: UserWarning: The frequency parameter of plot2D has been deprecated. Use the frequency key of the eps_parameters dictionary instead.
  warnings.warn('The frequency parameter of plot2D has been deprecated. Use the frequency key of the eps_parameters dictionary instead.')
/share/apps/meep/1.22.0/lib/python3.9/site-packages/meep/visualization.py:343: UserWarning: The frequency parameter of plot2D has been deprecated. Use the frequency key of the eps_parameters dictionary instead.
  warnings.warn('The frequency parameter of plot2D has been deprecated. Use the frequency key of the eps_parameters dictionary instead.')
/share/apps/meep/1.22.0/lib/python3.9/site-packages/meep/visualization.py:343: UserWarning: The frequency parameter of plot2D has been deprecated. Use the frequency key of the eps_parameters dictionary instead.
  warnings.warn('The frequency parameter of plot2D has been deprecated. Use the frequency key of the eps_parameters dictionary instead.')
/share/apps/meep/1.22.0/lib/python3.9/site-packages/meep/visualization.py:343: UserWarning: The frequency parameter of plot2D has been deprecated. Use the frequency key of the eps_parameters dictionary instead.
  warnings.warn('The frequency parameter of plot2D has been deprecated. Use the frequency key of the eps_parameters dictionary instead.')
/share/apps/meep/1.22.0/lib/python3.9/site-packages/meep/visualization.py:343: UserWarning: The frequency parameter of plot2D has been deprecated. Use the frequency key of the eps_parameters dictionary instead.
  warnings.warn('The frequency parameter of plot2D has been deprecated. Use the frequency key of the eps_parameters dictionary instead.')
Warning: grid volume is not an integer number of pixels; cell size will be rounded to nearest pixel.
run 0 finished at t = 525.7338918121981 (7435 timesteps)



Datapoints:-   60000



0.6451612903225806
0.024983344437042088
60000
     cylinder, center = (0,0,0)
          radius 40, height 1e+20, axis (0, 0, 1)
          dielectric constant epsilon diagonal = (2.0736,2.0736,2.0736)
     cylinder, center = (0,0,0)
          radius 30, height 1e+20, axis (0, 0, 1)
          dielectric constant epsilon diagonal = (1.9881,1.9881,1.9881)
     block, center = (0,-41.167,0)
          size (1e+20,1,1e+20)
          axes (1,0,0), (0,1,0), (0,0,1)
          dielectric constant epsilon diagonal = (2.0736,2.0736,2.0736)
/share/apps/meep/1.22.0/lib/python3.9/site-packages/meep/visualization.py:343: UserWarning: The frequency parameter of plot2D has been deprecated. Use the frequency key of the eps_parameters dictionary instead.
  warnings.warn('The frequency parameter of plot2D has been deprecated. Use the frequency key of the eps_parameters dictionary instead.')
Warning: grid volume is not an integer number of pixels; cell size will be rounded to nearest pixel.
prevRunFalse


Actual Run


Previous SimTime = 0.0
-----------
Initializing structure...
Splitting into 6 chunks by voxels
time for choose_chunkdivision = 0.0137667 s
Working in 2D dimensions.
Computational cell is 87.1 x 93.8 x 0 with resolution 10
     cylinder, center = (0,0,0)
          radius 40, height 1e+20, axis (0, 0, 1)
          dielectric constant epsilon diagonal = (2.0736,2.0736,2.0736)
     cylinder, center = (0,0,0)
          radius 30, height 1e+20, axis (0, 0, 1)
          dielectric constant epsilon diagonal = (1.9881,1.9881,1.9881)
     block, center = (0,-41.167,0)
          size (1e+20,1,1e+20)
          axes (1,0,0), (0,1,0), (0,0,1)
          dielectric constant epsilon diagonal = (2.0736,2.0736,2.0736)
time for set_epsilon = 1.2427 s
-----------
MPB solved for frequency_1(0.4,0,0) = 0.32606 after 10 iters
MPB solved for frequency_1(0.850308,0,0) = 0.635755 after 7 iters
MPB solved for frequency_1(0.864131,0,0) = 0.645161 after 5 iters
MPB solved for frequency_1(0.864132,0,0) = 0.645161 after 2 iters
Meep: using output directory '../data/2022-04-05/MEEP_6_Quick/'
creating output file "../data/2022-04-05/MEEP_6_Quick//twoDsolve-eps-000000.00.h5"...
on time step 79 (time=5.58614), 0.0508607 s/step
on time step 142 (time=10.0409), 0.0648401 s/step
on time step 191 (time=13.5057), 0.0826933 s/step
on time step 309 (time=21.8496), 0.0339595 s/step
on time step 372 (time=26.3044), 0.0642006 s/step
on time step 421 (time=29.7692), 0.0829584 s/step
on time step 477 (time=33.729), 0.0723377 s/step
Meep progress: 35.638181771801996/462.97866259765624 = 7.7% done in 30.0s, 360.0s to go
on time step 560 (time=39.598), 0.0482046 s/step
on time step 620 (time=43.8406), 0.0674824 s/step
on time step 776 (time=54.8715), 0.0257685 s/step
on time step 991 (time=70.0743), 0.0188849 s/step
on time step 1191 (time=84.2164), 0.0203797 s/step
on time step 1391 (time=98.3586), 0.0202747 s/step
on time step 1588 (time=112.289), 0.0204203 s/step
Meep progress: 117.94541110191612/462.97866259765624 = 25.5% done in 60.0s, 175.6s to go
on time step 1681 (time=118.865), 0.0436857 s/step
on time step 1738 (time=122.895), 0.0707181 s/step
on time step 1802 (time=127.421), 0.063092 s/step
on time step 1971 (time=139.371), 0.0239745 s/step
on time step 2191 (time=154.927), 0.0181915 s/step
on time step 2411 (time=170.483), 0.0181943 s/step
on time step 2621 (time=185.333), 0.0191691 s/step
on time step 2735 (time=193.394), 0.0355143 s/step
Meep progress: 194.66649686065654/462.97866259765624 = 42.0% done in 90.0s, 124.1s to go
on time step 2791 (time=197.354), 0.0728207 s/step
on time step 2928 (time=207.041), 0.0292914 s/step
on time step 3025 (time=213.9), 0.0413603 s/step
on time step 3202 (time=226.416), 0.0226088 s/step
on time step 3321 (time=234.83), 0.0338161 s/step
on time step 3401 (time=240.487), 0.0502779 s/step
on time step 3563 (time=251.942), 0.0250039 s/step
Meep progress: 254.77057326151308/462.97866259765624 = 55.0% done in 120.1s, 98.1s to go
on time step 3617 (time=255.761), 0.074184 s/step
on time step 3666 (time=259.225), 0.0832234 s/step
on time step 3802 (time=268.842), 0.0295817 s/step
on time step 4011 (time=283.621), 0.0193886 s/step
on time step 4169 (time=294.793), 0.0254206 s/step
on time step 4361 (time=308.369), 0.0211056 s/step
on time step 4480 (time=316.784), 0.0337029 s/step
on time step 4629 (time=327.32), 0.0270013 s/step
Meep progress: 328.8753639298632/462.97866259765624 = 71.0% done in 150.1s, 61.2s to go
on time step 4735 (time=334.815), 0.0377608 s/step
on time step 4877 (time=344.856), 0.0281768 s/step
on time step 5063 (time=358.008), 0.0215299 s/step
on time step 5139 (time=363.382), 0.0527385 s/step
on time step 5233 (time=370.029), 0.0426803 s/step
on time step 5357 (time=378.797), 0.0322657 s/step
on time step 5419 (time=383.181), 0.0647239 s/step
Meep progress: 388.48446558388923/462.97866259765624 = 83.9% done in 180.1s, 34.5s to go
on time step 5537 (time=391.525), 0.0339996 s/step
on time step 5662 (time=400.364), 0.032217 s/step
on time step 5744 (time=406.162), 0.0497284 s/step
on time step 5793 (time=409.627), 0.0832232 s/step
on time step 5867 (time=414.86), 0.0543101 s/step
on time step 5927 (time=419.102), 0.0678658 s/step
on time step 6049 (time=427.729), 0.0328849 s/step
on time step 6201 (time=438.477), 0.026337 s/step
Meep progress: 439.1840217949647/462.97866259765624 = 94.9% done in 210.1s, 11.4s to go
on time step 6262 (time=442.79), 0.0670267 s/step
on time step 6377 (time=450.922), 0.0350953 s/step
on time step 6427 (time=454.458), 0.0805787 s/step
on time step 6482 (time=458.347), 0.0729265 s/step
run 0 finished at t = 463.01352032095133 (6548 timesteps)
SimTime = 463.0135192871094
Dumped structure to file: ../data/2022-04-05/MEEP_6_Quick/structure.h5 (True)
Dumped fields to file: ../data/2022-04-05/MEEP_6_Quick/fields.h5 (True)
creating output file "../data/2022-04-05/MEEP_6_Quick//twoDsolve-Transmission.h5"...
Whole Sim Walltime: 348.39368653297424 s

Field time usage:
        connecting chunks: 0.182222 s +/- 0.0693916 s
            time stepping: 37.757 s +/- 16.5713 s
       copying boundaries: 1.62492 s +/- 0.0624087 s
    all-all communication: 0.12744 s +/- 0.065058 s
        1-1 communication: 181.886 s +/- 20.6482 s
        outputting fields: 0.11293 s +/- 0.0130747 s
     Fourier transforming: 7.28497 s +/- 17.8296 s
          MPB mode solver: 0.00316581 s +/- 0.00639326 s
          everything else: 0.609753 s +/- 0.152803 s
         updating B field: 8.33268 s +/- 3.34621 s
         updating H field: 0.417364 s +/- 0.164454 s
         updating D field: 9.78791 s +/- 4.92822 s
         updating E field: 18.5735 s +/- 8.16889 s
      boundary stepping B: 9.53843 s +/- 16.2537 s
     boundary stepping WH: 0.108545 s +/- 0.00509139 s
     boundary stepping PH: 0.0319024 s +/- 0.0201422 s
      boundary stepping H: 63.9003 s +/- 21.5267 s
      boundary stepping D: 51.497 s +/- 15.8206 s
     boundary stepping WE: 0.0352559 s +/- 0.0096651 s
     boundary stepping PE: 0.00534315 s +/- 0.00131453 s
      boundary stepping E: 58.9914 s +/- 4.95591 s


Elapsed run time = 349.1800 s
creating epsilon from file "../data/2022-04-05/MEEP_6_Quick/structure.h5" (1)...
creating fields output file "../data/2022-04-05/MEEP_6_Quick/fields.h5" (1)...
creating epsilon from file "../data/2022-04-05/MEEP_6_Quick/structure.h5" (1)...
creating fields output file "../data/2022-04-05/MEEP_6_Quick/fields.h5" (1)...
creating epsilon from file "../data/2022-04-05/MEEP_6_Quick/structure.h5" (1)...
creating fields output file "../data/2022-04-05/MEEP_6_Quick/fields.h5" (1)...
creating epsilon from file "../data/2022-04-05/MEEP_6_Quick/structure.h5" (1)...
creating fields output file "../data/2022-04-05/MEEP_6_Quick/fields.h5" (1)...
creating epsilon from file "../data/2022-04-05/MEEP_6_Quick/structure.h5" (1)...
creating fields output file "../data/2022-04-05/MEEP_6_Quick/fields.h5" (1)...
creating epsilon from file "../data/2022-04-05/MEEP_6_Quick/structure.h5" (1)...
creating fields output file "../data/2022-04-05/MEEP_6_Quick/fields.h5" (1)...
