Warning: grid volume is not an integer number of pixels; cell size will be rounded to nearest pixel.
Using MPI version 3.1, 24 processes
Argument List: ['../LoadedCapillaries/twoDsolve.py', 'MEEP_100', '100']
Standard run
Whole Sim Walltime: 2.384185791015625e-07 s
WD: ../data/2022-03-25/MEEP_100/
0.6451612903225806
0.07
1000
-----------
Initializing structure...
Splitting into 24 chunks by voxels
time for choose_chunkdivision = 0.000732757 s
Working in 2D dimensions.
Computational cell is 87.1 x 11.8 x 0 with resolution 10
     block, center = (0,0,0)
          size (1e+20,1,1e+20)
          axes (1,0,0), (0,1,0), (0,0,1)
          dielectric constant epsilon diagonal = (2.0736,2.0736,2.0736)
time for set_epsilon = 0.375149 s
-----------
MPB solved for frequency_1(0.4,0,0) = 0.325672 after 11 iters
MPB solved for frequency_1(0.851154,0,0) = 0.635937 after 9 iters
MPB solved for frequency_1(0.864706,0,0) = 0.645161 after 7 iters
MPB solved for frequency_1(0.864707,0,0) = 0.645161 after 1 iters
Meep: using output directory '../data/2022-03-25/MEEP_100/'


Normalisation Run


on time step 491 (time=34.7189), 0.0082845 s/step
on time step 1124 (time=79.4788), 0.00635346 s/step
on time step 1587 (time=112.218), 0.00868857 s/step
on time step 2185 (time=154.503), 0.00668983 s/step
on time step 2890 (time=204.354), 0.00567614 s/step
on time step 3585 (time=253.498), 0.0058798 s/step
Warning: grid volume is not an integer number of pixels; cell size will be rounded to nearest pixel.
run 0 finished at t = 268.3470234602948 (3795 timesteps)
WD: ../data/2022-03-25/MEEP_100/
AlreadyDir
0.6451612903225806
0.07
1000
-----------
Initializing structure...
Splitting into 24 chunks by voxels
time for choose_chunkdivision = 0.00211717 s
Working in 2D dimensions.
Computational cell is 87.1 x 93.8 x 0 with resolution 10
     cylinder, center = (0,0,0)
          radius 40, height 1e+20, axis (0, 0, 1)
          dielectric constant epsilon diagonal = (2.0736,2.0736,2.0736)
     cylinder, center = (0,0,0)
          radius 30, height 1e+20, axis (0, 0, 1)
          dielectric constant epsilon diagonal = (1.9881,1.9881,1.9881)
     block, center = (0,-41.167,0)
          size (1e+20,1,1e+20)
          axes (1,0,0), (0,1,0), (0,0,1)
          dielectric constant epsilon diagonal = (2.0736,2.0736,2.0736)
time for set_epsilon = 0.251444 s
-----------
MPB solved for frequency_1(0.4,0,0) = 0.32606 after 10 iters
MPB solved for frequency_1(0.850308,0,0) = 0.635755 after 7 iters
MPB solved for frequency_1(0.864131,0,0) = 0.645161 after 5 iters
MPB solved for frequency_1(0.864132,0,0) = 0.645161 after 2 iters
Meep: using output directory '../data/2022-03-25/MEEP_100/'


Actual Run


creating output file "../data/2022-03-25/MEEP_100//twoDsolve-eps-000000.00.h5"...
on time step 291 (time=20.5768), 0.0138441 s/step
on time step 681 (time=48.154), 0.0103189 s/step
on time step 1014 (time=71.7006), 0.0120552 s/step
on time step 1400 (time=98.9949), 0.0103923 s/step
on time step 1820 (time=128.693), 0.00952693 s/step
on time step 2222 (time=157.119), 0.0100804 s/step
on time step 2593 (time=183.353), 0.0107965 s/step
Meep progress: 186.8883222676045/36396.71651657121 = 0.5% done in 30.0s, 5815.3s to go
on time step 2912 (time=205.909), 0.0125406 s/step
on time step 3317 (time=234.547), 0.00987765 s/step
on time step 3717 (time=262.832), 0.0100318 s/step
on time step 4182 (time=295.712), 0.00860747 s/step
on time step 4561 (time=322.511), 0.0105714 s/step
on time step 4965 (time=351.079), 0.00990696 s/step
on time step 5331 (time=376.959), 0.0110572 s/step
Meep progress: 398.8082245892128/36396.71651657121 = 1.1% done in 60.0s, 5417.1s to go
on time step 5813 (time=411.041), 0.00830083 s/step
on time step 6285 (time=444.417), 0.00849568 s/step
on time step 6746 (time=477.014), 0.00869428 s/step
on time step 7265 (time=513.713), 0.00773818 s/step
on time step 7810 (time=552.25), 0.00734197 s/step
on time step 8312 (time=587.747), 0.0080076 s/step
on time step 8856 (time=626.214), 0.00744278 s/step
on time step 9427 (time=666.59), 0.00700787 s/step
Meep progress: 673.0949450114746/36396.71651657121 = 1.8% done in 90.0s, 4778.5s to go
on time step 9967 (time=704.773), 0.00740989 s/step
on time step 10508 (time=743.028), 0.00743459 s/step
on time step 11027 (time=779.727), 0.00774183 s/step
on time step 11647 (time=823.567), 0.00646158 s/step
on time step 12117 (time=856.801), 0.00854122 s/step
on time step 12618 (time=892.227), 0.00798941 s/step
on time step 13138 (time=928.997), 0.00769449 s/step
Meep progress: 953.2506517175847/36396.71651657121 = 2.6% done in 120.0s, 4463.4s to go
on time step 13683 (time=967.534), 0.00736568 s/step
on time step 14213 (time=1005.01), 0.00756262 s/step
on time step 14709 (time=1040.08), 0.00806731 s/step
on time step 15216 (time=1075.93), 0.00791795 s/step
on time step 15726 (time=1112), 0.00790434 s/step
on time step 16266 (time=1150.18), 0.00741126 s/step
on time step 16815 (time=1189), 0.00735029 s/step
on time step 17352 (time=1226.97), 0.00746681 s/step
Meep progress: 1231.4264594363724/36396.71651657121 = 3.4% done in 150.0s, 4284.8s to go
on time step 17868 (time=1263.46), 0.00779898 s/step
on time step 18345 (time=1297.19), 0.00839131 s/step
on time step 18847 (time=1332.68), 0.0079742 s/step
on time step 19323 (time=1366.34), 0.00840553 s/step
on time step 19819 (time=1401.41), 0.00807777 s/step
on time step 20319 (time=1436.77), 0.00804191 s/step
on time step 20795 (time=1470.43), 0.0085048 s/step
Meep progress: 1491.641754913022/36396.71651657121 = 4.1% done in 180.1s, 4213.4s to go
on time step 21276 (time=1504.44), 0.00833818 s/step
on time step 21783 (time=1540.29), 0.00791012 s/step
on time step 22288 (time=1576), 0.00795824 s/step
on time step 22827 (time=1614.11), 0.00744587 s/step
on time step 23342 (time=1650.53), 0.00779364 s/step
on time step 23818 (time=1684.19), 0.00842774 s/step
on time step 24248 (time=1714.59), 0.00930969 s/step
on time step 24745 (time=1749.74), 0.00805309 s/step
Meep progress: 1752.9177105614513/36396.71651657121 = 4.8% done in 210.1s, 4151.6s to go
on time step 25202 (time=1782.05), 0.00875623 s/step
on time step 25637 (time=1812.81), 0.00924755 s/step
on time step 26108 (time=1846.11), 0.00849685 s/step
on time step 26553 (time=1877.58), 0.00898962 s/step
on time step 26998 (time=1909.05), 0.00899476 s/step
on time step 27461 (time=1941.79), 0.00877285 s/step
on time step 27947 (time=1976.15), 0.00825741 s/step
Meep progress: 1994.677519049132/36396.71651657121 = 5.5% done in 240.1s, 4140.4s to go
on time step 28440 (time=2011.01), 0.00814128 s/step
on time step 28792 (time=2035.9), 0.0114124 s/step
on time step 29147 (time=2061), 0.011274 s/step
on time step 29499 (time=2085.89), 0.0114707 s/step
on time step 29869 (time=2112.06), 0.010814 s/step
on time step 30220 (time=2136.88), 0.0114008 s/step
on time step 30608 (time=2164.31), 0.0103195 s/step
on time step 30939 (time=2187.72), 0.0121215 s/step
Meep progress: 2187.8590916692965/36396.71651657121 = 6.0% done in 270.1s, 4223.2s to go
on time step 31298 (time=2213.1), 0.0111905 s/step
on time step 31642 (time=2237.43), 0.0118972 s/step
on time step 31997 (time=2262.53), 0.01128 s/step
on time step 32352 (time=2287.63), 0.0113302 s/step
on time step 32658 (time=2309.27), 0.0131439 s/step
on time step 32947 (time=2329.7), 0.0138438 s/step
on time step 33246 (time=2350.85), 0.0134013 s/step
Meep progress: 2360.7466996694075/36396.71651657121 = 6.5% done in 300.1s, 4327.0s to go
on time step 33536 (time=2371.35), 0.0138298 s/step
on time step 33918 (time=2398.36), 0.0105167 s/step
on time step 34244 (time=2421.42), 0.0122955 s/step
on time step 34588 (time=2445.74), 0.0116822 s/step
on time step 34954 (time=2471.62), 0.0110705 s/step
on time step 35247 (time=2492.34), 0.0136524 s/step
on time step 35541 (time=2513.13), 0.0136099 s/step
Meep progress: 2537.381973609807/36396.71651657121 = 7.0% done in 330.1s, 4405.4s to go
on time step 35892 (time=2537.95), 0.0114423 s/step
on time step 36270 (time=2564.68), 0.0105894 s/step
on time step 36603 (time=2588.22), 0.0120199 s/step
on time step 36955 (time=2613.11), 0.0113712 s/step
on time step 37251 (time=2634.04), 0.0135297 s/step
on time step 37600 (time=2658.72), 0.0115035 s/step
on time step 37962 (time=2684.32), 0.0110539 s/step
on time step 38304 (time=2708.5), 0.0117078 s/step
Meep progress: 2717.623492134258/36396.71651657121 = 7.5% done in 360.1s, 4463.2s to go
on time step 38607 (time=2729.93), 0.0132714 s/step
on time step 38950 (time=2754.18), 0.0116976 s/step
on time step 39311 (time=2779.71), 0.0110867 s/step
on time step 39679 (time=2805.73), 0.0110035 s/step
on time step 40028 (time=2830.41), 0.0115256 s/step
on time step 40311 (time=2850.42), 0.0141429 s/step
on time step 40660 (time=2875.1), 0.0115151 s/step
Meep progress: 2898.5721174398955/36396.71651657121 = 8.0% done in 390.2s, 4508.9s to go
on time step 41002 (time=2899.28), 0.0117479 s/step
on time step 41327 (time=2922.26), 0.0123214 s/step
on time step 41681 (time=2947.29), 0.0113283 s/step
on time step 42025 (time=2971.62), 0.0116658 s/step
on time step 42403 (time=2998.34), 0.0105844 s/step
on time step 42785 (time=3025.36), 0.0107028 s/step
on time step 43139 (time=3050.39), 0.0113103 s/step
on time step 43503 (time=3076.13), 0.0109945 s/step
Meep progress: 3086.5918105573987/36396.71651657121 = 8.5% done in 420.2s, 4534.5s to go
on time step 43856 (time=3101.09), 0.0114335 s/step
on time step 44189 (time=3124.63), 0.0120144 s/step
on time step 44545 (time=3149.81), 0.0112603 s/step
on time step 44912 (time=3175.76), 0.0108995 s/step
on time step 45233 (time=3198.46), 0.0124977 s/step
on time step 45565 (time=3221.93), 0.0120724 s/step
on time step 45899 (time=3245.55), 0.0119927 s/step
Meep progress: 3264.7827194164083/36396.71651657121 = 9.0% done in 450.2s, 4568.6s to go
on time step 46205 (time=3267.19), 0.0131028 s/step
on time step 46532 (time=3290.31), 0.0122529 s/step
on time step 46859 (time=3313.43), 0.0122403 s/step
on time step 47245 (time=3340.73), 0.0104112 s/step
on time step 47484 (time=3357.63), 0.0168663 s/step
on time step 47731 (time=3375.09), 0.0162151 s/step
on time step 48012 (time=3394.96), 0.0143132 s/step
on time step 48326 (time=3417.16), 0.0127399 s/step
Meep progress: 3423.9524558615003/36396.71651657121 = 9.4% done in 480.2s, 4624.3s to go
on time step 48604 (time=3436.82), 0.0144806 s/step
on time step 48918 (time=3459.02), 0.0127406 s/step
on time step 49224 (time=3480.66), 0.0131503 s/step
on time step 49529 (time=3502.23), 0.0131287 s/step
on time step 49820 (time=3522.81), 0.013826 s/step
on time step 50139 (time=3545.36), 0.0125461 s/step
on time step 50439 (time=3566.58), 0.0134113 s/step
Meep progress: 3588.0012290967793/36396.71651657121 = 9.9% done in 510.2s, 4665.3s to go
on time step 50794 (time=3591.68), 0.0112795 s/step
on time step 51101 (time=3613.39), 0.0130991 s/step
on time step 51375 (time=3632.76), 0.0146138 s/step
on time step 51696 (time=3655.46), 0.0124632 s/step
on time step 51987 (time=3676.04), 0.0138274 s/step
on time step 52279 (time=3696.68), 0.0136987 s/step
on time step 52541 (time=3715.21), 0.0152731 s/step
on time step 52827 (time=3735.43), 0.0139949 s/step
Meep progress: 3741.514111292379/36396.71651657121 = 10.3% done in 540.2s, 4714.8s to go
on time step 53093 (time=3754.24), 0.0151183 s/step
on time step 53388 (time=3775.1), 0.0135605 s/step
on time step 53661 (time=3794.41), 0.0147486 s/step
on time step 53973 (time=3816.47), 0.0128343 s/step
on time step 54250 (time=3836.05), 0.0145165 s/step
on time step 54541 (time=3856.63), 0.0138478 s/step
on time step 54900 (time=3882.02), 0.0112076 s/step
Meep progress: 3900.683847737471/36396.71651657121 = 10.7% done in 570.2s, 4750.4s to go
on time step 55245 (time=3906.41), 0.0115978 s/step
on time step 55572 (time=3929.53), 0.0122594 s/step
on time step 55979 (time=3958.31), 0.00987238 s/step
on time step 56344 (time=3984.12), 0.0109658 s/step
on time step 56694 (time=4008.87), 0.0114741 s/step
on time step 57063 (time=4034.96), 0.0108769 s/step
on time step 57347 (time=4055.05), 0.0141585 s/step
on time step 57686 (time=4079.02), 0.0118123 s/step
Meep progress: 4083.753793386668/36396.71651657121 = 11.2% done in 600.2s, 4749.4s to go
on time step 57948 (time=4097.54), 0.0153503 s/step
on time step 58186 (time=4114.37), 0.016817 s/step
on time step 58429 (time=4131.55), 0.0166577 s/step
on time step 58644 (time=4146.76), 0.0186307 s/step
on time step 58891 (time=4164.22), 0.0162443 s/step
on time step 59128 (time=4180.98), 0.0171106 s/step
on time step 59462 (time=4204.6), 0.0121435 s/step
Meep progress: 4216.053472146671/36396.71651657121 = 11.6% done in 630.3s, 4810.6s to go
on time step 59701 (time=4221.5), 0.0168647 s/step
on time step 59993 (time=4242.15), 0.013712 s/step
on time step 60293 (time=4263.36), 0.0133622 s/step
on time step 60597 (time=4284.85), 0.0131886 s/step
on time step 60966 (time=4310.95), 0.0108815 s/step
on time step 61256 (time=4331.45), 0.0138036 s/step
on time step 61624 (time=4357.47), 0.0109014 s/step
on time step 61919 (time=4378.33), 0.0137083 s/step
Meep progress: 4381.516458944323/36396.71651657121 = 12.0% done in 660.3s, 4824.4s to go
on time step 62195 (time=4397.85), 0.0145566 s/step
on time step 62450 (time=4415.88), 0.015707 s/step
on time step 62704 (time=4433.84), 0.0158347 s/step
on time step 62999 (time=4454.7), 0.0136185 s/step
on time step 63337 (time=4478.6), 0.0119326 s/step
on time step 63681 (time=4502.93), 0.011805 s/step
on time step 63972 (time=4523.5), 0.0138923 s/step
Meep progress: 4537.221372161601/36396.71651657121 = 12.5% done in 690.4s, 4847.6s to go
on time step 64243 (time=4542.67), 0.0147722 s/step
on time step 64570 (time=4565.79), 0.0122923 s/step
on time step 64849 (time=4585.52), 0.0143671 s/step
on time step 65168 (time=4608.07), 0.0126849 s/step
on time step 65463 (time=4628.93), 0.0135783 s/step
on time step 65849 (time=4656.23), 0.0104356 s/step
on time step 66201 (time=4681.12), 0.0114305 s/step
on time step 66537 (time=4704.88), 0.0119081 s/step
Meep progress: 4707.492685071322/36396.71651657121 = 12.9% done in 720.4s, 4849.4s to go
on time step 66874 (time=4728.71), 0.0118718 s/step
on time step 67234 (time=4754.16), 0.0111157 s/step
on time step 67568 (time=4777.78), 0.0121121 s/step
on time step 67927 (time=4803.16), 0.011199 s/step
on time step 68253 (time=4826.22), 0.0122953 s/step
on time step 68600 (time=4850.75), 0.0115506 s/step
on time step 68960 (time=4876.21), 0.01112 s/step
Meep progress: 4889.219127836264/36396.71651657121 = 13.4% done in 750.4s, 4835.7s to go
on time step 69285 (time=4899.19), 0.0123112 s/step
on time step 69622 (time=4923.02), 0.0118863 s/step
on time step 69932 (time=4944.94), 0.0129529 s/step
on time step 70221 (time=4965.37), 0.0138941 s/step
on time step 70556 (time=4989.06), 0.0119958 s/step
on time step 70860 (time=5010.56), 0.0132134 s/step
on time step 71141 (time=5030.43), 0.0142405 s/step
on time step 71415 (time=5049.8), 0.0146241 s/step
Meep progress: 5052.207240899764/36396.71651657121 = 13.9% done in 780.4s, 4841.6s to go
on time step 71780 (time=5075.61), 0.0109638 s/step
on time step 72166 (time=5102.91), 0.0103665 s/step
on time step 72499 (time=5126.45), 0.0120577 s/step
on time step 72798 (time=5147.6), 0.0133904 s/step
on time step 73143 (time=5171.99), 0.0115974 s/step
on time step 73545 (time=5200.42), 0.00995128 s/step
on time step 73916 (time=5226.65), 0.0108275 s/step
Meep progress: 5238.4591670643/36396.71651657121 = 14.4% done in 810.4s, 4820.2s to go
on time step 74215 (time=5247.79), 0.0134244 s/step
on time step 74589 (time=5274.24), 0.010746 s/step
on time step 74846 (time=5292.41), 0.0156267 s/step
on time step 75170 (time=5315.32), 0.0123467 s/step
on time step 75463 (time=5336.04), 0.0136744 s/step
on time step 75764 (time=5357.32), 0.0133575 s/step
on time step 76014 (time=5375), 0.0160091 s/step
on time step 76371 (time=5400.25), 0.0112047 s/step
Meep progress: 5402.790783012054/36396.71651657121 = 14.8% done in 840.4s, 4821.2s to go
on time step 76707 (time=5424), 0.0119225 s/step
on time step 77171 (time=5456.81), 0.00862549 s/step
on time step 77537 (time=5482.69), 0.0109318 s/step
on time step 77998 (time=5515.29), 0.00872533 s/step
on time step 78373 (time=5541.81), 0.0106732 s/step
on time step 78781 (time=5570.66), 0.00980404 s/step
on time step 79157 (time=5597.25), 0.0107684 s/step
Meep progress: 5612.377232955746/36396.71651657121 = 15.4% done in 870.4s, 4774.3s to go
on time step 79539 (time=5624.26), 0.0104863 s/step
on time step 79912 (time=5650.63), 0.0107276 s/step
on time step 80276 (time=5676.37), 0.01099 s/step
on time step 80580 (time=5697.87), 0.0131657 s/step
on time step 80939 (time=5723.25), 0.0111477 s/step
on time step 81270 (time=5746.66), 0.0120915 s/step
on time step 81617 (time=5771.19), 0.0115278 s/step
on time step 81951 (time=5794.81), 0.0122507 s/step
Meep progress: 5795.164335892468/36396.71651657121 = 15.9% done in 900.4s, 4754.8s to go
on time step 82233 (time=5814.75), 0.0141914 s/step
on time step 82580 (time=5839.29), 0.0115369 s/step
on time step 82876 (time=5860.22), 0.0135319 s/step
on time step 83167 (time=5880.79), 0.0137512 s/step
on time step 83485 (time=5903.28), 0.0126425 s/step
on time step 83788 (time=5924.71), 0.0132254 s/step
on time step 84077 (time=5945.14), 0.0139003 s/step
Meep progress: 5955.818996578052/36396.71651657121 = 16.4% done in 930.4s, 4755.6s to go
on time step 84365 (time=5965.51), 0.0140503 s/step
on time step 84642 (time=5985.09), 0.0144482 s/step
on time step 84902 (time=6003.48), 0.0153924 s/step
on time step 85195 (time=6024.2), 0.0137086 s/step
on time step 85492 (time=6045.2), 0.0135347 s/step
on time step 85785 (time=6065.92), 0.0136573 s/step
on time step 86019 (time=6082.46), 0.017592 s/step
Meep progress: 6100.139490618227/36396.71651657121 = 16.8% done in 960.5s, 4770.1s to go
on time step 86276 (time=6100.63), 0.0156762 s/step
on time step 86533 (time=6118.81), 0.0156194 s/step
on time step 86799 (time=6137.62), 0.0150523 s/step
on time step 87057 (time=6155.86), 0.0155147 s/step
on time step 87365 (time=6177.64), 0.0130024 s/step
on time step 87623 (time=6195.88), 0.0155258 s/step
on time step 87863 (time=6212.85), 0.0168067 s/step
on time step 88099 (time=6229.54), 0.016958 s/step
Meep progress: 6235.762571249807/36396.71651657121 = 17.1% done in 990.5s, 4790.7s to go
on time step 88318 (time=6245.03), 0.0183064 s/step
on time step 88620 (time=6266.38), 0.0134091 s/step
on time step 88885 (time=6285.12), 0.0150986 s/step
on time step 89136 (time=6302.87), 0.0159627 s/step
on time step 89382 (time=6320.26), 0.0163219 s/step
on time step 89668 (time=6340.49), 0.0141143 s/step
on time step 89979 (time=6362.48), 0.0128819 s/step
Meep progress: 6380.295197324337/36396.71651657121 = 17.5% done in 1020.5s, 4801.0s to go
on time step 90281 (time=6383.83), 0.0132912 s/step
on time step 90561 (time=6403.63), 0.0142873 s/step
on time step 90833 (time=6422.86), 0.0147252 s/step
on time step 91098 (time=6441.6), 0.0151086 s/step
on time step 91385 (time=6461.9), 0.0140305 s/step
on time step 91594 (time=6476.67), 0.0194749 s/step
on time step 91823 (time=6492.87), 0.0175373 s/step
on time step 92049 (time=6508.85), 0.0178599 s/step
Meep progress: 6512.877718796814/36396.71651657121 = 17.9% done in 1050.6s, 4820.5s to go
on time step 92215 (time=6520.59), 0.0241344 s/step
on time step 92443 (time=6536.71), 0.0176351 s/step
on time step 92619 (time=6549.15), 0.022728 s/step
on time step 92865 (time=6566.55), 0.0163581 s/step
on time step 93095 (time=6582.81), 0.0174117 s/step
on time step 93289 (time=6596.53), 0.0206583 s/step
on time step 93499 (time=6611.38), 0.0191864 s/step
Meep progress: 6620.499370893407/36396.71651657121 = 18.2% done in 1080.6s, 4860.1s to go
on time step 93638 (time=6621.21), 0.0290438 s/step
on time step 93844 (time=6635.77), 0.0195046 s/step
on time step 94049 (time=6650.27), 0.0195175 s/step
on time step 94293 (time=6667.52), 0.0168715 s/step
on time step 94524 (time=6683.86), 0.0173944 s/step
on time step 94724 (time=6698), 0.020048 s/step
on time step 94926 (time=6712.28), 0.01985 s/step
on time step 95204 (time=6731.94), 0.0144475 s/step
Meep progress: 6736.040618939289/36396.71651657121 = 18.5% done in 1110.6s, 4890.5s to go
on time step 95408 (time=6746.36), 0.0196096 s/step
on time step 95590 (time=6759.23), 0.0220994 s/step
on time step 95808 (time=6774.65), 0.0184023 s/step
on time step 96100 (time=6795.3), 0.013707 s/step
on time step 96385 (time=6815.45), 0.0140952 s/step
on time step 96714 (time=6838.71), 0.0121594 s/step
on time step 97052 (time=6862.61), 0.0118528 s/step
Meep progress: 6881.1389304387685/36396.71651657121 = 18.9% done in 1140.7s, 4892.8s to go
on time step 97342 (time=6883.12), 0.0138672 s/step
on time step 97682 (time=6907.16), 0.0118477 s/step
on time step 97949 (time=6926.04), 0.0149968 s/step
on time step 98270 (time=6948.74), 0.0125882 s/step
on time step 98549 (time=6968.47), 0.0144694 s/step
on time step 98873 (time=6991.38), 0.012348 s/step
on time step 99141 (time=7010.33), 0.01493 s/step
on time step 99469 (time=7033.52), 0.0122509 s/step
Meep progress: 7039.742981458911/36396.71651657121 = 19.3% done in 1170.7s, 4882.1s to go
on time step 99711 (time=7050.63), 0.016548 s/step
on time step 99928 (time=7065.98), 0.0184371 s/step
on time step 100180 (time=7083.8), 0.0159682 s/step
on time step 100494 (time=7106), 0.0127465 s/step
on time step 100784 (time=7126.5), 0.0137935 s/step
on time step 101139 (time=7151.61), 0.0113379 s/step
on time step 101410 (time=7170.77), 0.0148275 s/step
Meep progress: 7186.609059911357/36396.71651657121 = 19.7% done in 1200.8s, 4880.6s to go
on time step 101681 (time=7189.93), 0.0150738 s/step
on time step 101912 (time=7206.27), 0.0173222 s/step
on time step 102208 (time=7227.2), 0.0136848 s/step
on time step 102483 (time=7246.64), 0.014582 s/step
on time step 102756 (time=7265.95), 0.0146611 s/step
on time step 103043 (time=7286.24), 0.0140019 s/step
on time step 103333 (time=7306.75), 0.013816 s/step
on time step 103591 (time=7324.99), 0.0155099 s/step
Meep progress: 7329.727472423514/36396.71651657121 = 20.1% done in 1230.8s, 4880.8s to go
on time step 103857 (time=7343.8), 0.0150898 s/step
on time step 104144 (time=7364.09), 0.0140324 s/step
on time step 104456 (time=7386.15), 0.0128567 s/step
on time step 104777 (time=7408.85), 0.0125196 s/step
on time step 105056 (time=7428.58), 0.0143418 s/step
on time step 105337 (time=7448.45), 0.0142349 s/step
on time step 105627 (time=7468.96), 0.0137984 s/step
Meep progress: 7485.503096318911/36396.71651657121 = 20.6% done in 1260.9s, 4869.8s to go
on time step 105935 (time=7490.74), 0.013051 s/step
on time step 106235 (time=7511.95), 0.01336 s/step
on time step 106484 (time=7529.56), 0.0161373 s/step
on time step 106735 (time=7547.3), 0.0159557 s/step
on time step 107010 (time=7566.75), 0.0146264 s/step
on time step 107293 (time=7586.76), 0.014142 s/step
on time step 107535 (time=7603.87), 0.0165731 s/step
on time step 107837 (time=7625.23), 0.0132983 s/step
Meep progress: 7630.10643307156/36396.71651657121 = 21.0% done in 1290.9s, 4866.7s to go
on time step 108102 (time=7643.97), 0.0151307 s/step
on time step 108331 (time=7660.16), 0.0175339 s/step
on time step 108629 (time=7681.23), 0.0134593 s/step
on time step 108881 (time=7699.05), 0.015933 s/step
on time step 109189 (time=7720.83), 0.0131349 s/step
on time step 109520 (time=7744.23), 0.0121421 s/step
on time step 109822 (time=7765.59), 0.0133105 s/step
Meep progress: 7778.457435764497/36396.71651657121 = 21.4% done in 1320.9s, 4859.7s to go
on time step 110074 (time=7783.41), 0.015883 s/step
on time step 110413 (time=7807.38), 0.0118008 s/step
on time step 110663 (time=7825.06), 0.0160221 s/step
on time step 110985 (time=7847.82), 0.0124925 s/step
on time step 111278 (time=7868.54), 0.0137216 s/step
on time step 111581 (time=7889.97), 0.0132105 s/step
on time step 111834 (time=7907.86), 0.0158111 s/step
on time step 112129 (time=7928.72), 0.0135636 s/step
Meep progress: 7932.536003385046/36396.71651657121 = 21.8% done in 1350.9s, 4847.4s to go
on time step 112397 (time=7947.67), 0.0149949 s/step
on time step 112727 (time=7971), 0.0121413 s/step
on time step 112997 (time=7990.09), 0.0151276 s/step
on time step 113319 (time=8012.86), 0.0124229 s/step
on time step 113614 (time=8033.72), 0.0135601 s/step
on time step 113968 (time=8058.75), 0.011353 s/step
on time step 114323 (time=8083.86), 0.0112685 s/step
Meep progress: 8100.191021204377/36396.71651657121 = 22.3% done in 1380.9s, 4823.9s to go
on time step 114683 (time=8109.31), 0.0111157 s/step
on time step 115017 (time=8132.93), 0.0119818 s/step
on time step 115375 (time=8158.24), 0.0111826 s/step
on time step 115734 (time=8183.63), 0.0111473 s/step
on time step 116127 (time=8211.42), 0.0102245 s/step
on time step 116484 (time=8236.66), 0.0112124 s/step
on time step 116816 (time=8260.14), 0.0120536 s/step
on time step 117153 (time=8283.97), 0.0119388 s/step
Meep progress: 8288.21071432188/36396.71651657121 = 22.8% done in 1410.9s, 4784.9s to go
on time step 117516 (time=8309.64), 0.0110255 s/step
on time step 117906 (time=8337.21), 0.0102585 s/step
on time step 118282 (time=8363.8), 0.0106387 s/step
on time step 118670 (time=8391.24), 0.0103109 s/step
on time step 119080 (time=8420.23), 0.00975793 s/step
on time step 119477 (time=8448.3), 0.0100764 s/step
on time step 119864 (time=8475.66), 0.0103834 s/step
Meep progress: 8492.069599337961/36396.71651657121 = 23.3% done in 1440.9s, 4734.7s to go
on time step 120226 (time=8501.26), 0.0110751 s/step
on time step 120540 (time=8523.47), 0.0128334 s/step
on time step 120926 (time=8550.76), 0.0104019 s/step
on time step 121279 (time=8575.72), 0.0113327 s/step
on time step 121629 (time=8600.47), 0.0114507 s/step
on time step 121924 (time=8621.33), 0.0136257 s/step
on time step 122273 (time=8646.01), 0.0114655 s/step
on time step 122720 (time=8677.61), 0.00895315 s/step
Meep progress: 8680.230713811701/36396.71651657121 = 23.8% done in 1470.9s, 4696.7s to go
on time step 123079 (time=8703), 0.0111437 s/step
on time step 123441 (time=8728.6), 0.0111082 s/step
on time step 123789 (time=8753.2), 0.0114943 s/step
on time step 124114 (time=8776.19), 0.0123272 s/step
on time step 124495 (time=8803.13), 0.0105592 s/step
on time step 124818 (time=8825.97), 0.0123918 s/step
on time step 125170 (time=8850.86), 0.0114341 s/step
Meep progress: 8867.119036079306/36396.71651657121 = 24.4% done in 1500.9s, 4659.9s to go
on time step 125536 (time=8876.74), 0.010935 s/step
on time step 125817 (time=8896.61), 0.0143311 s/step
on time step 126138 (time=8919.3), 0.013133 s/step
on time step 126474 (time=8943.06), 0.0119935 s/step
on time step 126826 (time=8967.95), 0.0113658 s/step
on time step 127207 (time=8994.89), 0.0105294 s/step
on time step 127480 (time=9014.2), 0.0146863 s/step
on time step 127806 (time=9037.25), 0.0123623 s/step
Meep progress: 9037.814613057739/36396.71651657121 = 24.8% done in 1530.9s, 4634.3s to go
on time step 128106 (time=9058.46), 0.0133869 s/step
on time step 128353 (time=9075.93), 0.0162275 s/step
on time step 128675 (time=9098.7), 0.0124426 s/step
on time step 128927 (time=9116.52), 0.0158739 s/step
on time step 129327 (time=9144.8), 0.01002 s/step
on time step 129617 (time=9165.31), 0.0139823 s/step
on time step 129947 (time=9188.64), 0.0121737 s/step
Meep progress: 9202.146229005491/36396.71651657121 = 25.3% done in 1561.0s, 4613.0s to go
on time step 130302 (time=9213.74), 0.0113062 s/step
on time step 130714 (time=9242.88), 0.00990662 s/step
on time step 130970 (time=9260.98), 0.0157024 s/step
on time step 131238 (time=9279.93), 0.0149842 s/step
on time step 131590 (time=9304.82), 0.0113662 s/step
on time step 131911 (time=9327.52), 0.0124743 s/step
on time step 132301 (time=9355.09), 0.0103864 s/step
Meep progress: 9377.2965787054/36396.71651657121 = 25.8% done in 1591.0s, 4584.2s to go
on time step 132623 (time=9377.86), 0.0124502 s/step
on time step 133062 (time=9408.9), 0.00929441 s/step
on time step 133392 (time=9432.24), 0.0121246 s/step
on time step 133745 (time=9457.2), 0.0113784 s/step
on time step 134096 (time=9482.02), 0.0115339 s/step
on time step 134522 (time=9512.14), 0.00939096 s/step
on time step 134920 (time=9540.28), 0.0100514 s/step
on time step 135296 (time=9566.87), 0.0106774 s/step
Meep progress: 9576.842112356244/36396.71651657121 = 26.3% done in 1621.0s, 4539.6s to go
on time step 135637 (time=9590.98), 0.0117347 s/step
on time step 136051 (time=9620.26), 0.00966607 s/step
on time step 136358 (time=9641.97), 0.0130307 s/step
on time step 136746 (time=9669.4), 0.0103122 s/step
on time step 137097 (time=9694.22), 0.0114144 s/step
on time step 137470 (time=9720.6), 0.0108146 s/step
on time step 137800 (time=9743.93), 0.0121553 s/step
Meep progress: 9770.377238367002/36396.71651657121 = 26.8% done in 1651.0s, 4499.3s to go
on time step 138209 (time=9772.85), 0.0100185 s/step
on time step 138594 (time=9800.08), 0.0103901 s/step
on time step 139036 (time=9831.33), 0.00922613 s/step
on time step 139402 (time=9857.21), 0.0110982 s/step
on time step 139773 (time=9883.44), 0.0107888 s/step
on time step 140152 (time=9910.24), 0.0105784 s/step
on time step 140575 (time=9940.15), 0.00945993 s/step
on time step 140954 (time=9966.95), 0.0106177 s/step
Meep progress: 9976.074601014168/36396.71651657121 = 27.4% done in 1681.0s, 4452.0s to go
on time step 141308 (time=9991.98), 0.0113841 s/step
on time step 141635 (time=10015.1), 0.0122945 s/step
on time step 141987 (time=10040), 0.011393 s/step
on time step 142340 (time=10065), 0.0113727 s/step
on time step 142629 (time=10085.4), 0.013866 s/step
on time step 143010 (time=10112.3), 0.0104998 s/step
on time step 143396 (time=10139.6), 0.0104191 s/step
Meep progress: 10161.61942039752/36396.71651657121 = 27.9% done in 1711.0s, 4417.6s to go
on time step 143777 (time=10166.6), 0.0105017 s/step
on time step 144086 (time=10188.4), 0.0130969 s/step
on time step 144382 (time=10209.3), 0.0139282 s/step
on time step 144728 (time=10233.8), 0.0115768 s/step
on time step 145106 (time=10260.5), 0.0105867 s/step
on time step 145423 (time=10283), 0.0126482 s/step
on time step 145743 (time=10305.6), 0.0125337 s/step
on time step 146113 (time=10331.7), 0.0108556 s/step
Meep progress: 10340.72956807207/36396.71651657121 = 28.4% done in 1741.1s, 4387.1s to go
on time step 146461 (time=10356.4), 0.0115502 s/step
on time step 146854 (time=10384.1), 0.0102233 s/step
on time step 147282 (time=10414.4), 0.0093495 s/step
on time step 147729 (time=10446), 0.00909922 s/step
on time step 148138 (time=10474.9), 0.00981316 s/step
on time step 148497 (time=10500.3), 0.0111834 s/step
on time step 148890 (time=10528.1), 0.0102077 s/step
Meep progress: 10549.043225809628/36396.71651657121 = 29.0% done in 1771.1s, 4339.6s to go
on time step 149276 (time=10555.4), 0.0103871 s/step
on time step 149658 (time=10582.4), 0.0105223 s/step
on time step 150018 (time=10607.9), 0.0111418 s/step
on time step 150393 (time=10634.4), 0.0106967 s/step
on time step 150784 (time=10662), 0.0102622 s/step
on time step 151136 (time=10686.9), 0.0115059 s/step
on time step 151534 (time=10715.1), 0.0100523 s/step
on time step 151895 (time=10740.6), 0.0110854 s/step
Meep progress: 10747.457388610574/36396.71651657121 = 29.5% done in 1801.1s, 4298.4s to go
on time step 152273 (time=10767.3), 0.0105843 s/step
on time step 152619 (time=10791.8), 0.0115631 s/step
on time step 153027 (time=10820.6), 0.00980751 s/step
on time step 153368 (time=10844.8), 0.0117402 s/step
on time step 153756 (time=10872.2), 0.0103147 s/step
on time step 154132 (time=10898.8), 0.0106796 s/step
on time step 154515 (time=10925.9), 0.0104475 s/step
Meep progress: 10945.093733952213/36396.71651657121 = 30.1% done in 1831.1s, 4258.0s to go
on time step 154888 (time=10952.2), 0.0107266 s/step
on time step 155278 (time=10979.8), 0.0102598 s/step
on time step 155662 (time=11007), 0.0104189 s/step
on time step 156035 (time=11033.3), 0.0107306 s/step
on time step 156379 (time=11057.7), 0.0116319 s/step
on time step 156823 (time=11089.1), 0.0090094 s/step
on time step 157218 (time=11117), 0.0101328 s/step
on time step 157660 (time=11148.2), 0.00907892 s/step
Meep progress: 11154.96302660838/36396.71651657121 = 30.6% done in 1861.1s, 4211.4s to go
on time step 158155 (time=11183.2), 0.00812868 s/step
on time step 158604 (time=11215), 0.00891617 s/step
on time step 159104 (time=11250.4), 0.00800043 s/step
on time step 159559 (time=11282.5), 0.00879876 s/step
on time step 160035 (time=11316.2), 0.00840428 s/step
on time step 160516 (time=11350.2), 0.00832506 s/step
on time step 160976 (time=11382.7), 0.00873178 s/step
Meep progress: 11405.066695114063/36396.71651657121 = 31.3% done in 1891.1s, 4144.0s to go
on time step 161446 (time=11416), 0.00851271 s/step
on time step 161901 (time=11448.1), 0.00879619 s/step
on time step 162389 (time=11482.6), 0.00820093 s/step
on time step 162847 (time=11515), 0.00873804 s/step
on time step 163297 (time=11546.8), 0.00892787 s/step
on time step 163732 (time=11577.6), 0.00919577 s/step
on time step 164195 (time=11610.3), 0.00864241 s/step
on time step 164631 (time=11641.2), 0.00917841 s/step
Meep progress: 11646.897214279861/36396.71651657121 = 32.0% done in 1921.1s, 4082.5s to go
on time step 165107 (time=11674.8), 0.00840869 s/step
on time step 165594 (time=11709.3), 0.00821664 s/step
on time step 166033 (time=11740.3), 0.00911644 s/step
on time step 166470 (time=11771.2), 0.00915795 s/step
on time step 166921 (time=11803.1), 0.00892539 s/step
on time step 167389 (time=11836.2), 0.00857477 s/step
on time step 167842 (time=11868.2), 0.00883774 s/step
Meep progress: 11889.576261583084/36396.71651657121 = 32.7% done in 1951.2s, 4021.8s to go
on time step 168317 (time=11901.8), 0.00842224 s/step
on time step 168729 (time=11930.9), 0.00972607 s/step
on time step 169120 (time=11958.6), 0.0102881 s/step
on time step 169554 (time=11989.3), 0.0092192 s/step
on time step 169997 (time=12020.6), 0.00906736 s/step
on time step 170419 (time=12050.4), 0.00949424 s/step
on time step 170802 (time=12077.5), 0.0105098 s/step
on time step 171226 (time=12107.5), 0.00945116 s/step
Meep progress: 12112.032054944373/36396.71651657121 = 33.3% done in 1981.2s, 3972.2s to go
on time step 171658 (time=12138.1), 0.00945191 s/step
on time step 172121 (time=12170.8), 0.00869263 s/step
on time step 172483 (time=12196.4), 0.0110983 s/step
on time step 172887 (time=12225), 0.00995219 s/step
on time step 173327 (time=12256.1), 0.00909466 s/step
on time step 173746 (time=12285.7), 0.00970825 s/step
on time step 174167 (time=12315.5), 0.00953107 s/step
Meep progress: 12333.215056099525/36396.71651657121 = 33.9% done in 2011.2s, 3924.0s to go
on time step 174585 (time=12345), 0.0096034 s/step
on time step 175050 (time=12377.9), 0.00862751 s/step
on time step 175453 (time=12406.4), 0.00996323 s/step
on time step 175893 (time=12437.5), 0.00911513 s/step
on time step 176396 (time=12473.1), 0.00812044 s/step
on time step 176770 (time=12499.5), 0.0107235 s/step
on time step 177175 (time=12528.2), 0.00990761 s/step
on time step 177599 (time=12558.1), 0.00946414 s/step
Meep progress: 12559.984200826051/36396.71651657121 = 34.5% done in 2041.2s, 3873.9s to go
on time step 177924 (time=12581.1), 0.0123428 s/step
on time step 178286 (time=12606.7), 0.011071 s/step
on time step 178692 (time=12635.4), 0.00992194 s/step
on time step 179173 (time=12669.4), 0.00832235 s/step
on time step 179573 (time=12697.7), 0.0102471 s/step
on time step 180009 (time=12728.6), 0.00928383 s/step
on time step 180416 (time=12757.3), 0.00984321 s/step
Meep progress: 12773.9547128131/36396.71651657121 = 35.1% done in 2071.2s, 3830.3s to go
on time step 180875 (time=12789.8), 0.00880214 s/step
on time step 181282 (time=12818.6), 0.00982967 s/step
on time step 181702 (time=12848.3), 0.00955015 s/step
on time step 182140 (time=12879.2), 0.00915379 s/step
on time step 182560 (time=12908.9), 0.00968196 s/step
on time step 182998 (time=12939.9), 0.00913809 s/step
on time step 183373 (time=12966.4), 0.0106762 s/step
Meep progress: 12996.481216852506/36396.71651657121 = 35.7% done in 2101.2s, 3783.3s to go
on time step 183799 (time=12996.6), 0.00939234 s/step
on time step 184214 (time=13025.9), 0.00969315 s/step
on time step 184661 (time=13057.5), 0.00895189 s/step
on time step 185079 (time=13087.1), 0.00959231 s/step
on time step 185481 (time=13115.5), 0.00997633 s/step
on time step 185877 (time=13143.5), 0.010133 s/step
on time step 186352 (time=13177.1), 0.00845777 s/step
on time step 186746 (time=13204.9), 0.0101747 s/step
Meep progress: 13219.644116994981/36396.71651657121 = 36.3% done in 2131.2s, 3736.5s to go
on time step 187182 (time=13235.8), 0.00921883 s/step
on time step 187673 (time=13270.5), 0.00814668 s/step
on time step 188192 (time=13307.2), 0.00773473 s/step
on time step 188661 (time=13340.3), 0.0085512 s/step
on time step 189183 (time=13377.3), 0.00778246 s/step
on time step 189683 (time=13412.6), 0.00802744 s/step
on time step 190233 (time=13451.5), 0.00729719 s/step
Meep progress: 13481.061493999647/36396.71651657121 = 37.0% done in 2161.2s, 3673.7s to go
on time step 190684 (time=13483.4), 0.00888531 s/step
on time step 191219 (time=13521.2), 0.00750723 s/step
on time step 191718 (time=13556.5), 0.00804363 s/step
on time step 192239 (time=13593.4), 0.00767865 s/step
on time step 192685 (time=13624.9), 0.00904087 s/step
on time step 193207 (time=13661.8), 0.00766779 s/step
on time step 193672 (time=13694.7), 0.00867454 s/step
on time step 194182 (time=13730.7), 0.00788015 s/step
Meep progress: 13745.024455416586/36396.71651657121 = 37.8% done in 2191.2s, 3611.1s to go
on time step 194660 (time=13764.5), 0.00838566 s/step
on time step 195192 (time=13802.2), 0.00753375 s/step
on time step 195683 (time=13836.9), 0.00818304 s/step
on time step 196208 (time=13874), 0.00762391 s/step
on time step 196697 (time=13908.6), 0.00818339 s/step
on time step 197221 (time=13945.6), 0.00763499 s/step
on time step 197726 (time=13981.3), 0.00792204 s/step
Meep progress: 14013.300768198762/36396.71651657121 = 38.5% done in 2221.2s, 3548.0s to go
on time step 198223 (time=14016.5), 0.00806348 s/step
on time step 198714 (time=14051.2), 0.0081636 s/step
on time step 199169 (time=14083.4), 0.00879321 s/step
on time step 199629 (time=14115.9), 0.00869601 s/step
on time step 200092 (time=14148.6), 0.00867144 s/step
on time step 200545 (time=14180.7), 0.00883361 s/step
on time step 201004 (time=14213.1), 0.00874779 s/step
on time step 201437 (time=14243.7), 0.00927144 s/step
Meep progress: 14257.676871776832/36396.71651657121 = 39.2% done in 2251.2s, 3495.7s to go
on time step 201881 (time=14275.1), 0.00902923 s/step
on time step 202388 (time=14311), 0.00792268 s/step
on time step 202859 (time=14344.3), 0.00851001 s/step
on time step 203318 (time=14376.8), 0.00876164 s/step
on time step 203717 (time=14405), 0.0100425 s/step
on time step 204130 (time=14434.2), 0.00973439 s/step
on time step 204551 (time=14463.9), 0.00950175 s/step
Meep progress: 14491.870637705817/36396.71651657121 = 39.8% done in 2281.2s, 3448.2s to go
on time step 204978 (time=14494.1), 0.00937023 s/step
on time step 205437 (time=14526.6), 0.00872074 s/step
on time step 205817 (time=14553.5), 0.0105272 s/step
on time step 206267 (time=14585.3), 0.00893405 s/step
on time step 206697 (time=14615.7), 0.00945461 s/step
on time step 207121 (time=14645.7), 0.00946326 s/step
on time step 207511 (time=14673.2), 0.0102577 s/step
on time step 207920 (time=14702.2), 0.00978791 s/step
Meep progress: 14712.134400045426/36396.71651657121 = 40.4% done in 2311.3s, 3406.7s to go
on time step 208340 (time=14731.9), 0.00952935 s/step
on time step 208747 (time=14760.6), 0.00983359 s/step
on time step 209189 (time=14791.9), 0.00909546 s/step
on time step 209587 (time=14820), 0.0101047 s/step
on time step 209948 (time=14845.6), 0.0110973 s/step
on time step 210375 (time=14875.8), 0.00938242 s/step
on time step 210802 (time=14906), 0.00936841 s/step
Meep progress: 14932.11531967256/36396.71651657121 = 41.0% done in 2341.3s, 3365.6s to go
on time step 211220 (time=14935.5), 0.00960653 s/step
on time step 211665 (time=14967), 0.00899379 s/step
on time step 212045 (time=14993.8), 0.0105322 s/step
on time step 212408 (time=15019.5), 0.0110506 s/step
on time step 212826 (time=15049.1), 0.00957564 s/step
on time step 213192 (time=15075), 0.0109522 s/step
on time step 213599 (time=15103.7), 0.00985742 s/step
on time step 214015 (time=15133.1), 0.00965479 s/step
Meep progress: 15143.823089959813/36396.71651657121 = 41.6% done in 2371.3s, 3327.9s to go
on time step 214412 (time=15161.2), 0.010127 s/step
on time step 214750 (time=15185.1), 0.0118477 s/step
on time step 215107 (time=15210.4), 0.011212 s/step
on time step 215533 (time=15240.5), 0.0093907 s/step
on time step 215918 (time=15267.7), 0.0103926 s/step
on time step 216353 (time=15298.5), 0.00919882 s/step
on time step 216739 (time=15325.8), 0.0104249 s/step
Meep progress: 15347.611264297777/36396.71651657121 = 42.2% done in 2401.3s, 3293.4s to go
on time step 217116 (time=15352.4), 0.0106142 s/step
on time step 217493 (time=15379.1), 0.0106102 s/step
on time step 217826 (time=15402.6), 0.0120195 s/step
on time step 218242 (time=15432), 0.00962159 s/step
on time step 218587 (time=15456.4), 0.0115949 s/step
on time step 218934 (time=15481), 0.0115332 s/step
on time step 219362 (time=15511.2), 0.00935675 s/step
on time step 219728 (time=15537.1), 0.01096 s/step
Meep progress: 15546.73253387991/36396.71651657121 = 42.7% done in 2431.3s, 3260.7s to go
on time step 220115 (time=15564.5), 0.0103378 s/step
on time step 220484 (time=15590.6), 0.0108607 s/step
on time step 220868 (time=15617.7), 0.0104532 s/step
on time step 221223 (time=15642.8), 0.0112697 s/step
on time step 221635 (time=15672), 0.00971455 s/step
on time step 222002 (time=15697.9), 0.0110006 s/step
on time step 222440 (time=15728.9), 0.00916711 s/step
Meep progress: 15754.621927548753/36396.71651657121 = 43.3% done in 2461.3s, 3224.9s to go
on time step 222871 (time=15759.4), 0.00928481 s/step
on time step 223299 (time=15789.6), 0.00935199 s/step
on time step 223655 (time=15814.8), 0.0112731 s/step
on time step 224049 (time=15842.7), 0.0101581 s/step
on time step 224440 (time=15870.3), 0.0102599 s/step
on time step 224839 (time=15898.5), 0.0100366 s/step
on time step 225254 (time=15927.9), 0.00964145 s/step
on time step 225727 (time=15961.3), 0.00849542 s/step
Meep progress: 15970.996602591837/36396.71651657121 = 43.9% done in 2491.3s, 3186.3s to go
on time step 226145 (time=15990.9), 0.00957239 s/step
on time step 226527 (time=16017.9), 0.0105327 s/step
on time step 226945 (time=16047.4), 0.00957047 s/step
on time step 227314 (time=16073.5), 0.0109395 s/step
on time step 227692 (time=16100.3), 0.0105839 s/step
on time step 228058 (time=16126.1), 0.0109658 s/step
on time step 228428 (time=16152.3), 0.010847 s/step
Meep progress: 16173.936248792375/36396.71651657121 = 44.4% done in 2521.4s, 3152.5s to go
on time step 228830 (time=16180.7), 0.00998445 s/step
on time step 229212 (time=16207.7), 0.0105262 s/step
on time step 229626 (time=16237), 0.00968503 s/step
on time step 230053 (time=16267.2), 0.00936865 s/step
on time step 230466 (time=16296.4), 0.0096903 s/step
on time step 230774 (time=16318.2), 0.0130328 s/step
on time step 231119 (time=16342.6), 0.0116181 s/step
on time step 231534 (time=16371.9), 0.00963892 s/step
Meep progress: 16379.421479405186/36396.71651657121 = 45.0% done in 2551.4s, 3118.0s to go
on time step 232015 (time=16405.9), 0.00835963 s/step
on time step 232398 (time=16433), 0.0104451 s/step
on time step 232812 (time=16462.3), 0.00967658 s/step
on time step 233206 (time=16490.2), 0.0101569 s/step
on time step 233621 (time=16519.5), 0.0096792 s/step
on time step 233970 (time=16544.2), 0.0114626 s/step
on time step 234346 (time=16570.8), 0.0106392 s/step
Meep progress: 16588.795797314524/36396.71651657121 = 45.6% done in 2581.4s, 3082.4s to go
on time step 234688 (time=16594.9), 0.0117005 s/step
on time step 235088 (time=16623.2), 0.0100066 s/step
on time step 235479 (time=16650.9), 0.0102314 s/step
on time step 235903 (time=16680.9), 0.00948252 s/step
on time step 236250 (time=16705.4), 0.0115281 s/step
on time step 236696 (time=16736.9), 0.00897287 s/step
on time step 237014 (time=16759.4), 0.0126398 s/step
on time step 237433 (time=16789), 0.00958159 s/step
Meep progress: 16796.968033695844/36396.71651657121 = 46.1% done in 2611.5s, 3047.2s to go
on time step 237772 (time=16813), 0.011865 s/step
on time step 238188 (time=16842.4), 0.00961821 s/step
on time step 238491 (time=16863.9), 0.0132027 s/step
on time step 238828 (time=16887.7), 0.0118724 s/step
on time step 239194 (time=16913.6), 0.0109629 s/step
on time step 239579 (time=16940.8), 0.010398 s/step
on time step 239985 (time=16969.5), 0.00985628 s/step
Meep progress: 16991.846662590855/36396.71651657121 = 46.7% done in 2641.5s, 3016.6s to go
on time step 240409 (time=16999.5), 0.00953493 s/step
on time step 240720 (time=17021.5), 0.0129095 s/step
on time step 241101 (time=17048.4), 0.0105078 s/step
on time step 241468 (time=17074.4), 0.0110958 s/step
on time step 241899 (time=17104.8), 0.0092894 s/step
on time step 242294 (time=17132.8), 0.0101406 s/step
on time step 242701 (time=17161.6), 0.00983173 s/step
on time step 243000 (time=17182.7), 0.0134312 s/step
Meep progress: 17187.573819623292/36396.71651657121 = 47.2% done in 2671.6s, 2985.8s to go
on time step 243388 (time=17210.1), 0.0103322 s/step
on time step 243705 (time=17232.5), 0.0127469 s/step
on time step 244048 (time=17256.8), 0.0118246 s/step
on time step 244415 (time=17282.8), 0.0109138 s/step
on time step 244816 (time=17311.1), 0.00998219 s/step
on time step 245185 (time=17337.2), 0.010918 s/step
on time step 245558 (time=17363.6), 0.0107962 s/step
Meep progress: 17380.896813599695/36396.71651657121 = 47.8% done in 2701.6s, 2955.7s to go
on time step 245895 (time=17387.4), 0.0119419 s/step
on time step 246303 (time=17416.3), 0.00981082 s/step
on time step 246694 (time=17443.9), 0.0102796 s/step
on time step 247037 (time=17468.2), 0.0117759 s/step
on time step 247406 (time=17494.2), 0.0110519 s/step
on time step 247755 (time=17518.9), 0.0115135 s/step
on time step 248040 (time=17539.1), 0.0140495 s/step
on time step 248415 (time=17565.6), 0.0106671 s/step
Meep progress: 17568.421531970365/36396.71651657121 = 48.3% done in 2731.6s, 2927.5s to go
on time step 248689 (time=17585), 0.0146457 s/step
on time step 249096 (time=17613.7), 0.0098443 s/step
on time step 249404 (time=17635.5), 0.0130547 s/step
on time step 249836 (time=17666.1), 0.00926761 s/step
on time step 250255 (time=17695.7), 0.00959602 s/step
on time step 250592 (time=17719.5), 0.0118954 s/step
on time step 250960 (time=17745.6), 0.0109672 s/step
Meep progress: 17760.259601706275/36396.71651657121 = 48.8% done in 2761.6s, 2897.9s to go
on time step 251349 (time=17773.1), 0.0103061 s/step
on time step 251757 (time=17801.9), 0.00980747 s/step
on time step 252117 (time=17827.4), 0.0111435 s/step
on time step 252477 (time=17852.8), 0.0111168 s/step
on time step 252894 (time=17882.3), 0.00959628 s/step
on time step 253237 (time=17906.6), 0.0116687 s/step
on time step 253586 (time=17931.2), 0.0115196 s/step
on time step 253932 (time=17955.7), 0.0115615 s/step
Meep progress: 17957.471682979205/36396.71651657121 = 49.3% done in 2791.7s, 2866.6s to go
on time step 254296 (time=17981.4), 0.0110004 s/step
on time step 254662 (time=18007.3), 0.0109722 s/step
on time step 255058 (time=18035.3), 0.010111 s/step
on time step 255401 (time=18059.6), 0.0117282 s/step
on time step 255769 (time=18085.6), 0.0110389 s/step
on time step 256157 (time=18113), 0.0103132 s/step
on time step 256507 (time=18137.8), 0.01148 s/step
Meep progress: 18149.592595427588/36396.71651657121 = 49.9% done in 2821.7s, 2836.8s to go
on time step 256863 (time=18163), 0.0112457 s/step
on time step 257212 (time=18187.6), 0.0115278 s/step
on time step 257552 (time=18211.7), 0.0117734 s/step
on time step 257927 (time=18238.2), 0.010803 s/step
on time step 258242 (time=18260.5), 0.0127316 s/step
on time step 258574 (time=18283.9), 0.012081 s/step
on time step 258946 (time=18310.2), 0.0108709 s/step
on time step 259307 (time=18335.8), 0.0111688 s/step
Meep progress: 18336.1273643046/36396.71651657121 = 50.4% done in 2851.7s, 2808.8s to go
on time step 259661 (time=18360.8), 0.0113257 s/step
on time step 260012 (time=18385.6), 0.0114769 s/step
on time step 260380 (time=18411.6), 0.0110442 s/step
on time step 260722 (time=18435.8), 0.0117401 s/step
on time step 261058 (time=18459.6), 0.0119094 s/step
on time step 261436 (time=18486.3), 0.0106004 s/step
on time step 261764 (time=18509.5), 0.0121976 s/step
Meep progress: 18524.42990013458/36396.71651657121 = 50.9% done in 2881.7s, 2780.2s to go
on time step 262171 (time=18538.3), 0.00986398 s/step
on time step 262508 (time=18562.1), 0.0119581 s/step
on time step 262887 (time=18588.9), 0.0105611 s/step
on time step 263268 (time=18615.9), 0.0105063 s/step
on time step 263675 (time=18644.6), 0.00985716 s/step
on time step 263977 (time=18666), 0.0132729 s/step
on time step 264325 (time=18690.6), 0.0115566 s/step
Meep progress: 18712.732435964557/36396.71651657121 = 51.4% done in 2911.7s, 2751.6s to go
on time step 264646 (time=18713.3), 0.012544 s/step
on time step 264922 (time=18732.8), 0.0145253 s/step
on time step 265199 (time=18752.4), 0.0145187 s/step
on time step 265552 (time=18777.4), 0.0114364 s/step
on time step 265806 (time=18795.3), 0.0158665 s/step
on time step 266109 (time=18816.7), 0.0132819 s/step
on time step 266392 (time=18836.8), 0.0144795 s/step
on time step 266687 (time=18857.6), 0.0135634 s/step
Meep progress: 18868.295927825595/36396.71651657121 = 51.8% done in 2941.7s, 2732.8s to go
on time step 266993 (time=18879.3), 0.0130954 s/step
on time step 267407 (time=18908.5), 0.009684 s/step
on time step 267765 (time=18933.8), 0.0111773 s/step
on time step 268167 (time=18962.3), 0.00995938 s/step
on time step 268489 (time=18985), 0.0124297 s/step
on time step 268873 (time=19012.2), 0.0106595 s/step
on time step 269245 (time=19038.5), 0.0107552 s/step
Meep progress: 19059.99257620527/36396.71651657121 = 52.4% done in 2971.8s, 2703.1s to go
on time step 269570 (time=19061.5), 0.0123547 s/step
on time step 269967 (time=19089.5), 0.0101291 s/step
on time step 270338 (time=19115.8), 0.0108118 s/step
on time step 270676 (time=19139.7), 0.0120176 s/step
on time step 271035 (time=19165.1), 0.0111659 s/step
on time step 271328 (time=19185.8), 0.0136641 s/step
on time step 271651 (time=19208.6), 0.0125004 s/step
on time step 271991 (time=19232.7), 0.0118035 s/step
Meep progress: 19246.244502369806/36396.71651657121 = 52.9% done in 3001.8s, 2674.9s to go
on time step 272389 (time=19260.8), 0.0101128 s/step
on time step 272714 (time=19283.8), 0.0123178 s/step
on time step 273034 (time=19306.4), 0.0125707 s/step
on time step 273410 (time=19333), 0.0106472 s/step
on time step 273786 (time=19359.6), 0.0108729 s/step
on time step 274115 (time=19382.9), 0.0121785 s/step
on time step 274456 (time=19407), 0.0118242 s/step
Meep progress: 19430.09226547831/36396.71651657121 = 53.4% done in 3031.8s, 2647.4s to go
on time step 274834 (time=19433.7), 0.0105929 s/step
on time step 275244 (time=19462.7), 0.00976211 s/step
on time step 275630 (time=19490), 0.0104226 s/step
on time step 276021 (time=19517.6), 0.0102349 s/step
on time step 276404 (time=19544.7), 0.0104546 s/step
on time step 276817 (time=19573.9), 0.00969326 s/step
on time step 277216 (time=19602.1), 0.0100584 s/step
on time step 277586 (time=19628.3), 0.0108115 s/step
Meep progress: 19637.06242033161/36396.71651657121 = 54.0% done in 3061.8s, 2613.2s to go
on time step 277961 (time=19654.8), 0.0108944 s/step
on time step 278346 (time=19682), 0.0104545 s/step
on time step 278883 (time=19720), 0.00745389 s/step
on time step 279534 (time=19766), 0.00616199 s/step
on time step 280129 (time=19808.1), 0.00672503 s/step
on time step 280868 (time=19860.4), 0.00541804 s/step
on time step 281462 (time=19902.4), 0.00673633 s/step
Meep progress: 19944.229606079047/36396.71651657121 = 54.8% done in 3091.8s, 2550.5s to go
on time step 282192 (time=19954), 0.00548165 s/step
on time step 282926 (time=20005.9), 0.00545039 s/step
on time step 283585 (time=20052.5), 0.00607344 s/step
on time step 284263 (time=20100.4), 0.00590066 s/step
on time step 285015 (time=20153.6), 0.00531951 s/step
on time step 285684 (time=20200.9), 0.00597983 s/step
on time step 286412 (time=20252.4), 0.00549461 s/step
on time step 287069 (time=20298.8), 0.00608979 s/step
Meep progress: 20314.04645263961/36396.71651657121 = 55.8% done in 3121.8s, 2471.6s to go
on time step 287808 (time=20351.1), 0.0054331 s/step
on time step 288471 (time=20398), 0.00603482 s/step
on time step 289147 (time=20445.8), 0.00592043 s/step
on time step 289812 (time=20492.8), 0.00601601 s/step
on time step 290553 (time=20545.2), 0.00540046 s/step
on time step 291336 (time=20600.6), 0.00511211 s/step
on time step 292127 (time=20656.5), 0.00505899 s/step
Meep progress: 20699.91462313311/36396.71651657121 = 56.9% done in 3151.8s, 2390.0s to go
on time step 292908 (time=20711.7), 0.00512367 s/step
on time step 293547 (time=20756.9), 0.0062819 s/step
on time step 294324 (time=20811.8), 0.00515005 s/step
on time step 295126 (time=20868.6), 0.0049892 s/step
on time step 295879 (time=20921.8), 0.00531482 s/step
on time step 296612 (time=20973.6), 0.00546048 s/step
on time step 297391 (time=21028.7), 0.00513656 s/step
on time step 298119 (time=21080.2), 0.00552187 s/step
Meep progress: 21094.19736432273/36396.71651657121 = 58.0% done in 3181.8s, 2308.2s to go
on time step 298873 (time=21133.5), 0.0053106 s/step
on time step 299639 (time=21187.7), 0.00522265 s/step
on time step 300326 (time=21236.3), 0.00582477 s/step
on time step 301035 (time=21286.4), 0.00566409 s/step
on time step 301815 (time=21341.5), 0.00513134 s/step
on time step 302629 (time=21399.1), 0.00491656 s/step
on time step 303327 (time=21448.5), 0.00573341 s/step
Meep progress: 21489.187212293535/36396.71651657121 = 59.0% done in 3211.8s, 2228.1s to go
on time step 304066 (time=21500.7), 0.0054703 s/step
on time step 304760 (time=21549.8), 0.00577767 s/step
on time step 305497 (time=21601.9), 0.00542931 s/step
on time step 306246 (time=21654.9), 0.00534298 s/step
on time step 307043 (time=21711.2), 0.00501953 s/step
on time step 307742 (time=21760.6), 0.00572665 s/step
on time step 308450 (time=21810.7), 0.00566403 s/step
on time step 309229 (time=21865.8), 0.00514155 s/step
Meep progress: 21881.06579042712/36396.71651657121 = 60.1% done in 3241.8s, 2150.6s to go
on time step 310017 (time=21921.5), 0.0050776 s/step
on time step 310786 (time=21975.9), 0.00520292 s/step
on time step 311588 (time=22032.6), 0.00498893 s/step
on time step 312367 (time=22087.7), 0.00513882 s/step
on time step 313083 (time=22138.3), 0.00560671 s/step
on time step 313860 (time=22193.3), 0.00515323 s/step
on time step 314648 (time=22249), 0.00507916 s/step
Meep progress: 22287.015793506318/36396.71651657121 = 61.2% done in 3271.8s, 2071.4s to go
on time step 315364 (time=22299.6), 0.00558834 s/step
on time step 316164 (time=22356.2), 0.00500192 s/step
on time step 316902 (time=22408.4), 0.00542114 s/step
on time step 317708 (time=22465.3), 0.00496576 s/step
on time step 318382 (time=22513), 0.00593505 s/step
on time step 319176 (time=22569.2), 0.00503916 s/step
on time step 320000 (time=22627.4), 0.00485532 s/step
on time step 320792 (time=22683.4), 0.00505258 s/step
Meep progress: 22698.198386766293/36396.71651657121 = 62.4% done in 3301.8s, 1992.7s to go
on time step 321542 (time=22736.5), 0.00535546 s/step
on time step 322317 (time=22791.3), 0.00516212 s/step
on time step 323085 (time=22845.6), 0.00521171 s/step
on time step 323786 (time=22895.1), 0.0057066 s/step
on time step 324468 (time=22943.4), 0.00586577 s/step
on time step 325168 (time=22992.8), 0.00571518 s/step
on time step 325904 (time=23044.9), 0.00543556 s/step
Meep progress: 23084.207978616032/36396.71651657121 = 63.4% done in 3331.9s, 1921.5s to go
on time step 326668 (time=23098.9), 0.0052369 s/step
on time step 327406 (time=23151.1), 0.00542097 s/step
on time step 328111 (time=23201), 0.00567523 s/step
on time step 328827 (time=23251.6), 0.00560832 s/step
on time step 329603 (time=23306.5), 0.00516542 s/step
on time step 330346 (time=23359), 0.00538677 s/step
on time step 331055 (time=23409.1), 0.00564324 s/step
on time step 331801 (time=23461.9), 0.00538073 s/step
Meep progress: 23475.591582002784/36396.71651657121 = 64.5% done in 3361.9s, 1850.4s to go
on time step 332573 (time=23516.5), 0.00518693 s/step
on time step 333313 (time=23568.8), 0.00540566 s/step
on time step 334075 (time=23622.7), 0.0052528 s/step
on time step 334869 (time=23678.8), 0.00503878 s/step
on time step 335643 (time=23733.5), 0.00517105 s/step
on time step 336411 (time=23787.8), 0.0052092 s/step
on time step 337166 (time=23841.2), 0.00532442 s/step
Meep progress: 23878.642447279115/36396.71651657121 = 65.6% done in 3391.9s, 1778.1s to go
on time step 337882 (time=23891.9), 0.00558791 s/step
on time step 338642 (time=23945.6), 0.00526364 s/step
on time step 339425 (time=24001), 0.00510911 s/step
on time step 340169 (time=24053.6), 0.00537806 s/step
on time step 340941 (time=24108.2), 0.00518349 s/step
on time step 341685 (time=24160.8), 0.00538003 s/step
on time step 342467 (time=24216.1), 0.00511726 s/step
on time step 343245 (time=24271.1), 0.00516035 s/step
Meep progress: 24283.461079508415/36396.71651657121 = 66.7% done in 3421.9s, 1706.9s to go
on time step 343963 (time=24321.9), 0.0055816 s/step
on time step 344713 (time=24374.9), 0.00533572 s/step
on time step 345511 (time=24431.3), 0.00501563 s/step
on time step 346301 (time=24487.2), 0.0050786 s/step
on time step 347052 (time=24540.3), 0.0053293 s/step
on time step 347845 (time=24596.4), 0.00504723 s/step
on time step 348568 (time=24647.5), 0.0055376 s/step
Meep progress: 24685.80483800356/36396.71651657121 = 67.8% done in 3451.9s, 1637.6s to go
on time step 349357 (time=24703.3), 0.00507248 s/step
on time step 350077 (time=24754.2), 0.00555892 s/step
on time step 350725 (time=24800), 0.00623056 s/step
on time step 351460 (time=24852), 0.00545375 s/step
on time step 352228 (time=24906.3), 0.00520912 s/step
on time step 352955 (time=24957.7), 0.00550404 s/step
on time step 353607 (time=25003.8), 0.00613913 s/step
on time step 354375 (time=25058.1), 0.00520909 s/step
Meep progress: 25069.48097747538/36396.71651657121 = 68.9% done in 3481.9s, 1573.2s to go
on time step 355152 (time=25113), 0.00517033 s/step
on time step 355929 (time=25168), 0.00515839 s/step
on time step 356652 (time=25219.1), 0.00553283 s/step
on time step 357437 (time=25274.6), 0.00509891 s/step
on time step 358232 (time=25330.8), 0.00504464 s/step
on time step 359025 (time=25386.9), 0.0050527 s/step
on time step 359804 (time=25442), 0.00513816 s/step
Meep progress: 25480.875702769714/36396.71651657121 = 70.0% done in 3511.9s, 1504.5s to go
on time step 360564 (time=25495.7), 0.0052673 s/step
on time step 361328 (time=25549.7), 0.00523657 s/step
on time step 362082 (time=25603.1), 0.00530674 s/step
on time step 362823 (time=25655.5), 0.00540002 s/step
on time step 363572 (time=25708.4), 0.00534282 s/step
on time step 364288 (time=25759.1), 0.00559188 s/step
on time step 365009 (time=25810), 0.00556539 s/step
on time step 365747 (time=25862.2), 0.0054216 s/step
Meep progress: 25873.532098362604/36396.71651657121 = 71.1% done in 3541.9s, 1440.5s to go
on time step 366548 (time=25918.9), 0.00499516 s/step
on time step 367270 (time=25969.9), 0.00554425 s/step
on time step 368023 (time=26023.2), 0.00531309 s/step
on time step 368780 (time=26076.7), 0.00528653 s/step
on time step 369547 (time=26130.9), 0.00521614 s/step
on time step 370364 (time=26188.7), 0.00489827 s/step
on time step 371094 (time=26240.3), 0.00550079 s/step
Meep progress: 26279.12854805121/36396.71651657121 = 72.2% done in 3571.9s, 1375.2s to go
on time step 371893 (time=26296.8), 0.00500667 s/step
on time step 372721 (time=26355.4), 0.00483318 s/step
on time step 373555 (time=26414.3), 0.00479947 s/step
on time step 374220 (time=26461.3), 0.00601829 s/step
on time step 374923 (time=26511.1), 0.00571028 s/step
on time step 375661 (time=26563.2), 0.00542311 s/step
on time step 376387 (time=26614.6), 0.00551372 s/step
on time step 377070 (time=26662.9), 0.00585934 s/step
Meep progress: 26669.805044656776/36396.71651657121 = 73.3% done in 3601.9s, 1313.7s to go
on time step 377718 (time=26708.7), 0.00617454 s/step
on time step 378363 (time=26754.3), 0.00620564 s/step
on time step 379091 (time=26805.8), 0.00552348 s/step
on time step 379786 (time=26854.9), 0.00575804 s/step
on time step 380533 (time=26907.7), 0.00535555 s/step
on time step 381222 (time=26956.5), 0.00580599 s/step
on time step 381922 (time=27006), 0.00571622 s/step
Meep progress: 27036.157067989527/36396.71651657121 = 74.3% done in 3631.9s, 1257.5s to go
on time step 382589 (time=27053.1), 0.00599941 s/step
on time step 383335 (time=27105.9), 0.00536221 s/step
on time step 384018 (time=27154.2), 0.00585676 s/step
on time step 384768 (time=27207.2), 0.00533366 s/step
on time step 385492 (time=27258.4), 0.00553255 s/step
on time step 386230 (time=27310.6), 0.00543951 s/step
on time step 386913 (time=27358.9), 0.00585746 s/step
on time step 387680 (time=27413.1), 0.00522068 s/step
Meep progress: 27419.762496783227/36396.71651657121 = 75.3% done in 3661.9s, 1198.9s to go
on time step 388391 (time=27463.4), 0.00564583 s/step
on time step 389103 (time=27513.7), 0.00562284 s/step
on time step 389794 (time=27562.6), 0.00580967 s/step
on time step 390462 (time=27609.8), 0.00598904 s/step
on time step 391202 (time=27662.2), 0.00540753 s/step
on time step 391921 (time=27713), 0.00557592 s/step
on time step 392626 (time=27762.9), 0.00567428 s/step
Meep progress: 27796.367568443184/36396.71651657121 = 76.4% done in 3691.9s, 1142.3s to go
on time step 393336 (time=27813.1), 0.00564168 s/step
on time step 394046 (time=27863.3), 0.00563626 s/step
on time step 394778 (time=27915), 0.00546686 s/step
on time step 395502 (time=27966.2), 0.00552658 s/step
on time step 396233 (time=28017.9), 0.00549295 s/step
on time step 396968 (time=28069.9), 0.00544391 s/step
on time step 397701 (time=28121.7), 0.00545792 s/step
on time step 398515 (time=28179.3), 0.00491424 s/step
Meep progress: 28187.397618439343/36396.71651657121 = 77.4% done in 3721.9s, 1084.0s to go
on time step 399271 (time=28232.7), 0.00529482 s/step
on time step 399968 (time=28282), 0.00573978 s/step
on time step 400648 (time=28330.1), 0.00588275 s/step
on time step 401298 (time=28376.1), 0.00615853 s/step
on time step 402013 (time=28426.6), 0.00561536 s/step
on time step 402761 (time=28479.5), 0.00535222 s/step
on time step 403435 (time=28527.2), 0.00593883 s/step
Meep progress: 28560.82070958396/36396.71651657121 = 78.5% done in 3751.9s, 1029.4s to go
on time step 404151 (time=28577.8), 0.00558785 s/step
on time step 404887 (time=28629.8), 0.00543542 s/step
on time step 405649 (time=28683.7), 0.0052501 s/step
on time step 406374 (time=28735), 0.00551833 s/step
on time step 407052 (time=28782.9), 0.00590294 s/step
on time step 407754 (time=28832.6), 0.00569819 s/step
on time step 408468 (time=28883), 0.00560546 s/step
on time step 409216 (time=28935.9), 0.00536798 s/step
Meep progress: 28942.94121413717/36396.71651657121 = 79.5% done in 3781.9s, 974.0s to go
on time step 409935 (time=28986.8), 0.00557035 s/step
on time step 410680 (time=29039.5), 0.00537121 s/step
on time step 411382 (time=29089.1), 0.0057018 s/step
on time step 412113 (time=29140.8), 0.00549135 s/step
on time step 412794 (time=29188.9), 0.00588464 s/step
on time step 413510 (time=29239.6), 0.00558674 s/step
on time step 414216 (time=29289.5), 0.00566902 s/step
Meep progress: 29319.404864440887/36396.71651657121 = 80.6% done in 3811.9s, 920.2s to go
on time step 414911 (time=29338.6), 0.00576021 s/step
on time step 415658 (time=29391.5), 0.00538456 s/step
on time step 416309 (time=29437.5), 0.00614819 s/step
on time step 417011 (time=29487.1), 0.00570278 s/step
on time step 417765 (time=29540.4), 0.00530883 s/step
on time step 418467 (time=29590.1), 0.00571046 s/step
on time step 419169 (time=29639.7), 0.00569863 s/step
on time step 419867 (time=29689.1), 0.00573401 s/step
Meep progress: 29694.878565250943/36396.71651657121 = 81.6% done in 3841.9s, 867.1s to go
on time step 420570 (time=29738.8), 0.00569191 s/step
on time step 421288 (time=29789.6), 0.00557531 s/step
on time step 421980 (time=29838.5), 0.00578126 s/step
on time step 422744 (time=29892.5), 0.00523864 s/step
on time step 423473 (time=29944.1), 0.00550164 s/step
on time step 424179 (time=29994), 0.00567826 s/step
on time step 424859 (time=30042.1), 0.00588314 s/step
Meep progress: 30076.786937769797/36396.71651657121 = 82.6% done in 3872.0s, 813.6s to go
on time step 425624 (time=30096.2), 0.00522885 s/step
on time step 426308 (time=30144.5), 0.00585022 s/step
on time step 427010 (time=30194.2), 0.00570046 s/step
on time step 427675 (time=30241.2), 0.00601628 s/step
on time step 428381 (time=30291.1), 0.0056668 s/step
on time step 429097 (time=30341.7), 0.00558915 s/step
on time step 429790 (time=30390.7), 0.0057756 s/step
on time step 430463 (time=30438.3), 0.00594401 s/step
Meep progress: 30443.492514493144/36396.71651657121 = 83.6% done in 3902.0s, 763.0s to go
on time step 431142 (time=30486.3), 0.00590198 s/step
on time step 431877 (time=30538.3), 0.00545826 s/step
on time step 432589 (time=30588.7), 0.00562228 s/step
on time step 433286 (time=30637.9), 0.0057403 s/step
on time step 434006 (time=30688.9), 0.00555575 s/step
on time step 434704 (time=30738.2), 0.00575518 s/step
on time step 435446 (time=30790.7), 0.00539224 s/step
Meep progress: 30819.95616479686/36396.71651657121 = 84.7% done in 3932.0s, 711.5s to go
on time step 436140 (time=30839.8), 0.00576993 s/step
on time step 436871 (time=30891.4), 0.0054984 s/step
on time step 437548 (time=30939.3), 0.00591689 s/step
on time step 438262 (time=30989.8), 0.00560463 s/step
on time step 439011 (time=31042.8), 0.00534411 s/step
on time step 439740 (time=31094.3), 0.00548708 s/step
on time step 440486 (time=31147.1), 0.00536271 s/step
on time step 441128 (time=31192.5), 0.00625178 s/step
Meep progress: 31198.116871375427/36396.71651657121 = 85.7% done in 3962.0s, 660.2s to go
on time step 441869 (time=31244.9), 0.00540248 s/step
on time step 442548 (time=31292.9), 0.00589468 s/step
on time step 443227 (time=31340.9), 0.00589458 s/step
on time step 443976 (time=31393.8), 0.00534293 s/step
on time step 444667 (time=31442.7), 0.00579072 s/step
on time step 445412 (time=31495.4), 0.00537141 s/step
on time step 446074 (time=31542.2), 0.00604484 s/step
Meep progress: 31573.095597438652/36396.71651657121 = 86.7% done in 3992.0s, 609.9s to go
on time step 446797 (time=31593.3), 0.00553644 s/step
on time step 447486 (time=31642), 0.00582858 s/step
on time step 448153 (time=31689.2), 0.00599734 s/step
on time step 448767 (time=31732.6), 0.00651606 s/step
on time step 449400 (time=31777.4), 0.00632016 s/step
on time step 450009 (time=31820.4), 0.00660293 s/step
on time step 450711 (time=31870.1), 0.0056988 s/step
on time step 451338 (time=31914.4), 0.00642232 s/step
Meep progress: 31915.264568854822/36396.71651657121 = 87.7% done in 4022.0s, 564.8s to go
on time step 451951 (time=31957.8), 0.00652647 s/step
on time step 452566 (time=32001.2), 0.00650909 s/step
on time step 453148 (time=32042.4), 0.00687794 s/step
on time step 453721 (time=32082.9), 0.0070084 s/step
on time step 454412 (time=32131.8), 0.00579833 s/step
on time step 455070 (time=32178.3), 0.00638462 s/step
on time step 455794 (time=32229.5), 0.00553072 s/step
Meep progress: 32254.039427721298/36396.71651657121 = 88.6% done in 4052.0s, 520.4s to go
on time step 456369 (time=32270.2), 0.00696583 s/step
on time step 457033 (time=32317.1), 0.00602585 s/step
on time step 457719 (time=32365.6), 0.00583366 s/step
on time step 458438 (time=32416.5), 0.00558922 s/step
on time step 459022 (time=32457.8), 0.00685937 s/step
on time step 459606 (time=32499.1), 0.00687437 s/step
on time step 460144 (time=32537.1), 0.0074504 s/step
on time step 460709 (time=32577), 0.00708181 s/step
Meep progress: 32577.257937401668/36396.71651657121 = 89.5% done in 4082.0s, 478.6s to go
on time step 461288 (time=32618), 0.00691839 s/step
on time step 461865 (time=32658.8), 0.00695031 s/step
on time step 462429 (time=32698.7), 0.0070944 s/step
on time step 463047 (time=32742.4), 0.00650103 s/step
on time step 463600 (time=32781.5), 0.00726092 s/step
on time step 464233 (time=32826.2), 0.00632953 s/step
on time step 464878 (time=32871.8), 0.00620484 s/step
Meep progress: 32892.06187638592/36396.71651657121 = 90.4% done in 4112.0s, 438.1s to go
on time step 465477 (time=32914.2), 0.00668094 s/step
on time step 466161 (time=32962.6), 0.00584998 s/step
on time step 466919 (time=33016.2), 0.00527883 s/step
on time step 467639 (time=33067.1), 0.00557463 s/step
on time step 468422 (time=33122.4), 0.00510986 s/step
on time step 469180 (time=33176), 0.00527868 s/step
on time step 469867 (time=33224.6), 0.00582816 s/step
Meep progress: 33279.556392476145/36396.71651657121 = 91.4% done in 4142.0s, 388.0s to go
on time step 470647 (time=33279.8), 0.00513126 s/step
on time step 471455 (time=33336.9), 0.0049516 s/step
on time step 472254 (time=33393.4), 0.00500762 s/step
on time step 473062 (time=33450.5), 0.00495108 s/step
on time step 473855 (time=33506.6), 0.00506177 s/step
on time step 474602 (time=33559.4), 0.00536306 s/step
on time step 475361 (time=33613.1), 0.00527375 s/step
on time step 476139 (time=33668.1), 0.00514211 s/step
Meep progress: 33695.12304777948/36396.71651657121 = 92.6% done in 4172.0s, 334.5s to go
on time step 476920 (time=33723.3), 0.00512478 s/step
on time step 477694 (time=33778.1), 0.00516936 s/step
on time step 478465 (time=33832.6), 0.00519103 s/step
on time step 479225 (time=33886.3), 0.00528133 s/step
on time step 480015 (time=33942.2), 0.00506571 s/step
on time step 480806 (time=33998.1), 0.00505843 s/step
on time step 481595 (time=34053.9), 0.00507168 s/step
Meep progress: 34107.86127595807/36396.71651657121 = 93.7% done in 4202.0s, 282.0s to go
on time step 482365 (time=34108.4), 0.00519521 s/step
on time step 483169 (time=34165.2), 0.00497551 s/step
on time step 483890 (time=34216.2), 0.00555129 s/step
on time step 484681 (time=34272.1), 0.00507173 s/step
on time step 485426 (time=34324.8), 0.00537687 s/step
on time step 486239 (time=34382.3), 0.00492083 s/step
on time step 487014 (time=34437.1), 0.00516337 s/step
on time step 487776 (time=34491), 0.00525124 s/step
Meep progress: 34519.39742260864/36396.71651657121 = 94.8% done in 4232.0s, 230.2s to go
on time step 488540 (time=34545), 0.00523754 s/step
on time step 489327 (time=34600.6), 0.00508503 s/step
on time step 490051 (time=34651.8), 0.00552817 s/step
on time step 490813 (time=34705.7), 0.00525151 s/step
on time step 491619 (time=34762.7), 0.00496295 s/step
on time step 492369 (time=34815.7), 0.00535222 s/step
on time step 493190 (time=34873.8), 0.0048729 s/step
Meep progress: 34927.68087806575/36396.71651657121 = 96.0% done in 4262.0s, 179.3s to go
on time step 493967 (time=34928.7), 0.0051566 s/step
on time step 494770 (time=34985.5), 0.00498402 s/step
on time step 495542 (time=35040.1), 0.00518189 s/step
on time step 496259 (time=35090.8), 0.00557921 s/step
on time step 497038 (time=35145.9), 0.00516436 s/step
on time step 497805 (time=35200.1), 0.00521712 s/step
on time step 498559 (time=35253.4), 0.00530552 s/step
on time step 499289 (time=35305.1), 0.00548316 s/step
Meep progress: 35327.12549875803/36396.71651657121 = 97.1% done in 4292.0s, 129.9s to go
on time step 500007 (time=35355.8), 0.00559823 s/step
on time step 500641 (time=35400.7), 0.00631204 s/step
on time step 501352 (time=35450.9), 0.00565976 s/step
on time step 502069 (time=35501.6), 0.00558012 s/step
on time step 502796 (time=35553), 0.00550524 s/step
on time step 503551 (time=35606.4), 0.0053018 s/step
on time step 504307 (time=35659.9), 0.00529332 s/step
Meep progress: 35713.06437992965/36396.71651657121 = 98.1% done in 4322.0s, 82.7s to go
on time step 505088 (time=35715.1), 0.00513972 s/step
on time step 505733 (time=35760.7), 0.00620867 s/step
on time step 506516 (time=35816.1), 0.00510859 s/step
on time step 507251 (time=35868.1), 0.00544269 s/step
on time step 507974 (time=35919.2), 0.00553495 s/step
on time step 508700 (time=35970.5), 0.00551292 s/step
on time step 509439 (time=36022.8), 0.00541658 s/step
on time step 510125 (time=36071.3), 0.00585242 s/step
Meep progress: 36092.92214278306/36396.71651657121 = 99.2% done in 4352.1s, 36.6s to go
on time step 510846 (time=36122.3), 0.00555057 s/step
on time step 511667 (time=36180.3), 0.0048735 s/step
on time step 512413 (time=36233.1), 0.00536424 s/step
on time step 513223 (time=36290.3), 0.00494143 s/step
on time step 513999 (time=36345.2), 0.00515597 s/step
run 0 finished at t = 36396.765926658925 (514728 timesteps)
Whole Sim Walltime: 4401.23983168602 s

Elapsed run time = 4401.6605 s
