Warning: grid volume is not an integer number of pixels; cell size will be rounded to nearest pixel.
Using MPI version 3.1, 6 processes
Argument List: ['../LoadedCapillaries/twoDsolve.py', 'MEEP_10', '10.0']
Standard run
Whole Sim Walltime: 4.76837158203125e-07 s
WD: ../data/2022-03-23/MEEP_10/
AlreadyDir
0.6451612903225806
0.07
1000
-----------
Initializing structure...
Splitting into 6 chunks by voxels
time for choose_chunkdivision = 0.000548184 s
Working in 2D dimensions.
Computational cell is 87.1 x 11.8 x 0 with resolution 10
     block, center = (0,0,0)
          size (1e+20,1,1e+20)
          axes (1,0,0), (0,1,0), (0,0,1)
          dielectric constant epsilon diagonal = (2.0736,2.0736,2.0736)
time for set_epsilon = 0.0479004 s
-----------
MPB solved for frequency_1(0.4,0,0) = 0.325672 after 11 iters
MPB solved for frequency_1(0.851154,0,0) = 0.635937 after 9 iters
MPB solved for frequency_1(0.864706,0,0) = 0.645161 after 7 iters
MPB solved for frequency_1(0.864707,0,0) = 0.645161 after 1 iters
Meep: using output directory '../data/2022-03-23/MEEP_10/'


Normalisation Run


on time step 1956 (time=138.31), 0.00204509 s/step
Warning: grid volume is not an integer number of pixels; cell size will be rounded to nearest pixel.
run 0 finished at t = 268.3470234602948 (3795 timesteps)
WD: ../data/2022-03-23/MEEP_10/
AlreadyDir
0.6451612903225806
0.07
1000
-----------
Initializing structure...
Splitting into 6 chunks by voxels
time for choose_chunkdivision = 0.00133192 s
Working in 2D dimensions.
Computational cell is 87.1 x 93.8 x 0 with resolution 10
     block, center = (0,0,0)
          size (1e+20,1,1e+20)
          axes (1,0,0), (0,1,0), (0,0,1)
          dielectric constant epsilon diagonal = (2.0736,2.0736,2.0736)
     cylinder, center = (0,0,0)
          radius 40, height 1e+20, axis (0, 0, 1)
          dielectric constant epsilon diagonal = (2.0736,2.0736,2.0736)
     cylinder, center = (0,0,0)
          radius 30, height 1e+20, axis (0, 0, 1)
          dielectric constant epsilon diagonal = (1.9881,1.9881,1.9881)
     block, center = (0,-41.167,0)
          size (1e+20,1,1e+20)
          axes (1,0,0), (0,1,0), (0,0,1)
          dielectric constant epsilon diagonal = (2.0736,2.0736,2.0736)
time for set_epsilon = 0.854655 s
-----------
MPB solved for frequency_1(0.4,0,0) = 0.32606 after 10 iters
MPB solved for frequency_1(0.850308,0,0) = 0.635755 after 7 iters
MPB solved for frequency_1(0.864131,0,0) = 0.645161 after 5 iters
MPB solved for frequency_1(0.864132,0,0) = 0.645161 after 2 iters
Meep: using output directory '../data/2022-03-23/MEEP_10/'


Actual Run


creating output file "../data/2022-03-23/MEEP_10//twoDsolve-eps-000000.00.h5"...
on time step 564 (time=39.8808), 0.0070945 s/step
on time step 1112 (time=78.6303), 0.00730246 s/step
on time step 1648 (time=116.531), 0.0074706 s/step
on time step 2212 (time=156.412), 0.00710309 s/step
on time step 2779 (time=196.505), 0.00705488 s/step
on time step 3344 (time=236.457), 0.00708182 s/step
on time step 3908 (time=276.337), 0.00709688 s/step
Meep progress: 295.28779182350223/3824.683884152239 = 7.7% done in 30.0s, 358.6s to go
on time step 4470 (time=316.077), 0.00711822 s/step
on time step 5035 (time=356.028), 0.00708032 s/step
on time step 5600 (time=395.98), 0.00709127 s/step
on time step 6160 (time=435.578), 0.00714529 s/step
on time step 6726 (time=475.6), 0.00706835 s/step
on time step 7292 (time=515.622), 0.00707516 s/step
on time step 7858 (time=555.645), 0.00706974 s/step
Meep progress: 594.2525389091745/3824.683884152239 = 15.5% done in 60.0s, 326.2s to go
on time step 8417 (time=595.172), 0.00716545 s/step
on time step 8982 (time=635.123), 0.00708542 s/step
on time step 9548 (time=675.146), 0.00707703 s/step
on time step 10113 (time=715.097), 0.00708092 s/step
on time step 10677 (time=754.978), 0.00709616 s/step
on time step 11241 (time=794.859), 0.0071018 s/step
on time step 11804 (time=834.669), 0.00711137 s/step
on time step 12370 (time=874.691), 0.00706755 s/step
Meep progress: 893.5001287073214/3824.683884152239 = 23.4% done in 90.0s, 295.3s to go
on time step 12933 (time=914.501), 0.00710851 s/step
on time step 13497 (time=954.382), 0.00709817 s/step
on time step 14061 (time=994.263), 0.00710188 s/step
on time step 14624 (time=1034.07), 0.00711596 s/step
on time step 15184 (time=1073.67), 0.0071469 s/step
on time step 15748 (time=1113.55), 0.0071007 s/step
on time step 16313 (time=1153.5), 0.00708421 s/step
Meep progress: 1192.1113224024004/3824.683884152239 = 31.2% done in 120.0s, 265.0s to go
on time step 16879 (time=1193.53), 0.00707817 s/step
on time step 17442 (time=1233.34), 0.00710855 s/step
on time step 18004 (time=1273.08), 0.00712639 s/step
on time step 18568 (time=1312.96), 0.00709839 s/step
on time step 19132 (time=1352.84), 0.00710373 s/step
on time step 19697 (time=1392.79), 0.00708199 s/step
on time step 20261 (time=1432.67), 0.00710327 s/step
on time step 20824 (time=1472.48), 0.00711641 s/step
Meep progress: 1490.7225160974795/3824.683884152239 = 39.0% done in 150.0s, 234.9s to go
on time step 21388 (time=1512.36), 0.00710023 s/step
on time step 21953 (time=1552.31), 0.00709037 s/step
on time step 22520 (time=1592.4), 0.00706697 s/step
on time step 23085 (time=1632.36), 0.00708324 s/step
on time step 23646 (time=1672.02), 0.00713785 s/step
on time step 24208 (time=1711.76), 0.00712547 s/step
on time step 24769 (time=1751.43), 0.00713379 s/step
Meep progress: 1788.9801564019651/3824.683884152239 = 46.8% done in 180.0s, 204.9s to go
on time step 25328 (time=1790.96), 0.00715644 s/step
on time step 25886 (time=1830.42), 0.00718075 s/step
on time step 26440 (time=1869.59), 0.00722404 s/step
on time step 26995 (time=1908.83), 0.00721263 s/step
on time step 27543 (time=1947.58), 0.00729957 s/step
on time step 27891 (time=1972.19), 0.0115089 s/step
on time step 28303 (time=2001.32), 0.00972892 s/step
on time step 28585 (time=2021.26), 0.014219 s/step
Meep progress: 2033.0734172675614/3824.683884152239 = 53.2% done in 210.0s, 185.1s to go
on time step 28973 (time=2048.7), 0.010311 s/step
on time step 29310 (time=2072.53), 0.0118822 s/step
on time step 29599 (time=2092.97), 0.013903 s/step
on time step 29897 (time=2114.04), 0.0134747 s/step
on time step 30247 (time=2138.79), 0.0114513 s/step
on time step 30611 (time=2164.52), 0.0110329 s/step
on time step 30909 (time=2185.6), 0.0134432 s/step
Meep progress: 2204.829654417774/3824.683884152239 = 57.6% done in 240.0s, 176.4s to go
on time step 31202 (time=2206.31), 0.0136566 s/step
on time step 31569 (time=2232.27), 0.0109069 s/step
on time step 31910 (time=2256.38), 0.0117463 s/step
on time step 32268 (time=2281.69), 0.0111781 s/step
on time step 32644 (time=2308.28), 0.0106411 s/step
on time step 33068 (time=2338.26), 0.0094479 s/step
on time step 33389 (time=2360.96), 0.0124852 s/step
on time step 33680 (time=2381.54), 0.013761 s/step
Meep progress: 2390.9401592260733/3824.683884152239 = 62.5% done in 270.0s, 161.9s to go
on time step 34001 (time=2404.23), 0.0124965 s/step
on time step 34307 (time=2425.87), 0.0130821 s/step
on time step 34658 (time=2450.69), 0.0114116 s/step
on time step 35018 (time=2476.15), 0.0111149 s/step
on time step 35298 (time=2495.95), 0.0142857 s/step
on time step 35593 (time=2516.81), 0.0136103 s/step
on time step 35893 (time=2538.02), 0.0133833 s/step
Meep progress: 2562.7671070544043/3824.683884152239 = 67.0% done in 300.0s, 147.7s to go
on time step 36268 (time=2564.53), 0.010678 s/step
on time step 36571 (time=2585.96), 0.0132396 s/step
on time step 36905 (time=2609.58), 0.0119815 s/step
on time step 37285 (time=2636.45), 0.010542 s/step
on time step 37654 (time=2662.54), 0.010846 s/step
on time step 38056 (time=2690.97), 0.00995266 s/step
on time step 38510 (time=2723.07), 0.00881982 s/step
on time step 38829 (time=2745.62), 0.0125563 s/step
Meep progress: 2753.26167390606/3824.683884152239 = 72.0% done in 330.1s, 128.4s to go
on time step 39182 (time=2770.59), 0.0113823 s/step
on time step 39539 (time=2795.83), 0.0112174 s/step
on time step 40025 (time=2830.19), 0.00824363 s/step
on time step 40381 (time=2855.37), 0.011241 s/step
on time step 40753 (time=2881.67), 0.0107601 s/step
on time step 41139 (time=2908.97), 0.010366 s/step
on time step 41435 (time=2929.9), 0.0135593 s/step
Meep progress: 2949.4130950072085/3824.683884152239 = 77.1% done in 360.1s, 106.9s to go
on time step 41753 (time=2952.38), 0.0126064 s/step
on time step 42106 (time=2977.34), 0.0113337 s/step
on time step 42443 (time=3001.17), 0.011885 s/step
on time step 42784 (time=3025.29), 0.0117305 s/step
on time step 43096 (time=3047.35), 0.012822 s/step
on time step 43467 (time=3073.58), 0.0107911 s/step
on time step 43853 (time=3100.88), 0.0103783 s/step
on time step 44174 (time=3123.57), 0.0124809 s/step
Meep progress: 3131.8466445533377/3824.683884152239 = 81.9% done in 390.1s, 86.3s to go
on time step 44515 (time=3147.69), 0.0117528 s/step
on time step 44883 (time=3173.71), 0.0110445 s/step
on time step 45192 (time=3195.56), 0.0129499 s/step
on time step 45513 (time=3218.26), 0.0124858 s/step
on time step 45894 (time=3245.2), 0.0105095 s/step
on time step 46459 (time=3285.15), 0.00708111 s/step
on time step 47023 (time=3325.03), 0.00710433 s/step
Meep progress: 3359.110764026694/3824.683884152239 = 87.8% done in 420.1s, 58.2s to go
on time step 47587 (time=3364.91), 0.00709573 s/step
on time step 48153 (time=3404.93), 0.00707843 s/step
on time step 48718 (time=3444.88), 0.00708142 s/step
on time step 49282 (time=3484.76), 0.00709912 s/step
on time step 49847 (time=3524.72), 0.00709144 s/step
on time step 50397 (time=3563.61), 0.00727573 s/step
on time step 50960 (time=3603.42), 0.00711387 s/step
on time step 51521 (time=3643.08), 0.00713373 s/step
Meep progress: 3656.873429584349/3824.683884152239 = 95.6% done in 450.1s, 20.7s to go
on time step 52081 (time=3682.68), 0.00714359 s/step
on time step 52638 (time=3722.07), 0.00718447 s/step
on time step 53195 (time=3761.45), 0.00718905 s/step
on time step 53751 (time=3800.77), 0.0072042 s/step
run 0 finished at t = 3824.7405794380356 (54090 timesteps)
Whole Sim Walltime: 476.6794681549072 s

Elapsed run time = 477.2529 s
