Warning: grid volume is not an integer number of pixels; cell size will be rounded to nearest pixel.
Using MPI version 3.1, 24 processes
Argument List: ['../LoadedCapillaries/twoDsolve.py', 'MEEP_100', '100']
Standard run
Whole Sim Walltime: 7.152557373046875e-07 s
WD: ../data/2022-03-24/MEEP_100/
AlreadyDir
0.6451612903225806
0.07
1000
-----------
Initializing structure...
Splitting into 24 chunks by voxels
time for choose_chunkdivision = 0.00078129 s
Working in 2D dimensions.
Computational cell is 87.1 x 11.8 x 0 with resolution 10
     block, center = (0,0,0)
          size (1e+20,1,1e+20)
          axes (1,0,0), (0,1,0), (0,0,1)
          dielectric constant epsilon diagonal = (2.0736,2.0736,2.0736)
time for set_epsilon = 0.152969 s
-----------
MPB solved for frequency_1(0.4,0,0) = 0.325672 after 11 iters
MPB solved for frequency_1(0.851154,0,0) = 0.635937 after 9 iters
MPB solved for frequency_1(0.864706,0,0) = 0.645161 after 7 iters
MPB solved for frequency_1(0.864707,0,0) = 0.645161 after 1 iters
Meep: using output directory '../data/2022-03-24/MEEP_100/'


Normalisation Run


on time step 2355 (time=166.524), 0.00169882 s/step
Warning: grid volume is not an integer number of pixels; cell size will be rounded to nearest pixel.
run 0 finished at t = 268.3470234602948 (3795 timesteps)
WD: ../data/2022-03-24/MEEP_100/
AlreadyDir
0.6451612903225806
0.07
1000
-----------
Initializing structure...
Splitting into 24 chunks by voxels
time for choose_chunkdivision = 0.00244092 s
Working in 2D dimensions.
Computational cell is 87.1 x 93.8 x 0 with resolution 10
     block, center = (0,0,0)
          size (1e+20,1,1e+20)
          axes (1,0,0), (0,1,0), (0,0,1)
          dielectric constant epsilon diagonal = (2.0736,2.0736,2.0736)
     cylinder, center = (0,0,0)
          radius 40, height 1e+20, axis (0, 0, 1)
          dielectric constant epsilon diagonal = (2.0736,2.0736,2.0736)
     cylinder, center = (0,0,0)
          radius 30, height 1e+20, axis (0, 0, 1)
          dielectric constant epsilon diagonal = (1.9881,1.9881,1.9881)
     block, center = (0,-41.167,0)
          size (1e+20,1,1e+20)
          axes (1,0,0), (0,1,0), (0,0,1)
          dielectric constant epsilon diagonal = (2.0736,2.0736,2.0736)
time for set_epsilon = 0.218031 s
-----------
MPB solved for frequency_1(0.4,0,0) = 0.32606 after 10 iters
MPB solved for frequency_1(0.850308,0,0) = 0.635755 after 7 iters
MPB solved for frequency_1(0.864131,0,0) = 0.645161 after 5 iters
MPB solved for frequency_1(0.864132,0,0) = 0.645161 after 2 iters
Meep: using output directory '../data/2022-03-24/MEEP_100/'


Actual Run


creating output file "../data/2022-03-24/MEEP_100//twoDsolve-eps-000000.00.h5"...
on time step 1075 (time=76.014), 0.00372198 s/step
on time step 2230 (time=157.685), 0.00346601 s/step
on time step 3398 (time=240.275), 0.00342531 s/step
on time step 4567 (time=322.936), 0.00342177 s/step
on time step 5737 (time=405.667), 0.00342049 s/step
on time step 6900 (time=487.904), 0.00343992 s/step
on time step 8066 (time=570.352), 0.00343305 s/step
Meep progress: 596.3738592527342/36396.71651657121 = 1.6% done in 30.0s, 1801.0s to go
on time step 9234 (time=652.942), 0.00342473 s/step
on time step 10407 (time=735.886), 0.00341071 s/step
on time step 11579 (time=818.759), 0.00341561 s/step
on time step 12751 (time=901.632), 0.00341478 s/step
on time step 13919 (time=984.222), 0.00342698 s/step
on time step 15088 (time=1066.88), 0.00342302 s/step
on time step 16260 (time=1149.76), 0.00341459 s/step
Meep progress: 1216.5065063533364/36396.71651657121 = 3.3% done in 60.0s, 1735.2s to go
on time step 17423 (time=1231.99), 0.0034404 s/step
on time step 18593 (time=1314.72), 0.00341924 s/step
on time step 19766 (time=1397.67), 0.00341231 s/step
on time step 20939 (time=1480.61), 0.00341138 s/step
on time step 22113 (time=1563.63), 0.0034087 s/step
on time step 23285 (time=1646.5), 0.00341548 s/step
on time step 24452 (time=1729.02), 0.00342772 s/step
on time step 25624 (time=1811.89), 0.00341347 s/step
Meep progress: 1837.6291029475997/36396.71651657121 = 5.0% done in 90.0s, 1692.7s to go
on time step 26791 (time=1894.41), 0.00342963 s/step
on time step 27965 (time=1977.42), 0.00340979 s/step
on time step 29138 (time=2060.37), 0.00341163 s/step
on time step 30307 (time=2143.03), 0.00342189 s/step
on time step 31481 (time=2226.04), 0.00340895 s/step
on time step 32651 (time=2308.77), 0.00341987 s/step
on time step 33824 (time=2391.72), 0.00341114 s/step
Meep progress: 2458.0445927606766/36396.71651657121 = 6.8% done in 120.0s, 1657.0s to go
on time step 34987 (time=2473.95), 0.00344041 s/step
on time step 36158 (time=2556.76), 0.00341681 s/step
on time step 37331 (time=2639.7), 0.00341124 s/step
on time step 38503 (time=2722.57), 0.00341554 s/step
on time step 39670 (time=2805.09), 0.00342848 s/step
on time step 40839 (time=2887.75), 0.00342192 s/step
on time step 42009 (time=2970.48), 0.00341984 s/step
on time step 43179 (time=3053.22), 0.00342092 s/step
Meep progress: 3078.4600825737534/36396.71651657121 = 8.5% done in 150.0s, 1623.6s to go
on time step 44347 (time=3135.81), 0.003427 s/step
on time step 45521 (time=3218.82), 0.00340926 s/step
on time step 46691 (time=3301.55), 0.00342142 s/step
on time step 47862 (time=3384.35), 0.00341827 s/step
on time step 49034 (time=3467.23), 0.00341512 s/step
on time step 50206 (time=3550.1), 0.00341584 s/step
on time step 51382 (time=3633.26), 0.00340418 s/step
Meep progress: 3699.229125777423/36396.71651657121 = 10.2% done in 180.0s, 1591.1s to go
on time step 52549 (time=3715.78), 0.00342821 s/step
on time step 53724 (time=3798.86), 0.00340587 s/step
on time step 54898 (time=3881.87), 0.003408 s/step
on time step 56071 (time=3964.82), 0.00341108 s/step
on time step 57239 (time=4047.41), 0.00342587 s/step
on time step 58412 (time=4130.35), 0.00341075 s/step
on time step 59579 (time=4212.87), 0.00342792 s/step
on time step 60753 (time=4295.89), 0.00340963 s/step
Meep progress: 4320.493143727924/36396.71651657121 = 11.9% done in 210.0s, 1559.2s to go
on time step 61923 (time=4378.62), 0.00342156 s/step
on time step 63095 (time=4461.49), 0.00341307 s/step
on time step 64266 (time=4544.29), 0.00341793 s/step
on time step 65430 (time=4626.6), 0.0034367 s/step
on time step 66602 (time=4709.47), 0.00341405 s/step
on time step 67771 (time=4792.13), 0.0034221 s/step
on time step 68944 (time=4875.08), 0.00341243 s/step
Meep progress: 4940.837922862882/36396.71651657121 = 13.6% done in 240.0s, 1528.0s to go
on time step 70114 (time=4957.81), 0.00342053 s/step
on time step 71288 (time=5040.82), 0.003408 s/step
on time step 72462 (time=5123.84), 0.00340811 s/step
on time step 73634 (time=5206.71), 0.00341573 s/step
on time step 74804 (time=5289.44), 0.00342102 s/step
on time step 75979 (time=5372.53), 0.00340668 s/step
on time step 77151 (time=5455.4), 0.00341329 s/step
on time step 78323 (time=5538.27), 0.00341419 s/step
Meep progress: 5562.455494203976/36396.71651657121 = 15.3% done in 270.0s, 1496.8s to go
on time step 79494 (time=5621.07), 0.00341714 s/step
on time step 80669 (time=5704.16), 0.00340622 s/step
on time step 81840 (time=5786.96), 0.00341592 s/step
on time step 83009 (time=5869.62), 0.00342195 s/step
on time step 84180 (time=5952.42), 0.00341602 s/step
on time step 85352 (time=6035.3), 0.00341461 s/step
on time step 86525 (time=6118.24), 0.00341278 s/step
Meep progress: 6183.507380120121/36396.71651657121 = 17.0% done in 300.0s, 1465.9s to go
on time step 87695 (time=6200.97), 0.00342116 s/step
on time step 88866 (time=6283.78), 0.00341748 s/step
on time step 90038 (time=6366.65), 0.00341408 s/step
on time step 91210 (time=6449.52), 0.00341333 s/step
on time step 92376 (time=6531.97), 0.00343256 s/step
on time step 93547 (time=6614.77), 0.00341873 s/step
on time step 94719 (time=6697.64), 0.00341554 s/step
on time step 95891 (time=6780.52), 0.00341444 s/step
Meep progress: 6804.135001967554/36396.71651657121 = 18.7% done in 330.0s, 1435.3s to go
on time step 97064 (time=6863.46), 0.00341196 s/step
on time step 98237 (time=6946.4), 0.00341128 s/step
on time step 99408 (time=7029.21), 0.00341836 s/step
on time step 100580 (time=7112.08), 0.00341437 s/step
on time step 101756 (time=7195.24), 0.00340248 s/step
on time step 102929 (time=7278.18), 0.00341015 s/step
on time step 104103 (time=7361.19), 0.00340766 s/step
Meep progress: 7425.893994664884/36396.71651657121 = 20.4% done in 360.0s, 1404.5s to go
on time step 105272 (time=7443.85), 0.00342237 s/step
on time step 106443 (time=7526.66), 0.00341774 s/step
on time step 107616 (time=7609.6), 0.00341256 s/step
on time step 108789 (time=7692.54), 0.00341036 s/step
on time step 109957 (time=7775.13), 0.0034249 s/step
on time step 111129 (time=7858.01), 0.00341301 s/step
on time step 112298 (time=7940.67), 0.00342308 s/step
on time step 113468 (time=8023.4), 0.00342052 s/step
Meep progress: 8046.592327190436/36396.71651657121 = 22.1% done in 390.0s, 1374.1s to go
on time step 114638 (time=8106.13), 0.00342141 s/step
on time step 115810 (time=8189), 0.00341525 s/step
on time step 116981 (time=8271.81), 0.00341824 s/step
on time step 118152 (time=8354.61), 0.00341852 s/step
on time step 119321 (time=8437.27), 0.00342343 s/step
on time step 120493 (time=8520.14), 0.00341435 s/step
on time step 121667 (time=8603.16), 0.00340936 s/step
Meep progress: 8667.219949037868/36396.71651657121 = 23.8% done in 420.0s, 1343.8s to go
on time step 122836 (time=8685.82), 0.00342373 s/step
on time step 124003 (time=8768.34), 0.00342829 s/step
on time step 125177 (time=8851.35), 0.00340733 s/step
on time step 126353 (time=8934.51), 0.00340398 s/step
on time step 127522 (time=9017.17), 0.00342393 s/step
on time step 128696 (time=9100.18), 0.00340922 s/step
on time step 129867 (time=9182.98), 0.00341814 s/step
on time step 131040 (time=9265.93), 0.00341019 s/step
Meep progress: 9288.554677666489/36396.71651657121 = 25.5% done in 450.0s, 1313.4s to go
on time step 132213 (time=9348.87), 0.00341142 s/step
on time step 133382 (time=9431.53), 0.0034233 s/step
on time step 134555 (time=9514.48), 0.00341109 s/step
on time step 135726 (time=9597.28), 0.00341832 s/step
on time step 136895 (time=9679.94), 0.00342178 s/step
on time step 138066 (time=9762.74), 0.00341857 s/step
on time step 139236 (time=9845.47), 0.0034198 s/step
Meep progress: 9909.182299513921/36396.71651657121 = 27.2% done in 480.0s, 1283.1s to go
on time step 140406 (time=9928.2), 0.003421 s/step
on time step 141577 (time=10011), 0.00341718 s/step
on time step 142749 (time=10093.9), 0.00341584 s/step
on time step 143922 (time=10176.8), 0.00341032 s/step
on time step 145089 (time=10259.3), 0.00342892 s/step
on time step 146263 (time=10342.4), 0.00340998 s/step
on time step 147432 (time=10425), 0.00342186 s/step
on time step 148606 (time=10508), 0.00340858 s/step
Meep progress: 10530.163474751947/36396.71651657121 = 28.9% done in 510.0s, 1252.8s to go
on time step 149780 (time=10591), 0.00340785 s/step
on time step 150954 (time=10674.1), 0.00340926 s/step
on time step 152129 (time=10757.1), 0.00340495 s/step
on time step 153301 (time=10840), 0.0034149 s/step
on time step 154471 (time=10922.7), 0.00342107 s/step
on time step 155645 (time=11005.8), 0.00340907 s/step
on time step 156819 (time=11088.8), 0.00340854 s/step
Meep progress: 11151.993178127397/36396.71651657121 = 30.6% done in 540.0s, 1222.5s to go
on time step 157989 (time=11171.5), 0.00342055 s/step
on time step 159161 (time=11254.4), 0.00341456 s/step
on time step 160334 (time=11337.3), 0.00341253 s/step
on time step 161508 (time=11420.3), 0.00340867 s/step
on time step 162676 (time=11502.9), 0.00342556 s/step
on time step 163848 (time=11585.8), 0.00341369 s/step
on time step 165018 (time=11668.5), 0.00342059 s/step
on time step 166189 (time=11751.3), 0.0034187 s/step
Meep progress: 11772.974353365424/36396.71651657121 = 32.3% done in 570.0s, 1192.3s to go
on time step 167359 (time=11834.1), 0.00341968 s/step
on time step 168531 (time=11916.9), 0.0034135 s/step
on time step 169703 (time=11999.8), 0.00341365 s/step
on time step 170868 (time=12082.2), 0.00343603 s/step
on time step 172040 (time=12165.1), 0.00341556 s/step
on time step 173212 (time=12247.9), 0.00341411 s/step
on time step 174382 (time=12330.7), 0.00341892 s/step
Meep progress: 12393.531264534737/36396.71651657121 = 34.1% done in 600.0s, 1162.1s to go
on time step 175553 (time=12413.5), 0.00341678 s/step
on time step 176727 (time=12496.5), 0.00340999 s/step
on time step 177901 (time=12579.5), 0.00340861 s/step
on time step 179076 (time=12662.6), 0.0034068 s/step
on time step 180245 (time=12745.2), 0.00342369 s/step
on time step 181417 (time=12828.1), 0.00341539 s/step
on time step 182587 (time=12910.9), 0.00342157 s/step
on time step 183759 (time=12993.7), 0.00341433 s/step
Meep progress: 13014.795282485238/36396.71651657121 = 35.8% done in 630.0s, 1131.9s to go
on time step 184930 (time=13076.5), 0.00341823 s/step
on time step 186099 (time=13159.2), 0.00342246 s/step
on time step 187271 (time=13242.1), 0.00341461 s/step
on time step 188441 (time=13324.8), 0.00342145 s/step
on time step 189611 (time=13407.5), 0.00342078 s/step
on time step 190782 (time=13490.3), 0.00341865 s/step
on time step 191953 (time=13573.1), 0.00341688 s/step
Meep progress: 13634.715797551484/36396.71651657121 = 37.5% done in 660.0s, 1101.9s to go
on time step 193116 (time=13655.4), 0.00343974 s/step
on time step 194289 (time=13738.3), 0.00341293 s/step
on time step 195463 (time=13821.3), 0.00340901 s/step
on time step 196641 (time=13904.6), 0.00339799 s/step
on time step 197809 (time=13987.2), 0.00342668 s/step
on time step 198984 (time=14070.3), 0.00340495 s/step
on time step 200156 (time=14153.2), 0.00341321 s/step
on time step 201331 (time=14236.3), 0.00340517 s/step
Meep progress: 14256.828343639409/36396.71651657121 = 39.2% done in 690.0s, 1071.6s to go
on time step 202506 (time=14319.3), 0.00340549 s/step
on time step 203681 (time=14402.4), 0.00340509 s/step
on time step 204853 (time=14485.3), 0.00341442 s/step
on time step 206023 (time=14568), 0.00341913 s/step
on time step 207197 (time=14651), 0.00340882 s/step
on time step 208371 (time=14734.1), 0.00340955 s/step
on time step 209543 (time=14816.9), 0.00341317 s/step
Meep progress: 14878.58733633674/36396.71651657121 = 40.9% done in 720.0s, 1041.4s to go
on time step 210713 (time=14899.7), 0.00342058 s/step
on time step 211884 (time=14982.5), 0.0034177 s/step
on time step 213056 (time=15065.3), 0.00341473 s/step
on time step 214230 (time=15148.3), 0.00340774 s/step
on time step 215397 (time=15230.9), 0.003428 s/step
on time step 216567 (time=15313.6), 0.00342023 s/step
on time step 217736 (time=15396.3), 0.00342235 s/step
on time step 218910 (time=15479.3), 0.00340845 s/step
Meep progress: 15499.28566886229/36396.71651657121 = 42.6% done in 750.0s, 1011.3s to go
on time step 220081 (time=15562.1), 0.00341848 s/step
on time step 221253 (time=15644.9), 0.00341341 s/step
on time step 222427 (time=15728), 0.00340995 s/step
on time step 223599 (time=15810.8), 0.00341484 s/step
on time step 224773 (time=15893.9), 0.00340983 s/step
on time step 225946 (time=15976.8), 0.00341074 s/step
on time step 227121 (time=16059.9), 0.00340664 s/step
Meep progress: 16120.973950881504/36396.71651657121 = 44.3% done in 780.0s, 981.1s to go
on time step 228291 (time=16142.6), 0.0034202 s/step
on time step 229466 (time=16225.7), 0.00340703 s/step
on time step 230640 (time=16308.7), 0.00340718 s/step
on time step 231814 (time=16391.7), 0.003409 s/step
on time step 232983 (time=16474.4), 0.00342389 s/step
on time step 234150 (time=16556.9), 0.00342892 s/step
on time step 235320 (time=16639.6), 0.0034216 s/step
on time step 236492 (time=16722.5), 0.00341378 s/step
Meep progress: 16741.88441544141/36396.71651657121 = 46.0% done in 810.0s, 951.0s to go
on time step 237661 (time=16805.2), 0.00342189 s/step
on time step 238830 (time=16887.8), 0.00342207 s/step
on time step 240003 (time=16970.8), 0.00341084 s/step
on time step 241174 (time=17053.6), 0.00341791 s/step
on time step 242346 (time=17136.4), 0.00341314 s/step
on time step 243516 (time=17219.2), 0.00342087 s/step
on time step 244687 (time=17302), 0.00341663 s/step
Meep progress: 17362.512037288845/36396.71651657121 = 47.7% done in 840.0s, 920.9s to go
on time step 245855 (time=17384.6), 0.0034247 s/step
on time step 247028 (time=17467.5), 0.00341116 s/step
on time step 248204 (time=17550.7), 0.00340429 s/step
on time step 249379 (time=17633.8), 0.00340577 s/step
on time step 250544 (time=17716.1), 0.00343483 s/step
on time step 251715 (time=17798.9), 0.0034176 s/step
on time step 252889 (time=17882), 0.00340995 s/step
on time step 254066 (time=17965.2), 0.00339913 s/step
Meep progress: 17984.200319308056/36396.71651657121 = 49.4% done in 870.0s, 890.8s to go
on time step 255239 (time=18048.1), 0.0034128 s/step
on time step 256413 (time=18131.1), 0.00340943 s/step
on time step 257586 (time=18214.1), 0.00341137 s/step
on time step 258758 (time=18297), 0.00341497 s/step
on time step 259932 (time=18380), 0.00340937 s/step
on time step 261103 (time=18462.8), 0.00341672 s/step
on time step 262275 (time=18545.6), 0.00341432 s/step
Meep progress: 18605.888601327268/36396.71651657121 = 51.1% done in 900.1s, 860.6s to go
on time step 263447 (time=18628.5), 0.00341551 s/step
on time step 264616 (time=18711.2), 0.00342412 s/step
on time step 265789 (time=18794.1), 0.00341248 s/step
on time step 266961 (time=18877), 0.00341402 s/step
on time step 268129 (time=18959.6), 0.00342519 s/step
on time step 269299 (time=19042.3), 0.0034196 s/step
on time step 270470 (time=19125.1), 0.00341707 s/step
on time step 271644 (time=19208.1), 0.00340854 s/step
Meep progress: 19226.5162231747/36396.71651657121 = 52.8% done in 930.1s, 830.6s to go
on time step 272816 (time=19291), 0.00341587 s/step
on time step 273990 (time=19374), 0.00340948 s/step
on time step 275164 (time=19457), 0.0034089 s/step
on time step 276334 (time=19539.8), 0.00341915 s/step
on time step 277509 (time=19622.8), 0.00340452 s/step
on time step 278682 (time=19705.8), 0.00341155 s/step
on time step 279856 (time=19788.8), 0.00341004 s/step
Meep progress: 19848.41663722827/36396.71651657121 = 54.5% done in 960.1s, 800.4s to go
on time step 281027 (time=19871.6), 0.00341623 s/step
on time step 282200 (time=19954.6), 0.00341174 s/step
on time step 283375 (time=20037.6), 0.00340677 s/step
on time step 284545 (time=20120.4), 0.00341978 s/step
on time step 285711 (time=20202.8), 0.00343057 s/step
on time step 286881 (time=20285.6), 0.00342034 s/step
on time step 288053 (time=20368.4), 0.0034158 s/step
on time step 289226 (time=20451.4), 0.00341213 s/step
Meep progress: 20469.0442590757/36396.71651657121 = 56.2% done in 990.1s, 770.4s to go
on time step 290393 (time=20533.9), 0.00342936 s/step
on time step 291565 (time=20616.8), 0.00341489 s/step
on time step 292735 (time=20699.5), 0.00341949 s/step
on time step 293903 (time=20782.1), 0.0034263 s/step
on time step 295076 (time=20865), 0.00341067 s/step
on time step 296247 (time=20947.8), 0.00341769 s/step
on time step 297420 (time=21030.8), 0.00341029 s/step
Meep progress: 21089.954723635612/36396.71651657121 = 57.9% done in 1020.1s, 740.3s to go
on time step 298591 (time=21113.6), 0.00341655 s/step
on time step 299763 (time=21196.4), 0.00341489 s/step
on time step 300939 (time=21279.6), 0.00340286 s/step
on time step 302111 (time=21362.5), 0.00341504 s/step
on time step 303283 (time=21445.3), 0.00341541 s/step
on time step 304453 (time=21528.1), 0.00341986 s/step
on time step 305627 (time=21611.1), 0.00340976 s/step
on time step 306802 (time=21694.2), 0.00340476 s/step
Meep progress: 21711.501584298585/36396.71651657121 = 59.7% done in 1050.1s, 710.2s to go
on time step 307972 (time=21776.9), 0.00342159 s/step
on time step 309144 (time=21859.8), 0.00341343 s/step
on time step 310314 (time=21942.5), 0.00341893 s/step
on time step 311482 (time=22025.1), 0.00342531 s/step
on time step 312655 (time=22108), 0.00341141 s/step
on time step 313825 (time=22190.8), 0.00342 s/step
on time step 314996 (time=22273.6), 0.00341788 s/step
Meep progress: 22332.19991682414/36396.71651657121 = 61.4% done in 1080.1s, 680.2s to go
on time step 316166 (time=22356.3), 0.00342065 s/step
on time step 317338 (time=22439.2), 0.00341306 s/step
on time step 318510 (time=22522.1), 0.00341431 s/step
on time step 319681 (time=22604.9), 0.00341868 s/step
on time step 320850 (time=22687.5), 0.00342265 s/step
on time step 322021 (time=22770.3), 0.00341619 s/step
on time step 323193 (time=22853.2), 0.00341405 s/step
on time step 324368 (time=22936.3), 0.00340673 s/step
Meep progress: 22953.3225134184/36396.71651657121 = 63.1% done in 1110.1s, 650.1s to go
on time step 325536 (time=23018.9), 0.0034249 s/step
on time step 326708 (time=23101.7), 0.00341325 s/step
on time step 327882 (time=23184.8), 0.00340796 s/step
on time step 329051 (time=23267.4), 0.00342278 s/step
on time step 330226 (time=23350.5), 0.00340437 s/step
on time step 331398 (time=23433.4), 0.0034134 s/step
on time step 332567 (time=23516), 0.00342269 s/step
Meep progress: 23574.515820690784/36396.71651657121 = 64.8% done in 1140.1s, 620.1s to go
on time step 333738 (time=23598.8), 0.00341737 s/step
on time step 334909 (time=23681.6), 0.00341672 s/step
on time step 336083 (time=23764.7), 0.0034078 s/step
on time step 337255 (time=23847.5), 0.00341422 s/step
on time step 338423 (time=23930.1), 0.0034272 s/step
on time step 339591 (time=24012.7), 0.00342666 s/step
on time step 340763 (time=24095.6), 0.00341518 s/step
on time step 341936 (time=24178.5), 0.0034121 s/step
Meep progress: 24195.214153216333/36396.71651657121 = 66.5% done in 1170.1s, 590.1s to go
on time step 343107 (time=24261.3), 0.00341795 s/step
on time step 344276 (time=24344), 0.00342261 s/step
on time step 345447 (time=24426.8), 0.00341877 s/step
on time step 346618 (time=24509.6), 0.00341693 s/step
on time step 347791 (time=24592.5), 0.003412 s/step
on time step 348962 (time=24675.3), 0.0034182 s/step
on time step 350134 (time=24758.2), 0.00341393 s/step
Meep progress: 24816.19532845436/36396.71651657121 = 68.2% done in 1200.1s, 560.0s to go
on time step 351304 (time=24840.9), 0.00341908 s/step
on time step 352479 (time=24924), 0.00340683 s/step
on time step 353654 (time=25007.1), 0.00340487 s/step
on time step 354827 (time=25090.1), 0.00341204 s/step
on time step 355997 (time=25172.8), 0.00342027 s/step
on time step 357169 (time=25255.7), 0.00341498 s/step
on time step 358344 (time=25338.7), 0.0034058 s/step
on time step 359517 (time=25421.7), 0.00341216 s/step
Meep progress: 25437.812899795455/36396.71651657121 = 69.9% done in 1230.1s, 529.9s to go
on time step 360688 (time=25504.5), 0.00341807 s/step
on time step 361859 (time=25587.3), 0.00341756 s/step
on time step 363031 (time=25670.2), 0.00341303 s/step
on time step 364201 (time=25752.9), 0.00342118 s/step
on time step 365373 (time=25835.8), 0.00341577 s/step
on time step 366542 (time=25918.4), 0.00342391 s/step
on time step 367706 (time=26000.7), 0.00343891 s/step
Meep progress: 26057.874836217936/36396.71651657121 = 71.6% done in 1260.1s, 500.0s to go
on time step 368875 (time=26083.4), 0.00342402 s/step
on time step 370048 (time=26166.3), 0.00341247 s/step
on time step 371220 (time=26249.2), 0.00341553 s/step
on time step 372389 (time=26331.9), 0.00342257 s/step
on time step 373558 (time=26414.5), 0.00342194 s/step
on time step 374727 (time=26497.2), 0.00342255 s/step
on time step 375900 (time=26580.1), 0.00341169 s/step
on time step 377070 (time=26662.9), 0.00341891 s/step
Meep progress: 26678.43174738725/36396.71651657121 = 73.3% done in 1290.1s, 469.9s to go
on time step 378240 (time=26745.6), 0.00341897 s/step
on time step 379412 (time=26828.5), 0.00341381 s/step
on time step 380585 (time=26911.4), 0.00341045 s/step
on time step 381757 (time=26994.3), 0.00341426 s/step
on time step 382931 (time=27077.3), 0.00340817 s/step
on time step 384102 (time=27160.1), 0.00341649 s/step
on time step 385275 (time=27243.1), 0.00341222 s/step
Meep progress: 27299.907897372108/36396.71651657121 = 75.0% done in 1320.1s, 439.9s to go
on time step 386444 (time=27325.7), 0.00342187 s/step
on time step 387613 (time=27408.4), 0.00342323 s/step
on time step 388785 (time=27491.3), 0.00341374 s/step
on time step 389957 (time=27574.1), 0.00341321 s/step
on time step 391123 (time=27656.6), 0.00343166 s/step
on time step 392291 (time=27739.2), 0.00342494 s/step
on time step 393463 (time=27822), 0.00341544 s/step
on time step 394634 (time=27904.8), 0.00341733 s/step
Meep progress: 27920.04054447271/36396.71651657121 = 76.7% done in 1350.1s, 409.9s to go
on time step 395803 (time=27987.5), 0.00342381 s/step
on time step 396975 (time=28070.4), 0.00341532 s/step
on time step 398148 (time=28153.3), 0.00341131 s/step
on time step 399321 (time=28236.3), 0.00341034 s/step
on time step 400496 (time=28319.3), 0.00340666 s/step
on time step 401669 (time=28402.3), 0.00341277 s/step
on time step 402842 (time=28485.2), 0.00341067 s/step
Meep progress: 28541.79953717004/36396.71651657121 = 78.4% done in 1380.1s, 379.8s to go
on time step 404017 (time=28568.3), 0.00340716 s/step
on time step 405194 (time=28651.5), 0.00340089 s/step
on time step 406368 (time=28734.6), 0.00340951 s/step
on time step 407540 (time=28817.4), 0.00341517 s/step
on time step 408709 (time=28900.1), 0.00342216 s/step
on time step 409879 (time=28982.8), 0.00342036 s/step
on time step 411053 (time=29065.8), 0.00340996 s/step
on time step 412221 (time=29148.4), 0.00342556 s/step
Meep progress: 29163.13426579866/36396.71651657121 = 80.1% done in 1410.1s, 349.8s to go
on time step 413390 (time=29231.1), 0.00342221 s/step
on time step 414562 (time=29314), 0.00341325 s/step
on time step 415733 (time=29396.8), 0.00341837 s/step
on time step 416904 (time=29479.6), 0.0034167 s/step
on time step 418073 (time=29562.2), 0.00342348 s/step
on time step 419242 (time=29644.9), 0.00342189 s/step
on time step 420414 (time=29727.8), 0.00341573 s/step
Meep progress: 29783.620466289856/36396.71651657121 = 81.8% done in 1440.1s, 319.8s to go
on time step 421585 (time=29810.6), 0.00341706 s/step
on time step 422759 (time=29893.6), 0.0034095 s/step
on time step 423933 (time=29976.6), 0.00340813 s/step
on time step 425105 (time=30059.5), 0.00341389 s/step
on time step 426275 (time=30142.2), 0.00341926 s/step
on time step 427446 (time=30225), 0.00341739 s/step
on time step 428621 (time=30308.1), 0.00340664 s/step
on time step 429794 (time=30391), 0.00341224 s/step
Meep progress: 30405.308748309068/36396.71651657121 = 83.5% done in 1470.1s, 289.7s to go
on time step 430964 (time=30473.8), 0.00342059 s/step
on time step 432134 (time=30556.5), 0.00342075 s/step
on time step 433305 (time=30639.3), 0.00341674 s/step
on time step 434477 (time=30722.2), 0.00341535 s/step
on time step 435651 (time=30805.2), 0.0034088 s/step
on time step 436822 (time=30888), 0.00341883 s/step
on time step 437994 (time=30970.9), 0.00341378 s/step
Meep progress: 31026.148502190856/36396.71651657121 = 85.2% done in 1500.1s, 259.7s to go
on time step 439162 (time=31053.4), 0.00342685 s/step
on time step 440334 (time=31136.3), 0.0034133 s/step
on time step 441507 (time=31219.3), 0.00341203 s/step
on time step 442677 (time=31302), 0.00341896 s/step
on time step 443846 (time=31384.7), 0.0034239 s/step
on time step 445016 (time=31467.4), 0.00342019 s/step
on time step 446189 (time=31550.3), 0.00341065 s/step
on time step 447361 (time=31633.2), 0.00341297 s/step
Meep progress: 31646.988256072647/36396.71651657121 = 87.0% done in 1530.1s, 229.6s to go
on time step 448533 (time=31716.1), 0.00341535 s/step
on time step 449705 (time=31798.9), 0.00341513 s/step
on time step 450879 (time=31882), 0.00340887 s/step
on time step 452052 (time=31964.9), 0.00341112 s/step
on time step 453227 (time=32048), 0.00340522 s/step
on time step 454401 (time=32131), 0.00340724 s/step
on time step 455572 (time=32213.8), 0.00341613 s/step
Meep progress: 32268.817959448097/36396.71651657121 = 88.7% done in 1560.1s, 199.6s to go
on time step 456743 (time=32296.6), 0.00341736 s/step
on time step 457918 (time=32379.7), 0.00340426 s/step
on time step 459092 (time=32462.7), 0.00340886 s/step
on time step 460265 (time=32545.7), 0.00341238 s/step
on time step 461434 (time=32628.3), 0.00342207 s/step
on time step 462605 (time=32711.1), 0.00341622 s/step
on time step 463777 (time=32794), 0.00341305 s/step
on time step 464946 (time=32876.6), 0.00342418 s/step
Meep progress: 32890.01126672048/36396.71651657121 = 90.4% done in 1590.1s, 169.5s to go
on time step 466118 (time=32959.5), 0.00341407 s/step
on time step 467290 (time=33042.4), 0.00341538 s/step
on time step 468463 (time=33125.3), 0.00341244 s/step
on time step 469633 (time=33208.1), 0.00341916 s/step
on time step 470805 (time=33290.9), 0.00341413 s/step
on time step 471976 (time=33373.7), 0.00341731 s/step
on time step 473149 (time=33456.7), 0.00341261 s/step
Meep progress: 33511.13386331474/36396.71651657121 = 92.1% done in 1620.1s, 139.5s to go
on time step 474321 (time=33539.6), 0.00341328 s/step
on time step 475495 (time=33622.6), 0.00340924 s/step
on time step 476668 (time=33705.5), 0.00341288 s/step
on time step 477840 (time=33788.4), 0.00341329 s/step
on time step 479008 (time=33871), 0.00342588 s/step
on time step 480180 (time=33953.9), 0.00341422 s/step
on time step 481351 (time=34036.7), 0.00341772 s/step
on time step 482522 (time=34119.5), 0.00341832 s/step
Meep progress: 34132.256459909004/36396.71651657121 = 93.8% done in 1650.1s, 109.5s to go
on time step 483695 (time=34202.4), 0.00341274 s/step
on time step 484866 (time=34285.2), 0.00341833 s/step
on time step 486039 (time=34368.1), 0.00341141 s/step
on time step 487207 (time=34450.7), 0.00342582 s/step
on time step 488382 (time=34533.8), 0.00340691 s/step
on time step 489552 (time=34616.6), 0.00342116 s/step
on time step 490723 (time=34699.4), 0.00341876 s/step
Meep progress: 34753.09621379079/36396.71651657121 = 95.5% done in 1680.1s, 79.5s to go
on time step 491895 (time=34782.2), 0.00341512 s/step
on time step 493067 (time=34865.1), 0.00341481 s/step
on time step 494236 (time=34947.8), 0.00342264 s/step
on time step 495409 (time=35030.7), 0.00341007 s/step
on time step 496579 (time=35113.4), 0.00341983 s/step
on time step 497751 (time=35196.3), 0.00341402 s/step
on time step 498924 (time=35279.3), 0.00341015 s/step
on time step 500095 (time=35362.1), 0.00341708 s/step
Meep progress: 35374.289521063176/36396.71651657121 = 97.2% done in 1710.1s, 49.4s to go
on time step 501268 (time=35445), 0.00341147 s/step
on time step 502440 (time=35527.9), 0.00341299 s/step
on time step 503616 (time=35611), 0.00340415 s/step
on time step 504786 (time=35693.8), 0.0034201 s/step
on time step 505962 (time=35776.9), 0.00340283 s/step
on time step 507135 (time=35859.9), 0.00341199 s/step
on time step 508309 (time=35942.9), 0.00340961 s/step
Meep progress: 35996.260645794864/36396.71651657121 = 98.9% done in 1740.1s, 19.4s to go
on time step 509482 (time=36025.8), 0.00341184 s/step
on time step 510654 (time=36108.7), 0.0034154 s/step
on time step 511827 (time=36191.6), 0.00341017 s/step
on time step 512998 (time=36274.4), 0.0034188 s/step
on time step 514165 (time=36357), 0.0034283 s/step
run 0 finished at t = 36396.765926658925 (514728 timesteps)
Whole Sim Walltime: 1767.1996347904205 s

Elapsed run time = 1767.5683 s
