Warning: grid volume is not an integer number of pixels; cell size will be rounded to nearest pixel.
Using MPI version 3.1, 10 processes
Argument List: ['../LoadedCapillaries/twoDsolve.py', 'MEEP_10', '10']
Standard run
WD: ../data/2022-03-31/MEEP_10/
AlreadyDir
Whole Sim Walltime: 4.76837158203125e-07 s



Datapoints:-   60000



0.6451612903225806
0.024983344437042088
60000
-----------
Initializing structure...
Splitting into 10 chunks by voxels
time for choose_chunkdivision = 0.000546716 s
Working in 2D dimensions.
Computational cell is 87.1 x 11.8 x 0 with resolution 10
     block, center = (0,0,0)
          size (1e+20,1,1e+20)
          axes (1,0,0), (0,1,0), (0,0,1)
          dielectric constant epsilon diagonal = (2.0736,2.0736,2.0736)
time for set_epsilon = 0.0285296 s
-----------
MPB solved for frequency_1(0.4,0,0) = 0.325672 after 11 iters
MPB solved for frequency_1(0.851154,0,0) = 0.635937 after 9 iters
MPB solved for frequency_1(0.864706,0,0) = 0.645161 after 7 iters
MPB solved for frequency_1(0.864707,0,0) = 0.645161 after 1 iters
Meep: using output directory '../data/2022-03-31/MEEP_10/'


Normalisation Run


on time step 44 (time=3.11127), 0.0911302 s/step
on time step 88 (time=6.22254), 0.092672 s/step
on time step 132 (time=9.33381), 0.0924811 s/step
on time step 176 (time=12.4451), 0.0924793 s/step
on time step 220 (time=15.5563), 0.0924628 s/step
on time step 264 (time=18.6676), 0.0926323 s/step
on time step 308 (time=21.7789), 0.0924901 s/step
Meep progress: 22.980970388562795/525.6906625976562 = 4.4% done in 30.0s, 656.6s to go
on time step 352 (time=24.8902), 0.0925849 s/step
on time step 396 (time=28.0014), 0.0924813 s/step
on time step 440 (time=31.1127), 0.0924667 s/step
on time step 484 (time=34.224), 0.0924938 s/step
on time step 528 (time=37.3352), 0.0924656 s/step
on time step 572 (time=40.4465), 0.0925409 s/step
on time step 616 (time=43.5578), 0.092402 s/step
Meep progress: 45.96194077712559/525.6906625976562 = 8.7% done in 60.1s, 627.1s to go
on time step 660 (time=46.669), 0.09256 s/step
on time step 704 (time=49.7803), 0.0924816 s/step
on time step 748 (time=52.8916), 0.0925024 s/step
on time step 792 (time=56.0029), 0.092291 s/step
on time step 836 (time=59.1141), 0.0925205 s/step
on time step 880 (time=62.2254), 0.0925846 s/step
on time step 924 (time=65.3367), 0.0925104 s/step
on time step 968 (time=68.4479), 0.0923446 s/step
Meep progress: 68.94291116568839/525.6906625976562 = 13.1% done in 90.1s, 597.1s to go
on time step 1012 (time=71.5592), 0.0924357 s/step
on time step 1056 (time=74.6705), 0.092387 s/step
on time step 1100 (time=77.7817), 0.0924654 s/step
on time step 1144 (time=80.893), 0.0925401 s/step
on time step 1188 (time=84.0043), 0.0923842 s/step
on time step 1232 (time=87.1156), 0.0924374 s/step
on time step 1276 (time=90.2268), 0.0924892 s/step
Meep progress: 91.92388155425118/525.6906625976562 = 17.5% done in 120.2s, 567.1s to go
on time step 1320 (time=93.3381), 0.0923861 s/step
on time step 1364 (time=96.4494), 0.0923035 s/step
on time step 1408 (time=99.5606), 0.0923674 s/step
on time step 1452 (time=102.672), 0.0925017 s/step
on time step 1496 (time=105.783), 0.092449 s/step
on time step 1540 (time=108.894), 0.0925151 s/step
on time step 1584 (time=112.006), 0.0925721 s/step
Meep progress: 114.90485194281398/525.6906625976562 = 21.9% done in 150.2s, 537.1s to go
on time step 1628 (time=115.117), 0.0926811 s/step
on time step 1672 (time=118.228), 0.0923645 s/step
on time step 1716 (time=121.34), 0.0925612 s/step
on time step 1760 (time=124.451), 0.0924695 s/step
on time step 1804 (time=127.562), 0.0924419 s/step
on time step 1848 (time=130.673), 0.0924306 s/step
on time step 1892 (time=133.785), 0.0926072 s/step
on time step 1936 (time=136.896), 0.0925759 s/step
Meep progress: 137.88582233137677/525.6906625976562 = 26.2% done in 180.3s, 507.1s to go
on time step 1980 (time=140.007), 0.0923871 s/step
on time step 2024 (time=143.118), 0.092501 s/step
on time step 2068 (time=146.23), 0.0922832 s/step
on time step 2112 (time=149.341), 0.0925302 s/step
on time step 2156 (time=152.452), 0.0924439 s/step
on time step 2200 (time=155.563), 0.092465 s/step
on time step 2244 (time=158.675), 0.0924789 s/step
Meep progress: 160.86679271993955/525.6906625976562 = 30.6% done in 210.3s, 477.0s to go
on time step 2288 (time=161.786), 0.0925375 s/step
on time step 2332 (time=164.897), 0.0924581 s/step
on time step 2376 (time=168.009), 0.0924466 s/step
on time step 2420 (time=171.12), 0.0925912 s/step
on time step 2464 (time=174.231), 0.0924515 s/step
on time step 2508 (time=177.342), 0.0924767 s/step
on time step 2552 (time=180.454), 0.0926046 s/step
on time step 2596 (time=183.565), 0.0923961 s/step
Meep progress: 183.84776310850236/525.6906625976562 = 35.0% done in 240.4s, 447.0s to go
on time step 2640 (time=186.676), 0.0924655 s/step
on time step 2684 (time=189.787), 0.0924876 s/step
on time step 2728 (time=192.899), 0.0924494 s/step
on time step 2772 (time=196.01), 0.0924359 s/step
on time step 2816 (time=199.121), 0.0924842 s/step
on time step 2860 (time=202.233), 0.092683 s/step
on time step 2904 (time=205.344), 0.0924921 s/step
Meep progress: 206.82873349706514/525.6906625976562 = 39.3% done in 270.5s, 417.0s to go
on time step 2948 (time=208.455), 0.0923937 s/step
on time step 2992 (time=211.566), 0.0925367 s/step
on time step 3036 (time=214.678), 0.0923899 s/step
on time step 3080 (time=217.789), 0.0924143 s/step
on time step 3124 (time=220.9), 0.0924665 s/step
on time step 3168 (time=224.011), 0.0925539 s/step
on time step 3212 (time=227.123), 0.0924161 s/step
Meep progress: 229.80970388562795/525.6906625976562 = 43.7% done in 300.5s, 386.9s to go
on time step 3256 (time=230.234), 0.0924433 s/step
on time step 3300 (time=233.345), 0.091197 s/step
on time step 3344 (time=236.457), 0.0925081 s/step
on time step 3388 (time=239.568), 0.0923414 s/step
on time step 3432 (time=242.679), 0.0926081 s/step
on time step 3476 (time=245.79), 0.0924618 s/step
on time step 3520 (time=248.902), 0.0929248 s/step
on time step 3564 (time=252.013), 0.0925396 s/step
Meep progress: 252.79067427419074/525.6906625976562 = 48.1% done in 330.6s, 356.8s to go
on time step 3608 (time=255.124), 0.0924071 s/step
on time step 3652 (time=258.235), 0.0924102 s/step
on time step 3696 (time=261.347), 0.0926966 s/step
on time step 3740 (time=264.458), 0.0925365 s/step
on time step 3784 (time=267.569), 0.0924717 s/step
on time step 3828 (time=270.68), 0.0925102 s/step
on time step 3872 (time=273.792), 0.0924988 s/step
Meep progress: 275.77164466275354/525.6906625976562 = 52.5% done in 360.6s, 326.8s to go
on time step 3916 (time=276.903), 0.0925684 s/step
on time step 3960 (time=280.014), 0.0924156 s/step
on time step 4004 (time=283.126), 0.0925195 s/step
on time step 4048 (time=286.237), 0.0924523 s/step
on time step 4092 (time=289.348), 0.092568 s/step
on time step 4136 (time=292.459), 0.0926877 s/step
on time step 4180 (time=295.571), 0.0926798 s/step
on time step 4224 (time=298.682), 0.0925238 s/step
Meep progress: 298.75261505131635/525.6906625976562 = 56.8% done in 390.7s, 296.8s to go
on time step 4268 (time=301.793), 0.092437 s/step
on time step 4312 (time=304.904), 0.0924137 s/step
on time step 4356 (time=308.016), 0.0925589 s/step
on time step 4400 (time=311.127), 0.0923966 s/step
on time step 4444 (time=314.238), 0.0923437 s/step
on time step 4488 (time=317.35), 0.0925754 s/step
on time step 4532 (time=320.461), 0.0924449 s/step
Meep progress: 321.7335854398791/525.6906625976562 = 61.2% done in 420.8s, 266.7s to go
on time step 4576 (time=323.572), 0.0925781 s/step
on time step 4620 (time=326.683), 0.092473 s/step
on time step 4664 (time=329.795), 0.0925222 s/step
on time step 4708 (time=332.906), 0.0925888 s/step
on time step 4752 (time=336.017), 0.0924126 s/step
on time step 4796 (time=339.128), 0.0924327 s/step
on time step 4840 (time=342.24), 0.0927068 s/step
Meep progress: 344.7145558284419/525.6906625976562 = 65.6% done in 450.8s, 236.7s to go
on time step 4884 (time=345.351), 0.0923815 s/step
on time step 4928 (time=348.462), 0.0925606 s/step
on time step 4972 (time=351.573), 0.0923709 s/step
on time step 5016 (time=354.685), 0.092476 s/step
on time step 5060 (time=357.796), 0.0924911 s/step
on time step 5104 (time=360.907), 0.0925039 s/step
on time step 5148 (time=364.019), 0.0924445 s/step
on time step 5192 (time=367.13), 0.0924738 s/step
Meep progress: 367.6955262170047/525.6906625976562 = 69.9% done in 480.9s, 206.6s to go
on time step 5236 (time=370.241), 0.0924814 s/step
on time step 5280 (time=373.352), 0.0925735 s/step
on time step 5324 (time=376.464), 0.092555 s/step
on time step 5368 (time=379.575), 0.0923444 s/step
on time step 5412 (time=382.686), 0.0925406 s/step
on time step 5456 (time=385.797), 0.0926707 s/step
on time step 5500 (time=388.909), 0.0926724 s/step
Meep progress: 390.6764966055675/525.6906625976562 = 74.3% done in 511.0s, 176.6s to go
on time step 5544 (time=392.02), 0.0923753 s/step
on time step 5588 (time=395.131), 0.0925015 s/step
on time step 5632 (time=398.243), 0.0923552 s/step
on time step 5676 (time=401.354), 0.0925521 s/step
on time step 5720 (time=404.465), 0.0926038 s/step
on time step 5764 (time=407.576), 0.092546 s/step
on time step 5808 (time=410.688), 0.0927159 s/step
Meep progress: 413.6574669941303/525.6906625976562 = 78.7% done in 541.0s, 146.5s to go
on time step 5852 (time=413.799), 0.0925079 s/step
on time step 5896 (time=416.91), 0.0924903 s/step
on time step 5940 (time=420.021), 0.092475 s/step
on time step 5984 (time=423.133), 0.0925543 s/step
on time step 6028 (time=426.244), 0.0924326 s/step
on time step 6072 (time=429.355), 0.0926592 s/step
on time step 6116 (time=432.467), 0.092689 s/step
on time step 6160 (time=435.578), 0.0925311 s/step
Meep progress: 436.6384373826931/525.6906625976562 = 83.1% done in 571.1s, 116.5s to go
on time step 6204 (time=438.689), 0.0925057 s/step
on time step 6248 (time=441.8), 0.0924833 s/step
on time step 6292 (time=444.912), 0.0925577 s/step
on time step 6336 (time=448.023), 0.0923706 s/step
on time step 6380 (time=451.134), 0.0925892 s/step
on time step 6424 (time=454.245), 0.0924815 s/step
on time step 6468 (time=457.357), 0.0928132 s/step
Meep progress: 459.6194077712559/525.6906625976562 = 87.4% done in 601.2s, 86.4s to go
on time step 6512 (time=460.468), 0.0924346 s/step
on time step 6556 (time=463.579), 0.0926395 s/step
on time step 6600 (time=466.69), 0.0924412 s/step
on time step 6644 (time=469.802), 0.092666 s/step
on time step 6688 (time=472.913), 0.0924581 s/step
on time step 6732 (time=476.024), 0.0924909 s/step
on time step 6776 (time=479.136), 0.0928026 s/step
on time step 6820 (time=482.247), 0.0924942 s/step
Meep progress: 482.60037815981866/525.6906625976562 = 91.8% done in 631.3s, 56.4s to go
on time step 6864 (time=485.358), 0.0925822 s/step
on time step 6908 (time=488.469), 0.092591 s/step
on time step 6952 (time=491.581), 0.0925052 s/step
on time step 6996 (time=494.692), 0.0924796 s/step
on time step 7040 (time=497.803), 0.0924661 s/step
on time step 7084 (time=500.914), 0.0924103 s/step
on time step 7128 (time=504.026), 0.0924095 s/step
Meep progress: 505.58134854838147/525.6906625976562 = 96.2% done in 661.3s, 26.3s to go
on time step 7172 (time=507.137), 0.0923409 s/step
on time step 7216 (time=510.248), 0.0925186 s/step
on time step 7260 (time=513.36), 0.0926408 s/step
on time step 7304 (time=516.471), 0.092629 s/step
on time step 7348 (time=519.582), 0.0925507 s/step
on time step 7392 (time=522.693), 0.0925769 s/step
Warning: grid volume is not an integer number of pixels; cell size will be rounded to nearest pixel.
run 0 finished at t = 525.7338918121981 (7435 timesteps)



Datapoints:-   60000



0.6451612903225806
0.024983344437042088
60000
-----------
Initializing structure...
Splitting into 10 chunks by voxels
time for choose_chunkdivision = 0.00151117 s
Working in 2D dimensions.
Computational cell is 87.1 x 93.8 x 0 with resolution 10
     cylinder, center = (0,0,0)
          radius 40, height 1e+20, axis (0, 0, 1)
          dielectric constant epsilon diagonal = (2.0736,2.0736,2.0736)
     cylinder, center = (0,0,0)
          radius 30, height 1e+20, axis (0, 0, 1)
          dielectric constant epsilon diagonal = (1.9881,1.9881,1.9881)
     block, center = (0,-41.167,0)
          size (1e+20,1,1e+20)
          axes (1,0,0), (0,1,0), (0,0,1)
          dielectric constant epsilon diagonal = (2.0736,2.0736,2.0736)
time for set_epsilon = 0.413082 s
-----------
MPB solved for frequency_1(0.4,0,0) = 0.32606 after 10 iters
MPB solved for frequency_1(0.850308,0,0) = 0.635755 after 7 iters
MPB solved for frequency_1(0.864131,0,0) = 0.645161 after 5 iters
MPB solved for frequency_1(0.864132,0,0) = 0.645161 after 2 iters
Meep: using output directory '../data/2022-03-31/MEEP_10/'
prevRunFalse


Actual Run


Previous SimTime = 0.0
creating output file "../data/2022-03-31/MEEP_10//twoDsolve-eps-000000.00.h5"...
on time step 53 (time=3.74767), 0.0765685 s/step
on time step 106 (time=7.49533), 0.0757922 s/step
on time step 159 (time=11.243), 0.075801 s/step
on time step 212 (time=14.9907), 0.0757937 s/step
on time step 265 (time=18.7383), 0.075825 s/step
on time step 318 (time=22.486), 0.0757806 s/step
on time step 371 (time=26.2337), 0.0758724 s/step
Meep progress: 27.930717856868625/4082.0933995330984 = 0.7% done in 30.1s, 4363.2s to go
on time step 424 (time=29.9813), 0.0757567 s/step
on time step 477 (time=33.729), 0.0758396 s/step
on time step 530 (time=37.4767), 0.0758291 s/step
on time step 583 (time=41.2243), 0.0758146 s/step
on time step 636 (time=44.972), 0.0758591 s/step
on time step 689 (time=48.7197), 0.0758954 s/step
on time step 742 (time=52.4673), 0.0759721 s/step
Meep progress: 55.93214639185591/4082.0933995330984 = 1.4% done in 60.1s, 4326.2s to go
on time step 795 (time=56.215), 0.0758401 s/step
on time step 845 (time=59.7505), 0.0812755 s/step
on time step 898 (time=63.4982), 0.0759594 s/step
on time step 951 (time=67.2459), 0.0758937 s/step
on time step 1004 (time=70.9935), 0.0758463 s/step
on time step 1057 (time=74.7412), 0.0758092 s/step
on time step 1110 (time=78.4889), 0.0758113 s/step
on time step 1163 (time=82.2365), 0.0758115 s/step
Meep progress: 83.65073221436857/4082.0933995330984 = 2.0% done in 90.1s, 4307.1s to go
on time step 1216 (time=85.9842), 0.0758248 s/step
on time step 1269 (time=89.7319), 0.0757841 s/step
on time step 1322 (time=93.4795), 0.075806 s/step
on time step 1375 (time=97.2272), 0.0757909 s/step
on time step 1428 (time=100.975), 0.0758359 s/step
on time step 1481 (time=104.723), 0.0759503 s/step
on time step 1534 (time=108.47), 0.0758653 s/step
Meep progress: 111.65216074935586/4082.0933995330984 = 2.7% done in 120.1s, 4272.3s to go
on time step 1587 (time=112.218), 0.0758385 s/step
on time step 1640 (time=115.966), 0.0758605 s/step
on time step 1693 (time=119.713), 0.0758043 s/step
on time step 1746 (time=123.461), 0.0758278 s/step
on time step 1799 (time=127.209), 0.0758482 s/step
on time step 1852 (time=130.956), 0.0758476 s/step
on time step 1905 (time=134.704), 0.0758183 s/step
on time step 1958 (time=138.452), 0.0758417 s/step
Meep progress: 139.65358928434313/4082.0933995330984 = 3.4% done in 150.2s, 4239.3s to go
on time step 2011 (time=142.199), 0.0757794 s/step
on time step 2064 (time=145.947), 0.075842 s/step
on time step 2117 (time=149.695), 0.0758236 s/step
on time step 2170 (time=153.442), 0.0757978 s/step
on time step 2223 (time=157.19), 0.075838 s/step
on time step 2276 (time=160.938), 0.0760086 s/step
on time step 2329 (time=164.685), 0.0758024 s/step
Meep progress: 167.65501781933042/4082.0933995330984 = 4.1% done in 180.2s, 4207.4s to go
on time step 2382 (time=168.433), 0.0758268 s/step
on time step 2435 (time=172.181), 0.0757949 s/step
on time step 2488 (time=175.928), 0.0758316 s/step
on time step 2541 (time=179.676), 0.0758634 s/step
on time step 2594 (time=183.423), 0.075832 s/step
on time step 2647 (time=187.171), 0.0758239 s/step
on time step 2700 (time=190.919), 0.0757998 s/step
on time step 2753 (time=194.666), 0.0758248 s/step
Meep progress: 195.6564463543177/4082.0933995330984 = 4.8% done in 210.2s, 4176.0s to go
on time step 2806 (time=198.414), 0.0759208 s/step
on time step 2859 (time=202.162), 0.075827 s/step
on time step 2912 (time=205.909), 0.075833 s/step
on time step 2965 (time=209.657), 0.0758585 s/step
on time step 3018 (time=213.405), 0.0758383 s/step
on time step 3071 (time=217.152), 0.0759306 s/step
on time step 3124 (time=220.9), 0.0758249 s/step
Meep progress: 223.657874889305/4082.0933995330984 = 5.5% done in 240.3s, 4145.2s to go
on time step 3177 (time=224.648), 0.0758251 s/step
on time step 3230 (time=228.395), 0.0758218 s/step
on time step 3283 (time=232.143), 0.0758517 s/step
on time step 3336 (time=235.891), 0.0758999 s/step
on time step 3389 (time=239.638), 0.0758884 s/step
on time step 3442 (time=243.386), 0.0758758 s/step
on time step 3495 (time=247.134), 0.0759044 s/step
on time step 3548 (time=250.881), 0.0758293 s/step
Meep progress: 251.65930342429226/4082.0933995330984 = 6.2% done in 270.3s, 4114.6s to go
on time step 3601 (time=254.629), 0.0758678 s/step
on time step 3654 (time=258.377), 0.0757838 s/step
on time step 3707 (time=262.124), 0.0758143 s/step
on time step 3760 (time=265.872), 0.0758192 s/step
on time step 3813 (time=269.62), 0.0758236 s/step
on time step 3866 (time=273.367), 0.0759685 s/step
on time step 3919 (time=277.115), 0.0758434 s/step
Meep progress: 279.66073195927953/4082.0933995330984 = 6.9% done in 300.4s, 4083.9s to go
on time step 3972 (time=280.863), 0.0758425 s/step
on time step 4025 (time=284.61), 0.0758384 s/step
on time step 4078 (time=288.358), 0.0757869 s/step
on time step 4131 (time=292.106), 0.0758437 s/step
on time step 4184 (time=295.853), 0.0758213 s/step
on time step 4237 (time=299.601), 0.0758197 s/step
on time step 4290 (time=303.349), 0.0757935 s/step
on time step 4343 (time=307.096), 0.0758545 s/step
Meep progress: 307.6621604942668/4082.0933995330984 = 7.5% done in 330.4s, 4053.3s to go
on time step 4396 (time=310.844), 0.0759387 s/step
on time step 4449 (time=314.592), 0.0758368 s/step
on time step 4502 (time=318.339), 0.075884 s/step
on time step 4555 (time=322.087), 0.0758328 s/step
on time step 4608 (time=325.835), 0.075867 s/step
on time step 4661 (time=329.582), 0.0759696 s/step
on time step 4714 (time=333.33), 0.0758439 s/step
Meep progress: 335.6635890292541/4082.0933995330984 = 8.2% done in 360.4s, 4023.1s to go
on time step 4767 (time=337.078), 0.0758529 s/step
on time step 4820 (time=340.825), 0.0757863 s/step
on time step 4873 (time=344.573), 0.0758052 s/step
on time step 4926 (time=348.321), 0.0759584 s/step
on time step 4979 (time=352.068), 0.0758823 s/step
on time step 5032 (time=355.816), 0.0758152 s/step
on time step 5085 (time=359.564), 0.0758391 s/step
on time step 5138 (time=363.311), 0.0758455 s/step
Meep progress: 363.6650175642414/4082.0933995330984 = 8.9% done in 390.5s, 3992.7s to go
on time step 5191 (time=367.059), 0.075849 s/step
on time step 5244 (time=370.807), 0.0758281 s/step
on time step 5297 (time=374.554), 0.0758574 s/step
on time step 5350 (time=378.302), 0.075852 s/step
on time step 5403 (time=382.05), 0.0757985 s/step
on time step 5456 (time=385.797), 0.0760618 s/step
on time step 5509 (time=389.545), 0.0758621 s/step
srun: Job step aborted: Waiting up to 62 seconds for job step to finish.
srun: got SIGCONT
slurmstepd: error: *** JOB 654799 ON topsy-cn-1-9 CANCELLED AT 2022-03-31T13:50:31 ***
srun: forcing job termination
slurmstepd: error: *** STEP 654799.0 ON topsy-cn-1-9 CANCELLED AT 2022-03-31T13:50:31 ***
srun: error: topsy-cn-1-9: tasks 0-9: Terminated
