Warning: grid volume is not an integer number of pixels; cell size will be rounded to nearest pixel.
Using MPI version 3.1, 24 processes
Argument List: ['../LoadedCapillaries/twoDsolve.py', 'MEEP_10', '10.0']
Standard run
Whole Sim Walltime: 2.384185791015625e-07 s
WD: ../data/2022-03-23/MEEP_10/
AlreadyDir
0.6451612903225806
0.07
1000
-----------
Initializing structure...
Splitting into 24 chunks by voxels
time for choose_chunkdivision = 0.00100247 s
Working in 2D dimensions.
Computational cell is 87.1 x 11.8 x 0 with resolution 10
     block, center = (0,0,0)
          size (1e+20,1,1e+20)
          axes (1,0,0), (0,1,0), (0,0,1)
          dielectric constant epsilon diagonal = (2.0736,2.0736,2.0736)
time for set_epsilon = 0.310082 s
-----------
MPB solved for frequency_1(0.4,0,0) = 0.325672 after 11 iters
MPB solved for frequency_1(0.851154,0,0) = 0.635937 after 9 iters
MPB solved for frequency_1(0.864706,0,0) = 0.645161 after 7 iters
MPB solved for frequency_1(0.864707,0,0) = 0.645161 after 1 iters
Meep: using output directory '../data/2022-03-23/MEEP_10/'


Normalisation Run


on time step 2937 (time=207.677), 0.00136229 s/step
Warning: grid volume is not an integer number of pixels; cell size will be rounded to nearest pixel.
run 0 finished at t = 268.3470234602948 (3795 timesteps)
WD: ../data/2022-03-23/MEEP_10/
AlreadyDir
0.6451612903225806
0.07
1000
-----------
Initializing structure...
Splitting into 24 chunks by voxels
time for choose_chunkdivision = 0.00284615 s
Working in 2D dimensions.
Computational cell is 87.1 x 93.8 x 0 with resolution 10
     block, center = (0,0,0)
          size (1e+20,1,1e+20)
          axes (1,0,0), (0,1,0), (0,0,1)
          dielectric constant epsilon diagonal = (2.0736,2.0736,2.0736)
     cylinder, center = (0,0,0)
          radius 40, height 1e+20, axis (0, 0, 1)
          dielectric constant epsilon diagonal = (2.0736,2.0736,2.0736)
     cylinder, center = (0,0,0)
          radius 30, height 1e+20, axis (0, 0, 1)
          dielectric constant epsilon diagonal = (1.9881,1.9881,1.9881)
     block, center = (0,-41.167,0)
          size (1e+20,1,1e+20)
          axes (1,0,0), (0,1,0), (0,0,1)
          dielectric constant epsilon diagonal = (2.0736,2.0736,2.0736)
time for set_epsilon = 0.265585 s
-----------
MPB solved for frequency_1(0.4,0,0) = 0.32606 after 10 iters
MPB solved for frequency_1(0.850308,0,0) = 0.635755 after 7 iters
MPB solved for frequency_1(0.864131,0,0) = 0.645161 after 5 iters
MPB solved for frequency_1(0.864132,0,0) = 0.645161 after 2 iters
Meep: using output directory '../data/2022-03-23/MEEP_10/'


Actual Run


creating output file "../data/2022-03-23/MEEP_10//twoDsolve-eps-000000.00.h5"...
on time step 1108 (time=78.3474), 0.00361282 s/step
on time step 2285 (time=161.574), 0.00339944 s/step
on time step 3503 (time=247.7), 0.00328605 s/step
on time step 4712 (time=333.189), 0.0033088 s/step
on time step 5928 (time=419.173), 0.00329154 s/step
on time step 7095 (time=501.692), 0.00342883 s/step
on time step 8301 (time=586.969), 0.00331746 s/step
Meep progress: 622.6075208347551/3824.683884152239 = 16.3% done in 30.0s, 154.3s to go
on time step 9511 (time=672.529), 0.00330688 s/step
on time step 10728 (time=758.584), 0.00328912 s/step
on time step 11944 (time=844.568), 0.00329013 s/step
on time step 13161 (time=930.623), 0.00328752 s/step
on time step 14381 (time=1016.89), 0.00328072 s/step
on time step 15599 (time=1103.02), 0.00328456 s/step
on time step 16815 (time=1189), 0.00329065 s/step
Meep progress: 1267.4889052768865/3824.683884152239 = 33.1% done in 60.0s, 121.1s to go
on time step 18029 (time=1274.84), 0.00329731 s/step
on time step 19247 (time=1360.97), 0.00328471 s/step
on time step 20463 (time=1446.95), 0.0032905 s/step
on time step 21681 (time=1533.08), 0.00328409 s/step
on time step 22899 (time=1619.2), 0.00328637 s/step
on time step 24120 (time=1705.54), 0.00327658 s/step
on time step 25341 (time=1791.88), 0.00327614 s/step
on time step 26559 (time=1878), 0.00328593 s/step
Meep progress: 1913.4309498907976/3824.683884152239 = 50.0% done in 90.0s, 89.9s to go
on time step 27774 (time=1963.92), 0.00329834 s/step
on time step 28983 (time=2049.41), 0.00331016 s/step
on time step 30190 (time=2134.76), 0.00331664 s/step
on time step 31398 (time=2220.17), 0.0033116 s/step
on time step 32617 (time=2306.37), 0.00328303 s/step
on time step 33837 (time=2392.64), 0.00328052 s/step
on time step 35052 (time=2478.55), 0.0032922 s/step
Meep progress: 2556.5445673799627/3824.683884152239 = 66.8% done in 120.0s, 59.5s to go
on time step 36268 (time=2564.53), 0.00329095 s/step
on time step 37480 (time=2650.24), 0.00330041 s/step
on time step 38694 (time=2736.08), 0.00329522 s/step
on time step 39906 (time=2821.78), 0.00330033 s/step
on time step 41119 (time=2907.55), 0.00329981 s/step
on time step 42333 (time=2993.4), 0.00329746 s/step
on time step 43549 (time=3079.38), 0.00329176 s/step
on time step 44770 (time=3165.72), 0.00327797 s/step
Meep progress: 3200.57742368467/3824.683884152239 = 83.7% done in 150.0s, 29.3s to go
on time step 45993 (time=3252.2), 0.00327155 s/step
on time step 47209 (time=3338.18), 0.00329151 s/step
on time step 48429 (time=3424.45), 0.00328008 s/step
on time step 49644 (time=3510.36), 0.00329359 s/step
on time step 50863 (time=3596.56), 0.00328335 s/step
on time step 52085 (time=3682.97), 0.00327538 s/step
on time step 53295 (time=3768.53), 0.00330712 s/step
run 0 finished at t = 3824.7405794380356 (54090 timesteps)
Whole Sim Walltime: 188.22987389564514 s

Elapsed run time = 189.2677 s
