Warning: grid volume is not an integer number of pixels; cell size will be rounded to nearest pixel.
Using MPI version 3.1, 20 processes
Argument List: ['../LoadedCapillaries/twoDsolve.py', 'MEEP_20', '10']
Standard run
WD: ../data/2022-03-31/MEEP_20/
AlreadyDir
Whole Sim Walltime: 4.76837158203125e-07 s



Datapoints:-   60000



0.6451612903225806
0.024983344437042088
60000
-----------
Initializing structure...
Splitting into 20 chunks by voxels
time for choose_chunkdivision = 0.0010111 s
Working in 2D dimensions.
Computational cell is 87.1 x 11.8 x 0 with resolution 10
     block, center = (0,0,0)
          size (1e+20,1,1e+20)
          axes (1,0,0), (0,1,0), (0,0,1)
          dielectric constant epsilon diagonal = (2.0736,2.0736,2.0736)
time for set_epsilon = 0.0516469 s
-----------
MPB solved for frequency_1(0.4,0,0) = 0.325672 after 11 iters
MPB solved for frequency_1(0.851154,0,0) = 0.635937 after 9 iters
MPB solved for frequency_1(0.864706,0,0) = 0.645161 after 7 iters
MPB solved for frequency_1(0.864707,0,0) = 0.645161 after 1 iters
Meep: using output directory '../data/2022-03-31/MEEP_20/'


Normalisation Run


on time step 63 (time=4.45477), 0.0637668 s/step
on time step 126 (time=8.90955), 0.0635519 s/step
on time step 190 (time=13.435), 0.0632009 s/step
on time step 254 (time=17.9605), 0.0633407 s/step
on time step 318 (time=22.486), 0.0631202 s/step
on time step 382 (time=27.0115), 0.0633528 s/step
on time step 446 (time=31.537), 0.063085 s/step
Meep progress: 33.51686142824235/525.6906625976562 = 6.4% done in 30.0s, 440.9s to go
on time step 510 (time=36.0624), 0.0633378 s/step
on time step 574 (time=40.5879), 0.0633365 s/step
on time step 638 (time=45.1134), 0.0632368 s/step
on time step 702 (time=49.6389), 0.0631438 s/step
on time step 766 (time=54.1644), 0.0630939 s/step
on time step 830 (time=58.6899), 0.0632846 s/step
on time step 894 (time=63.2153), 0.0632903 s/step
Meep progress: 67.10443353460336/525.6906625976562 = 12.8% done in 60.1s, 410.5s to go
on time step 958 (time=67.7408), 0.0631609 s/step
on time step 1022 (time=72.2663), 0.0630683 s/step
on time step 1086 (time=76.7918), 0.0634496 s/step
on time step 1150 (time=81.3173), 0.0632436 s/step
on time step 1214 (time=85.8428), 0.0631683 s/step
on time step 1278 (time=90.3682), 0.0632165 s/step
on time step 1342 (time=94.8937), 0.063048 s/step
on time step 1406 (time=99.4192), 0.063429 s/step
Meep progress: 100.69200564096437/525.6906625976562 = 19.2% done in 90.1s, 380.3s to go
on time step 1470 (time=103.945), 0.0631555 s/step
on time step 1533 (time=108.399), 0.0635011 s/step
on time step 1597 (time=112.925), 0.0633589 s/step
on time step 1661 (time=117.45), 0.0631902 s/step
on time step 1725 (time=121.976), 0.0633512 s/step
on time step 1789 (time=126.501), 0.0631376 s/step
on time step 1853 (time=131.027), 0.0630785 s/step
Meep progress: 134.27957774732536/525.6906625976562 = 25.5% done in 120.2s, 350.2s to go
on time step 1917 (time=135.552), 0.0634163 s/step
on time step 1981 (time=140.078), 0.0631556 s/step
on time step 2045 (time=144.603), 0.0633545 s/step
on time step 2109 (time=149.129), 0.0632009 s/step
on time step 2173 (time=153.654), 0.0631841 s/step
on time step 2237 (time=158.18), 0.0632531 s/step
on time step 2301 (time=162.705), 0.0630742 s/step
on time step 2365 (time=167.231), 0.0633523 s/step
Meep progress: 167.86714985368639/525.6906625976562 = 31.9% done in 150.2s, 320.1s to go
on time step 2429 (time=171.756), 0.0632553 s/step
on time step 2493 (time=176.282), 0.0632993 s/step
on time step 2557 (time=180.807), 0.0632937 s/step
on time step 2621 (time=185.333), 0.0633777 s/step
on time step 2685 (time=189.858), 0.0632387 s/step
on time step 2748 (time=194.313), 0.0635634 s/step
on time step 2812 (time=198.838), 0.0632644 s/step
Meep progress: 201.38401128192874/525.6906625976562 = 38.3% done in 180.2s, 290.2s to go
on time step 2876 (time=203.364), 0.0633517 s/step
on time step 2940 (time=207.889), 0.0633121 s/step
on time step 3003 (time=212.344), 0.0634921 s/step
on time step 3067 (time=216.87), 0.0633397 s/step
on time step 3131 (time=221.395), 0.0630944 s/step
on time step 3195 (time=225.921), 0.0632834 s/step
on time step 3259 (time=230.446), 0.0630876 s/step
Meep progress: 234.97158338828973/525.6906625976562 = 44.7% done in 210.3s, 260.2s to go
on time step 3323 (time=234.972), 0.0632596 s/step
on time step 3387 (time=239.497), 0.0632353 s/step
on time step 3450 (time=243.952), 0.0635517 s/step
on time step 3514 (time=248.477), 0.0634044 s/step
on time step 3577 (time=252.932), 0.0635174 s/step
on time step 3641 (time=257.458), 0.0632627 s/step
on time step 3705 (time=261.983), 0.0634513 s/step
on time step 3769 (time=266.509), 0.0633314 s/step
Meep progress: 268.4884448165321/525.6906625976562 = 51.1% done in 240.3s, 230.2s to go
on time step 3833 (time=271.034), 0.0632549 s/step
on time step 3896 (time=275.489), 0.0635432 s/step
on time step 3960 (time=280.014), 0.063337 s/step
on time step 4023 (time=284.469), 0.0634957 s/step
on time step 4087 (time=288.995), 0.0634101 s/step
on time step 4150 (time=293.449), 0.063504 s/step
on time step 4214 (time=297.975), 0.0633503 s/step
Meep progress: 302.00530624477443/525.6906625976562 = 57.4% done in 270.4s, 200.3s to go
on time step 4278 (time=302.5), 0.0631388 s/step
on time step 4342 (time=307.026), 0.0632329 s/step
on time step 4406 (time=311.551), 0.0632734 s/step
on time step 4469 (time=316.006), 0.0635305 s/step
on time step 4533 (time=320.532), 0.0632466 s/step
on time step 4597 (time=325.057), 0.063297 s/step
on time step 4661 (time=329.582), 0.0632202 s/step
on time step 4725 (time=334.108), 0.0634315 s/step
Meep progress: 335.5221676730168/525.6906625976562 = 63.8% done in 300.4s, 170.2s to go
on time step 4789 (time=338.633), 0.0632946 s/step
on time step 4853 (time=343.159), 0.0627838 s/step
on time step 4917 (time=347.684), 0.063381 s/step
on time step 4981 (time=352.21), 0.0633212 s/step
on time step 5045 (time=356.735), 0.063141 s/step
on time step 5109 (time=361.261), 0.0630951 s/step
on time step 5173 (time=365.786), 0.0634049 s/step
Meep progress: 369.1097397793778/525.6906625976562 = 70.2% done in 330.4s, 140.2s to go
on time step 5237 (time=370.312), 0.0633779 s/step
on time step 5301 (time=374.837), 0.0631913 s/step
on time step 5365 (time=379.363), 0.063475 s/step
on time step 5429 (time=383.888), 0.0631597 s/step
on time step 5493 (time=388.414), 0.0633139 s/step
on time step 5557 (time=392.939), 0.0632192 s/step
on time step 5621 (time=397.465), 0.0632327 s/step
on time step 5685 (time=401.99), 0.0634803 s/step
Meep progress: 402.6266012076202/525.6906625976562 = 76.6% done in 360.4s, 110.2s to go
on time step 5749 (time=406.516), 0.063192 s/step
on time step 5812 (time=410.97), 0.0635737 s/step
on time step 5876 (time=415.496), 0.0632473 s/step
on time step 5940 (time=420.021), 0.0632406 s/step
on time step 6003 (time=424.476), 0.0635004 s/step
on time step 6067 (time=429.002), 0.0633226 s/step
on time step 6131 (time=433.527), 0.0632501 s/step
Meep progress: 436.14346263586253/525.6906625976562 = 83.0% done in 390.4s, 80.2s to go
on time step 6195 (time=438.053), 0.0632749 s/step
on time step 6259 (time=442.578), 0.0633373 s/step
on time step 6322 (time=447.033), 0.0635139 s/step
on time step 6386 (time=451.558), 0.0634372 s/step
on time step 6450 (time=456.084), 0.0633488 s/step
on time step 6514 (time=460.609), 0.0632288 s/step
on time step 6577 (time=465.064), 0.0635196 s/step
on time step 6641 (time=469.59), 0.0634149 s/step
Meep progress: 469.6603240641049/525.6906625976562 = 89.3% done in 420.5s, 50.2s to go
on time step 6705 (time=474.115), 0.0634577 s/step
on time step 6769 (time=478.641), 0.0634803 s/step
on time step 6833 (time=483.166), 0.0634678 s/step
on time step 6897 (time=487.692), 0.0634053 s/step
on time step 6961 (time=492.217), 0.0632238 s/step
on time step 7025 (time=496.743), 0.0631644 s/step
on time step 7089 (time=501.268), 0.0632251 s/step
Meep progress: 503.17718549234723/525.6906625976562 = 95.7% done in 450.5s, 20.2s to go
on time step 7153 (time=505.793), 0.0634445 s/step
on time step 7217 (time=510.319), 0.0633191 s/step
on time step 7281 (time=514.844), 0.0630131 s/step
on time step 7345 (time=519.37), 0.0634487 s/step
on time step 7409 (time=523.895), 0.0634007 s/step
Warning: grid volume is not an integer number of pixels; cell size will be rounded to nearest pixel.
run 0 finished at t = 525.7338918121981 (7435 timesteps)



Datapoints:-   60000



0.6451612903225806
0.024983344437042088
60000
-----------
Initializing structure...
Splitting into 20 chunks by voxels
time for choose_chunkdivision = 0.00264338 s
Working in 2D dimensions.
Computational cell is 87.1 x 93.8 x 0 with resolution 10
     cylinder, center = (0,0,0)
          radius 40, height 1e+20, axis (0, 0, 1)
          dielectric constant epsilon diagonal = (2.0736,2.0736,2.0736)
     cylinder, center = (0,0,0)
          radius 30, height 1e+20, axis (0, 0, 1)
          dielectric constant epsilon diagonal = (1.9881,1.9881,1.9881)
     block, center = (0,-41.167,0)
          size (1e+20,1,1e+20)
          axes (1,0,0), (0,1,0), (0,0,1)
          dielectric constant epsilon diagonal = (2.0736,2.0736,2.0736)
time for set_epsilon = 0.321998 s
-----------
MPB solved for frequency_1(0.4,0,0) = 0.32606 after 10 iters
MPB solved for frequency_1(0.850308,0,0) = 0.635755 after 7 iters
MPB solved for frequency_1(0.864131,0,0) = 0.645161 after 5 iters
MPB solved for frequency_1(0.864132,0,0) = 0.645161 after 2 iters
Meep: using output directory '../data/2022-03-31/MEEP_20/'
prevRunFalse


Actual Run


Previous SimTime = 0.0
creating output file "../data/2022-03-31/MEEP_20//twoDsolve-eps-000000.00.h5"...
on time step 44 (time=3.11127), 0.092846 s/step
on time step 89 (time=6.29325), 0.0894775 s/step
on time step 134 (time=9.47523), 0.0894578 s/step
on time step 179 (time=12.6572), 0.0894801 s/step
Meep progress: 15.768481220460009/4082.0933995330984 = 0.4% done in 30.1s, 7755.3s to go
on time step 224 (time=15.8392), 0.0894187 s/step
on time step 269 (time=19.0212), 0.089574 s/step
on time step 313 (time=22.1324), 0.0911754 s/step
on time step 358 (time=25.3144), 0.089513 s/step
on time step 403 (time=28.4964), 0.0895463 s/step
on time step 448 (time=31.6784), 0.0894055 s/step
on time step 493 (time=34.8604), 0.0893755 s/step
on time step 538 (time=38.0423), 0.0893865 s/step
Meep progress: 39.45655839020935/4082.0933995330984 = 1.0% done in 60.1s, 6159.9s to go
on time step 583 (time=41.2243), 0.0893909 s/step
on time step 628 (time=44.4063), 0.0894825 s/step
on time step 673 (time=47.5883), 0.0894657 s/step
on time step 718 (time=50.7703), 0.0894458 s/step
on time step 763 (time=53.9522), 0.0895112 s/step
on time step 808 (time=57.1342), 0.0902424 s/step
on time step 850 (time=60.1041), 0.0964798 s/step
Meep progress: 62.932503525602726/4082.0933995330984 = 1.5% done in 90.2s, 5757.9s to go
on time step 895 (time=63.2861), 0.0895164 s/step
on time step 940 (time=66.468), 0.0895968 s/step
on time step 985 (time=69.65), 0.0905601 s/step
on time step 1030 (time=72.832), 0.0895455 s/step
on time step 1075 (time=76.014), 0.089523 s/step
on time step 1120 (time=79.196), 0.0894792 s/step
on time step 1165 (time=82.3779), 0.0895178 s/step
on time step 1210 (time=85.5599), 0.0895454 s/step
Meep progress: 86.62058069535207/4082.0933995330984 = 2.1% done in 120.2s, 5544.3s to go
on time step 1255 (time=88.7419), 0.0895409 s/step
on time step 1300 (time=91.9239), 0.0896137 s/step
on time step 1345 (time=95.1059), 0.0896083 s/step
on time step 1390 (time=98.2878), 0.0895939 s/step
on time step 1435 (time=101.47), 0.0895358 s/step
on time step 1480 (time=104.652), 0.089635 s/step
on time step 1525 (time=107.834), 0.0899884 s/step
Meep progress: 110.30865786510141/4082.0933995330984 = 2.7% done in 150.2s, 5409.5s to go
on time step 1570 (time=111.016), 0.0897544 s/step
on time step 1615 (time=114.198), 0.0896606 s/step
on time step 1659 (time=117.309), 0.0912708 s/step
on time step 1704 (time=120.491), 0.0895734 s/step
on time step 1749 (time=123.673), 0.0895533 s/step
on time step 1794 (time=126.855), 0.0895248 s/step
on time step 1839 (time=130.037), 0.0895384 s/step
on time step 1884 (time=133.219), 0.0894955 s/step
Meep progress: 133.99673503485076/4082.0933995330984 = 3.3% done in 180.3s, 5313.0s to go
on time step 1929 (time=136.401), 0.0895523 s/step
on time step 1974 (time=139.583), 0.0904837 s/step
on time step 2019 (time=142.765), 0.0895646 s/step
on time step 2064 (time=145.947), 0.0895735 s/step
on time step 2109 (time=149.129), 0.0894966 s/step
on time step 2154 (time=152.311), 0.089552 s/step
on time step 2199 (time=155.493), 0.0895326 s/step
Meep progress: 157.6848122046001/4082.0933995330984 = 3.9% done in 210.4s, 5235.4s to go
on time step 2244 (time=158.675), 0.0895902 s/step
on time step 2289 (time=161.857), 0.0895962 s/step
on time step 2333 (time=164.968), 0.0912977 s/step
on time step 2378 (time=168.15), 0.0895594 s/step
on time step 2423 (time=171.332), 0.0895419 s/step
on time step 2468 (time=174.514), 0.0895298 s/step
on time step 2513 (time=177.696), 0.0895177 s/step
on time step 2558 (time=180.878), 0.0895249 s/step
Meep progress: 181.37288937434943/4082.0933995330984 = 4.4% done in 240.4s, 5171.1s to go
on time step 2603 (time=184.06), 0.089571 s/step
on time step 2648 (time=187.242), 0.0905435 s/step
on time step 2693 (time=190.424), 0.089584 s/step
on time step 2738 (time=193.606), 0.0895778 s/step
on time step 2783 (time=196.788), 0.0895641 s/step
on time step 2828 (time=199.97), 0.0895009 s/step
on time step 2873 (time=203.152), 0.0895442 s/step
Meep progress: 205.0609665440988/4082.0933995330984 = 5.0% done in 270.5s, 5114.1s to go
on time step 2918 (time=206.334), 0.0896492 s/step
on time step 2963 (time=209.516), 0.0896511 s/step
on time step 3007 (time=212.627), 0.0912817 s/step
on time step 3052 (time=215.809), 0.0895649 s/step
on time step 3097 (time=218.991), 0.0895387 s/step
on time step 3142 (time=222.173), 0.0895593 s/step
on time step 3187 (time=225.355), 0.0895426 s/step
on time step 3232 (time=228.537), 0.0895704 s/step
Meep progress: 228.74904371384812/4082.0933995330984 = 5.6% done in 300.6s, 5063.3s to go
on time step 3277 (time=231.719), 0.0895792 s/step
on time step 3322 (time=234.901), 0.0906496 s/step
on time step 3367 (time=238.083), 0.089608 s/step
on time step 3412 (time=241.265), 0.0895796 s/step
on time step 3457 (time=244.447), 0.0895392 s/step
on time step 3502 (time=247.629), 0.0895949 s/step
on time step 3547 (time=250.811), 0.0895964 s/step
Meep progress: 252.43712088359746/4082.0933995330984 = 6.2% done in 330.6s, 5016.0s to go
on time step 3592 (time=253.993), 0.0896626 s/step
on time step 3637 (time=257.175), 0.0896389 s/step
on time step 3681 (time=260.286), 0.0913829 s/step
on time step 3726 (time=263.468), 0.089552 s/step
on time step 3771 (time=266.65), 0.0896013 s/step
on time step 3816 (time=269.832), 0.0895456 s/step
on time step 3861 (time=273.014), 0.0895286 s/step
Meep progress: 276.0544873752282/4082.0933995330984 = 6.8% done in 360.6s, 4972.3s to go
on time step 3906 (time=276.196), 0.0895484 s/step
on time step 3951 (time=279.378), 0.0895206 s/step
on time step 3996 (time=282.56), 0.090591 s/step
on time step 4041 (time=285.742), 0.0895598 s/step
on time step 4086 (time=288.924), 0.0895378 s/step
on time step 4131 (time=292.106), 0.0895801 s/step
on time step 4176 (time=295.288), 0.0895828 s/step
on time step 4221 (time=298.47), 0.089574 s/step
Meep progress: 299.7425645449775/4082.0933995330984 = 7.3% done in 390.7s, 4930.0s to go
on time step 4266 (time=301.652), 0.0897357 s/step
on time step 4311 (time=304.834), 0.089627 s/step
on time step 4355 (time=307.945), 0.0912646 s/step
on time step 4400 (time=311.127), 0.0895572 s/step
on time step 4445 (time=314.309), 0.089533 s/step
on time step 4490 (time=317.491), 0.089566 s/step
on time step 4535 (time=320.673), 0.0895699 s/step
Meep progress: 323.3599310366082/4082.0933995330984 = 7.9% done in 420.7s, 4890.1s to go
on time step 4580 (time=323.855), 0.089577 s/step
on time step 4625 (time=327.037), 0.0895579 s/step
on time step 4670 (time=330.219), 0.0905833 s/step
on time step 4715 (time=333.401), 0.0895975 s/step
on time step 4760 (time=336.583), 0.089572 s/step
on time step 4805 (time=339.765), 0.0895372 s/step
on time step 4850 (time=342.947), 0.0895598 s/step
on time step 4895 (time=346.129), 0.089597 s/step
Meep progress: 347.0480082063575/4082.0933995330984 = 8.5% done in 450.7s, 4851.1s to go
on time step 4940 (time=349.311), 0.0896971 s/step
on time step 4984 (time=352.422), 0.0910652 s/step
on time step 5029 (time=355.604), 0.0899958 s/step
on time step 5074 (time=358.786), 0.0895591 s/step
on time step 5119 (time=361.968), 0.0895297 s/step
on time step 5164 (time=365.15), 0.0896023 s/step
on time step 5209 (time=368.332), 0.0895573 s/step
Meep progress: 370.6653746979882/4082.0933995330984 = 9.1% done in 480.8s, 4813.7s to go
on time step 5254 (time=371.514), 0.0895823 s/step
on time step 5299 (time=374.696), 0.089542 s/step
on time step 5344 (time=377.878), 0.0907447 s/step
on time step 5389 (time=381.06), 0.0895753 s/step
on time step 5434 (time=384.242), 0.0895616 s/step
on time step 5479 (time=387.424), 0.0895558 s/step
on time step 5524 (time=390.606), 0.0896183 s/step
on time step 5569 (time=393.788), 0.0895485 s/step
Meep progress: 394.35345186773753/4082.0933995330984 = 9.7% done in 510.8s, 4776.8s to go
on time step 5614 (time=396.97), 0.0897248 s/step
on time step 5658 (time=400.081), 0.0913707 s/step
on time step 5703 (time=403.263), 0.0896058 s/step
on time step 5748 (time=406.445), 0.0895803 s/step
on time step 5793 (time=409.627), 0.0895937 s/step
on time step 5838 (time=412.809), 0.08955 s/step
on time step 5883 (time=415.991), 0.0895528 s/step
Meep progress: 417.97081835936825/4082.0933995330984 = 10.2% done in 540.8s, 4741.1s to go
on time step 5928 (time=419.173), 0.0895546 s/step
on time step 5973 (time=422.355), 0.0895777 s/step
on time step 6018 (time=425.537), 0.0905398 s/step
on time step 6063 (time=428.719), 0.0896073 s/step
on time step 6108 (time=431.901), 0.0897084 s/step
on time step 6153 (time=435.083), 0.0895865 s/step
on time step 6198 (time=438.265), 0.0895493 s/step
on time step 6243 (time=441.447), 0.0895834 s/step
Meep progress: 441.65889552911756/4082.0933995330984 = 10.8% done in 570.9s, 4705.6s to go
on time step 6288 (time=444.629), 0.089726 s/step
on time step 6332 (time=447.74), 0.0913808 s/step
on time step 6377 (time=450.922), 0.0896224 s/step
on time step 6422 (time=454.104), 0.0895626 s/step
on time step 6467 (time=457.286), 0.0895367 s/step
on time step 6512 (time=460.468), 0.0896042 s/step
on time step 6557 (time=463.65), 0.0895946 s/step
Meep progress: 465.2762620207483/4082.0933995330984 = 11.4% done in 600.9s, 4671.0s to go
on time step 6602 (time=466.832), 0.0895811 s/step
on time step 6647 (time=470.014), 0.0895618 s/step
on time step 6692 (time=473.196), 0.0905683 s/step
on time step 6737 (time=476.378), 0.0895984 s/step
on time step 6782 (time=479.56), 0.0897652 s/step
on time step 6827 (time=482.742), 0.0895617 s/step
on time step 6872 (time=485.924), 0.0895458 s/step
Meep progress: 488.9643391904976/4082.0933995330984 = 12.0% done in 631.0s, 4636.5s to go
on time step 6917 (time=489.106), 0.0895198 s/step
on time step 6962 (time=492.288), 0.0896859 s/step
on time step 7006 (time=495.399), 0.0913326 s/step
on time step 7051 (time=498.581), 0.0896089 s/step
on time step 7096 (time=501.763), 0.0895788 s/step
on time step 7141 (time=504.945), 0.0896004 s/step
on time step 7186 (time=508.127), 0.0895566 s/step
on time step 7231 (time=511.309), 0.0896146 s/step
Meep progress: 512.5817056821282/4082.0933995330984 = 12.6% done in 661.0s, 4602.8s to go
on time step 7276 (time=514.491), 0.0895644 s/step
on time step 7321 (time=517.673), 0.0896508 s/step
on time step 7366 (time=520.855), 0.0905778 s/step
on time step 7411 (time=524.037), 0.0896106 s/step
on time step 7456 (time=527.219), 0.0895671 s/step
on time step 7501 (time=530.401), 0.0895619 s/step
on time step 7546 (time=533.583), 0.0896017 s/step
Meep progress: 536.2697828518776/4082.0933995330984 = 13.1% done in 691.0s, 4569.0s to go
on time step 7591 (time=536.765), 0.089638 s/step
on time step 7636 (time=539.947), 0.0896531 s/step
on time step 7680 (time=543.058), 0.0914929 s/step
on time step 7725 (time=546.24), 0.0896308 s/step
on time step 7770 (time=549.422), 0.0895919 s/step
on time step 7815 (time=552.604), 0.0895609 s/step
on time step 7860 (time=555.786), 0.0895945 s/step
on time step 7905 (time=558.968), 0.0896215 s/step
Meep progress: 559.8871493435083/4082.0933995330984 = 13.7% done in 721.0s, 4536.0s to go
on time step 7950 (time=562.15), 0.0895671 s/step
on time step 7995 (time=565.332), 0.0896238 s/step
on time step 8040 (time=568.514), 0.0905476 s/step
on time step 8085 (time=571.696), 0.0896549 s/step
on time step 8130 (time=574.878), 0.0895926 s/step
on time step 8175 (time=578.06), 0.0895752 s/step
on time step 8220 (time=581.242), 0.0895998 s/step
Meep progress: 583.5752265132577/4082.0933995330984 = 14.3% done in 751.1s, 4502.8s to go
on time step 8265 (time=584.424), 0.0896574 s/step
on time step 8310 (time=587.606), 0.0896521 s/step
on time step 8354 (time=590.717), 0.0913905 s/step
on time step 8399 (time=593.899), 0.0896337 s/step
on time step 8444 (time=597.081), 0.089561 s/step
on time step 8489 (time=600.263), 0.0895895 s/step
on time step 8534 (time=603.445), 0.0895402 s/step
on time step 8579 (time=606.627), 0.0895927 s/step
Meep progress: 607.1925930048884/4082.0933995330984 = 14.9% done in 781.1s, 4470.2s to go
on time step 8624 (time=609.809), 0.0895852 s/step
on time step 8669 (time=612.991), 0.0905742 s/step
on time step 8714 (time=616.173), 0.0895951 s/step
on time step 8759 (time=619.355), 0.0896221 s/step
on time step 8804 (time=622.537), 0.0895727 s/step
on time step 8849 (time=625.719), 0.0895756 s/step
on time step 8894 (time=628.901), 0.0896027 s/step
Meep progress: 630.8806701746377/4082.0933995330984 = 15.5% done in 811.2s, 4437.5s to go
on time step 8939 (time=632.083), 0.0897498 s/step
on time step 8984 (time=635.265), 0.0896566 s/step
on time step 9028 (time=638.376), 0.0913377 s/step
on time step 9073 (time=641.558), 0.0895784 s/step
on time step 9118 (time=644.74), 0.0895632 s/step
on time step 9163 (time=647.922), 0.0895779 s/step
on time step 9208 (time=651.104), 0.0895931 s/step
on time step 9253 (time=654.286), 0.0896312 s/step
Meep progress: 654.4980366662684/4082.0933995330984 = 16.0% done in 841.2s, 4405.2s to go
on time step 9298 (time=657.468), 0.0895966 s/step
on time step 9343 (time=660.65), 0.0905977 s/step
on time step 9388 (time=663.832), 0.0896719 s/step
on time step 9433 (time=667.014), 0.0896784 s/step
on time step 9478 (time=670.196), 0.0895929 s/step
on time step 9523 (time=673.378), 0.0896422 s/step
on time step 9568 (time=676.56), 0.0895919 s/step
srun: Job step aborted: Waiting up to 62 seconds for job step to finish.
srun: got SIGCONT
[[64980,0],9][btl_openib_component.c:3644:handle_wc] from topsy-cn-1-6 to: topsy-cn-1-12 error polling LP CQ with status REMOTE ACCESS ERROR status number 10 for wr_id 193cc00 opcode 1  vendor error 136 qp_idx 0
[[64980,0],10][btl_openib_component.c:3644:handle_wc] from topsy-cn-1-6 to: topsy-cn-1-12 error polling LP CQ with status REMOTE ACCESS ERROR status number 10 for wr_id 12ecc00 opcode 1  vendor error 136 qp_idx 0
In: PMI_Abort(-1, N/A)
In: PMI_Abort(-1, N/A)
slurmstepd: error: *** JOB 654804 ON topsy-cn-1-6 CANCELLED AT 2022-03-31T13:54:42 ***
srun: forcing job termination
slurmstepd: error: *** STEP 654804.0 ON topsy-cn-1-6 CANCELLED AT 2022-03-31T13:54:42 ***
srun: error: topsy-cn-1-12: tasks 16-19: Terminated
srun: error: topsy-cn-1-6: tasks 0-8,11-15: Terminated
srun: error: topsy-cn-1-6: tasks 9-10: Exited with exit code 255
