Warning: grid volume is not an integer number of pixels; cell size will be rounded to nearest pixel.
Using MPI version 3.1, 18 processes
Argument List: ['../LoadedCapillaries/twoDsolve.py', 'MEEP_18', '10']
Standard run
WD: ../data/2022-03-31/MEEP_18/
AlreadyDir
Whole Sim Walltime: 4.76837158203125e-07 s



Datapoints:-   60000



0.6451612903225806
0.024983344437042088
60000
-----------
Initializing structure...
Splitting into 18 chunks by voxels
time for choose_chunkdivision = 0.000907883 s
Working in 2D dimensions.
Computational cell is 87.1 x 11.8 x 0 with resolution 10
     block, center = (0,0,0)
          size (1e+20,1,1e+20)
          axes (1,0,0), (0,1,0), (0,0,1)
          dielectric constant epsilon diagonal = (2.0736,2.0736,2.0736)
time for set_epsilon = 0.0946769 s
-----------
MPB solved for frequency_1(0.4,0,0) = 0.325672 after 11 iters
MPB solved for frequency_1(0.851154,0,0) = 0.635937 after 9 iters
MPB solved for frequency_1(0.864706,0,0) = 0.645161 after 7 iters
MPB solved for frequency_1(0.864707,0,0) = 0.645161 after 1 iters
Meep: using output directory '../data/2022-03-31/MEEP_18/'


Normalisation Run


on time step 63 (time=4.45477), 0.0638846 s/step
on time step 126 (time=8.90955), 0.0641559 s/step
on time step 189 (time=13.3643), 0.0640399 s/step
on time step 252 (time=17.8191), 0.0638458 s/step
on time step 315 (time=22.2739), 0.0640174 s/step
on time step 378 (time=26.7286), 0.0639565 s/step
on time step 441 (time=31.1834), 0.0639371 s/step
Meep progress: 33.16330803764908/525.6906625976562 = 6.3% done in 30.0s, 445.7s to go
on time step 504 (time=35.6382), 0.0641697 s/step
on time step 567 (time=40.093), 0.063855 s/step
on time step 630 (time=44.5477), 0.0639091 s/step
on time step 693 (time=49.0025), 0.0636887 s/step
on time step 756 (time=53.4573), 0.0639324 s/step
on time step 819 (time=57.912), 0.0639359 s/step
on time step 882 (time=62.3668), 0.0639602 s/step
Meep progress: 66.3973267534168/525.6906625976562 = 12.6% done in 60.0s, 415.4s to go
on time step 945 (time=66.8216), 0.0638536 s/step
on time step 1008 (time=71.2764), 0.0639224 s/step
on time step 1071 (time=75.7311), 0.0638967 s/step
on time step 1134 (time=80.1859), 0.0638721 s/step
on time step 1197 (time=84.6407), 0.0639565 s/step
on time step 1260 (time=89.0955), 0.0639006 s/step
on time step 1323 (time=93.5502), 0.0640294 s/step
on time step 1386 (time=98.005), 0.063942 s/step
Meep progress: 99.63134546918455/525.6906625976562 = 19.0% done in 90.1s, 385.3s to go
on time step 1449 (time=102.46), 0.0638025 s/step
on time step 1512 (time=106.915), 0.0638891 s/step
on time step 1575 (time=111.369), 0.0637394 s/step
on time step 1638 (time=115.824), 0.0638122 s/step
on time step 1701 (time=120.279), 0.0638936 s/step
on time step 1764 (time=124.734), 0.0640236 s/step
on time step 1827 (time=129.188), 0.0639282 s/step
Meep progress: 132.86536418495228/525.6906625976562 = 25.3% done in 120.1s, 355.1s to go
on time step 1890 (time=133.643), 0.063893 s/step
on time step 1954 (time=138.169), 0.063285 s/step
on time step 2017 (time=142.623), 0.063832 s/step
on time step 2080 (time=147.078), 0.0639633 s/step
on time step 2143 (time=151.533), 0.0639085 s/step
on time step 2206 (time=155.988), 0.063864 s/step
on time step 2269 (time=160.443), 0.0641505 s/step
on time step 2332 (time=164.897), 0.0640493 s/step
Meep progress: 166.09938290072/525.6906625976562 = 31.6% done in 150.1s, 325.0s to go
on time step 2395 (time=169.352), 0.0639171 s/step
on time step 2458 (time=173.807), 0.0639859 s/step
on time step 2521 (time=178.262), 0.0637294 s/step
on time step 2584 (time=182.716), 0.0639309 s/step
on time step 2647 (time=187.171), 0.0639353 s/step
on time step 2710 (time=191.626), 0.0641625 s/step
on time step 2773 (time=196.081), 0.0639155 s/step
Meep progress: 199.33340161648775/525.6906625976562 = 37.9% done in 180.2s, 295.0s to go
on time step 2836 (time=200.535), 0.0639871 s/step
on time step 2899 (time=204.99), 0.0639127 s/step
on time step 2962 (time=209.445), 0.0641553 s/step
on time step 3025 (time=213.9), 0.0639895 s/step
on time step 3088 (time=218.355), 0.0638403 s/step
on time step 3151 (time=222.809), 0.0639405 s/step
on time step 3214 (time=227.264), 0.0640389 s/step
on time step 3277 (time=231.719), 0.0638947 s/step
Meep progress: 232.49670965413682/525.6906625976562 = 44.2% done in 210.2s, 265.1s to go
on time step 3340 (time=236.174), 0.0638956 s/step
on time step 3403 (time=240.628), 0.0639625 s/step
on time step 3466 (time=245.083), 0.0639658 s/step
on time step 3529 (time=249.538), 0.0638412 s/step
on time step 3592 (time=253.993), 0.0640113 s/step
on time step 3655 (time=258.448), 0.0641429 s/step
on time step 3718 (time=262.902), 0.0640597 s/step
Meep progress: 265.6600176917859/525.6906625976562 = 50.5% done in 240.2s, 235.1s to go
on time step 3781 (time=267.357), 0.0639699 s/step
on time step 3844 (time=271.812), 0.0637274 s/step
on time step 3907 (time=276.267), 0.0640791 s/step
on time step 3970 (time=280.721), 0.06396 s/step
on time step 4033 (time=285.176), 0.0638973 s/step
on time step 4096 (time=289.631), 0.064069 s/step
on time step 4159 (time=294.086), 0.0640822 s/step
on time step 4222 (time=298.54), 0.0638491 s/step
Meep progress: 298.823325729435/525.6906625976562 = 56.8% done in 270.2s, 205.1s to go
on time step 4285 (time=302.995), 0.0639498 s/step
on time step 4348 (time=307.45), 0.0639497 s/step
on time step 4411 (time=311.905), 0.0638722 s/step
on time step 4474 (time=316.36), 0.0639318 s/step
on time step 4537 (time=320.814), 0.0639669 s/step
on time step 4600 (time=325.269), 0.0641458 s/step
on time step 4663 (time=329.724), 0.0640371 s/step
Meep progress: 331.9866337670841/525.6906625976562 = 63.2% done in 300.2s, 175.2s to go
on time step 4726 (time=334.179), 0.0638722 s/step
on time step 4789 (time=338.633), 0.0638852 s/step
on time step 4852 (time=343.088), 0.0640869 s/step
on time step 4915 (time=347.543), 0.0639774 s/step
on time step 4978 (time=351.998), 0.0639035 s/step
on time step 5041 (time=356.453), 0.0640024 s/step
on time step 5104 (time=360.907), 0.0641084 s/step
Meep progress: 365.14994180473315/525.6906625976562 = 69.5% done in 330.2s, 145.2s to go
on time step 5167 (time=365.362), 0.0641428 s/step
on time step 5230 (time=369.817), 0.0640462 s/step
on time step 5293 (time=374.272), 0.063984 s/step
on time step 5356 (time=378.726), 0.0638594 s/step
on time step 5419 (time=383.181), 0.0640093 s/step
on time step 5482 (time=387.636), 0.0638842 s/step
on time step 5545 (time=392.091), 0.0640857 s/step
on time step 5608 (time=396.545), 0.0640566 s/step
Meep progress: 398.3132498423822/525.6906625976562 = 75.8% done in 360.2s, 115.2s to go
on time step 5671 (time=401), 0.0639454 s/step
on time step 5734 (time=405.455), 0.0639195 s/step
on time step 5797 (time=409.91), 0.063903 s/step
on time step 5860 (time=414.365), 0.0641039 s/step
on time step 5923 (time=418.819), 0.0639383 s/step
on time step 5986 (time=423.274), 0.0639142 s/step
on time step 6049 (time=427.729), 0.064183 s/step
Meep progress: 431.4765578800313/525.6906625976562 = 82.1% done in 390.3s, 85.2s to go
on time step 6112 (time=432.184), 0.0640286 s/step
on time step 6175 (time=436.638), 0.0638999 s/step
on time step 6238 (time=441.093), 0.0639548 s/step
on time step 6301 (time=445.548), 0.0639815 s/step
on time step 6364 (time=450.003), 0.0638869 s/step
on time step 6427 (time=454.458), 0.0640066 s/step
on time step 6490 (time=458.912), 0.0641268 s/step
on time step 6553 (time=463.367), 0.0639995 s/step
Meep progress: 464.63986591768037/525.6906625976562 = 88.4% done in 420.3s, 55.2s to go
on time step 6616 (time=467.822), 0.064039 s/step
on time step 6679 (time=472.277), 0.0639617 s/step
on time step 6742 (time=476.731), 0.0639909 s/step
on time step 6805 (time=481.186), 0.0641357 s/step
on time step 6868 (time=485.641), 0.0640372 s/step
on time step 6931 (time=490.096), 0.0641037 s/step
on time step 6994 (time=494.55), 0.0640199 s/step
Meep progress: 497.80317395532944/525.6906625976562 = 94.7% done in 450.3s, 25.2s to go
on time step 7057 (time=499.005), 0.0639934 s/step
on time step 7120 (time=503.46), 0.0640854 s/step
on time step 7183 (time=507.915), 0.0638634 s/step
on time step 7246 (time=512.37), 0.0638531 s/step
on time step 7309 (time=516.824), 0.064029 s/step
on time step 7372 (time=521.279), 0.0639301 s/step
Warning: grid volume is not an integer number of pixels; cell size will be rounded to nearest pixel.
run 0 finished at t = 525.7338918121981 (7435 timesteps)



Datapoints:-   60000



0.6451612903225806
0.024983344437042088
60000
-----------
Initializing structure...
Splitting into 18 chunks by voxels
time for choose_chunkdivision = 0.00217194 s
Working in 2D dimensions.
Computational cell is 87.1 x 93.8 x 0 with resolution 10
     cylinder, center = (0,0,0)
          radius 40, height 1e+20, axis (0, 0, 1)
          dielectric constant epsilon diagonal = (2.0736,2.0736,2.0736)
     cylinder, center = (0,0,0)
          radius 30, height 1e+20, axis (0, 0, 1)
          dielectric constant epsilon diagonal = (1.9881,1.9881,1.9881)
     block, center = (0,-41.167,0)
          size (1e+20,1,1e+20)
          axes (1,0,0), (0,1,0), (0,0,1)
          dielectric constant epsilon diagonal = (2.0736,2.0736,2.0736)
time for set_epsilon = 0.358655 s
-----------
MPB solved for frequency_1(0.4,0,0) = 0.32606 after 10 iters
MPB solved for frequency_1(0.850308,0,0) = 0.635755 after 7 iters
MPB solved for frequency_1(0.864131,0,0) = 0.645161 after 5 iters
MPB solved for frequency_1(0.864132,0,0) = 0.645161 after 2 iters
Meep: using output directory '../data/2022-03-31/MEEP_18/'
prevRunFalse


Actual Run


Previous SimTime = 0.0
creating output file "../data/2022-03-31/MEEP_18//twoDsolve-eps-000000.00.h5"...
on time step 44 (time=3.11127), 0.0923685 s/step
on time step 89 (time=6.29325), 0.0895362 s/step
on time step 134 (time=9.47523), 0.089567 s/step
on time step 179 (time=12.6572), 0.0895365 s/step
on time step 224 (time=15.8392), 0.089536 s/step
on time step 268 (time=18.9505), 0.0913089 s/step
on time step 313 (time=22.1324), 0.0895733 s/step
Meep progress: 23.33452377915607/4082.0933995330984 = 0.6% done in 30.1s, 5231.0s to go
on time step 358 (time=25.3144), 0.0895716 s/step
on time step 403 (time=28.4964), 0.0895626 s/step
on time step 448 (time=31.6784), 0.0896329 s/step
on time step 493 (time=34.8604), 0.0895672 s/step
on time step 538 (time=38.0423), 0.0895864 s/step
on time step 583 (time=41.2243), 0.0895834 s/step
on time step 628 (time=44.4063), 0.0896075 s/step
Meep progress: 47.022600948905406/4082.0933995330984 = 1.2% done in 60.1s, 5156.6s to go
on time step 673 (time=47.5883), 0.0897332 s/step
on time step 718 (time=50.7703), 0.0896271 s/step
on time step 763 (time=53.9522), 0.0896093 s/step
on time step 808 (time=57.1342), 0.0903061 s/step
on time step 850 (time=60.1041), 0.0965863 s/step
on time step 895 (time=63.2861), 0.0895801 s/step
on time step 939 (time=66.3973), 0.0909153 s/step
on time step 984 (time=69.5793), 0.0896065 s/step
Meep progress: 70.42783540618014/4082.0933995330984 = 1.7% done in 90.1s, 5134.5s to go
on time step 1029 (time=72.7613), 0.0897378 s/step
on time step 1074 (time=75.9433), 0.0896509 s/step
on time step 1119 (time=79.1252), 0.0895624 s/step
on time step 1164 (time=82.3072), 0.0896464 s/step
on time step 1209 (time=85.4892), 0.0896706 s/step
on time step 1254 (time=88.6712), 0.0896398 s/step
on time step 1299 (time=91.8532), 0.0897083 s/step
Meep progress: 94.11591257592947/4082.0933995330984 = 2.3% done in 120.2s, 5092.4s to go
on time step 1344 (time=95.0352), 0.0898027 s/step
on time step 1389 (time=98.2171), 0.0896943 s/step
on time step 1434 (time=101.399), 0.0896585 s/step
on time step 1479 (time=104.581), 0.0896793 s/step
on time step 1524 (time=107.763), 0.0900087 s/step
on time step 1569 (time=110.945), 0.0899378 s/step
on time step 1613 (time=114.056), 0.0914668 s/step
on time step 1658 (time=117.238), 0.0896458 s/step
Meep progress: 117.73327906756016/4082.0933995330984 = 2.9% done in 150.2s, 5059.1s to go
on time step 1703 (time=120.42), 0.0896329 s/step
on time step 1748 (time=123.602), 0.0896295 s/step
on time step 1793 (time=126.784), 0.0896211 s/step
on time step 1838 (time=129.966), 0.0896635 s/step
on time step 1883 (time=133.148), 0.0896227 s/step
on time step 1928 (time=136.33), 0.0896531 s/step
on time step 1973 (time=139.512), 0.0908403 s/step
Meep progress: 141.4213562373095/4082.0933995330984 = 3.5% done in 180.3s, 5024.9s to go
on time step 2018 (time=142.694), 0.0897417 s/step
on time step 2063 (time=145.876), 0.0896699 s/step
on time step 2108 (time=149.058), 0.0896266 s/step
on time step 2153 (time=152.24), 0.0896904 s/step
on time step 2198 (time=155.422), 0.0896797 s/step
on time step 2243 (time=158.604), 0.0896604 s/step
on time step 2287 (time=161.715), 0.0914225 s/step
on time step 2332 (time=164.897), 0.0896596 s/step
Meep progress: 165.0387227289402/4082.0933995330984 = 4.0% done in 210.4s, 4992.8s to go
on time step 2377 (time=168.079), 0.089701 s/step
on time step 2422 (time=171.261), 0.0896721 s/step
on time step 2467 (time=174.443), 0.089667 s/step
on time step 2512 (time=177.625), 0.0896807 s/step
on time step 2557 (time=180.807), 0.0896461 s/step
on time step 2602 (time=183.989), 0.0908381 s/step
on time step 2647 (time=187.171), 0.0896737 s/step
Meep progress: 188.6560892205709/4082.0933995330984 = 4.6% done in 240.4s, 4960.8s to go
on time step 2692 (time=190.353), 0.0896919 s/step
on time step 2737 (time=193.535), 0.0896846 s/step
on time step 2782 (time=196.717), 0.0897264 s/step
on time step 2827 (time=199.899), 0.0896994 s/step
on time step 2872 (time=203.081), 0.089699 s/step
on time step 2917 (time=206.263), 0.0897092 s/step
on time step 2961 (time=209.374), 0.0914374 s/step
Meep progress: 212.27345571220155/4082.0933995330984 = 5.2% done in 270.4s, 4929.7s to go
on time step 3006 (time=212.556), 0.0896951 s/step
on time step 3051 (time=215.738), 0.0896934 s/step
on time step 3096 (time=218.92), 0.0896967 s/step
on time step 3141 (time=222.102), 0.0896845 s/step
on time step 3186 (time=225.284), 0.0896431 s/step
on time step 3231 (time=228.466), 0.0896875 s/step
on time step 3276 (time=231.648), 0.0908296 s/step
on time step 3321 (time=234.83), 0.0897046 s/step
Meep progress: 235.89082220383224/4082.0933995330984 = 5.8% done in 300.4s, 4898.4s to go
on time step 3366 (time=238.012), 0.089766 s/step
on time step 3411 (time=241.194), 0.0896788 s/step
on time step 3456 (time=244.376), 0.0896927 s/step
on time step 3501 (time=247.558), 0.0896985 s/step
on time step 3546 (time=250.74), 0.0896704 s/step
on time step 3591 (time=253.922), 0.0896848 s/step
on time step 3635 (time=257.033), 0.0914914 s/step
Meep progress: 259.50818869546293/4082.0933995330984 = 6.4% done in 330.5s, 4867.8s to go
on time step 3680 (time=260.215), 0.0896932 s/step
on time step 3725 (time=263.397), 0.0896834 s/step
on time step 3770 (time=266.579), 0.0897002 s/step
on time step 3815 (time=269.761), 0.089689 s/step
on time step 3860 (time=272.943), 0.0896829 s/step
on time step 3905 (time=276.125), 0.089736 s/step
on time step 3950 (time=279.307), 0.0908572 s/step
on time step 3995 (time=282.489), 0.0897712 s/step
Meep progress: 283.12555518709365/4082.0933995330984 = 6.9% done in 360.5s, 4836.9s to go
on time step 4040 (time=285.671), 0.0897087 s/step
on time step 4085 (time=288.853), 0.089696 s/step
on time step 4130 (time=292.035), 0.0897154 s/step
on time step 4175 (time=295.217), 0.0897304 s/step
on time step 4220 (time=298.399), 0.0897341 s/step
on time step 4265 (time=301.581), 0.0897748 s/step
on time step 4309 (time=304.692), 0.0914649 s/step
Meep progress: 306.7429216787243/4082.0933995330984 = 7.5% done in 390.5s, 4806.6s to go
on time step 4354 (time=307.874), 0.0897018 s/step
on time step 4399 (time=311.056), 0.0896955 s/step
on time step 4444 (time=314.238), 0.0897118 s/step
on time step 4489 (time=317.42), 0.0896974 s/step
on time step 4534 (time=320.602), 0.0897316 s/step
on time step 4579 (time=323.784), 0.0897147 s/step
on time step 4624 (time=326.966), 0.0908207 s/step
on time step 4669 (time=330.148), 0.0897692 s/step
Meep progress: 330.360288170355/4082.0933995330984 = 8.1% done in 420.5s, 4776.0s to go
on time step 4714 (time=333.33), 0.0897023 s/step
on time step 4759 (time=336.512), 0.0896803 s/step
on time step 4804 (time=339.694), 0.089738 s/step
on time step 4849 (time=342.876), 0.0897481 s/step
on time step 4894 (time=346.058), 0.0897115 s/step
on time step 4939 (time=349.24), 0.089841 s/step
on time step 4983 (time=352.351), 0.091413 s/step
Meep progress: 353.9776546619857/4082.0933995330984 = 8.7% done in 450.6s, 4745.7s to go
on time step 5028 (time=355.533), 0.0897721 s/step
on time step 5073 (time=358.715), 0.0897059 s/step
on time step 5118 (time=361.897), 0.089731 s/step
on time step 5163 (time=365.079), 0.0897298 s/step
on time step 5208 (time=368.261), 0.0897265 s/step
on time step 5253 (time=371.443), 0.0896981 s/step
on time step 5297 (time=374.554), 0.0909285 s/step
Meep progress: 377.59502115361636/4082.0933995330984 = 9.3% done in 480.6s, 4715.3s to go
on time step 5342 (time=377.736), 0.0897313 s/step
on time step 5387 (time=380.918), 0.089723 s/step
on time step 5432 (time=384.1), 0.0896968 s/step
on time step 5477 (time=387.282), 0.0897434 s/step
on time step 5522 (time=390.464), 0.0897461 s/step
on time step 5567 (time=393.646), 0.0897144 s/step
on time step 5612 (time=396.828), 0.0915259 s/step
on time step 5657 (time=400.01), 0.0897088 s/step
Meep progress: 401.2123876452471/4082.0933995330984 = 9.8% done in 510.7s, 4685.1s to go
on time step 5702 (time=403.192), 0.0898453 s/step
on time step 5747 (time=406.374), 0.0897345 s/step
on time step 5792 (time=409.556), 0.089742 s/step
on time step 5837 (time=412.738), 0.0897063 s/step
on time step 5882 (time=415.92), 0.0896883 s/step
on time step 5927 (time=419.102), 0.0897246 s/step
on time step 5972 (time=422.284), 0.0908517 s/step
Meep progress: 424.82975413687774/4082.0933995330984 = 10.4% done in 540.7s, 4654.8s to go
on time step 6017 (time=425.466), 0.0897486 s/step
on time step 6062 (time=428.648), 0.0896755 s/step
on time step 6107 (time=431.83), 0.0896608 s/step
on time step 6152 (time=435.012), 0.089735 s/step
on time step 6197 (time=438.194), 0.0897352 s/step
on time step 6242 (time=441.376), 0.0896948 s/step
on time step 6286 (time=444.487), 0.0915203 s/step
on time step 6331 (time=447.669), 0.0897044 s/step
Meep progress: 448.44712062850846/4082.0933995330984 = 11.0% done in 570.7s, 4624.6s to go
on time step 6376 (time=450.851), 0.0897414 s/step
on time step 6421 (time=454.033), 0.0897575 s/step
on time step 6466 (time=457.215), 0.0896902 s/step
on time step 6511 (time=460.397), 0.0897395 s/step
on time step 6556 (time=463.579), 0.0897487 s/step
on time step 6601 (time=466.761), 0.0897411 s/step
on time step 6646 (time=469.943), 0.0908376 s/step
Meep progress: 472.0644871201391/4082.0933995330984 = 11.6% done in 600.8s, 4594.3s to go
on time step 6691 (time=473.125), 0.0897737 s/step
on time step 6736 (time=476.307), 0.0897366 s/step
on time step 6781 (time=479.489), 0.0897372 s/step
on time step 6826 (time=482.671), 0.0896887 s/step
on time step 6871 (time=485.853), 0.0897508 s/step
on time step 6916 (time=489.035), 0.089662 s/step
on time step 6960 (time=492.146), 0.0915192 s/step
on time step 7005 (time=495.328), 0.0896827 s/step
Meep progress: 495.6818536117698/4082.0933995330984 = 12.1% done in 630.8s, 4564.2s to go
on time step 7050 (time=498.51), 0.0897441 s/step
on time step 7095 (time=501.692), 0.0897002 s/step
on time step 7140 (time=504.874), 0.0897344 s/step
on time step 7185 (time=508.056), 0.0897315 s/step
on time step 7230 (time=511.238), 0.0897416 s/step
on time step 7275 (time=514.42), 0.0896896 s/step
on time step 7319 (time=517.531), 0.0909291 s/step
Meep progress: 519.2992201034004/4082.0933995330984 = 12.7% done in 660.8s, 4533.9s to go
on time step 7364 (time=520.713), 0.0898528 s/step
on time step 7409 (time=523.895), 0.0897517 s/step
on time step 7454 (time=527.077), 0.0897241 s/step
on time step 7499 (time=530.259), 0.0896615 s/step
on time step 7544 (time=533.441), 0.0897592 s/step
srun: Job step aborted: Waiting up to 62 seconds for job step to finish.
srun: got SIGCONT
slurmstepd: error: *** STEP 654803.0 ON topsy-cn-1-11 CANCELLED AT 2022-03-31T13:51:30 ***
slurmstepd: error: *** JOB 654803 ON topsy-cn-1-11 CANCELLED AT 2022-03-31T13:51:30 ***
srun: forcing job termination
srun: error: topsy-cn-1-12: tasks 16-17: Terminated
srun: error: topsy-cn-1-11: tasks 0-15: Terminated
