Warning: grid volume is not an integer number of pixels; cell size will be rounded to nearest pixel.
Using MPI version 3.1, 48 processes
Argument List: ['../LoadedCapillaries/twoDsolve.py', 'MEEP_48', '10']
Standard run
WD: ../data/2022-03-31/MEEP_48/
AlreadyDir
Whole Sim Walltime: 7.152557373046875e-07 s



Datapoints:-   60000



0.6451612903225806
0.024983344437042088
60000
-----------
Initializing structure...
Splitting into 48 chunks by voxels
time for choose_chunkdivision = 0.0015844 s
Working in 2D dimensions.
Computational cell is 87.1 x 11.8 x 0 with resolution 10
     block, center = (0,0,0)
          size (1e+20,1,1e+20)
          axes (1,0,0), (0,1,0), (0,0,1)
          dielectric constant epsilon diagonal = (2.0736,2.0736,2.0736)
time for set_epsilon = 0.126213 s
-----------
MPB solved for frequency_1(0.4,0,0) = 0.325672 after 11 iters
MPB solved for frequency_1(0.851154,0,0) = 0.635937 after 9 iters
MPB solved for frequency_1(0.864706,0,0) = 0.645161 after 7 iters
MPB solved for frequency_1(0.864707,0,0) = 0.645161 after 1 iters
Meep: using output directory '../data/2022-03-31/MEEP_48/'


Normalisation Run


on time step 57 (time=4.03051), 0.0703446 s/step
on time step 118 (time=8.34386), 0.0657422 s/step
on time step 177 (time=12.5158), 0.0679167 s/step
on time step 237 (time=16.7584), 0.0671492 s/step
on time step 298 (time=21.0718), 0.0655934 s/step
on time step 359 (time=25.3851), 0.0656778 s/step
on time step 419 (time=29.6278), 0.0674272 s/step
Meep progress: 31.67838379715733/525.6906625976562 = 6.0% done in 30.0s, 468.3s to go
on time step 480 (time=33.9411), 0.0659327 s/step
on time step 541 (time=38.2545), 0.0660409 s/step
on time step 602 (time=42.5678), 0.0657386 s/step
on time step 662 (time=46.8105), 0.0671492 s/step
on time step 724 (time=51.1945), 0.0651858 s/step
on time step 786 (time=55.5786), 0.0654828 s/step
on time step 847 (time=59.8919), 0.0658082 s/step
Meep progress: 63.9224530192639/525.6906625976562 = 12.2% done in 60.1s, 433.9s to go
on time step 908 (time=64.2053), 0.0657038 s/step
on time step 969 (time=68.5186), 0.0656331 s/step
on time step 1030 (time=72.832), 0.06581 s/step
on time step 1090 (time=77.0746), 0.0675802 s/step
on time step 1152 (time=81.4587), 0.0655164 s/step
on time step 1213 (time=85.7721), 0.0657958 s/step
on time step 1275 (time=90.1561), 0.0653404 s/step
on time step 1336 (time=94.4695), 0.0659428 s/step
Meep progress: 96.16652224137046/525.6906625976562 = 18.3% done in 90.1s, 402.6s to go
on time step 1398 (time=98.8535), 0.0655706 s/step
on time step 1460 (time=103.238), 0.0653881 s/step
on time step 1519 (time=107.41), 0.0680441 s/step
on time step 1580 (time=111.723), 0.0663368 s/step
on time step 1641 (time=116.036), 0.0660168 s/step
on time step 1703 (time=120.42), 0.0656114 s/step
on time step 1764 (time=124.734), 0.0656506 s/step
Meep progress: 128.33988078535836/525.6906625976562 = 24.4% done in 120.2s, 372.1s to go
on time step 1825 (time=129.047), 0.0657464 s/step
on time step 1886 (time=133.36), 0.0656226 s/step
on time step 1948 (time=137.744), 0.0653454 s/step
on time step 2008 (time=141.987), 0.0675861 s/step
on time step 2069 (time=146.3), 0.0657471 s/step
on time step 2131 (time=150.684), 0.0653285 s/step
on time step 2192 (time=154.998), 0.0658304 s/step
on time step 2253 (time=159.311), 0.0662168 s/step
Meep progress: 160.58395000746495/525.6906625976562 = 30.5% done in 150.2s, 341.6s to go
on time step 2315 (time=163.695), 0.0651843 s/step
on time step 2377 (time=168.079), 0.0655832 s/step
on time step 2437 (time=172.322), 0.067123 s/step
on time step 2499 (time=176.706), 0.0654141 s/step
on time step 2560 (time=181.019), 0.0656962 s/step
on time step 2621 (time=185.333), 0.0657284 s/step
on time step 2682 (time=189.646), 0.0657339 s/step
Meep progress: 192.8280192295715/525.6906625976562 = 36.7% done in 180.3s, 311.2s to go
on time step 2743 (time=193.959), 0.066039 s/step
on time step 2805 (time=198.343), 0.0653484 s/step
on time step 2867 (time=202.728), 0.0654472 s/step
on time step 2927 (time=206.97), 0.0676453 s/step
on time step 2988 (time=211.284), 0.065877 s/step
on time step 3050 (time=215.668), 0.0654866 s/step
on time step 3112 (time=220.052), 0.0654921 s/step
on time step 3173 (time=224.365), 0.0657351 s/step
Meep progress: 225.07208845167807/525.6906625976562 = 42.8% done in 210.3s, 280.9s to go
on time step 3234 (time=228.678), 0.0657605 s/step
on time step 3296 (time=233.062), 0.0653038 s/step
on time step 3355 (time=237.234), 0.0682919 s/step
on time step 3416 (time=241.548), 0.0657235 s/step
on time step 3478 (time=245.932), 0.065255 s/step
on time step 3539 (time=250.245), 0.065769 s/step
on time step 3600 (time=254.558), 0.0662808 s/step
Meep progress: 257.245446995666/525.6906625976562 = 48.9% done in 240.3s, 250.8s to go
on time step 3661 (time=258.872), 0.0660098 s/step
on time step 3722 (time=263.185), 0.0658262 s/step
on time step 3784 (time=267.569), 0.0651775 s/step
on time step 3843 (time=271.741), 0.0681887 s/step
on time step 3904 (time=276.054), 0.0658734 s/step
on time step 3966 (time=280.439), 0.0654591 s/step
on time step 4027 (time=284.752), 0.0659978 s/step
on time step 4088 (time=289.065), 0.0657437 s/step
Meep progress: 289.4188055396539/525.6906625976562 = 55.1% done in 270.4s, 220.7s to go
on time step 4149 (time=293.379), 0.0657267 s/step
on time step 4210 (time=297.692), 0.0656799 s/step
on time step 4269 (time=301.864), 0.068209 s/step
on time step 4331 (time=306.248), 0.0655201 s/step
srun: Job step aborted: Waiting up to 62 seconds for job step to finish.
srun: got SIGCONT
slurmstepd: error: *** STEP 654808.0 ON topsy-cn-1-12 CANCELLED AT 2022-03-31T13:56:04 ***
slurmstepd: error: *** JOB 654808 ON topsy-cn-1-12 CANCELLED AT 2022-03-31T13:56:04 ***
srun: forcing job termination
[[64984,0],2][btl_openib_component.c:3644:handle_wc] from topsy-cn-1-13 to: topsy-cn-1-12 error polling LP CQ with status REMOTE ACCESS ERROR status number 10 for wr_id fd4e80 opcode 1  vendor error 136 qp_idx 1
In: PMI_Abort(-1, N/A)
srun: error: topsy-cn-2-16: tasks 34-39: Terminated
srun: error: topsy-cn-1-12: tasks 0-1: Terminated
srun: error: topsy-cn-2-6: tasks 18-33: Terminated
srun: error: topsy-cn-2-21: tasks 40-47: Terminated
srun: error: topsy-cn-1-13: tasks 2-9: Terminated
srun: error: topsy-cn-1-14: tasks 10-17: Terminated
