Warning: grid volume is not an integer number of pixels; cell size will be rounded to nearest pixel.
Using MPI version 3.1, 2 processes
Argument List: ['../LoadedCapillaries/twoDsolve.py', 'MEEP_10', '10.0']
Standard run
Whole Sim Walltime: 2.384185791015625e-07 s
WD: ../data/2022-03-23/MEEP_10/
AlreadyDir
0.6451612903225806
0.07
1000
-----------
Initializing structure...
Splitting into 2 chunks by voxels
time for choose_chunkdivision = 0.000483595 s
Working in 2D dimensions.
Computational cell is 87.1 x 11.8 x 0 with resolution 10
     block, center = (0,0,0)
          size (1e+20,1,1e+20)
          axes (1,0,0), (0,1,0), (0,0,1)
          dielectric constant epsilon diagonal = (2.0736,2.0736,2.0736)
time for set_epsilon = 0.144768 s
-----------
MPB solved for frequency_1(0.4,0,0) = 0.325672 after 11 iters
MPB solved for frequency_1(0.851154,0,0) = 0.635937 after 9 iters
MPB solved for frequency_1(0.864706,0,0) = 0.645161 after 7 iters
MPB solved for frequency_1(0.864707,0,0) = 0.645161 after 1 iters
Meep: using output directory '../data/2022-03-23/MEEP_10/'


Normalisation Run


on time step 1018 (time=71.9835), 0.00392987 s/step
on time step 2024 (time=143.118), 0.00397837 s/step
on time step 3023 (time=213.758), 0.00400574 s/step
Warning: grid volume is not an integer number of pixels; cell size will be rounded to nearest pixel.
run 0 finished at t = 268.3470234602948 (3795 timesteps)
WD: ../data/2022-03-23/MEEP_10/
AlreadyDir
0.6451612903225806
0.07
1000
-----------
Initializing structure...
Splitting into 2 chunks by voxels
time for choose_chunkdivision = 0.00105388 s
Working in 2D dimensions.
Computational cell is 87.1 x 93.8 x 0 with resolution 10
     block, center = (0,0,0)
          size (1e+20,1,1e+20)
          axes (1,0,0), (0,1,0), (0,0,1)
          dielectric constant epsilon diagonal = (2.0736,2.0736,2.0736)
     cylinder, center = (0,0,0)
          radius 40, height 1e+20, axis (0, 0, 1)
          dielectric constant epsilon diagonal = (2.0736,2.0736,2.0736)
     cylinder, center = (0,0,0)
          radius 30, height 1e+20, axis (0, 0, 1)
          dielectric constant epsilon diagonal = (1.9881,1.9881,1.9881)
     block, center = (0,-41.167,0)
          size (1e+20,1,1e+20)
          axes (1,0,0), (0,1,0), (0,0,1)
          dielectric constant epsilon diagonal = (2.0736,2.0736,2.0736)
time for set_epsilon = 2.54052 s
-----------
MPB solved for frequency_1(0.4,0,0) = 0.32606 after 10 iters
MPB solved for frequency_1(0.850308,0,0) = 0.635755 after 7 iters
MPB solved for frequency_1(0.864131,0,0) = 0.645161 after 5 iters
MPB solved for frequency_1(0.864132,0,0) = 0.645161 after 2 iters
Meep: using output directory '../data/2022-03-23/MEEP_10/'


Actual Run


creating output file "../data/2022-03-23/MEEP_10//twoDsolve-eps-000000.00.h5"...
on time step 175 (time=12.3744), 0.0229175 s/step
on time step 365 (time=25.8094), 0.0210875 s/step
on time step 548 (time=38.7495), 0.0218968 s/step
on time step 730 (time=51.6188), 0.022066 s/step
on time step 910 (time=64.3467), 0.0223227 s/step
on time step 1090 (time=77.0746), 0.0223044 s/step
on time step 1265 (time=89.449), 0.0228984 s/step
Meep progress: 95.03515139147198/3824.683884152239 = 2.5% done in 30.0s, 1177.4s to go
on time step 1438 (time=101.682), 0.0231564 s/step
on time step 1610 (time=113.844), 0.0232818 s/step
on time step 1792 (time=126.714), 0.0220094 s/step
on time step 1974 (time=139.583), 0.0220389 s/step
on time step 2155 (time=152.382), 0.022206 s/step
on time step 2343 (time=165.675), 0.0213949 s/step
on time step 2525 (time=178.544), 0.0220079 s/step
Meep progress: 190.56527752977456/3824.683884152239 = 5.0% done in 60.0s, 1144.3s to go
on time step 2707 (time=191.414), 0.0220317 s/step
on time step 2890 (time=204.354), 0.0218673 s/step
on time step 3082 (time=217.93), 0.020905 s/step
on time step 3264 (time=230.8), 0.022055 s/step
on time step 3451 (time=244.023), 0.0214601 s/step
on time step 3633 (time=256.892), 0.0220147 s/step
on time step 3816 (time=269.832), 0.0219718 s/step
on time step 3998 (time=282.701), 0.0220176 s/step
Meep progress: 288.0045919772808/3824.683884152239 = 7.5% done in 90.0s, 1105.5s to go
on time step 4178 (time=295.429), 0.0222551 s/step
on time step 4366 (time=308.723), 0.0213701 s/step
on time step 4548 (time=321.592), 0.0220162 s/step
on time step 4729 (time=334.391), 0.0221071 s/step
on time step 4921 (time=347.967), 0.0209052 s/step
on time step 5109 (time=361.261), 0.0213608 s/step
on time step 5291 (time=374.13), 0.0220177 s/step
Meep progress: 386.50456659656686/3824.683884152239 = 10.1% done in 120.0s, 1067.8s to go
on time step 5484 (time=387.777), 0.0207287 s/step
on time step 5666 (time=400.647), 0.0220433 s/step
on time step 5858 (time=414.223), 0.0209078 s/step
on time step 6042 (time=427.234), 0.0218664 s/step
on time step 6234 (time=440.81), 0.020925 s/step
on time step 6416 (time=453.68), 0.0220549 s/step
on time step 6599 (time=466.62), 0.021916 s/step
on time step 6786 (time=479.843), 0.0214522 s/step
Meep progress: 485.14596257209024/3824.683884152239 = 12.7% done in 150.1s, 1033.0s to go
on time step 6976 (time=493.278), 0.0210888 s/step
on time step 7159 (time=506.218), 0.0219508 s/step
on time step 7341 (time=519.087), 0.022016 s/step
on time step 7523 (time=531.956), 0.0220435 s/step
on time step 7710 (time=545.179), 0.0214976 s/step
on time step 7892 (time=558.049), 0.0220353 s/step
on time step 8074 (time=570.918), 0.0220347 s/step
Meep progress: 582.3731449852405/3824.683884152239 = 15.2% done in 180.1s, 1002.5s to go
on time step 8261 (time=584.141), 0.0214009 s/step
on time step 8452 (time=597.647), 0.0209933 s/step
on time step 8641 (time=611.011), 0.0212369 s/step
on time step 8829 (time=624.305), 0.0213901 s/step
on time step 9017 (time=637.598), 0.0213473 s/step
on time step 9199 (time=650.468), 0.0220867 s/step
on time step 9382 (time=663.408), 0.0219272 s/step
on time step 9569 (time=676.63), 0.0214395 s/step
Meep progress: 681.014540960764/3824.683884152239 = 17.8% done in 210.1s, 969.7s to go
on time step 9750 (time=689.429), 0.0221327 s/step
on time step 9938 (time=702.723), 0.0213455 s/step
on time step 10120 (time=715.592), 0.0220327 s/step
on time step 10302 (time=728.461), 0.0220065 s/step
on time step 10489 (time=741.684), 0.0214613 s/step
on time step 10681 (time=755.261), 0.0208413 s/step
on time step 10864 (time=768.201), 0.0218926 s/step
Meep progress: 779.1609621894567/3824.683884152239 = 20.4% done in 240.1s, 938.5s to go
on time step 11051 (time=781.424), 0.021458 s/step
on time step 11238 (time=794.647), 0.0214723 s/step
on time step 11422 (time=807.657), 0.0218082 s/step
on time step 11609 (time=820.88), 0.0214615 s/step
on time step 11796 (time=834.103), 0.0214057 s/step
on time step 11984 (time=847.397), 0.0213612 s/step
on time step 12166 (time=860.266), 0.0220783 s/step
on time step 12349 (time=873.206), 0.0218774 s/step
Meep progress: 877.1659620619122/3824.683884152239 = 22.9% done in 270.1s, 907.6s to go
on time step 12530 (time=886.005), 0.0222315 s/step
on time step 12712 (time=898.874), 0.0219941 s/step
on time step 12899 (time=912.097), 0.0214066 s/step
on time step 13081 (time=924.966), 0.0220636 s/step
on time step 13268 (time=938.189), 0.0214306 s/step
on time step 13461 (time=951.836), 0.0207597 s/step
on time step 13643 (time=964.706), 0.0220205 s/step
Meep progress: 975.312383290605/3824.683884152239 = 25.5% done in 300.1s, 876.8s to go
on time step 13830 (time=977.929), 0.0214042 s/step
on time step 14017 (time=991.152), 0.0214441 s/step
on time step 14210 (time=1004.8), 0.0208229 s/step
on time step 14397 (time=1018.02), 0.0215023 s/step
on time step 14579 (time=1030.89), 0.0220279 s/step
on time step 14760 (time=1043.69), 0.0221173 s/step
on time step 14943 (time=1056.63), 0.0219949 s/step
on time step 15125 (time=1069.5), 0.0220663 s/step
Meep progress: 1073.4588045192977/3824.683884152239 = 28.1% done in 330.1s, 846.1s to go
on time step 15311 (time=1082.65), 0.0215588 s/step
on time step 15494 (time=1095.59), 0.0219945 s/step
on time step 15676 (time=1108.46), 0.0220272 s/step
on time step 15863 (time=1121.68), 0.021412 s/step
on time step 16045 (time=1134.55), 0.0220376 s/step
on time step 16233 (time=1147.85), 0.021337 s/step
on time step 16420 (time=1161.07), 0.0214069 s/step
Meep progress: 1170.898118966804/3824.683884152239 = 30.6% done in 360.1s, 816.3s to go
on time step 16603 (time=1174.01), 0.0219644 s/step
on time step 16794 (time=1187.52), 0.0210478 s/step
on time step 16985 (time=1201.02), 0.0210227 s/step
on time step 17173 (time=1214.31), 0.0213876 s/step
on time step 17360 (time=1227.54), 0.0214193 s/step
on time step 17546 (time=1240.69), 0.0215258 s/step
on time step 17730 (time=1253.7), 0.0218773 s/step
on time step 17912 (time=1266.57), 0.0220265 s/step
Meep progress: 1269.610225620446/3824.683884152239 = 33.2% done in 390.2s, 785.2s to go
on time step 18092 (time=1279.3), 0.0222855 s/step
on time step 18275 (time=1292.24), 0.0219304 s/step
on time step 18457 (time=1305.11), 0.0220173 s/step
on time step 18639 (time=1317.98), 0.0220237 s/step
on time step 18821 (time=1330.85), 0.0220677 s/step
on time step 19009 (time=1344.14), 0.0213886 s/step
on time step 19192 (time=1357.08), 0.0218767 s/step
Meep progress: 1366.695986677359/3824.683884152239 = 35.7% done in 420.2s, 755.7s to go
on time step 19378 (time=1370.23), 0.021523 s/step
on time step 19568 (time=1383.67), 0.0210527 s/step
on time step 19751 (time=1396.61), 0.0219844 s/step
on time step 19934 (time=1409.55), 0.0218945 s/step
on time step 20117 (time=1422.49), 0.021874 s/step
on time step 20302 (time=1435.57), 0.0217423 s/step
on time step 20484 (time=1448.44), 0.022042 s/step
on time step 20671 (time=1461.66), 0.0214544 s/step
Meep progress: 1463.993879768628/3824.683884152239 = 38.3% done in 450.2s, 725.9s to go
on time step 20858 (time=1474.88), 0.0214802 s/step
on time step 21045 (time=1488.11), 0.0214069 s/step
on time step 21227 (time=1500.98), 0.0219976 s/step
on time step 21411 (time=1513.99), 0.0218571 s/step
on time step 21598 (time=1527.21), 0.0214871 s/step
on time step 21781 (time=1540.15), 0.0219799 s/step
on time step 21963 (time=1553.02), 0.0220121 s/step
Meep progress: 1561.9281689629647/3824.683884152239 = 40.8% done in 480.2s, 695.7s to go
on time step 22151 (time=1566.31), 0.0213858 s/step
on time step 22339 (time=1579.61), 0.0213134 s/step
on time step 22521 (time=1592.48), 0.0220041 s/step
on time step 22708 (time=1605.7), 0.0214551 s/step
on time step 22896 (time=1618.99), 0.0213806 s/step
on time step 23078 (time=1631.86), 0.0219838 s/step
on time step 23265 (time=1645.08), 0.0213979 s/step
on time step 23447 (time=1657.95), 0.022006 s/step
Meep progress: 1659.9331688354202/3824.683884152239 = 43.4% done in 510.2s, 665.4s to go
on time step 23628 (time=1670.75), 0.0221141 s/step
on time step 23815 (time=1683.97), 0.0214313 s/step
on time step 23997 (time=1696.84), 0.0220085 s/step
on time step 24184 (time=1710.07), 0.0214441 s/step
on time step 24376 (time=1723.64), 0.0208447 s/step
on time step 24564 (time=1736.94), 0.0213297 s/step
on time step 24752 (time=1750.23), 0.0213383 s/step
Meep progress: 1758.503854132825/3824.683884152239 = 46.0% done in 540.2s, 634.8s to go
on time step 24934 (time=1763.1), 0.0220372 s/step
on time step 25124 (time=1776.54), 0.0210617 s/step
on time step 25310 (time=1789.69), 0.0215071 s/step
on time step 25497 (time=1802.91), 0.0214549 s/step
on time step 25689 (time=1816.49), 0.0208395 s/step
on time step 25882 (time=1830.13), 0.0207892 s/step
on time step 26064 (time=1843), 0.0220248 s/step
on time step 26257 (time=1856.65), 0.0208277 s/step
Meep progress: 1858.3473316363654/3824.683884152239 = 48.6% done in 570.2s, 603.4s to go
on time step 26438 (time=1869.45), 0.0221285 s/step
on time step 26620 (time=1882.32), 0.0220006 s/step
on time step 26807 (time=1895.54), 0.0214415 s/step
on time step 26995 (time=1908.83), 0.0213552 s/step
on time step 27182 (time=1922.06), 0.0213968 s/step
on time step 27374 (time=1935.63), 0.0208886 s/step
on time step 27561 (time=1948.86), 0.021405 s/step
Meep progress: 1957.200859646245/3824.683884152239 = 51.2% done in 600.3s, 572.7s to go
on time step 27749 (time=1962.15), 0.0213859 s/step
on time step 27943 (time=1975.87), 0.0207065 s/step
on time step 28136 (time=1989.52), 0.0207971 s/step
on time step 28323 (time=2002.74), 0.0214157 s/step
on time step 28505 (time=2015.61), 0.0220152 s/step
on time step 28692 (time=2028.83), 0.0214558 s/step
on time step 28879 (time=2042.05), 0.0214326 s/step
on time step 29071 (time=2055.63), 0.0209004 s/step
Meep progress: 2056.902915793548/3824.683884152239 = 53.8% done in 630.3s, 541.7s to go
on time step 29258 (time=2068.85), 0.0214673 s/step
on time step 29446 (time=2082.15), 0.021369 s/step
on time step 29629 (time=2095.09), 0.0220009 s/step
on time step 29822 (time=2108.73), 0.0208238 s/step
on time step 30009 (time=2121.96), 0.0214075 s/step
on time step 30191 (time=2134.83), 0.0219921 s/step
on time step 30384 (time=2148.47), 0.0207909 s/step
Meep progress: 2156.251418550258/3824.683884152239 = 56.4% done in 660.3s, 510.9s to go
on time step 30576 (time=2162.05), 0.0208816 s/step
on time step 30762 (time=2175.2), 0.0215452 s/step
on time step 30952 (time=2188.64), 0.0210781 s/step
on time step 31145 (time=2202.28), 0.0207912 s/step
on time step 31338 (time=2215.93), 0.0208227 s/step
on time step 31519 (time=2228.73), 0.0221307 s/step
on time step 31706 (time=2241.95), 0.0214077 s/step
on time step 31893 (time=2255.18), 0.0214557 s/step
Meep progress: 2255.953474697561/3824.683884152239 = 59.0% done in 690.3s, 480.0s to go
on time step 32075 (time=2268.05), 0.0219874 s/step
on time step 32257 (time=2280.91), 0.0220621 s/step
on time step 32439 (time=2293.78), 0.0220957 s/step
on time step 32626 (time=2307.01), 0.0214465 s/step
on time step 32808 (time=2319.88), 0.0220944 s/step
on time step 32990 (time=2332.75), 0.0220823 s/step
on time step 33183 (time=2346.39), 0.0207578 s/step
Meep progress: 2353.322078466949/3824.683884152239 = 61.5% done in 720.3s, 450.3s to go
on time step 33370 (time=2359.62), 0.0213955 s/step
on time step 33557 (time=2372.84), 0.0214091 s/step
on time step 33744 (time=2386.06), 0.0214046 s/step
on time step 33932 (time=2399.35), 0.0214073 s/step
on time step 34123 (time=2412.86), 0.0209754 s/step
on time step 34310 (time=2426.08), 0.0214002 s/step
on time step 34497 (time=2439.31), 0.0214193 s/step
on time step 34679 (time=2452.18), 0.0220409 s/step
Meep progress: 2452.6705812236587/3824.683884152239 = 64.1% done in 750.3s, 419.7s to go
on time step 34864 (time=2465.26), 0.0216375 s/step
on time step 35052 (time=2478.55), 0.0213336 s/step
on time step 35240 (time=2491.84), 0.0214112 s/step
on time step 35427 (time=2505.07), 0.0213977 s/step
on time step 35609 (time=2517.94), 0.0220952 s/step
on time step 35796 (time=2531.16), 0.0214233 s/step
on time step 35983 (time=2544.38), 0.0214037 s/step
Meep progress: 2551.0291344867073/3824.683884152239 = 66.7% done in 780.3s, 389.6s to go
on time step 36170 (time=2557.61), 0.0214084 s/step
on time step 36358 (time=2570.9), 0.0213756 s/step
on time step 36546 (time=2584.19), 0.0213876 s/step
on time step 36734 (time=2597.49), 0.0213727 s/step
on time step 36916 (time=2610.36), 0.0220436 s/step
on time step 37098 (time=2623.22), 0.0220164 s/step
on time step 37280 (time=2636.09), 0.0220451 s/step
Meep progress: 2648.8927130029256/3824.683884152239 = 69.3% done in 810.3s, 359.7s to go
on time step 37462 (time=2648.96), 0.022026 s/step
on time step 37643 (time=2661.76), 0.0221672 s/step
on time step 37826 (time=2674.7), 0.0219018 s/step
on time step 38008 (time=2687.57), 0.0220481 s/step
on time step 38195 (time=2700.79), 0.0214327 s/step
on time step 38383 (time=2714.09), 0.0213792 s/step
on time step 38565 (time=2726.96), 0.0219878 s/step
on time step 38757 (time=2740.53), 0.0209014 s/step
Meep progress: 2746.685580841025/3824.683884152239 = 71.8% done in 840.3s, 329.8s to go
on time step 38941 (time=2753.54), 0.0218599 s/step
on time step 39133 (time=2767.12), 0.0208636 s/step
on time step 39321 (time=2780.41), 0.021306 s/step
on time step 39514 (time=2794.06), 0.0208428 s/step
on time step 39701 (time=2807.28), 0.0214232 s/step
on time step 39884 (time=2820.22), 0.021958 s/step
on time step 40072 (time=2833.52), 0.0214072 s/step
Meep progress: 2845.7512408852604/3824.683884152239 = 74.4% done in 870.3s, 299.4s to go
on time step 40254 (time=2846.39), 0.0220177 s/step
on time step 40441 (time=2859.61), 0.0214886 s/step
on time step 40629 (time=2872.9), 0.0213484 s/step
on time step 40816 (time=2886.13), 0.0213954 s/step
on time step 41004 (time=2899.42), 0.0213979 s/step
on time step 41187 (time=2912.36), 0.0219848 s/step
on time step 41369 (time=2925.23), 0.0220075 s/step
on time step 41551 (time=2938.1), 0.0220368 s/step
Meep progress: 2944.0390834701907/3824.683884152239 = 77.0% done in 900.3s, 269.3s to go
on time step 41739 (time=2951.39), 0.0213535 s/step
on time step 41927 (time=2964.69), 0.021372 s/step
on time step 42115 (time=2977.98), 0.021334 s/step
on time step 42303 (time=2991.27), 0.0213474 s/step
on time step 42485 (time=3004.14), 0.0220895 s/step
on time step 42672 (time=3017.37), 0.0214059 s/step
on time step 42854 (time=3030.24), 0.0220524 s/step
Meep progress: 3041.9733726645272/3824.683884152239 = 79.5% done in 930.4s, 239.4s to go
on time step 43036 (time=3043.1), 0.0220138 s/step
on time step 43222 (time=3056.26), 0.0215218 s/step
on time step 43410 (time=3069.55), 0.0213527 s/step
on time step 43592 (time=3082.42), 0.0220489 s/step
on time step 43779 (time=3095.64), 0.021406 s/step
on time step 43961 (time=3108.51), 0.0220693 s/step
on time step 44150 (time=3121.88), 0.0212212 s/step
on time step 44337 (time=3135.1), 0.0214378 s/step
Meep progress: 3140.11979389322/3824.683884152239 = 82.1% done in 960.4s, 209.4s to go
on time step 44519 (time=3147.97), 0.0220315 s/step
on time step 44713 (time=3161.69), 0.0206951 s/step
on time step 44901 (time=3174.98), 0.0213752 s/step
on time step 45083 (time=3187.85), 0.022016 s/step
on time step 45265 (time=3200.72), 0.0220786 s/step
on time step 45453 (time=3214.01), 0.0214033 s/step
on time step 45635 (time=3226.88), 0.0220193 s/step
Meep progress: 3238.4076364781504/3824.683884152239 = 84.7% done in 990.4s, 179.3s to go
on time step 45822 (time=3240.1), 0.0214308 s/step
on time step 46003 (time=3252.9), 0.0221373 s/step
on time step 46185 (time=3265.77), 0.0220314 s/step
on time step 46372 (time=3279), 0.0213909 s/step
on time step 46554 (time=3291.86), 0.0220047 s/step
on time step 46736 (time=3304.73), 0.0219997 s/step
on time step 46918 (time=3317.6), 0.0220093 s/step
on time step 47100 (time=3330.47), 0.0220493 s/step
Meep progress: 3335.0691334663516/3824.683884152239 = 87.2% done in 1020.4s, 149.8s to go
on time step 47282 (time=3343.34), 0.0220389 s/step
on time step 47469 (time=3356.57), 0.0214013 s/step
on time step 47657 (time=3369.86), 0.0213755 s/step
on time step 47844 (time=3383.08), 0.0214085 s/step
on time step 48031 (time=3396.3), 0.0214864 s/step
on time step 48219 (time=3409.6), 0.0213247 s/step
on time step 48406 (time=3422.82), 0.0214475 s/step
Meep progress: 3433.9933721543493/3824.683884152239 = 89.8% done in 1050.4s, 119.5s to go
on time step 48593 (time=3436.04), 0.0214172 s/step
on time step 48775 (time=3448.91), 0.0220595 s/step
on time step 48957 (time=3461.78), 0.0220952 s/step
on time step 49149 (time=3475.36), 0.020841 s/step
on time step 49336 (time=3488.58), 0.0214541 s/step
on time step 49519 (time=3501.52), 0.0218967 s/step
on time step 49706 (time=3514.74), 0.0214625 s/step
on time step 49888 (time=3527.61), 0.0220264 s/step
Meep progress: 3532.139793383042/3824.683884152239 = 92.4% done in 1080.4s, 89.5s to go
on time step 50076 (time=3540.91), 0.0214014 s/step
on time step 50263 (time=3554.13), 0.0214148 s/step
on time step 50455 (time=3567.71), 0.0208455 s/step
on time step 50648 (time=3581.35), 0.0207863 s/step
on time step 50836 (time=3594.65), 0.021364 s/step
on time step 51023 (time=3607.87), 0.0213906 s/step
on time step 51211 (time=3621.16), 0.021394 s/step
Meep progress: 3631.6297174959896/3824.683884152239 = 95.0% done in 1110.4s, 59.0s to go
on time step 51399 (time=3634.46), 0.0213973 s/step
on time step 51580 (time=3647.26), 0.0221402 s/step
on time step 51768 (time=3660.55), 0.021367 s/step
on time step 51960 (time=3674.13), 0.0209056 s/step
on time step 52153 (time=3687.77), 0.0207504 s/step
on time step 52335 (time=3700.64), 0.0220298 s/step
on time step 52517 (time=3713.51), 0.0220601 s/step
on time step 52704 (time=3726.74), 0.0214307 s/step
Meep progress: 3730.200402793394/3824.683884152239 = 97.5% done in 1140.4s, 28.9s to go
on time step 52886 (time=3739.6), 0.0220439 s/step
on time step 53080 (time=3753.32), 0.0207327 s/step
on time step 53267 (time=3766.55), 0.0214083 s/step
on time step 53454 (time=3779.77), 0.0214155 s/step
on time step 53636 (time=3792.64), 0.0220336 s/step
on time step 53824 (time=3805.93), 0.0213909 s/step
on time step 54011 (time=3819.15), 0.0214523 s/step
run 0 finished at t = 3824.7405794380356 (54090 timesteps)
Whole Sim Walltime: 1188.250646829605 s

Elapsed run time = 1188.7858 s
