Warning: grid volume is not an integer number of pixels; cell size will be rounded to nearest pixel.
Using MPI version 3.1, 12 processes
Argument List: ['../LoadedCapillaries/twoDsolve.py', 'MEEP_12', '10']
Standard run
WD: ../data/2022-03-31/MEEP_12/
AlreadyDir
Whole Sim Walltime: 4.76837158203125e-07 s



Datapoints:-   60000



0.6451612903225806
0.024983344437042088
60000
-----------
Initializing structure...
Splitting into 12 chunks by voxels
time for choose_chunkdivision = 0.000650004 s
Working in 2D dimensions.
Computational cell is 87.1 x 11.8 x 0 with resolution 10
     block, center = (0,0,0)
          size (1e+20,1,1e+20)
          axes (1,0,0), (0,1,0), (0,0,1)
          dielectric constant epsilon diagonal = (2.0736,2.0736,2.0736)
time for set_epsilon = 0.0958872 s
-----------
MPB solved for frequency_1(0.4,0,0) = 0.325672 after 11 iters
MPB solved for frequency_1(0.851154,0,0) = 0.635937 after 9 iters
MPB solved for frequency_1(0.864706,0,0) = 0.645161 after 7 iters
MPB solved for frequency_1(0.864707,0,0) = 0.645161 after 1 iters
Meep: using output directory '../data/2022-03-31/MEEP_12/'


Normalisation Run


on time step 33 (time=2.33345), 0.123898 s/step
on time step 67 (time=4.73762), 0.11796 s/step
on time step 99 (time=7.00036), 0.128128 s/step
on time step 131 (time=9.2631), 0.125 s/step
on time step 164 (time=11.5966), 0.121704 s/step
on time step 197 (time=13.93), 0.123042 s/step
on time step 232 (time=16.4049), 0.114613 s/step
Meep progress: 17.39482681718907/525.6906625976562 = 3.3% done in 30.1s, 880.3s to go
on time step 262 (time=18.5262), 0.135014 s/step
on time step 294 (time=20.7889), 0.126193 s/step
on time step 326 (time=23.0517), 0.126937 s/step
on time step 356 (time=25.173), 0.139781 s/step
on time step 388 (time=27.4357), 0.126256 s/step
on time step 419 (time=29.6278), 0.133023 s/step
on time step 453 (time=32.0319), 0.118938 s/step
Meep progress: 33.72899346259832/525.6906625976562 = 6.4% done in 60.2s, 878.4s to go
on time step 482 (time=34.0825), 0.139475 s/step
on time step 514 (time=36.3453), 0.127029 s/step
on time step 546 (time=38.608), 0.12584 s/step
on time step 578 (time=40.8708), 0.127555 s/step
on time step 606 (time=42.8507), 0.145785 s/step
on time step 637 (time=45.0427), 0.131412 s/step
on time step 670 (time=47.3762), 0.122912 s/step
on time step 703 (time=49.7096), 0.121632 s/step
Meep progress: 50.346002820482184/525.6906625976562 = 9.6% done in 90.3s, 852.7s to go
on time step 736 (time=52.0431), 0.123991 s/step
on time step 767 (time=54.2351), 0.131843 s/step
on time step 799 (time=56.4978), 0.125147 s/step
on time step 831 (time=58.7606), 0.130079 s/step
on time step 865 (time=61.1647), 0.119582 s/step
on time step 899 (time=63.5689), 0.118179 s/step
on time step 933 (time=65.9731), 0.118276 s/step
Meep progress: 67.24585489084068/525.6906625976562 = 12.8% done in 120.3s, 820.3s to go
on time step 962 (time=68.0237), 0.138698 s/step
on time step 991 (time=70.0743), 0.138264 s/step
on time step 1025 (time=72.4784), 0.120603 s/step
on time step 1050 (time=74.2462), 0.160411 s/step
on time step 1082 (time=76.509), 0.125861 s/step
on time step 1111 (time=78.5596), 0.141779 s/step
on time step 1146 (time=81.0344), 0.12037 s/step
Meep progress: 83.43860018001261/525.6906625976562 = 15.9% done in 150.4s, 796.9s to go
on time step 1180 (time=83.4386), 0.117851 s/step
on time step 1216 (time=85.9842), 0.111214 s/step
on time step 1249 (time=88.3176), 0.123213 s/step
on time step 1282 (time=90.6511), 0.121656 s/step
on time step 1316 (time=93.0553), 0.119353 s/step
on time step 1348 (time=95.318), 0.126198 s/step
on time step 1382 (time=97.7222), 0.122752 s/step
on time step 1415 (time=100.056), 0.122274 s/step
Meep progress: 101.04555903155764/525.6906625976562 = 19.2% done in 180.5s, 758.4s to go
on time step 1450 (time=102.53), 0.115854 s/step
on time step 1483 (time=104.864), 0.123181 s/step
on time step 1518 (time=107.339), 0.115202 s/step
on time step 1551 (time=109.672), 0.122725 s/step
on time step 1586 (time=112.147), 0.114566 s/step
on time step 1619 (time=114.481), 0.123839 s/step
on time step 1652 (time=116.814), 0.122029 s/step
Meep progress: 118.86464991745864/525.6906625976562 = 22.6% done in 210.5s, 720.5s to go
on time step 1686 (time=119.218), 0.12087 s/step
on time step 1722 (time=121.764), 0.112527 s/step
on time step 1758 (time=124.309), 0.113905 s/step
on time step 1792 (time=126.714), 0.117687 s/step
on time step 1827 (time=129.188), 0.11635 s/step
on time step 1861 (time=131.593), 0.120209 s/step
on time step 1894 (time=133.926), 0.122991 s/step
on time step 1928 (time=136.33), 0.117656 s/step
Meep progress: 136.8958728377156/525.6906625976562 = 26.0% done in 240.5s, 683.0s to go
on time step 1964 (time=138.876), 0.1122 s/step
on time step 1998 (time=141.28), 0.121461 s/step
on time step 2033 (time=143.755), 0.114487 s/step
on time step 2063 (time=145.876), 0.135134 s/step
on time step 2095 (time=148.139), 0.126558 s/step
on time step 2127 (time=150.402), 0.128461 s/step
on time step 2155 (time=152.382), 0.145399 s/step
Meep progress: 153.58359287371812/525.6906625976562 = 29.2% done in 270.7s, 655.8s to go
on time step 2186 (time=154.574), 0.129121 s/step
on time step 2215 (time=156.624), 0.143009 s/step
on time step 2247 (time=158.887), 0.129901 s/step
on time step 2276 (time=160.938), 0.137953 s/step
on time step 2308 (time=163.2), 0.12638 s/step
on time step 2340 (time=165.463), 0.128225 s/step
on time step 2371 (time=167.655), 0.131709 s/step
Meep progress: 169.91775951912737/525.6906625976562 = 32.3% done in 300.7s, 629.6s to go
on time step 2404 (time=169.988), 0.124703 s/step
on time step 2434 (time=172.11), 0.135498 s/step
on time step 2464 (time=174.231), 0.13442 s/step
on time step 2496 (time=176.494), 0.125804 s/step
on time step 2525 (time=178.544), 0.138652 s/step
on time step 2557 (time=180.807), 0.125459 s/step
on time step 2588 (time=182.999), 0.131091 s/step
on time step 2620 (time=185.262), 0.127766 s/step
Meep progress: 186.18121548641795/525.6906625976562 = 35.4% done in 330.8s, 603.2s to go
on time step 2654 (time=187.666), 0.118009 s/step
on time step 2683 (time=189.717), 0.142975 s/step
on time step 2715 (time=191.979), 0.12663 s/step
on time step 2746 (time=194.172), 0.12925 s/step
on time step 2779 (time=196.505), 0.122098 s/step
on time step 2811 (time=198.768), 0.127303 s/step
on time step 2844 (time=201.101), 0.121765 s/step
Meep progress: 203.0103568786578/525.6906625976562 = 38.6% done in 360.9s, 573.7s to go
on time step 2877 (time=203.435), 0.121602 s/step
on time step 2910 (time=205.768), 0.121601 s/step
on time step 2942 (time=208.031), 0.125111 s/step
on time step 2972 (time=210.152), 0.13961 s/step
on time step 3007 (time=212.627), 0.116185 s/step
on time step 3041 (time=215.031), 0.121973 s/step
on time step 3072 (time=217.223), 0.129757 s/step
on time step 3107 (time=219.698), 0.116141 s/step
Meep progress: 220.33447301772821/525.6906625976562 = 41.9% done in 391.0s, 541.9s to go
on time step 3145 (time=222.385), 0.107871 s/step
on time step 3182 (time=225.001), 0.108831 s/step
on time step 3217 (time=227.476), 0.115449 s/step
on time step 3252 (time=229.951), 0.115872 s/step
on time step 3288 (time=232.497), 0.1124 s/step
on time step 3323 (time=234.972), 0.11483 s/step
on time step 3361 (time=237.659), 0.10759 s/step
Meep progress: 239.42635610976498/525.6906625976562 = 45.5% done in 421.1s, 503.5s to go
on time step 3398 (time=240.275), 0.108675 s/step
on time step 3433 (time=242.75), 0.117194 s/step
on time step 3471 (time=245.437), 0.106418 s/step
on time step 3506 (time=247.912), 0.117976 s/step
on time step 3543 (time=250.528), 0.110749 s/step
on time step 3577 (time=252.932), 0.119505 s/step
on time step 3613 (time=255.478), 0.113555 s/step
Meep progress: 258.0232644549712/525.6906625976562 = 49.1% done in 451.2s, 468.0s to go
on time step 3649 (time=258.023), 0.11426 s/step
on time step 3683 (time=260.427), 0.119527 s/step
on time step 3717 (time=262.832), 0.118697 s/step
on time step 3753 (time=265.377), 0.113207 s/step
on time step 3789 (time=267.923), 0.11248 s/step
on time step 3825 (time=270.468), 0.11193 s/step
on time step 3861 (time=273.014), 0.113587 s/step
on time step 3898 (time=275.63), 0.108342 s/step
Meep progress: 276.69088347829603/525.6906625976562 = 52.6% done in 481.2s, 433.0s to go
on time step 3931 (time=277.964), 0.12411 s/step
on time step 3966 (time=280.439), 0.115314 s/step
on time step 3997 (time=282.631), 0.131244 s/step
on time step 4028 (time=284.823), 0.129069 s/step
on time step 4058 (time=286.944), 0.13582 s/step
on time step 4093 (time=289.419), 0.114359 s/step
on time step 4124 (time=291.611), 0.12942 s/step
Meep progress: 293.73215690489184/525.6906625976562 = 55.9% done in 511.2s, 403.7s to go
on time step 4160 (time=294.156), 0.112184 s/step
on time step 4190 (time=296.278), 0.136552 s/step
on time step 4226 (time=298.823), 0.112383 s/step
on time step 4260 (time=301.227), 0.123307 s/step
on time step 4294 (time=303.632), 0.119012 s/step
on time step 4326 (time=305.894), 0.127794 s/step
on time step 4357 (time=308.086), 0.133331 s/step
on time step 4389 (time=310.349), 0.125459 s/step
Meep progress: 310.77343033148765/525.6906625976562 = 59.1% done in 541.3s, 374.3s to go
on time step 4423 (time=312.753), 0.121547 s/step
on time step 4458 (time=315.228), 0.118754 s/step
on time step 4487 (time=317.279), 0.143338 s/step
on time step 4519 (time=319.542), 0.125413 s/step
on time step 4551 (time=321.804), 0.127057 s/step
on time step 4583 (time=324.067), 0.12763 s/step
on time step 4611 (time=326.047), 0.143386 s/step
Meep progress: 327.31972901125283/525.6906625976562 = 62.3% done in 571.3s, 346.3s to go
on time step 4643 (time=328.31), 0.125428 s/step
on time step 4672 (time=330.36), 0.137967 s/step
on time step 4702 (time=332.482), 0.133742 s/step
on time step 4734 (time=334.744), 0.128064 s/step
on time step 4770 (time=337.29), 0.111158 s/step
on time step 4802 (time=339.553), 0.128587 s/step
on time step 4837 (time=342.028), 0.117094 s/step
Meep progress: 344.5024237940859/525.6906625976562 = 65.5% done in 601.5s, 316.4s to go
on time step 4872 (time=344.502), 0.115051 s/step
on time step 4909 (time=347.119), 0.109632 s/step
on time step 4945 (time=349.664), 0.11207 s/step
on time step 4981 (time=352.21), 0.111946 s/step
on time step 5016 (time=354.685), 0.114875 s/step
on time step 5052 (time=357.23), 0.111508 s/step
on time step 5088 (time=359.776), 0.111683 s/step
on time step 5126 (time=362.463), 0.107183 s/step
Meep progress: 363.59430688612275/525.6906625976562 = 69.2% done in 631.6s, 281.6s to go
on time step 5164 (time=365.15), 0.107029 s/step
on time step 5202 (time=367.837), 0.105932 s/step
on time step 5239 (time=370.453), 0.110038 s/step
on time step 5276 (time=373.07), 0.109559 s/step
on time step 5314 (time=375.757), 0.106159 s/step
on time step 5352 (time=378.444), 0.106445 s/step
on time step 5389 (time=381.06), 0.110724 s/step
Meep progress: 382.96903269063415/525.6906625976562 = 72.9% done in 661.6s, 246.6s to go
on time step 5422 (time=383.393), 0.122514 s/step
on time step 5455 (time=385.727), 0.123034 s/step
on time step 5487 (time=387.989), 0.128065 s/step
on time step 5520 (time=390.323), 0.12416 s/step
on time step 5554 (time=392.727), 0.120248 s/step
on time step 5589 (time=395.202), 0.116323 s/step
on time step 5623 (time=397.606), 0.119941 s/step
on time step 5659 (time=400.152), 0.112214 s/step
Meep progress: 400.5052808640605/525.6906625976562 = 76.2% done in 691.8s, 216.2s to go
on time step 5689 (time=402.273), 0.137286 s/step
on time step 5719 (time=404.394), 0.134207 s/step
on time step 5753 (time=406.799), 0.118388 s/step
on time step 5784 (time=408.991), 0.133894 s/step
on time step 5821 (time=411.607), 0.110655 s/step
on time step 5853 (time=413.87), 0.125299 s/step
on time step 5887 (time=416.274), 0.120056 s/step
Meep progress: 417.6879756468936/525.6906625976562 = 79.5% done in 721.9s, 186.7s to go
on time step 5921 (time=418.678), 0.118811 s/step
on time step 5956 (time=421.153), 0.11505 s/step
on time step 5989 (time=423.486), 0.124118 s/step
on time step 6020 (time=425.678), 0.13028 s/step
on time step 6053 (time=428.012), 0.123698 s/step
on time step 6088 (time=430.487), 0.117251 s/step
on time step 6120 (time=432.749), 0.125575 s/step
Meep progress: 435.0828024640827/525.6906625976562 = 82.8% done in 751.9s, 156.6s to go
on time step 6153 (time=435.083), 0.124988 s/step
on time step 6184 (time=437.275), 0.133277 s/step
on time step 6213 (time=439.325), 0.145873 s/step
on time step 6247 (time=441.73), 0.118868 s/step
on time step 6280 (time=444.063), 0.122352 s/step
on time step 6316 (time=446.609), 0.113421 s/step
on time step 6351 (time=449.084), 0.115046 s/step
on time step 6387 (time=451.629), 0.111462 s/step
Meep progress: 452.54833995939043/525.6906625976562 = 86.1% done in 782.0s, 126.4s to go
on time step 6423 (time=454.175), 0.112331 s/step
on time step 6458 (time=456.65), 0.116483 s/step
on time step 6495 (time=459.266), 0.110757 s/step
on time step 6530 (time=461.741), 0.116976 s/step
on time step 6563 (time=464.074), 0.12262 s/step
on time step 6598 (time=466.549), 0.116755 s/step
on time step 6636 (time=469.236), 0.107841 s/step
Meep progress: 471.14524830459663/525.6906625976562 = 89.6% done in 812.0s, 94.0s to go
on time step 6672 (time=471.782), 0.112361 s/step
on time step 6710 (time=474.469), 0.106677 s/step
on time step 6745 (time=476.944), 0.11652 s/step
on time step 6782 (time=479.56), 0.110784 s/step
on time step 6819 (time=482.176), 0.110405 s/step
on time step 6856 (time=484.792), 0.10832 s/step
on time step 6892 (time=487.338), 0.112379 s/step
on time step 6929 (time=489.954), 0.108207 s/step
Meep progress: 490.30784207475205/525.6906625976562 = 93.3% done in 842.1s, 60.8s to go
on time step 6965 (time=492.5), 0.113894 s/step
on time step 7001 (time=495.045), 0.11734 s/step
on time step 7037 (time=497.591), 0.11131 s/step
on time step 7073 (time=500.137), 0.112637 s/step
on time step 7110 (time=502.753), 0.109204 s/step
on time step 7146 (time=505.299), 0.112814 s/step
on time step 7181 (time=507.773), 0.116517 s/step
Meep progress: 508.9754610980769/525.6906625976562 = 96.8% done in 872.1s, 28.6s to go
on time step 7217 (time=510.319), 0.11176 s/step
on time step 7252 (time=512.794), 0.115082 s/step
on time step 7288 (time=515.339), 0.112804 s/step
on time step 7325 (time=517.956), 0.110155 s/step
on time step 7361 (time=520.501), 0.112219 s/step
on time step 7398 (time=523.118), 0.10856 s/step
on time step 7433 (time=525.592), 0.115735 s/step
Warning: grid volume is not an integer number of pixels; cell size will be rounded to nearest pixel.
run 0 finished at t = 525.7338918121981 (7435 timesteps)



Datapoints:-   60000



0.6451612903225806
0.024983344437042088
60000
-----------
Initializing structure...
Splitting into 12 chunks by voxels
time for choose_chunkdivision = 0.00147131 s
Working in 2D dimensions.
Computational cell is 87.1 x 93.8 x 0 with resolution 10
     cylinder, center = (0,0,0)
          radius 40, height 1e+20, axis (0, 0, 1)
          dielectric constant epsilon diagonal = (2.0736,2.0736,2.0736)
     cylinder, center = (0,0,0)
          radius 30, height 1e+20, axis (0, 0, 1)
          dielectric constant epsilon diagonal = (1.9881,1.9881,1.9881)
     block, center = (0,-41.167,0)
          size (1e+20,1,1e+20)
          axes (1,0,0), (0,1,0), (0,0,1)
          dielectric constant epsilon diagonal = (2.0736,2.0736,2.0736)
time for set_epsilon = 0.716921 s
-----------
MPB solved for frequency_1(0.4,0,0) = 0.32606 after 10 iters
MPB solved for frequency_1(0.850308,0,0) = 0.635755 after 7 iters
MPB solved for frequency_1(0.864131,0,0) = 0.645161 after 5 iters
MPB solved for frequency_1(0.864132,0,0) = 0.645161 after 2 iters
Meep: using output directory '../data/2022-03-31/MEEP_12/'
prevRunFalse


Actual Run


Previous SimTime = 0.0
creating output file "../data/2022-03-31/MEEP_12//twoDsolve-eps-000000.00.h5"...
on time step 29 (time=2.05061), 0.14138 s/step
on time step 66 (time=4.6669), 0.110097 s/step
on time step 100 (time=7.07107), 0.120148 s/step
on time step 135 (time=9.54594), 0.118413 s/step
on time step 169 (time=11.9501), 0.119438 s/step
on time step 204 (time=14.425), 0.11604 s/step
on time step 235 (time=16.617), 0.130433 s/step
Meep progress: 17.25340546095176/4082.0933995330984 = 0.4% done in 30.1s, 7099.5s to go
on time step 267 (time=18.8798), 0.127254 s/step
on time step 303 (time=21.4253), 0.111345 s/step
on time step 342 (time=24.1831), 0.104904 s/step
on time step 375 (time=26.5165), 0.122713 s/step
on time step 406 (time=28.7085), 0.12995 s/step
on time step 441 (time=31.1834), 0.114398 s/step
on time step 475 (time=33.5876), 0.117896 s/step
Meep progress: 35.21391770309007/4082.0933995330984 = 0.9% done in 60.3s, 6925.4s to go
on time step 507 (time=35.8503), 0.127607 s/step
on time step 536 (time=37.9009), 0.139928 s/step
on time step 572 (time=40.4465), 0.114636 s/step
on time step 600 (time=42.4264), 0.145519 s/step
on time step 633 (time=44.7599), 0.12426 s/step
on time step 667 (time=47.164), 0.117808 s/step
on time step 701 (time=49.5682), 0.118133 s/step
on time step 733 (time=51.8309), 0.127388 s/step
Meep progress: 51.97234841721124/4082.0933995330984 = 1.3% done in 90.3s, 7003.4s to go
on time step 761 (time=53.8108), 0.143977 s/step
on time step 795 (time=56.215), 0.118568 s/step
on time step 828 (time=58.5484), 0.123214 s/step
on time step 864 (time=61.094), 0.116955 s/step
on time step 898 (time=63.4982), 0.120886 s/step
on time step 928 (time=65.6195), 0.133975 s/step
on time step 965 (time=68.2358), 0.109052 s/step
Meep progress: 69.50859659063762/4082.0933995330984 = 1.7% done in 120.5s, 6955.4s to go
on time step 998 (time=70.5693), 0.124038 s/step
on time step 1035 (time=73.1856), 0.110897 s/step
on time step 1065 (time=75.3069), 0.134641 s/step
on time step 1097 (time=77.5696), 0.125365 s/step
on time step 1133 (time=80.1152), 0.113435 s/step
on time step 1166 (time=82.4487), 0.124047 s/step
on time step 1202 (time=84.9942), 0.11198 s/step
Meep progress: 87.11555544218265/4082.0933995330984 = 2.1% done in 150.5s, 6903.2s to go
on time step 1236 (time=87.3984), 0.11954 s/step
on time step 1271 (time=89.8733), 0.114432 s/step
on time step 1307 (time=92.4189), 0.115359 s/step
on time step 1342 (time=94.8937), 0.114367 s/step
on time step 1370 (time=96.8736), 0.143744 s/step
on time step 1404 (time=99.2778), 0.119967 s/step
on time step 1439 (time=101.753), 0.116293 s/step
on time step 1471 (time=104.015), 0.127582 s/step
Meep progress: 104.72251429372768/4082.0933995330984 = 2.6% done in 180.5s, 6856.7s to go
on time step 1508 (time=106.632), 0.108859 s/step
on time step 1544 (time=109.177), 0.111145 s/step
on time step 1579 (time=111.652), 0.118191 s/step
on time step 1609 (time=113.773), 0.136364 s/step
on time step 1645 (time=116.319), 0.112367 s/step
on time step 1680 (time=118.794), 0.114648 s/step
on time step 1712 (time=121.057), 0.126905 s/step
Meep progress: 122.61231585774733/4082.0933995330984 = 3.0% done in 210.7s, 6803.9s to go
on time step 1743 (time=123.249), 0.132223 s/step
on time step 1775 (time=125.511), 0.126064 s/step
srun: Job step aborted: Waiting up to 62 seconds for job step to finish.
srun: got SIGCONT
slurmstepd: error: *** STEP 654800.0 ON topsy-cn-2-14 CANCELLED AT 2022-03-31T13:50:42 ***
slurmstepd: error: *** JOB 654800 ON topsy-cn-2-14 CANCELLED AT 2022-03-31T13:50:43 ***
srun: forcing job termination
srun: error: topsy-cn-2-14: tasks 0-3: Terminated
srun: error: topsy-cn-2-21: tasks 4-11: Terminated
