/share/apps/meep/1.22.0/lib/python3.9/site-packages/meep/visualization.py:343: UserWarning: The frequency parameter of plot2D has been deprecated. Use the frequency key of the eps_parameters dictionary instead.
  warnings.warn('The frequency parameter of plot2D has been deprecated. Use the frequency key of the eps_parameters dictionary instead.')
/share/apps/meep/1.22.0/lib/python3.9/site-packages/meep/visualization.py:343: UserWarning: The frequency parameter of plot2D has been deprecated. Use the frequency key of the eps_parameters dictionary instead.
  warnings.warn('The frequency parameter of plot2D has been deprecated. Use the frequency key of the eps_parameters dictionary instead.')
Warning: grid volume is not an integer number of pixels; cell size will be rounded to nearest pixel.
Using MPI version 3.1, 2 processes
Argument List: ['../LoadedCapillaries/twoDsolve.py', 'MEEP_2_Quick', '0']
Standard run
WD: ../data/2022-04-06/MEEP_2_Quick/
Whole Sim Walltime: 4.76837158203125e-07 s



Datapoints:-   60000



0.6451612903225806
0.024983344437042088
60000
     block, center = (0,0,0)
          size (1e+20,1,1e+20)
          axes (1,0,0), (0,1,0), (0,0,1)
          dielectric constant epsilon diagonal = (2.0736,2.0736,2.0736)
Warning: grid volume is not an integer number of pixels; cell size will be rounded to nearest pixel.


Normalisation Run


-----------
Initializing structure...
Splitting into 2 chunks by voxels
time for choose_chunkdivision = 0.000382334 s
Working in 2D dimensions.
Computational cell is 87.1 x 11.8 x 0 with resolution 10
     block, center = (0,0,0)
          size (1e+20,1,1e+20)
          axes (1,0,0), (0,1,0), (0,0,1)
          dielectric constant epsilon diagonal = (2.0736,2.0736,2.0736)
time for set_epsilon = 0.110336 s
-----------
MPB solved for frequency_1(0.4,0,0) = 0.325672 after 11 iters
MPB solved for frequency_1(0.851154,0,0) = 0.635937 after 9 iters
MPB solved for frequency_1(0.864706,0,0) = 0.645161 after 7 iters
MPB solved for frequency_1(0.864707,0,0) = 0.645161 after 1 iters
Meep: using output directory '../data/2022-04-06/MEEP_2_Quick/'
on time step 521 (time=36.8403), 0.00780525 s/step
on time step 1041 (time=73.6098), 0.00769526 s/step
on time step 1571 (time=111.086), 0.00755621 s/step
on time step 2101 (time=148.563), 0.00761703 s/step
on time step 2631 (time=186.04), 0.00758031 s/step
on time step 3161 (time=223.516), 0.00764782 s/step
on time step 3691 (time=260.993), 0.00757158 s/step
Meep progress: 277.96367568443185/525.6906625976562 = 52.9% done in 30.0s, 26.8s to go
on time step 4221 (time=298.47), 0.00758424 s/step
on time step 4751 (time=335.946), 0.00756104 s/step
on time step 5281 (time=373.423), 0.00763406 s/step
on time step 5811 (time=410.9), 0.00755577 s/step
on time step 6341 (time=448.376), 0.00756545 s/step
on time step 6871 (time=485.853), 0.00761289 s/step
on time step 7401 (time=523.33), 0.00759842 s/step
/share/apps/meep/1.22.0/lib/python3.9/site-packages/meep/visualization.py:343: UserWarning: The frequency parameter of plot2D has been deprecated. Use the frequency key of the eps_parameters dictionary instead.
  warnings.warn('The frequency parameter of plot2D has been deprecated. Use the frequency key of the eps_parameters dictionary instead.')
Warning: grid volume is not an integer number of pixels; cell size will be rounded to nearest pixel.
run 0 finished at t = 525.7338918121981 (7435 timesteps)



Datapoints:-   60000



0.6451612903225806
0.024983344437042088
60000
     cylinder, center = (0,0,0)
          radius 40, height 1e+20, axis (0, 0, 1)
          dielectric constant epsilon diagonal = (2.0736,2.0736,2.0736)
     cylinder, center = (0,0,0)
          radius 30, height 1e+20, axis (0, 0, 1)
          dielectric constant epsilon diagonal = (1.9881,1.9881,1.9881)
     block, center = (0,-41.167,0)
          size (1e+20,1,1e+20)
          axes (1,0,0), (0,1,0), (0,0,1)
          dielectric constant epsilon diagonal = (2.0736,2.0736,2.0736)
/share/apps/meep/1.22.0/lib/python3.9/site-packages/meep/visualization.py:343: UserWarning: The frequency parameter of plot2D has been deprecated. Use the frequency key of the eps_parameters dictionary instead.
  warnings.warn('The frequency parameter of plot2D has been deprecated. Use the frequency key of the eps_parameters dictionary instead.')
Warning: grid volume is not an integer number of pixels; cell size will be rounded to nearest pixel.
prevRunFalse


Actual Run


Previous SimTime = 0.0
-----------
Initializing structure...
Splitting into 2 chunks by voxels
time for choose_chunkdivision = 0.000608087 s
Working in 2D dimensions.
Computational cell is 87.1 x 93.8 x 0 with resolution 10
     cylinder, center = (0,0,0)
          radius 40, height 1e+20, axis (0, 0, 1)
          dielectric constant epsilon diagonal = (2.0736,2.0736,2.0736)
     cylinder, center = (0,0,0)
          radius 30, height 1e+20, axis (0, 0, 1)
          dielectric constant epsilon diagonal = (1.9881,1.9881,1.9881)
     block, center = (0,-41.167,0)
          size (1e+20,1,1e+20)
          axes (1,0,0), (0,1,0), (0,0,1)
          dielectric constant epsilon diagonal = (2.0736,2.0736,2.0736)
time for set_epsilon = 1.93963 s
-----------
MPB solved for frequency_1(0.4,0,0) = 0.32606 after 10 iters
MPB solved for frequency_1(0.850308,0,0) = 0.635755 after 7 iters
MPB solved for frequency_1(0.864131,0,0) = 0.645161 after 5 iters
MPB solved for frequency_1(0.864132,0,0) = 0.645161 after 2 iters
Meep: using output directory '../data/2022-04-06/MEEP_2_Quick/'
creating output file "../data/2022-04-06/MEEP_2_Quick//twoDsolve-eps-000000.00.h5"...
on time step 252 (time=17.8191), 0.0158731 s/step
on time step 520 (time=36.7696), 0.0151613 s/step
on time step 788 (time=55.72), 0.0149394 s/step
on time step 1050 (time=74.2462), 0.0153577 s/step
on time step 1317 (time=93.126), 0.0149843 s/step
on time step 1580 (time=111.723), 0.0154182 s/step
on time step 1848 (time=130.673), 0.014952 s/step
Meep progress: 137.17871555019022/462.97866259765624 = 29.6% done in 30.0s, 71.3s to go
on time step 2107 (time=148.987), 0.0154666 s/step
on time step 2370 (time=167.584), 0.0152443 s/step
on time step 2637 (time=186.464), 0.014996 s/step
on time step 2901 (time=205.132), 0.0151699 s/step
on time step 3170 (time=224.153), 0.0150427 s/step
on time step 3438 (time=243.103), 0.0149294 s/step
on time step 3701 (time=261.7), 0.0152099 s/step
Meep progress: 277.89296500631315/462.97866259765624 = 60.0% done in 60.1s, 40.0s to go
on time step 3967 (time=280.509), 0.0150429 s/step
on time step 4230 (time=299.106), 0.0152715 s/step
on time step 4500 (time=318.198), 0.015084 s/step
on time step 4770 (time=337.29), 0.0150677 s/step
on time step 5040 (time=356.382), 0.0150647 s/step
on time step 5310 (time=375.474), 0.0150455 s/step
on time step 5580 (time=394.566), 0.0150007 s/step
on time step 5850 (time=413.657), 0.0150464 s/step
Meep progress: 418.6072144624361/462.97866259765624 = 90.4% done in 90.1s, 9.6s to go
on time step 6113 (time=432.254), 0.0152372 s/step
on time step 6380 (time=451.134), 0.0151747 s/step
run 0 finished at t = 463.01352032095133 (6548 timesteps)
SimTime = 463.0135192871094
Dumped structure to file: ../data/2022-04-06/MEEP_2_Quick/structure.h5 (True)
Dumped fields to file: ../data/2022-04-06/MEEP_2_Quick/fields.h5 (True)
creating output file "../data/2022-04-06/MEEP_2_Quick//twoDsolve-Transmission.h5"...
Whole Sim Walltime: 163.83945655822754 s

Field time usage:
        connecting chunks: 0.15164 s +/- 0.000207515 s
            time stepping: 51.1086 s +/- 0.12587 s
       copying boundaries: 3.07932 s +/- 0.177147 s
    all-all communication: 0.00236274 s +/- 0.00201797 s
        1-1 communication: 22.6744 s +/- 31.0199 s
        outputting fields: 0.381594 s +/- 2.64471e-06 s
     Fourier transforming: 21.8877 s +/- 30.9493 s
          MPB mode solver: 0.0020439 s +/- 0.0020397 s
          everything else: 0.664166 s +/- 0.0314745 s
         updating B field: 12.9723 s +/- 0.104938 s
         updating H field: 0.689098 s +/- 0.019883 s
         updating D field: 13.3817 s +/- 0.0728623 s
         updating E field: 23.3989 s +/- 0.0801527 s
      boundary stepping B: 0.557994 s +/- 0.0677256 s
     boundary stepping WH: 0.0572343 s +/- 0.000271731 s
     boundary stepping PH: 0.00427681 s +/- 0.000453316 s
      boundary stepping H: 22.8862 s +/- 31.0764 s
      boundary stepping D: 1.39838 s +/- 0.0157086 s
     boundary stepping WE: 0.0276317 s +/- 0.00913228 s
     boundary stepping PE: 0.0044171 s +/- 9.19275e-05 s
      boundary stepping E: 1.26537 s +/- 0.0892256 s


Elapsed run time = 164.2228 s
creating epsilon from file "../data/2022-04-06/MEEP_2_Quick/structure.h5" (1)...
creating fields output file "../data/2022-04-06/MEEP_2_Quick/fields.h5" (1)...
creating epsilon from file "../data/2022-04-06/MEEP_2_Quick/structure.h5" (1)...
creating fields output file "../data/2022-04-06/MEEP_2_Quick/fields.h5" (1)...
