Warning: grid volume is not an integer number of pixels; cell size will be rounded to nearest pixel.
Using MPI version 3.1, 10 processes
Argument List: ['../LoadedCapillaries/twoDsolve.py', 'MEEP_10', '10.0']
Standard run
Whole Sim Walltime: 2.384185791015625e-07 s
WD: ../data/2022-03-23/MEEP_10/
AlreadyDir
0.6451612903225806
0.07
1000
-----------
Initializing structure...
Splitting into 10 chunks by voxels
time for choose_chunkdivision = 0.000658542 s
Working in 2D dimensions.
Computational cell is 87.1 x 11.8 x 0 with resolution 10
     block, center = (0,0,0)
          size (1e+20,1,1e+20)
          axes (1,0,0), (0,1,0), (0,0,1)
          dielectric constant epsilon diagonal = (2.0736,2.0736,2.0736)
time for set_epsilon = 0.128616 s
-----------
MPB solved for frequency_1(0.4,0,0) = 0.325672 after 11 iters
MPB solved for frequency_1(0.851154,0,0) = 0.635937 after 9 iters
MPB solved for frequency_1(0.864706,0,0) = 0.645161 after 7 iters
MPB solved for frequency_1(0.864707,0,0) = 0.645161 after 1 iters
Meep: using output directory '../data/2022-03-23/MEEP_10/'


Normalisation Run


on time step 2326 (time=164.473), 0.00172018 s/step
Warning: grid volume is not an integer number of pixels; cell size will be rounded to nearest pixel.
run 0 finished at t = 268.3470234602948 (3795 timesteps)
WD: ../data/2022-03-23/MEEP_10/
AlreadyDir
0.6451612903225806
0.07
1000
-----------
Initializing structure...
Splitting into 10 chunks by voxels
time for choose_chunkdivision = 0.00162655 s
Working in 2D dimensions.
Computational cell is 87.1 x 93.8 x 0 with resolution 10
     block, center = (0,0,0)
          size (1e+20,1,1e+20)
          axes (1,0,0), (0,1,0), (0,0,1)
          dielectric constant epsilon diagonal = (2.0736,2.0736,2.0736)
     cylinder, center = (0,0,0)
          radius 40, height 1e+20, axis (0, 0, 1)
          dielectric constant epsilon diagonal = (2.0736,2.0736,2.0736)
     cylinder, center = (0,0,0)
          radius 30, height 1e+20, axis (0, 0, 1)
          dielectric constant epsilon diagonal = (1.9881,1.9881,1.9881)
     block, center = (0,-41.167,0)
          size (1e+20,1,1e+20)
          axes (1,0,0), (0,1,0), (0,0,1)
          dielectric constant epsilon diagonal = (2.0736,2.0736,2.0736)
time for set_epsilon = 0.53398 s
-----------
MPB solved for frequency_1(0.4,0,0) = 0.32606 after 10 iters
MPB solved for frequency_1(0.850308,0,0) = 0.635755 after 7 iters
MPB solved for frequency_1(0.864131,0,0) = 0.645161 after 5 iters
MPB solved for frequency_1(0.864132,0,0) = 0.645161 after 2 iters
Meep: using output directory '../data/2022-03-23/MEEP_10/'


Actual Run


creating output file "../data/2022-03-23/MEEP_10//twoDsolve-eps-000000.00.h5"...
on time step 704 (time=49.7803), 0.00568299 s/step
on time step 1427 (time=100.904), 0.00553882 s/step
on time step 2150 (time=152.028), 0.00553694 s/step
on time step 2883 (time=203.859), 0.00545736 s/step
on time step 3621 (time=256.043), 0.00542155 s/step
on time step 4359 (time=308.228), 0.00542516 s/step
on time step 5097 (time=360.412), 0.00542488 s/step
Meep progress: 382.75690065627816/3824.683884152239 = 10.0% done in 30.0s, 269.8s to go
on time step 5829 (time=412.173), 0.00546869 s/step
on time step 6568 (time=464.428), 0.00541581 s/step
on time step 7307 (time=516.683), 0.00541856 s/step
on time step 8043 (time=568.726), 0.00543941 s/step
on time step 8782 (time=620.981), 0.0054192 s/step
on time step 9519 (time=673.095), 0.00542898 s/step
on time step 10254 (time=725.067), 0.00544569 s/step
Meep progress: 772.5141584463032/3824.683884152239 = 20.2% done in 60.0s, 237.1s to go
on time step 10981 (time=776.474), 0.00550858 s/step
on time step 11712 (time=828.163), 0.00547791 s/step
on time step 12444 (time=879.924), 0.00546845 s/step
on time step 13175 (time=931.613), 0.0054737 s/step
on time step 13906 (time=983.303), 0.00547888 s/step
on time step 14641 (time=1035.28), 0.00544882 s/step
on time step 15378 (time=1087.39), 0.00543224 s/step
on time step 16114 (time=1139.43), 0.00543842 s/step
Meep progress: 1161.1400453864296/3824.683884152239 = 30.4% done in 90.0s, 206.5s to go
on time step 16852 (time=1191.62), 0.00542699 s/step
on time step 17589 (time=1243.73), 0.0054284 s/step
on time step 18326 (time=1295.84), 0.00543217 s/step
on time step 19064 (time=1348.03), 0.00542375 s/step
on time step 19798 (time=1399.93), 0.00545241 s/step
on time step 20536 (time=1452.11), 0.00542501 s/step
on time step 21273 (time=1504.23), 0.00543474 s/step
Meep progress: 1551.8165419919972/3824.683884152239 = 40.6% done in 120.0s, 175.8s to go
on time step 22011 (time=1556.41), 0.00542147 s/step
on time step 22749 (time=1608.6), 0.00542024 s/step
on time step 23486 (time=1660.71), 0.00543415 s/step
on time step 24223 (time=1712.82), 0.00542989 s/step
on time step 24961 (time=1765.01), 0.00542286 s/step
on time step 25700 (time=1817.26), 0.00541273 s/step
on time step 26439 (time=1869.52), 0.0054149 s/step
on time step 27177 (time=1921.7), 0.00542079 s/step
Meep progress: 1943.0587240225138/3824.683884152239 = 50.8% done in 150.0s, 145.3s to go
on time step 27916 (time=1973.96), 0.00541566 s/step
on time step 28654 (time=2026.14), 0.00542452 s/step
on time step 29393 (time=2078.4), 0.0054138 s/step
on time step 30132 (time=2130.65), 0.00541888 s/step
on time step 30866 (time=2182.56), 0.00545553 s/step
on time step 31604 (time=2234.74), 0.00542351 s/step
on time step 32341 (time=2286.85), 0.00542744 s/step
Meep progress: 2334.018063340556/3824.683884152239 = 61.0% done in 180.0s, 115.0s to go
on time step 33078 (time=2338.97), 0.00542939 s/step
on time step 33816 (time=2391.15), 0.0054225 s/step
on time step 34554 (time=2443.34), 0.00542108 s/step
on time step 35292 (time=2495.52), 0.00542506 s/step
on time step 36029 (time=2547.64), 0.00542876 s/step
on time step 36768 (time=2599.89), 0.00541788 s/step
on time step 37507 (time=2652.15), 0.00541851 s/step
on time step 38245 (time=2704.33), 0.00542171 s/step
Meep progress: 2725.260245371073/3824.683884152239 = 71.3% done in 210.0s, 84.7s to go
on time step 38983 (time=2756.51), 0.00542291 s/step
on time step 39720 (time=2808.63), 0.00543025 s/step
on time step 40457 (time=2860.74), 0.00542905 s/step
on time step 41196 (time=2913), 0.00541918 s/step
on time step 41928 (time=2964.76), 0.00546876 s/step
on time step 42667 (time=3017.01), 0.0054186 s/step
on time step 43405 (time=3069.2), 0.00542269 s/step
Meep progress: 3115.9367419766404/3824.683884152239 = 81.5% done in 240.0s, 54.6s to go
on time step 44143 (time=3121.38), 0.00542643 s/step
on time step 44881 (time=3173.57), 0.00542122 s/step
on time step 45621 (time=3225.89), 0.00541205 s/step
on time step 46360 (time=3278.15), 0.00541736 s/step
on time step 47097 (time=3330.26), 0.00542845 s/step
on time step 47834 (time=3382.37), 0.0054285 s/step
on time step 48538 (time=3432.15), 0.00568623 s/step
on time step 49271 (time=3483.99), 0.00546057 s/step
Meep progress: 3504.350496882411/3824.683884152239 = 91.6% done in 270.0s, 24.7s to go
on time step 50007 (time=3536.03), 0.00543733 s/step
on time step 50741 (time=3587.93), 0.00545313 s/step
on time step 51474 (time=3639.76), 0.00545862 s/step
on time step 52208 (time=3691.66), 0.00545444 s/step
on time step 52936 (time=3743.14), 0.00549495 s/step
on time step 53665 (time=3794.69), 0.00548874 s/step
run 0 finished at t = 3824.7405794380356 (54090 timesteps)
Whole Sim Walltime: 305.019380569458 s

Elapsed run time = 305.5111 s
