/var/spool/slurmd/job663521/slurm_script: line 7: myfilename: command not found
/share/apps/meep/1.22.0/lib/python3.9/site-packages/meep/visualization.py:343: UserWarning: The frequency parameter of plot2D has been deprecated. Use the frequency key of the eps_parameters dictionary instead.
  warnings.warn('The frequency parameter of plot2D has been deprecated. Use the frequency key of the eps_parameters dictionary instead.')
/share/apps/meep/1.22.0/lib/python3.9/site-packages/meep/visualization.py:343: UserWarning: The frequency parameter of plot2D has been deprecated. Use the frequency key of the eps_parameters dictionary instead.
  warnings.warn('The frequency parameter of plot2D has been deprecated. Use the frequency key of the eps_parameters dictionary instead.')
/share/apps/meep/1.22.0/lib/python3.9/site-packages/meep/visualization.py:343: UserWarning: The frequency parameter of plot2D has been deprecated. Use the frequency key of the eps_parameters dictionary instead.
  warnings.warn('The frequency parameter of plot2D has been deprecated. Use the frequency key of the eps_parameters dictionary instead.')
/share/apps/meep/1.22.0/lib/python3.9/site-packages/meep/visualization.py:343: UserWarning: The frequency parameter of plot2D has been deprecated. Use the frequency key of the eps_parameters dictionary instead.
  warnings.warn('The frequency parameter of plot2D has been deprecated. Use the frequency key of the eps_parameters dictionary instead.')
Warning: grid volume is not an integer number of pixels; cell size will be rounded to nearest pixel.
/share/apps/meep/1.22.0/lib/python3.9/site-packages/meep/visualization.py:343: UserWarning: The frequency parameter of plot2D has been deprecated. Use the frequency key of the eps_parameters dictionary instead.
  warnings.warn('The frequency parameter of plot2D has been deprecated. Use the frequency key of the eps_parameters dictionary instead.')
/share/apps/meep/1.22.0/lib/python3.9/site-packages/meep/visualization.py:343: UserWarning: The frequency parameter of plot2D has been deprecated. Use the frequency key of the eps_parameters dictionary instead.
  warnings.warn('The frequency parameter of plot2D has been deprecated. Use the frequency key of the eps_parameters dictionary instead.')
Warning: grid volume is not an integer number of pixels; cell size will be rounded to nearest pixel.
/share/apps/meep/1.22.0/lib/python3.9/site-packages/meep/visualization.py:343: UserWarning: The frequency parameter of plot2D has been deprecated. Use the frequency key of the eps_parameters dictionary instead.
  warnings.warn('The frequency parameter of plot2D has been deprecated. Use the frequency key of the eps_parameters dictionary instead.')
/share/apps/meep/1.22.0/lib/python3.9/site-packages/meep/visualization.py:343: UserWarning: The frequency parameter of plot2D has been deprecated. Use the frequency key of the eps_parameters dictionary instead.
  warnings.warn('The frequency parameter of plot2D has been deprecated. Use the frequency key of the eps_parameters dictionary instead.')
/share/apps/meep/1.22.0/lib/python3.9/site-packages/meep/visualization.py:343: UserWarning: The frequency parameter of plot2D has been deprecated. Use the frequency key of the eps_parameters dictionary instead.
  warnings.warn('The frequency parameter of plot2D has been deprecated. Use the frequency key of the eps_parameters dictionary instead.')
/share/apps/meep/1.22.0/lib/python3.9/site-packages/meep/visualization.py:343: UserWarning: The frequency parameter of plot2D has been deprecated. Use the frequency key of the eps_parameters dictionary instead.
  warnings.warn('The frequency parameter of plot2D has been deprecated. Use the frequency key of the eps_parameters dictionary instead.')
/share/apps/meep/1.22.0/lib/python3.9/site-packages/meep/visualization.py:343: UserWarning: The frequency parameter of plot2D has been deprecated. Use the frequency key of the eps_parameters dictionary instead.
  warnings.warn('The frequency parameter of plot2D has been deprecated. Use the frequency key of the eps_parameters dictionary instead.')
/share/apps/meep/1.22.0/lib/python3.9/site-packages/meep/visualization.py:343: UserWarning: The frequency parameter of plot2D has been deprecated. Use the frequency key of the eps_parameters dictionary instead.
  warnings.warn('The frequency parameter of plot2D has been deprecated. Use the frequency key of the eps_parameters dictionary instead.')
Warning: grid volume is not an integer number of pixels; cell size will be rounded to nearest pixel.
Warning: grid volume is not an integer number of pixels; cell size will be rounded to nearest pixel.
srun: got SIGCONT
slurmstepd: error: *** JOB 663521 ON topsy-cn-1-10 CANCELLED AT 2022-04-07T14:14:03 ***
srun: Job step aborted: Waiting up to 62 seconds for job step to finish.
srun: forcing job termination
slurmstepd: error: *** STEP 663521.0 ON topsy-cn-1-10 CANCELLED AT 2022-04-07T14:14:03 ***
srun: error: topsy-cn-1-10: tasks 0-5: Terminated
