Warning: grid volume is not an integer number of pixels; cell size will be rounded to nearest pixel.
Warning: grid volume is not an integer number of pixels; cell size will be rounded to nearest pixel.
Warning: grid volume is not an integer number of pixels; cell size will be rounded to nearest pixel.
Traceback (most recent call last):
  File "/share/nobackup/b5025250/FDTD_Models/TwoDimension/bin/../TwoDimension/SidePolishedFibre.py", line 28, in <module>
    Model.RunTRspectrum()
  File "/share/nobackup/b5025250/FDTD_Models/TwoDimension/TwoDimension/model.py", line 38, in RunTRspectrum
Traceback (most recent call last):
  File "/share/nobackup/b5025250/FDTD_Models/TwoDimension/bin/../TwoDimension/SidePolishedFibre.py", line 28, in <module>
    self.AutoRun()
  File "/share/nobackup/b5025250/FDTD_Models/TwoDimension/TwoDimension/model.py", line 178, in AutoRun
    Model.RunTRspectrum()
  File "/share/nobackup/b5025250/FDTD_Models/TwoDimension/TwoDimension/model.py", line 38, in RunTRspectrum
    if self.ModelType == "SidePolish":
AttributeError: 'Model' object has no attribute 'ModelType'
    self.AutoRun()
  File "/share/nobackup/b5025250/FDTD_Models/TwoDimension/TwoDimension/model.py", line 178, in AutoRun
    if self.ModelType == "SidePolish":
AttributeError: 'Model' object has no attribute 'ModelType'
Traceback (most recent call last):
  File "/share/nobackup/b5025250/FDTD_Models/TwoDimension/bin/../TwoDimension/SidePolishedFibre.py", line 28, in <module>
    Model.RunTRspectrum()
  File "/share/nobackup/b5025250/FDTD_Models/TwoDimension/TwoDimension/model.py", line 38, in RunTRspectrum
    self.AutoRun()
  File "/share/nobackup/b5025250/FDTD_Models/TwoDimension/TwoDimension/model.py", line 178, in AutoRun
    if self.ModelType == "SidePolish":
AttributeError: 'Model' object has no attribute 'ModelType'
Traceback (most recent call last):
  File "/share/nobackup/b5025250/FDTD_Models/TwoDimension/bin/../TwoDimension/SidePolishedFibre.py", line 28, in <module>
    Model.RunTRspectrum()
  File "/share/nobackup/b5025250/FDTD_Models/TwoDimension/TwoDimension/model.py", line 38, in RunTRspectrum
    self.AutoRun()
  File "/share/nobackup/b5025250/FDTD_Models/TwoDimension/TwoDimension/model.py", line 178, in AutoRun
    if self.ModelType == "SidePolish":
AttributeError: 'Model' object has no attribute 'ModelType'
Traceback (most recent call last):
  File "/share/nobackup/b5025250/FDTD_Models/TwoDimension/bin/../TwoDimension/SidePolishedFibre.py", line 28, in <module>
    Model.RunTRspectrum()
  File "/share/nobackup/b5025250/FDTD_Models/TwoDimension/TwoDimension/model.py", line 38, in RunTRspectrum
    self.AutoRun()
  File "/share/nobackup/b5025250/FDTD_Models/TwoDimension/TwoDimension/model.py", line 178, in AutoRun
    if self.ModelType == "SidePolish":
AttributeError: 'Model' object has no attribute 'ModelType'
Traceback (most recent call last):
  File "/share/nobackup/b5025250/FDTD_Models/TwoDimension/bin/../TwoDimension/SidePolishedFibre.py", line 28, in <module>
    Model.RunTRspectrum()
  File "/share/nobackup/b5025250/FDTD_Models/TwoDimension/TwoDimension/model.py", line 38, in RunTRspectrum
    self.AutoRun()
  File "/share/nobackup/b5025250/FDTD_Models/TwoDimension/TwoDimension/model.py", line 178, in AutoRun
    if self.ModelType == "SidePolish":
AttributeError: 'Model' object has no attribute 'ModelType'
Traceback (most recent call last):
  File "/share/nobackup/b5025250/FDTD_Models/TwoDimension/bin/../TwoDimension/SidePolishedFibre.py", line 28, in <module>
    Model.RunTRspectrum()
  File "/share/nobackup/b5025250/FDTD_Models/TwoDimension/TwoDimension/model.py", line 38, in RunTRspectrum
    self.AutoRun()
  File "/share/nobackup/b5025250/FDTD_Models/TwoDimension/TwoDimension/model.py", line 178, in AutoRun
    if self.ModelType == "SidePolish":
AttributeError: 'Model' object has no attribute 'ModelType'
Traceback (most recent call last):
  File "/share/nobackup/b5025250/FDTD_Models/TwoDimension/bin/../TwoDimension/SidePolishedFibre.py", line 28, in <module>
    Model.RunTRspectrum()
  File "/share/nobackup/b5025250/FDTD_Models/TwoDimension/TwoDimension/model.py", line 38, in RunTRspectrum
    self.AutoRun()
  File "/share/nobackup/b5025250/FDTD_Models/TwoDimension/TwoDimension/model.py", line 178, in AutoRun
    if self.ModelType == "SidePolish":
AttributeError: 'Model' object has no attribute 'ModelType'
Traceback (most recent call last):
  File "/share/nobackup/b5025250/FDTD_Models/TwoDimension/bin/../TwoDimension/SidePolishedFibre.py", line 28, in <module>
    Model.RunTRspectrum()
  File "/share/nobackup/b5025250/FDTD_Models/TwoDimension/TwoDimension/model.py", line 38, in RunTRspectrum
    self.AutoRun()
  File "/share/nobackup/b5025250/FDTD_Models/TwoDimension/TwoDimension/model.py", line 178, in AutoRun
    if self.ModelType == "SidePolish":
AttributeError: 'Model' object has no attribute 'ModelType'
Traceback (most recent call last):
  File "/share/nobackup/b5025250/FDTD_Models/TwoDimension/bin/../TwoDimension/SidePolishedFibre.py", line 28, in <module>
    Model.RunTRspectrum()
  File "/share/nobackup/b5025250/FDTD_Models/TwoDimension/TwoDimension/model.py", line 38, in RunTRspectrum
    self.AutoRun()
  File "/share/nobackup/b5025250/FDTD_Models/TwoDimension/TwoDimension/model.py", line 178, in AutoRun
    if self.ModelType == "SidePolish":
AttributeError: 'Model' object has no attribute 'ModelType'
Traceback (most recent call last):
  File "/share/nobackup/b5025250/FDTD_Models/TwoDimension/bin/../TwoDimension/SidePolishedFibre.py", line 28, in <module>
    Model.RunTRspectrum()
  File "/share/nobackup/b5025250/FDTD_Models/TwoDimension/TwoDimension/model.py", line 38, in RunTRspectrum
    self.AutoRun()
  File "/share/nobackup/b5025250/FDTD_Models/TwoDimension/TwoDimension/model.py", line 178, in AutoRun
    if self.ModelType == "SidePolish":
AttributeError: 'Model' object has no attribute 'ModelType'
Traceback (most recent call last):
  File "/share/nobackup/b5025250/FDTD_Models/TwoDimension/bin/../TwoDimension/SidePolishedFibre.py", line 28, in <module>
    Model.RunTRspectrum()
  File "/share/nobackup/b5025250/FDTD_Models/TwoDimension/TwoDimension/model.py", line 38, in RunTRspectrum
    self.AutoRun()
  File "/share/nobackup/b5025250/FDTD_Models/TwoDimension/TwoDimension/model.py", line 178, in AutoRun
    if self.ModelType == "SidePolish":
AttributeError: 'Model' object has no attribute 'ModelType'
srun: error: topsy-cn-1-0: tasks 0-1: Exited with exit code 1
srun: error: topsy-cn-2-22: tasks 6-11: Exited with exit code 1
srun: error: topsy-cn-1-9: tasks 2-5: Exited with exit code 1
